DEBUG: ComponentDB initialized in 0.00354409217834.
DEBUG: RepoDB initialized in 0.000173091888428.
DEBUG: InstallDB initialized in 0.00590419769287.
DEBUG: /usr/lib/libQt5Declarative.so.5.4.1 [stripped]
DEBUG: /usr/lib/qt5/imports/Qt/labs/shaders/libqmlshadersplugin.so [stripped]
DEBUG: /usr/lib/qt5/imports/Qt/labs/particles/libqmlparticlesplugin.so [stripped]
DEBUG: /usr/lib/qt5/imports/Qt/labs/folderlistmodel/libqmlfolderlistmodelplugin.so [stripped]
DEBUG: /usr/lib/qt5/imports/Qt/labs/gestures/libqmlgesturesplugin.so [stripped]
DEBUG: /usr/lib/qt5/examples/declarative/keyinteraction/focus/focus [stripped]
DEBUG: /usr/lib/qt5/examples/declarative/righttoleft/layoutdirection/layoutdirection [stripped]
DEBUG: /usr/lib/qt5/examples/declarative/righttoleft/textalignment/textalignment [stripped]
DEBUG: /usr/lib/qt5/examples/declarative/righttoleft/layoutmirroring/layoutmirroring [stripped]
DEBUG: /usr/lib/qt5/examples/declarative/imageelements/image/image [stripped]
DEBUG: /usr/lib/qt5/examples/declarative/imageelements/shadows/shadows [stripped]
DEBUG: /usr/lib/qt5/examples/declarative/imageelements/borderimage/borderimage [stripped]
DEBUG: /usr/lib/qt5/examples/declarative/positioners/positioners [stripped]
DEBUG: /usr/lib/qt5/examples/declarative/flickr/flickr [stripped]
DEBUG: /usr/lib/qt5/examples/declarative/toys/dynamicscene/dynamicscene [stripped]
DEBUG: /usr/lib/qt5/examples/declarative/toys/corkboards/corkboards [stripped]
DEBUG: /usr/lib/qt5/examples/declarative/toys/tic-tac-toe/tic-tac-toe [stripped]
DEBUG: /usr/lib/qt5/examples/declarative/toys/clocks/clocks [stripped]
DEBUG: /usr/lib/qt5/examples/declarative/toys/tvtennis/tvtennis [stripped]
DEBUG: /usr/lib/qt5/examples/declarative/cppextensions/qgraphicslayouts/qgraphicsgridlayout/qgraphicsgridlayout [stripped]
DEBUG: /usr/lib/qt5/examples/declarative/cppextensions/qgraphicslayouts/qgraphicslinearlayout/qgraphicslinearlayout [stripped]
DEBUG: /usr/lib/qt5/examples/declarative/cppextensions/plugins/libqmlqwidgetsplugin.so [stripped]
DEBUG: /usr/lib/qt5/examples/declarative/cppextensions/plugins/org/qtproject/TimeExample/libqmlqtimeexampleplugin.so [stripped]
DEBUG: /usr/lib/qt5/examples/declarative/cppextensions/referenceexamples/methods/methods [stripped]
DEBUG: /usr/lib/qt5/examples/declarative/cppextensions/referenceexamples/attached/attached [stripped]
DEBUG: /usr/lib/qt5/examples/declarative/cppextensions/referenceexamples/extended/extended [stripped]
DEBUG: /usr/lib/qt5/examples/declarative/cppextensions/referenceexamples/default/default [stripped]
DEBUG: /usr/lib/qt5/examples/declarative/cppextensions/referenceexamples/signal/signal [stripped]
DEBUG: /usr/lib/qt5/examples/declarative/cppextensions/referenceexamples/valuesource/valuesource [stripped]
DEBUG: /usr/lib/qt5/examples/declarative/cppextensions/referenceexamples/properties/properties [stripped]
DEBUG: /usr/lib/qt5/examples/declarative/cppextensions/referenceexamples/grouped/grouped [stripped]
DEBUG: /usr/lib/qt5/examples/declarative/cppextensions/referenceexamples/binding/binding [stripped]
DEBUG: /usr/lib/qt5/examples/declarative/cppextensions/referenceexamples/coercion/coercion [stripped]
DEBUG: /usr/lib/qt5/examples/declarative/cppextensions/referenceexamples/adding/adding [stripped]
DEBUG: /usr/lib/qt5/examples/declarative/cppextensions/imageprovider/ImageProviderCore/libqmlimageproviderplugin.so [stripped]
DEBUG: /usr/lib/qt5/examples/declarative/cppextensions/networkaccessmanagerfactory/networkaccessmanagerfactory [stripped]
DEBUG: /usr/lib/qt5/examples/declarative/touchinteraction/mousearea/mousearea-example/mousearea-example [stripped]
DEBUG: /usr/lib/qt5/examples/declarative/touchinteraction/pincharea/pincharea [stripped]
DEBUG: /usr/lib/qt5/examples/declarative/touchinteraction/gestures/experimental-gestures/experimental-gestures [stripped]
DEBUG: /usr/lib/qt5/examples/declarative/modelviews/listview/expandingdelegates/expandingdelegates [stripped]
DEBUG: /usr/lib/qt5/examples/declarative/modelviews/listview/sections/sections [stripped]
DEBUG: /usr/lib/qt5/examples/declarative/modelviews/listview/dynamiclist/dynamiclist [stripped]
DEBUG: /usr/lib/qt5/examples/declarative/modelviews/listview/highlightranges/highlightranges [stripped]
DEBUG: /usr/lib/qt5/examples/declarative/modelviews/listview/highlight/highlight [stripped]
DEBUG: /usr/lib/qt5/examples/declarative/modelviews/objectlistmodel/objectlistmodel [stripped]
DEBUG: /usr/lib/qt5/examples/declarative/modelviews/pathview/pathview [stripped]
DEBUG: /usr/lib/qt5/examples/declarative/modelviews/package/package [stripped]
DEBUG: /usr/lib/qt5/examples/declarative/modelviews/parallax/parallax [stripped]
DEBUG: /usr/lib/qt5/examples/declarative/modelviews/gridview/gridview [stripped]
DEBUG: /usr/lib/qt5/examples/declarative/modelviews/stringlistmodel/stringlistmodel [stripped]
DEBUG: /usr/lib/qt5/examples/declarative/modelviews/abstractitemmodel/abstractitemmodel [stripped]
DEBUG: /usr/lib/qt5/examples/declarative/modelviews/visualitemmodel/visualitemmodel [stripped]
DEBUG: /usr/lib/qt5/examples/declarative/ui-components/progressbar/progressbar [stripped]
DEBUG: /usr/lib/qt5/examples/declarative/ui-components/main/main [stripped]
DEBUG: /usr/lib/qt5/examples/declarative/ui-components/slideswitch/slideswitch [stripped]
DEBUG: /usr/lib/qt5/examples/declarative/ui-components/flipable/flipable [stripped]
DEBUG: /usr/lib/qt5/examples/declarative/ui-components/dialcontrol/dialcontrol [stripped]
DEBUG: /usr/lib/qt5/examples/declarative/ui-components/tabwidget/tabwidget [stripped]
DEBUG: /usr/lib/qt5/examples/declarative/ui-components/scrollbar/scrollbar [stripped]
DEBUG: /usr/lib/qt5/examples/declarative/ui-components/spinner/spinner [stripped]
DEBUG: /usr/lib/qt5/examples/declarative/ui-components/searchbox/searchbox [stripped]
DEBUG: /usr/lib/qt5/examples/declarative/tutorials/gettingStarted/parts/part5/plugins/libFileDialog.so [stripped]
DEBUG: /usr/lib/qt5/examples/declarative/tutorials/gettingStarted/filedialog/libFileDialog.so [stripped]
DEBUG: /usr/lib/qt5/examples/declarative/tutorials/extending/chapter1-basics/chapter1-basics [stripped]
DEBUG: /usr/lib/qt5/examples/declarative/tutorials/extending/chapter2-methods/chapter2-methods [stripped]
DEBUG: /usr/lib/qt5/examples/declarative/tutorials/extending/chapter5-listproperties/chapter5-listproperties [stripped]
DEBUG: /usr/lib/qt5/examples/declarative/tutorials/extending/chapter6-plugins/libchapter6-plugins.so [stripped]
DEBUG: /usr/lib/qt5/examples/declarative/tutorials/extending/chapter4-customPropertyTypes/chapter4-customPropertyTypes [stripped]
DEBUG: /usr/lib/qt5/examples/declarative/tutorials/extending/chapter3-bindings/chapter3-bindings [stripped]
DEBUG: /usr/lib/qt5/examples/declarative/sqllocalstorage/sqllocalstorage [stripped]
DEBUG: /usr/lib/qt5/examples/declarative/threading/workerscript/workerscript [stripped]
DEBUG: /usr/lib/qt5/examples/declarative/threading/threadedlistmodel/threadedlistmodel [stripped]
DEBUG: /usr/lib/qt5/examples/declarative/demos/twitter/twitter [stripped]
DEBUG: /usr/lib/qt5/examples/declarative/demos/calculator/calculator [stripped]
DEBUG: /usr/lib/qt5/examples/declarative/demos/samegame/samegame [stripped]
DEBUG: /usr/lib/qt5/examples/declarative/demos/photoviewer/photoviewer [stripped]
DEBUG: /usr/lib/qt5/examples/declarative/demos/rssnews/rssnews [stripped]
DEBUG: /usr/lib/qt5/examples/declarative/demos/snake/snake [stripped]
DEBUG: /usr/lib/qt5/examples/declarative/demos/minehunt/minehunt [stripped]
DEBUG: /usr/lib/qt5/examples/declarative/text/fonts/fonts/fonts [stripped]
DEBUG: /usr/lib/qt5/examples/declarative/text/fonts/availableFonts/availableFonts [stripped]
DEBUG: /usr/lib/qt5/examples/declarative/text/fonts/banner/banner [stripped]
DEBUG: /usr/lib/qt5/examples/declarative/text/fonts/hello/hello [stripped]
DEBUG: /usr/lib/qt5/examples/declarative/text/textselection/textselection [stripped]
DEBUG: /usr/lib/qt5/examples/declarative/animation/wigglytext/wigglytext/wigglytext [stripped]
DEBUG: /usr/lib/qt5/examples/declarative/animation/behaviors/behavior-example/behavior-example [stripped]
DEBUG: /usr/lib/qt5/examples/declarative/animation/states/states [stripped]
DEBUG: /usr/lib/qt5/examples/declarative/animation/basics/property-animation/property-animation [stripped]
DEBUG: /usr/lib/qt5/examples/declarative/animation/basics/color-animation/color-animation [stripped]
DEBUG: /usr/lib/qt5/examples/declarative/animation/easing/easing [stripped]
DEBUG: /usr/lib/qt5/examples/declarative/shadereffects/shadereffects [stripped]
DEBUG: /usr/lib/qt5/examples/declarative/i18n/i18n [stripped]
DEBUG: /usr/lib/qt5/bin/qmlviewer [stripped]
DEBUG: /usr/lib/qt5/bin/qml1plugindump [stripped]
DEBUG: /usr/lib/qt5/plugins/designer/libqdeclarativeview.so [stripped]
DEBUG: /usr/lib/qt5/plugins/qml1tooling/libqmldbg_inspector.so [stripped]
DEBUG: /usr/lib/qt5/plugins/qml1tooling/libqmldbg_tcp_qtdeclarative.so [stripped]
DEBUG: /usr/lib/pkgconfig yolu birden çok pakete ait.
'/var/pisi/qt5-quick1-5.4.1-1/install/usr/lib/qt5/examples/declarative/tutorials/gettingStarted/parts/part5/filedialog/.pch' dizini ekleniyor.
'/var/pisi/qt5-quick1-5.4.1-1/install/usr/lib/qt5/examples/declarative/tutorials/gettingStarted/parts/part5/filedialog/.pch' dizini ekleniyor.
'/var/pisi/qt5-quick1-5.4.1-1/install/usr/bin/qml1plugindump-qt5' haricî bağlantısı ekleniyor.
'/var/pisi/qt5-quick1-5.4.1-1/install/usr/bin/qmlviewer-qt5' haricî bağlantısı ekleniyor.
[32mPaket inşa ediliyor: qt5-quick1
[0mqt5-quick1-5.4.1-1-p01-x86_64.pisi oluşturuluyor... 
[32mPaket inşa ediliyor: qt5-quick1-devel
[0mqt5-quick1-devel-5.4.1-1-p01-x86_64.pisi oluşturuluyor... 
İnşa dizini bırakılıyor
