
*** Günlük dosyası
*** Pzt May 26 08:01:34 2014 zamanında başladı

[26 Mayıs 2014 Pazartesi] [08:01:34] Bilgi	Looking for server chat.freenode.net (port 8001)...
[26 Mayıs 2014 Pazartesi] [08:01:34] Bilgi	Sunucu bulundu, bağlanılıyor...
[26 Mayıs 2014 Pazartesi] [08:01:35] Duyuru	-sendak.freenode.net- *** Looking up your hostname...
[26 Mayıs 2014 Pazartesi] [08:01:35] Duyuru	-sendak.freenode.net- *** Checking Ident
[26 Mayıs 2014 Pazartesi] [08:01:35] Duyuru	-sendak.freenode.net- *** Couldn't look up your hostname
[26 Mayıs 2014 Pazartesi] [08:01:41] Duyuru	-sendak.freenode.net- *** No Ident response
[26 Mayıs 2014 Pazartesi] [08:01:41] Hoş Geldiniz	Welcome to the freenode Internet Relay Chat Network vedat
[26 Mayıs 2014 Pazartesi] [08:01:41] Hoş Geldiniz	Your host is sendak.freenode.net[193.219.128.49/8001], running version ircd-seven-1.1.3
[26 Mayıs 2014 Pazartesi] [08:01:41] Hoş Geldiniz	This server was created Tue Apr 8 2014 at 17:59:15 EEST
[26 Mayıs 2014 Pazartesi] [08:01:41] Hoş Geldiniz	Sunucu sendak.freenode.net (Sürüm ircd-seven-1.1.3), Kullanıcı kipleri: DOQRSZaghilopswz, kanal kipleri: CFILMPQSbcefgijklmnopqrstvz
[26 Mayıs 2014 Pazartesi] [08:01:41] Destek	vedat CHANTYPES=# EXCEPTS INVEX CHANMODES=eIbq,k,flj,CFLMPQScgimnprstz CHANLIMIT=#:120 PREFIX=(ov)@+ MAXLIST=bqeI:100 MODES=4 NETWORK=freenode KNOCK STATUSMSG=@+ CALLERID=g are supported by this server
[26 Mayıs 2014 Pazartesi] [08:01:41] Destek	vedat CASEMAPPING=rfc1459 CHARSET=ascii NICKLEN=16 CHANNELLEN=50 TOPICLEN=390 ETRACE CPRIVMSG CNOTICE DEAF=D MONITOR=100 FNC TARGMAX=NAMES:1,LIST:1,KICK:1,WHOIS:1,PRIVMSG:4,NOTICE:4,ACCEPT:,MONITOR: are supported by this server
[26 Mayıs 2014 Pazartesi] [08:01:41] Destek	vedat EXTBAN=$,arxz WHOX CLIENTVER=3.0 SAFELIST ELIST=CTU are supported by this server
[26 Mayıs 2014 Pazartesi] [08:01:41] Kullanıcılar	There are 180 users and 80712 invisible on 27 servers
[26 Mayıs 2014 Pazartesi] [08:01:41] Kullanıcılar	31 IRC Operators online
[26 Mayıs 2014 Pazartesi] [08:01:41] Kullanıcılar	15 unknown connection(s)
[26 Mayıs 2014 Pazartesi] [08:01:41] Kullanıcılar	48688 channels formed
[26 Mayıs 2014 Pazartesi] [08:01:41] Kullanıcılar	I have 6393 clients and 1 servers
[26 Mayıs 2014 Pazartesi] [08:01:41] Kullanıcılar	sendak.freenode.net üzerindeki kullanıcılar: 6393, max 7431.
[26 Mayıs 2014 Pazartesi] [08:01:41] Kullanıcılar	Ağdaki kullanıcılar: 80892, max 96683
[26 Mayıs 2014 Pazartesi] [08:01:41] Kullanıcılar	Highest connection count: 7432 (7431 clients) (187289 connections received)
[26 Mayıs 2014 Pazartesi] [08:01:41] Günün Mesajı	Günün mesajı:
[26 Mayıs 2014 Pazartesi] [08:01:41] Günün Mesajı	- Welcome to sendak.freenode.net in Vilnius, Lithuania, EU.
[26 Mayıs 2014 Pazartesi] [08:01:41] Günün Mesajı	- Thanks to Microlink Lietuva (http://www.microlink.lt) for providing this
[26 Mayıs 2014 Pazartesi] [08:01:41] Günün Mesajı	- server!
[26 Mayıs 2014 Pazartesi] [08:01:41] Günün Mesajı	-  
[26 Mayıs 2014 Pazartesi] [08:01:41] Günün Mesajı	- SENDAK, MAURICE [1928-2012].  The author of Seven Little
[26 Mayıs 2014 Pazartesi] [08:01:41] Günün Mesajı	- Monsters and Where the Wild Things Are, Maurice Sendak was
[26 Mayıs 2014 Pazartesi] [08:01:41] Günün Mesajı	- born in Brooklyn, NY, US, to a family of poor Polish
[26 Mayıs 2014 Pazartesi] [08:01:41] Günün Mesajı	- immigrants who moved to the US before World War II.  He
[26 Mayıs 2014 Pazartesi] [08:01:41] Günün Mesajı	- became an illustrator while in high school.
[26 Mayıs 2014 Pazartesi] [08:01:41] Günün Mesajı	-  
[26 Mayıs 2014 Pazartesi] [08:01:41] Günün Mesajı	- Welcome to freenode - supporting the free and open source
[26 Mayıs 2014 Pazartesi] [08:01:41] Günün Mesajı	- software communities since 1998.
[26 Mayıs 2014 Pazartesi] [08:01:41] Günün Mesajı	-  
[26 Mayıs 2014 Pazartesi] [08:01:41] Günün Mesajı	- By connecting to freenode you indicate that you have read and
[26 Mayıs 2014 Pazartesi] [08:01:41] Günün Mesajı	- accept our policies as set out on http://www.freenode.net
[26 Mayıs 2014 Pazartesi] [08:01:41] Günün Mesajı	- freenode runs an open proxy scanner. Please join #freenode for
[26 Mayıs 2014 Pazartesi] [08:01:41] Günün Mesajı	- any network-related questions or queries, where a number of
[26 Mayıs 2014 Pazartesi] [08:01:41] Günün Mesajı	- volunteer staff and helpful users will be happy to assist you.
[26 Mayıs 2014 Pazartesi] [08:01:41] Günün Mesajı	-  
[26 Mayıs 2014 Pazartesi] [08:01:41] Günün Mesajı	- You can meet us at FOSSCON (http://www.fosscon.org) where we get
[26 Mayıs 2014 Pazartesi] [08:01:41] Günün Mesajı	- together with like-minded FOSS enthusiasts for talks and
[26 Mayıs 2014 Pazartesi] [08:01:41] Günün Mesajı	- real-life collaboration.
[26 Mayıs 2014 Pazartesi] [08:01:41] Günün Mesajı	-  
[26 Mayıs 2014 Pazartesi] [08:01:41] Günün Mesajı	- We would like to thank Private Internet Access
[26 Mayıs 2014 Pazartesi] [08:01:41] Günün Mesajı	- (https://www.privateinternetaccess.com/) and the other
[26 Mayıs 2014 Pazartesi] [08:01:41] Günün Mesajı	- organisations that help keep freenode and our other projects
[26 Mayıs 2014 Pazartesi] [08:01:41] Günün Mesajı	- running for their sustained support.
[26 Mayıs 2014 Pazartesi] [08:01:41] Günün Mesajı	-  
[26 Mayıs 2014 Pazartesi] [08:01:41] Günün Mesajı	- In particular we would like to thank the sponsor
[26 Mayıs 2014 Pazartesi] [08:01:41] Günün Mesajı	- of this server, details of which can be found above.
[26 Mayıs 2014 Pazartesi] [08:01:41] Günün Mesajı	-  
[26 Mayıs 2014 Pazartesi] [08:01:41] Günün Mesajı	- ***************************************************************
[26 Mayıs 2014 Pazartesi] [08:01:41] Günün Mesajı	- Please read http://blog.freenode.net/2010/11/be-safe-out-there/
[26 Mayıs 2014 Pazartesi] [08:01:41] Günün Mesajı	- ***************************************************************
[26 Mayıs 2014 Pazartesi] [08:01:41] Günün Mesajı	Günün mesajının sonu
[26 Mayıs 2014 Pazartesi] [08:01:41] Kip	Ayarladığınız kişisel kipler: +i
[26 Mayıs 2014 Pazartesi] [11:02:59] Bilgi	Disconnected from chat.freenode.net (port 8001).
[26 Mayıs 2014 Pazartesi] [11:02:59] Bilgi	Network is down, will reconnect automatically when it is back up.
[26 Mayıs 2014 Pazartesi] [13:23:12] Bilgi	Disconnected from chat.freenode.net (port 8001).

*** Günlük dosyası
*** Pzt May 26 13:31:50 2014 zamanında başladı

[26 Mayıs 2014 Pazartesi] [13:31:50] Bilgi	Looking for server chat.freenode.net (port 8001)...
[26 Mayıs 2014 Pazartesi] [13:31:50] Bilgi	Sunucu bulundu, bağlanılıyor...
[26 Mayıs 2014 Pazartesi] [13:31:51] Duyuru	-morgan.freenode.net- *** Looking up your hostname...
[26 Mayıs 2014 Pazartesi] [13:31:51] Duyuru	-morgan.freenode.net- *** Checking Ident
[26 Mayıs 2014 Pazartesi] [13:31:51] Duyuru	-morgan.freenode.net- *** Couldn't look up your hostname
[26 Mayıs 2014 Pazartesi] [13:32:01] Duyuru	-morgan.freenode.net- *** No Ident response
[26 Mayıs 2014 Pazartesi] [13:32:01] Hoş Geldiniz	Welcome to the freenode Internet Relay Chat Network vedat
[26 Mayıs 2014 Pazartesi] [13:32:01] Hoş Geldiniz	Your host is morgan.freenode.net[64.32.24.176/8001], running version ircd-seven-1.1.3
[26 Mayıs 2014 Pazartesi] [13:32:01] Hoş Geldiniz	This server was created Tue Mar 12 2013 at 18:27:25 EDT
[26 Mayıs 2014 Pazartesi] [13:32:01] Hoş Geldiniz	Sunucu morgan.freenode.net (Sürüm ircd-seven-1.1.3), Kullanıcı kipleri: DOQRSZaghilopswz, kanal kipleri: CFILMPQSbcefgijklmnopqrstvz
[26 Mayıs 2014 Pazartesi] [13:32:01] Destek	vedat CHANTYPES=# EXCEPTS INVEX CHANMODES=eIbq,k,flj,CFLMPQScgimnprstz CHANLIMIT=#:120 PREFIX=(ov)@+ MAXLIST=bqeI:100 MODES=4 NETWORK=freenode KNOCK STATUSMSG=@+ CALLERID=g are supported by this server
[26 Mayıs 2014 Pazartesi] [13:32:01] Destek	vedat CASEMAPPING=rfc1459 CHARSET=ascii NICKLEN=16 CHANNELLEN=50 TOPICLEN=390 ETRACE CPRIVMSG CNOTICE DEAF=D MONITOR=100 FNC TARGMAX=NAMES:1,LIST:1,KICK:1,WHOIS:1,PRIVMSG:4,NOTICE:4,ACCEPT:,MONITOR: are supported by this server
[26 Mayıs 2014 Pazartesi] [13:32:01] Destek	vedat EXTBAN=$,arxz WHOX CLIENTVER=3.0 SAFELIST ELIST=CTU are supported by this server
[26 Mayıs 2014 Pazartesi] [13:32:01] Kullanıcılar	There are 181 users and 87843 invisible on 27 servers
[26 Mayıs 2014 Pazartesi] [13:32:01] Kullanıcılar	31 IRC Operators online
[26 Mayıs 2014 Pazartesi] [13:32:01] Kullanıcılar	9 unknown connection(s)
[26 Mayıs 2014 Pazartesi] [13:32:01] Kullanıcılar	49299 channels formed
[26 Mayıs 2014 Pazartesi] [13:32:01] Kullanıcılar	I have 4609 clients and 1 servers
[26 Mayıs 2014 Pazartesi] [13:32:01] Kullanıcılar	morgan.freenode.net üzerindeki kullanıcılar: 4609, max 10278.
[26 Mayıs 2014 Pazartesi] [13:32:01] Kullanıcılar	Ağdaki kullanıcılar: 88024, max 98406
[26 Mayıs 2014 Pazartesi] [13:32:01] Kullanıcılar	Highest connection count: 10283 (10278 clients) (825663 connections received)
[26 Mayıs 2014 Pazartesi] [13:32:02] Günün Mesajı	Günün mesajı:
[26 Mayıs 2014 Pazartesi] [13:32:02] Günün Mesajı	- Welcome to morgan.freenode.net in Chicago, IL, USA! Thank
[26 Mayıs 2014 Pazartesi] [13:32:02] Günün Mesajı	- you to psyprus for sponsoring this server!
[26 Mayıs 2014 Pazartesi] [13:32:02] Günün Mesajı	-  
[26 Mayıs 2014 Pazartesi] [13:32:02] Günün Mesajı	- MORGAN, RICHARD K. (1965-) is an English science fiction
[26 Mayıs 2014 Pazartesi] [13:32:02] Günün Mesajı	- author. Morgan's books are generally set in a dystopian world.
[26 Mayıs 2014 Pazartesi] [13:32:02] Günün Mesajı	- His breakout novel Altered Carbon won the Philip K. Dick Award,
[26 Mayıs 2014 Pazartesi] [13:32:02] Günün Mesajı	- and he has written many successful and amazing works to follow.
[26 Mayıs 2014 Pazartesi] [13:32:02] Günün Mesajı	- His more recent writings explore the theme of autonomy
[26 Mayıs 2014 Pazartesi] [13:32:02] Günün Mesajı	- in science fiction and escapism in fantasy.
[26 Mayıs 2014 Pazartesi] [13:32:02] Günün Mesajı	-  
[26 Mayıs 2014 Pazartesi] [13:32:02] Günün Mesajı	-  
[26 Mayıs 2014 Pazartesi] [13:32:02] Günün Mesajı	- Welcome to freenode - supporting the free and open source
[26 Mayıs 2014 Pazartesi] [13:32:02] Günün Mesajı	- software communities since 1998.
[26 Mayıs 2014 Pazartesi] [13:32:02] Günün Mesajı	-  
[26 Mayıs 2014 Pazartesi] [13:32:02] Günün Mesajı	- By connecting to freenode you indicate that you have read and
[26 Mayıs 2014 Pazartesi] [13:32:02] Günün Mesajı	- accept our policies as set out on http://www.freenode.net
[26 Mayıs 2014 Pazartesi] [13:32:02] Günün Mesajı	- freenode runs an open proxy scanner. Please join #freenode for
[26 Mayıs 2014 Pazartesi] [13:32:02] Günün Mesajı	- any network-related questions or queries, where a number of
[26 Mayıs 2014 Pazartesi] [13:32:02] Günün Mesajı	- volunteer staff and helpful users will be happy to assist you.
[26 Mayıs 2014 Pazartesi] [13:32:02] Günün Mesajı	-  
[26 Mayıs 2014 Pazartesi] [13:32:02] Günün Mesajı	- You can meet us at FOSSCON (http://www.fosscon.org) where we get
[26 Mayıs 2014 Pazartesi] [13:32:02] Günün Mesajı	- together with like-minded FOSS enthusiasts for talks and
[26 Mayıs 2014 Pazartesi] [13:32:02] Günün Mesajı	- real-life collaboration.
[26 Mayıs 2014 Pazartesi] [13:32:02] Günün Mesajı	-  
[26 Mayıs 2014 Pazartesi] [13:32:02] Günün Mesajı	- We would like to thank Private Internet Access
[26 Mayıs 2014 Pazartesi] [13:32:02] Günün Mesajı	- (https://www.privateinternetaccess.com/) and the other
[26 Mayıs 2014 Pazartesi] [13:32:02] Günün Mesajı	- organisations that help keep freenode and our other projects
[26 Mayıs 2014 Pazartesi] [13:32:02] Günün Mesajı	- running for their sustained support.
[26 Mayıs 2014 Pazartesi] [13:32:02] Günün Mesajı	-  
[26 Mayıs 2014 Pazartesi] [13:32:02] Günün Mesajı	- In particular we would like to thank the sponsor
[26 Mayıs 2014 Pazartesi] [13:32:02] Günün Mesajı	- of this server, details of which can be found above.
[26 Mayıs 2014 Pazartesi] [13:32:02] Günün Mesajı	-  
[26 Mayıs 2014 Pazartesi] [13:32:02] Günün Mesajı	- ***************************************************************
[26 Mayıs 2014 Pazartesi] [13:32:02] Günün Mesajı	- Please read http://blog.freenode.net/2010/11/be-safe-out-there/
[26 Mayıs 2014 Pazartesi] [13:32:02] Günün Mesajı	- ***************************************************************
[26 Mayıs 2014 Pazartesi] [13:32:02] Günün Mesajı	Günün mesajının sonu
[26 Mayıs 2014 Pazartesi] [13:32:02] Kip	Ayarladığınız kişisel kipler: +i
[26 Mayıs 2014 Pazartesi] [13:33:37] Duyuru	-ChanServ- [#pisi-devel] merhaba - hi!
[26 Mayıs 2014 Pazartesi] [15:03:12] Bilgi	Disconnected from chat.freenode.net (port 8001).
[26 Mayıs 2014 Pazartesi] [15:03:12] Bilgi	Network is down, will reconnect automatically when it is back up.
[26 Mayıs 2014 Pazartesi] [15:03:30] Bilgi	Looking for server chat.freenode.net (port 8001)...
[26 Mayıs 2014 Pazartesi] [15:03:30] Bilgi	Sunucu bulundu, bağlanılıyor...
[26 Mayıs 2014 Pazartesi] [15:03:30] Duyuru	-kornbluth.freenode.net- *** Looking up your hostname...
[26 Mayıs 2014 Pazartesi] [15:03:30] Duyuru	-kornbluth.freenode.net- *** Checking Ident
[26 Mayıs 2014 Pazartesi] [15:03:30] Duyuru	-kornbluth.freenode.net- *** Couldn't look up your hostname
[26 Mayıs 2014 Pazartesi] [15:03:39] Duyuru	-kornbluth.freenode.net- *** No Ident response
[26 Mayıs 2014 Pazartesi] [15:03:39] Hoş Geldiniz	Welcome to the freenode Internet Relay Chat Network vedat
[26 Mayıs 2014 Pazartesi] [15:03:39] Hoş Geldiniz	Your host is kornbluth.freenode.net[82.96.64.4/8001], running version ircd-seven-1.1.3
[26 Mayıs 2014 Pazartesi] [15:03:39] Hoş Geldiniz	This server was created Mon Dec 31 2012 at 22:38:44 CET
[26 Mayıs 2014 Pazartesi] [15:03:39] Hoş Geldiniz	Sunucu kornbluth.freenode.net (Sürüm ircd-seven-1.1.3), Kullanıcı kipleri: DOQRSZaghilopswz, kanal kipleri: CFILMPQSbcefgijklmnopqrstvz
[26 Mayıs 2014 Pazartesi] [15:03:39] Destek	vedat CHANTYPES=# EXCEPTS INVEX CHANMODES=eIbq,k,flj,CFLMPQScgimnprstz CHANLIMIT=#:120 PREFIX=(ov)@+ MAXLIST=bqeI:100 MODES=4 NETWORK=freenode KNOCK STATUSMSG=@+ CALLERID=g are supported by this server
[26 Mayıs 2014 Pazartesi] [15:03:39] Destek	vedat CASEMAPPING=rfc1459 CHARSET=ascii NICKLEN=16 CHANNELLEN=50 TOPICLEN=390 ETRACE CPRIVMSG CNOTICE DEAF=D MONITOR=100 FNC TARGMAX=NAMES:1,LIST:1,KICK:1,WHOIS:1,PRIVMSG:4,NOTICE:4,ACCEPT:,MONITOR: are supported by this server
[26 Mayıs 2014 Pazartesi] [15:03:39] Destek	vedat EXTBAN=$,arxz WHOX CLIENTVER=3.0 SAFELIST ELIST=CTU are supported by this server
[26 Mayıs 2014 Pazartesi] [15:03:39] Kullanıcılar	There are 181 users and 88942 invisible on 27 servers
[26 Mayıs 2014 Pazartesi] [15:03:39] Kullanıcılar	31 IRC Operators online
[26 Mayıs 2014 Pazartesi] [15:03:39] Kullanıcılar	10 unknown connection(s)
[26 Mayıs 2014 Pazartesi] [15:03:39] Kullanıcılar	49408 channels formed
[26 Mayıs 2014 Pazartesi] [15:03:39] Kullanıcılar	I have 10145 clients and 10 servers
[26 Mayıs 2014 Pazartesi] [15:03:39] Kullanıcılar	kornbluth.freenode.net üzerindeki kullanıcılar: 10145, max 15001.
[26 Mayıs 2014 Pazartesi] [15:03:39] Kullanıcılar	Ağdaki kullanıcılar: 89123, max 101329
[26 Mayıs 2014 Pazartesi] [15:03:39] Kullanıcılar	Highest connection count: 15002 (15001 clients) (1852324 connections received)
[26 Mayıs 2014 Pazartesi] [15:03:39] Günün Mesajı	Günün mesajı:
[26 Mayıs 2014 Pazartesi] [15:03:39] Günün Mesajı	- Welcome to kornbluth.freenode.net in Frankfurt, DE, EU. 
[26 Mayıs 2014 Pazartesi] [15:03:39] Günün Mesajı	- Thanks to Probe Networks (www.probe-networks.de) for
[26 Mayıs 2014 Pazartesi] [15:03:39] Günün Mesajı	- sponsoring this server!
[26 Mayıs 2014 Pazartesi] [15:03:39] Günün Mesajı	-  
[26 Mayıs 2014 Pazartesi] [15:03:39] Günün Mesajı	- KORNBLUTH, CYRIL M. [1923-1958].  Born in New York City and
[26 Mayıs 2014 Pazartesi] [15:03:39] Günün Mesajı	- an active member of the Futurians, Cyril Kornbluth sold his
[26 Mayıs 2014 Pazartesi] [15:03:39] Günün Mesajı	- first story professionally at age 15.  By the 1940's his
[26 Mayıs 2014 Pazartesi] [15:03:39] Günün Mesajı	- stories appeared widely under several pennames, including
[26 Mayıs 2014 Pazartesi] [15:03:39] Günün Mesajı	- S.D. Gottesman and Cecil Corman.  He left his university
[26 Mayıs 2014 Pazartesi] [15:03:39] Günün Mesajı	- studies in Chicago to serve in the Army in Europe during
[26 Mayıs 2014 Pazartesi] [15:03:39] Günün Mesajı	- WWII, then returned to school and work in Chicago until he
[26 Mayıs 2014 Pazartesi] [15:03:39] Günün Mesajı	- began writing full-time in 1951.  The author of The Marching
[26 Mayıs 2014 Pazartesi] [15:03:39] Günün Mesajı	- Morons and the novels The Space Merchants (with Frederik
[26 Mayıs 2014 Pazartesi] [15:03:39] Günün Mesajı	- Pohl) and The Syndic, he's best known for his biting social
[26 Mayıs 2014 Pazartesi] [15:03:39] Günün Mesajı	- satire and his collaborations with Pohl and with Judith
[26 Mayıs 2014 Pazartesi] [15:03:39] Günün Mesajı	- Merril.
[26 Mayıs 2014 Pazartesi] [15:03:39] Günün Mesajı	- Welcome to freenode - supporting the free and open source
[26 Mayıs 2014 Pazartesi] [15:03:39] Günün Mesajı	- software communities since 1998.
[26 Mayıs 2014 Pazartesi] [15:03:39] Günün Mesajı	-  
[26 Mayıs 2014 Pazartesi] [15:03:39] Günün Mesajı	- By connecting to freenode you indicate that you have read and
[26 Mayıs 2014 Pazartesi] [15:03:39] Günün Mesajı	- accept our policies as set out on http://www.freenode.net
[26 Mayıs 2014 Pazartesi] [15:03:39] Günün Mesajı	- freenode runs an open proxy scanner. Please join #freenode for
[26 Mayıs 2014 Pazartesi] [15:03:39] Günün Mesajı	- any network-related questions or queries, where a number of
[26 Mayıs 2014 Pazartesi] [15:03:39] Günün Mesajı	- volunteer staff and helpful users will be happy to assist you.
[26 Mayıs 2014 Pazartesi] [15:03:39] Günün Mesajı	-  
[26 Mayıs 2014 Pazartesi] [15:03:39] Günün Mesajı	- You can meet us at FOSSCON (http://www.fosscon.org) where we get
[26 Mayıs 2014 Pazartesi] [15:03:39] Günün Mesajı	- together with like-minded FOSS enthusiasts for talks and
[26 Mayıs 2014 Pazartesi] [15:03:39] Günün Mesajı	- real-life collaboration.
[26 Mayıs 2014 Pazartesi] [15:03:39] Günün Mesajı	-  
[26 Mayıs 2014 Pazartesi] [15:03:39] Günün Mesajı	- We would like to thank Private Internet Access
[26 Mayıs 2014 Pazartesi] [15:03:39] Günün Mesajı	- (https://www.privateinternetaccess.com/) and the other
[26 Mayıs 2014 Pazartesi] [15:03:39] Günün Mesajı	- organisations that help keep freenode and our other projects
[26 Mayıs 2014 Pazartesi] [15:03:39] Günün Mesajı	- running for their sustained support.
[26 Mayıs 2014 Pazartesi] [15:03:39] Günün Mesajı	-  
[26 Mayıs 2014 Pazartesi] [15:03:39] Günün Mesajı	- In particular we would like to thank the sponsor
[26 Mayıs 2014 Pazartesi] [15:03:39] Günün Mesajı	- of this server, details of which can be found above.
[26 Mayıs 2014 Pazartesi] [15:03:39] Günün Mesajı	-  
[26 Mayıs 2014 Pazartesi] [15:03:39] Günün Mesajı	- ***************************************************************
[26 Mayıs 2014 Pazartesi] [15:03:39] Günün Mesajı	- Please read http://blog.freenode.net/2010/11/be-safe-out-there/
[26 Mayıs 2014 Pazartesi] [15:03:39] Günün Mesajı	- ***************************************************************
[26 Mayıs 2014 Pazartesi] [15:03:39] Günün Mesajı	Günün mesajının sonu
[26 Mayıs 2014 Pazartesi] [15:03:39] Kip	Ayarladığınız kişisel kipler: +i
[26 Mayıs 2014 Pazartesi] [15:04:44] Bilgi	Disconnected from chat.freenode.net (port 8001).

*** Günlük dosyası
*** Pzt May 26 17:01:34 2014 zamanında başladı

[26 Mayıs 2014 Pazartesi] [17:01:34] Bilgi	Looking for server chat.freenode.net (port 8001)...
[26 Mayıs 2014 Pazartesi] [17:01:35] Bilgi	Sunucu bulundu, bağlanılıyor...
[26 Mayıs 2014 Pazartesi] [17:01:35] Duyuru	-card.freenode.net- *** Looking up your hostname...
[26 Mayıs 2014 Pazartesi] [17:01:35] Duyuru	-card.freenode.net- *** Checking Ident
[26 Mayıs 2014 Pazartesi] [17:01:36] Duyuru	-card.freenode.net- *** Couldn't look up your hostname
[26 Mayıs 2014 Pazartesi] [17:01:43] Duyuru	-card.freenode.net- *** No Ident response
[26 Mayıs 2014 Pazartesi] [17:01:43] Hoş Geldiniz	Welcome to the freenode Internet Relay Chat Network vedat
[26 Mayıs 2014 Pazartesi] [17:01:43] Hoş Geldiniz	Your host is card.freenode.net[38.229.70.20/8001], running version ircd-seven-1.1.3
[26 Mayıs 2014 Pazartesi] [17:01:43] Hoş Geldiniz	This server was created Mon Dec 31 2012 at 21:37:49 UTC
[26 Mayıs 2014 Pazartesi] [17:01:43] Hoş Geldiniz	Sunucu card.freenode.net (Sürüm ircd-seven-1.1.3), Kullanıcı kipleri: DOQRSZaghilopswz, kanal kipleri: CFILMPQSbcefgijklmnopqrstvz
[26 Mayıs 2014 Pazartesi] [17:01:43] Destek	vedat CHANTYPES=# EXCEPTS INVEX CHANMODES=eIbq,k,flj,CFLMPQScgimnprstz CHANLIMIT=#:120 PREFIX=(ov)@+ MAXLIST=bqeI:100 MODES=4 NETWORK=freenode KNOCK STATUSMSG=@+ CALLERID=g are supported by this server
[26 Mayıs 2014 Pazartesi] [17:01:43] Destek	vedat CASEMAPPING=rfc1459 CHARSET=ascii NICKLEN=16 CHANNELLEN=50 TOPICLEN=390 ETRACE CPRIVMSG CNOTICE DEAF=D MONITOR=100 FNC TARGMAX=NAMES:1,LIST:1,KICK:1,WHOIS:1,PRIVMSG:4,NOTICE:4,ACCEPT:,MONITOR: are supported by this server
[26 Mayıs 2014 Pazartesi] [17:01:43] Destek	vedat EXTBAN=$,arxz WHOX CLIENTVER=3.0 SAFELIST ELIST=CTU are supported by this server
[26 Mayıs 2014 Pazartesi] [17:01:43] Kullanıcılar	There are 184 users and 90778 invisible on 27 servers
[26 Mayıs 2014 Pazartesi] [17:01:43] Kullanıcılar	31 IRC Operators online
[26 Mayıs 2014 Pazartesi] [17:01:43] Kullanıcılar	13 unknown connection(s)
[26 Mayıs 2014 Pazartesi] [17:01:43] Kullanıcılar	49713 channels formed
[26 Mayıs 2014 Pazartesi] [17:01:43] Kullanıcılar	I have 1970 clients and 2 servers
[26 Mayıs 2014 Pazartesi] [17:01:43] Kullanıcılar	card.freenode.net üzerindeki kullanıcılar: 1970, max 7005.
[26 Mayıs 2014 Pazartesi] [17:01:43] Kullanıcılar	Ağdaki kullanıcılar: 90962, max 98373
[26 Mayıs 2014 Pazartesi] [17:01:43] Kullanıcılar	Highest connection count: 7006 (7005 clients) (320702 connections received)
[26 Mayıs 2014 Pazartesi] [17:01:43] Günün Mesajı	Günün mesajı:
[26 Mayıs 2014 Pazartesi] [17:01:43] Günün Mesajı	-  
[26 Mayıs 2014 Pazartesi] [17:01:43] Günün Mesajı	- Welcome to card.freenode.net in Washington, DC, US, kindly sponsored by
[26 Mayıs 2014 Pazartesi] [17:01:43] Günün Mesajı	- Team Cymru (http://www.team-cymru.org).
[26 Mayıs 2014 Pazartesi] [17:01:43] Günün Mesajı	-  
[26 Mayıs 2014 Pazartesi] [17:01:43] Günün Mesajı	- CARD, ORSON SCOTT [1951-].  Born in Richland, Washington, Card grew up in
[26 Mayıs 2014 Pazartesi] [17:01:43] Günün Mesajı	- California, Arizona, and Utah.  He lived in Brazil for two years as an
[26 Mayıs 2014 Pazartesi] [17:01:43] Günün Mesajı	- unpaid missionary for the Mormon Church.  Author of the Ender and Alvin
[26 Mayıs 2014 Pazartesi] [17:01:43] Günün Mesajı	- Maker books, Card's science fiction and fantasy work is strongly influenced
[26 Mayıs 2014 Pazartesi] [17:01:43] Günün Mesajı	- by his Mormon cultural background.  The first author to win the Hugo and
[26 Mayıs 2014 Pazartesi] [17:01:43] Günün Mesajı	- Nebula novel awards two years in a row, Card currently lives in Greensboro,
[26 Mayıs 2014 Pazartesi] [17:01:43] Günün Mesajı	- North Carolina, US.
[26 Mayıs 2014 Pazartesi] [17:01:43] Günün Mesajı	-  
[26 Mayıs 2014 Pazartesi] [17:01:43] Günün Mesajı	-  
[26 Mayıs 2014 Pazartesi] [17:01:43] Günün Mesajı	- Welcome to freenode - supporting the free and open source
[26 Mayıs 2014 Pazartesi] [17:01:43] Günün Mesajı	- software communities since 1998.
[26 Mayıs 2014 Pazartesi] [17:01:43] Günün Mesajı	-  
[26 Mayıs 2014 Pazartesi] [17:01:43] Günün Mesajı	- By connecting to freenode you indicate that you have read and
[26 Mayıs 2014 Pazartesi] [17:01:43] Günün Mesajı	- accept our policies as set out on http://www.freenode.net
[26 Mayıs 2014 Pazartesi] [17:01:43] Günün Mesajı	- freenode runs an open proxy scanner. Please join #freenode for
[26 Mayıs 2014 Pazartesi] [17:01:43] Günün Mesajı	- any network-related questions or queries, where a number of
[26 Mayıs 2014 Pazartesi] [17:01:43] Günün Mesajı	- volunteer staff and helpful users will be happy to assist you.
[26 Mayıs 2014 Pazartesi] [17:01:43] Günün Mesajı	-  
[26 Mayıs 2014 Pazartesi] [17:01:43] Günün Mesajı	- You can meet us at FOSSCON (http://www.fosscon.org) where we get
[26 Mayıs 2014 Pazartesi] [17:01:43] Günün Mesajı	- together with like-minded FOSS enthusiasts for talks and
[26 Mayıs 2014 Pazartesi] [17:01:43] Günün Mesajı	- real-life collaboration.
[26 Mayıs 2014 Pazartesi] [17:01:43] Günün Mesajı	-  
[26 Mayıs 2014 Pazartesi] [17:01:43] Günün Mesajı	- We would like to thank Private Internet Access
[26 Mayıs 2014 Pazartesi] [17:01:43] Günün Mesajı	- (https://www.privateinternetaccess.com/) and the other
[26 Mayıs 2014 Pazartesi] [17:01:43] Günün Mesajı	- organisations that help keep freenode and our other projects
[26 Mayıs 2014 Pazartesi] [17:01:43] Günün Mesajı	- running for their sustained support.
[26 Mayıs 2014 Pazartesi] [17:01:43] Günün Mesajı	-  
[26 Mayıs 2014 Pazartesi] [17:01:43] Günün Mesajı	- In particular we would like to thank the sponsor
[26 Mayıs 2014 Pazartesi] [17:01:43] Günün Mesajı	- of this server, details of which can be found above.
[26 Mayıs 2014 Pazartesi] [17:01:43] Günün Mesajı	-  
[26 Mayıs 2014 Pazartesi] [17:01:43] Günün Mesajı	- ***************************************************************
[26 Mayıs 2014 Pazartesi] [17:01:43] Günün Mesajı	- Please read http://blog.freenode.net/2010/11/be-safe-out-there/
[26 Mayıs 2014 Pazartesi] [17:01:43] Günün Mesajı	- ***************************************************************
[26 Mayıs 2014 Pazartesi] [17:01:43] Günün Mesajı	Günün mesajının sonu
[26 Mayıs 2014 Pazartesi] [17:01:43] Kip	Ayarladığınız kişisel kipler: +i
[26 Mayıs 2014 Pazartesi] [17:01:49] Duyuru	-ChanServ- [#pisi-devel] merhaba - hi!
[27 Mayıs 2014 Salı] [00:07:24] Bilgi	Disconnected from chat.freenode.net (port 8001).
[27 Mayıs 2014 Salı] [00:07:24] Bilgi	Network is down, will reconnect automatically when it is back up.
[27 Mayıs 2014 Salı] [00:07:58] Bilgi	Looking for server chat.freenode.net (port 8001)...
[27 Mayıs 2014 Salı] [00:08:03] Hata	Connection to server chat.freenode.net (port 8001) lost: Bilinmeyen hata.
[27 Mayıs 2014 Salı] [00:08:03] Bilgi	Trying to connect to #pisi-devel (port 6667) in 10 seconds.
[27 Mayıs 2014 Salı] [00:08:13] Bilgi	Looking for server #pisi-devel (port 6667)...
[27 Mayıs 2014 Salı] [00:08:13] Hata	Connection to server #pisi-devel (port 6667) lost: Bilinmeyen hata.
[27 Mayıs 2014 Salı] [00:08:13] Bilgi	Trying to connect to chat.freenode.net (port 8001) in 10 seconds.
[27 Mayıs 2014 Salı] [00:08:23] Bilgi	Looking for server chat.freenode.net (port 8001)...
[27 Mayıs 2014 Salı] [00:08:23] Hata	Connection to server chat.freenode.net (port 8001) lost: Bilinmeyen hata.
[27 Mayıs 2014 Salı] [00:08:23] Bilgi	Trying to connect to #pisi-devel (port 6667) in 10 seconds.
[27 Mayıs 2014 Salı] [00:08:33] Bilgi	Looking for server #pisi-devel (port 6667)...
[27 Mayıs 2014 Salı] [00:08:33] Hata	Connection to server #pisi-devel (port 6667) lost: Bilinmeyen hata.
[27 Mayıs 2014 Salı] [00:08:33] Bilgi	Trying to connect to chat.freenode.net (port 8001) in 10 seconds.
[27 Mayıs 2014 Salı] [00:08:43] Bilgi	Looking for server chat.freenode.net (port 8001)...
[27 Mayıs 2014 Salı] [00:08:43] Bilgi	Sunucu bulundu, bağlanılıyor...
[27 Mayıs 2014 Salı] [00:08:43] Duyuru	-wilhelm.freenode.net- *** Looking up your hostname...
[27 Mayıs 2014 Salı] [00:08:43] Duyuru	-wilhelm.freenode.net- *** Checking Ident
[27 Mayıs 2014 Salı] [00:08:44] Duyuru	-wilhelm.freenode.net- *** Couldn't look up your hostname
[27 Mayıs 2014 Salı] [00:08:53] Duyuru	-wilhelm.freenode.net- *** No Ident response
[27 Mayıs 2014 Salı] [00:08:54] Hoş Geldiniz	Welcome to the freenode Internet Relay Chat Network vedat_
[27 Mayıs 2014 Salı] [00:08:54] Hoş Geldiniz	Your host is wilhelm.freenode.net[37.48.83.75/8001], running version ircd-seven-1.1.3
[27 Mayıs 2014 Salı] [00:08:54] Hoş Geldiniz	This server was created Sat Mar 8 2014 at 15:57:41 CET
[27 Mayıs 2014 Salı] [00:08:54] Hoş Geldiniz	Sunucu wilhelm.freenode.net (Sürüm ircd-seven-1.1.3), Kullanıcı kipleri: DOQRSZaghilopswz, kanal kipleri: CFILMPQSbcefgijklmnopqrstvz
[27 Mayıs 2014 Salı] [00:08:54] Destek	vedat_ CHANTYPES=# EXCEPTS INVEX CHANMODES=eIbq,k,flj,CFLMPQScgimnprstz CHANLIMIT=#:120 PREFIX=(ov)@+ MAXLIST=bqeI:100 MODES=4 NETWORK=freenode KNOCK STATUSMSG=@+ CALLERID=g are supported by this server
[27 Mayıs 2014 Salı] [00:08:54] Destek	vedat_ CASEMAPPING=rfc1459 CHARSET=ascii NICKLEN=16 CHANNELLEN=50 TOPICLEN=390 ETRACE CPRIVMSG CNOTICE DEAF=D MONITOR=100 FNC TARGMAX=NAMES:1,LIST:1,KICK:1,WHOIS:1,PRIVMSG:4,NOTICE:4,ACCEPT:,MONITOR: are supported by this server
[27 Mayıs 2014 Salı] [00:08:54] Destek	vedat_ EXTBAN=$,arxz WHOX CLIENTVER=3.0 SAFELIST ELIST=CTU are supported by this server
[27 Mayıs 2014 Salı] [00:08:54] Kullanıcılar	There are 182 users and 89037 invisible on 27 servers
[27 Mayıs 2014 Salı] [00:08:54] Kullanıcılar	30 IRC Operators online
[27 Mayıs 2014 Salı] [00:08:54] Kullanıcılar	24 unknown connection(s)
[27 Mayıs 2014 Salı] [00:08:54] Kullanıcılar	49743 channels formed
[27 Mayıs 2014 Salı] [00:08:54] Kullanıcılar	I have 5780 clients and 1 servers
[27 Mayıs 2014 Salı] [00:08:54] Kullanıcılar	wilhelm.freenode.net üzerindeki kullanıcılar: 5780, max 8409.
[27 Mayıs 2014 Salı] [00:08:54] Kullanıcılar	Ağdaki kullanıcılar: 89219, max 98406
[27 Mayıs 2014 Salı] [00:08:54] Kullanıcılar	Highest connection count: 8410 (8409 clients) (731375 connections received)
[27 Mayıs 2014 Salı] [00:08:54] Günün Mesajı	Günün mesajı:
[27 Mayıs 2014 Salı] [00:08:54] Günün Mesajı	- Welcome to wilhelm.freenode.net in Netherlands, EU. 
[27 Mayıs 2014 Salı] [00:08:54] Günün Mesajı	- Thanks to https://www.cubecraftgames.net for sponsoring
[27 Mayıs 2014 Salı] [00:08:54] Günün Mesajı	- this server!
[27 Mayıs 2014 Salı] [00:08:54] Günün Mesajı	-  
[27 Mayıs 2014 Salı] [00:08:54] Günün Mesajı	- Welcome to freenode - supporting the free and open source
[27 Mayıs 2014 Salı] [00:08:54] Günün Mesajı	- software communities since 1998.
[27 Mayıs 2014 Salı] [00:08:54] Günün Mesajı	-  
[27 Mayıs 2014 Salı] [00:08:54] Günün Mesajı	- By connecting to freenode you indicate that you have read and
[27 Mayıs 2014 Salı] [00:08:54] Günün Mesajı	- accept our policies as set out on http://www.freenode.net
[27 Mayıs 2014 Salı] [00:08:54] Günün Mesajı	- freenode runs an open proxy scanner. Please join #freenode for
[27 Mayıs 2014 Salı] [00:08:54] Günün Mesajı	- any network-related questions or queries, where a number of
[27 Mayıs 2014 Salı] [00:08:54] Günün Mesajı	- volunteer staff and helpful users will be happy to assist you.
[27 Mayıs 2014 Salı] [00:08:54] Günün Mesajı	-  
[27 Mayıs 2014 Salı] [00:08:54] Günün Mesajı	- You can meet us at FOSSCON (http://www.fosscon.org) where we get
[27 Mayıs 2014 Salı] [00:08:54] Günün Mesajı	- together with like-minded FOSS enthusiasts for talks and
[27 Mayıs 2014 Salı] [00:08:54] Günün Mesajı	- real-life collaboration.
[27 Mayıs 2014 Salı] [00:08:54] Günün Mesajı	-  
[27 Mayıs 2014 Salı] [00:08:54] Günün Mesajı	- We would like to thank Private Internet Access
[27 Mayıs 2014 Salı] [00:08:54] Günün Mesajı	- (https://www.privateinternetaccess.com/) and the other
[27 Mayıs 2014 Salı] [00:08:54] Günün Mesajı	- organisations that help keep freenode and our other projects
[27 Mayıs 2014 Salı] [00:08:54] Günün Mesajı	- running for their sustained support.
[27 Mayıs 2014 Salı] [00:08:54] Günün Mesajı	-  
[27 Mayıs 2014 Salı] [00:08:54] Günün Mesajı	- In particular we would like to thank the sponsor
[27 Mayıs 2014 Salı] [00:08:54] Günün Mesajı	- of this server, details of which can be found above.
[27 Mayıs 2014 Salı] [00:08:54] Günün Mesajı	-  
[27 Mayıs 2014 Salı] [00:08:54] Günün Mesajı	- ***************************************************************
[27 Mayıs 2014 Salı] [00:08:54] Günün Mesajı	- Please read http://blog.freenode.net/2010/11/be-safe-out-there/
[27 Mayıs 2014 Salı] [00:08:54] Günün Mesajı	- ***************************************************************
[27 Mayıs 2014 Salı] [00:08:54] Günün Mesajı	Günün mesajının sonu
[27 Mayıs 2014 Salı] [00:08:54] Kip	Ayarladığınız kişisel kipler: +i
[27 Mayıs 2014 Salı] [01:32:03] Bilgi	Disconnected from chat.freenode.net (port 8001).

*** Günlük dosyası
*** Sal May 27 11:06:21 2014 zamanında başladı

[27 Mayıs 2014 Salı] [11:06:21] Bilgi	Looking for server chat.freenode.net (port 8001)...
[27 Mayıs 2014 Salı] [11:06:21] Bilgi	Sunucu bulundu, bağlanılıyor...
[27 Mayıs 2014 Salı] [11:06:21] Duyuru	-leguin.freenode.net- *** Looking up your hostname...
[27 Mayıs 2014 Salı] [11:06:21] Duyuru	-leguin.freenode.net- *** Checking Ident
[27 Mayıs 2014 Salı] [11:06:22] Duyuru	-leguin.freenode.net- *** Couldn't look up your hostname
[27 Mayıs 2014 Salı] [11:06:31] Duyuru	-leguin.freenode.net- *** No Ident response
[27 Mayıs 2014 Salı] [11:06:31] Hoş Geldiniz	Welcome to the freenode Internet Relay Chat Network vedat
[27 Mayıs 2014 Salı] [11:06:31] Hoş Geldiniz	Your host is leguin.freenode.net[130.239.18.172/8001], running version ircd-seven-1.1.3
[27 Mayıs 2014 Salı] [11:06:31] Hoş Geldiniz	This server was created Mon Dec 31 2012 at 22:37:58 CET
[27 Mayıs 2014 Salı] [11:06:31] Hoş Geldiniz	Sunucu leguin.freenode.net (Sürüm ircd-seven-1.1.3), Kullanıcı kipleri: DOQRSZaghilopswz, kanal kipleri: CFILMPQSbcefgijklmnopqrstvz
[27 Mayıs 2014 Salı] [11:06:31] Destek	vedat CHANTYPES=# EXCEPTS INVEX CHANMODES=eIbq,k,flj,CFLMPQScgimnprstz CHANLIMIT=#:120 PREFIX=(ov)@+ MAXLIST=bqeI:100 MODES=4 NETWORK=freenode KNOCK STATUSMSG=@+ CALLERID=g are supported by this server
[27 Mayıs 2014 Salı] [11:06:31] Destek	vedat CASEMAPPING=rfc1459 CHARSET=ascii NICKLEN=16 CHANNELLEN=50 TOPICLEN=390 ETRACE CPRIVMSG CNOTICE DEAF=D MONITOR=100 FNC TARGMAX=NAMES:1,LIST:1,KICK:1,WHOIS:1,PRIVMSG:4,NOTICE:4,ACCEPT:,MONITOR: are supported by this server
[27 Mayıs 2014 Salı] [11:06:31] Destek	vedat EXTBAN=$,arxz WHOX CLIENTVER=3.0 SAFELIST ELIST=CTU are supported by this server
[27 Mayıs 2014 Salı] [11:06:31] Kullanıcılar	There are 188 users and 86811 invisible on 27 servers
[27 Mayıs 2014 Salı] [11:06:31] Kullanıcılar	30 IRC Operators online
[27 Mayıs 2014 Salı] [11:06:31] Kullanıcılar	6 unknown connection(s)
[27 Mayıs 2014 Salı] [11:06:31] Kullanıcılar	49470 channels formed
[27 Mayıs 2014 Salı] [11:06:31] Kullanıcılar	I have 6996 clients and 1 servers
[27 Mayıs 2014 Salı] [11:06:31] Kullanıcılar	leguin.freenode.net üzerindeki kullanıcılar: 6996, max 12001.
[27 Mayıs 2014 Salı] [11:06:31] Kullanıcılar	Ağdaki kullanıcılar: 86999, max 101329
[27 Mayıs 2014 Salı] [11:06:31] Kullanıcılar	Highest connection count: 12002 (12001 clients) (4493754 connections received)
[27 Mayıs 2014 Salı] [11:06:31] Günün Mesajı	Günün mesajı:
[27 Mayıs 2014 Salı] [11:06:31] Günün Mesajı	- Welcome to leguin.freenode.net in Umeå, Sweden, EU! Thanks to
[27 Mayıs 2014 Salı] [11:06:31] Günün Mesajı	- the Academic Computer Club at Umeå University for sponsoring
[27 Mayıs 2014 Salı] [11:06:31] Günün Mesajı	- this server!
[27 Mayıs 2014 Salı] [11:06:31] Günün Mesajı	-  
[27 Mayıs 2014 Salı] [11:06:31] Günün Mesajı	- LE GUIN, URSULA K. (1929-) Born in Berkeley, California,
[27 Mayıs 2014 Salı] [11:06:31] Günün Mesajı	- Ursula Le Guin is an american author primarily known for
[27 Mayıs 2014 Salı] [11:06:31] Günün Mesajı	- her Science Fiction and Fantasy. She has been awarded the
[27 Mayıs 2014 Salı] [11:06:31] Günün Mesajı	- Hugo and Nebula awards, and is best known for her Earthsea
[27 Mayıs 2014 Salı] [11:06:31] Günün Mesajı	- and Hainish series.
[27 Mayıs 2014 Salı] [11:06:31] Günün Mesajı	-  
[27 Mayıs 2014 Salı] [11:06:31] Günün Mesajı	- Welcome to freenode - supporting the free and open source
[27 Mayıs 2014 Salı] [11:06:31] Günün Mesajı	- software communities since 1998.
[27 Mayıs 2014 Salı] [11:06:31] Günün Mesajı	-  
[27 Mayıs 2014 Salı] [11:06:31] Günün Mesajı	- By connecting to freenode you indicate that you have read and
[27 Mayıs 2014 Salı] [11:06:31] Günün Mesajı	- accept our policies as set out on http://www.freenode.net
[27 Mayıs 2014 Salı] [11:06:31] Günün Mesajı	- freenode runs an open proxy scanner. Please join #freenode for
[27 Mayıs 2014 Salı] [11:06:31] Günün Mesajı	- any network-related questions or queries, where a number of
[27 Mayıs 2014 Salı] [11:06:32] Günün Mesajı	- volunteer staff and helpful users will be happy to assist you.
[27 Mayıs 2014 Salı] [11:06:32] Günün Mesajı	-  
[27 Mayıs 2014 Salı] [11:06:32] Günün Mesajı	- You can meet us at FOSSCON (http://www.fosscon.org) where we get
[27 Mayıs 2014 Salı] [11:06:32] Günün Mesajı	- together with like-minded FOSS enthusiasts for talks and
[27 Mayıs 2014 Salı] [11:06:32] Günün Mesajı	- real-life collaboration.
[27 Mayıs 2014 Salı] [11:06:32] Günün Mesajı	-  
[27 Mayıs 2014 Salı] [11:06:32] Günün Mesajı	- We would like to thank Private Internet Access
[27 Mayıs 2014 Salı] [11:06:32] Günün Mesajı	- (https://www.privateinternetaccess.com/) and the other
[27 Mayıs 2014 Salı] [11:06:32] Günün Mesajı	- organisations that help keep freenode and our other projects
[27 Mayıs 2014 Salı] [11:06:32] Günün Mesajı	- running for their sustained support.
[27 Mayıs 2014 Salı] [11:06:32] Günün Mesajı	-  
[27 Mayıs 2014 Salı] [11:06:32] Günün Mesajı	- In particular we would like to thank the sponsor
[27 Mayıs 2014 Salı] [11:06:32] Günün Mesajı	- of this server, details of which can be found above.
[27 Mayıs 2014 Salı] [11:06:32] Günün Mesajı	-  
[27 Mayıs 2014 Salı] [11:06:32] Günün Mesajı	- ***************************************************************
[27 Mayıs 2014 Salı] [11:06:32] Günün Mesajı	- Please read http://blog.freenode.net/2010/11/be-safe-out-there/
[27 Mayıs 2014 Salı] [11:06:32] Günün Mesajı	- ***************************************************************
[27 Mayıs 2014 Salı] [11:06:32] Günün Mesajı	Günün mesajının sonu
[27 Mayıs 2014 Salı] [11:06:32] Kip	Ayarladığınız kişisel kipler: +i
[27 Mayıs 2014 Salı] [11:06:37] Duyuru	-leguin.freenode.net- [freenode-info] why register and identify? your IRC nick is how people know you. http://freenode.net/faq.shtml#nicksetup
[27 Mayıs 2014 Salı] [11:06:37] Duyuru	-ChanServ- [#pisi-devel] merhaba - hi!
[27 Mayıs 2014 Salı] [15:47:21] Bilgi	Disconnected from chat.freenode.net (port 8001).
[27 Mayıs 2014 Salı] [15:47:22] Bilgi	Network is down, will reconnect automatically when it is back up.
[27 Mayıs 2014 Salı] [16:47:24] Bilgi	Looking for server chat.freenode.net (port 8001)...
[27 Mayıs 2014 Salı] [16:47:24] Hata	Connection to server chat.freenode.net (port 8001) lost: Bilinmeyen hata.
[27 Mayıs 2014 Salı] [16:47:24] Bilgi	Trying to connect to #pisi-devel (port 6667) in 10 seconds.
[27 Mayıs 2014 Salı] [16:47:34] Bilgi	Looking for server #pisi-devel (port 6667)...
[27 Mayıs 2014 Salı] [16:47:34] Hata	Connection to server #pisi-devel (port 6667) lost: Bilinmeyen hata.
[27 Mayıs 2014 Salı] [16:47:34] Bilgi	Trying to connect to chat.freenode.net (port 8001) in 10 seconds.
[27 Mayıs 2014 Salı] [16:47:44] Bilgi	Looking for server chat.freenode.net (port 8001)...
[27 Mayıs 2014 Salı] [16:47:44] Hata	Connection to server chat.freenode.net (port 8001) lost: Bilinmeyen hata.
[27 Mayıs 2014 Salı] [16:47:44] Bilgi	Trying to connect to #pisi-devel (port 6667) in 10 seconds.
[27 Mayıs 2014 Salı] [16:47:54] Bilgi	Looking for server #pisi-devel (port 6667)...
[27 Mayıs 2014 Salı] [16:47:54] Hata	Connection to server #pisi-devel (port 6667) lost: Bilinmeyen hata.
[27 Mayıs 2014 Salı] [16:47:54] Bilgi	Trying to connect to chat.freenode.net (port 8001) in 10 seconds.
[27 Mayıs 2014 Salı] [16:48:04] Bilgi	Looking for server chat.freenode.net (port 8001)...
[27 Mayıs 2014 Salı] [16:48:04] Bilgi	Sunucu bulundu, bağlanılıyor...
[27 Mayıs 2014 Salı] [16:48:04] Duyuru	-barjavel.freenode.net- *** Looking up your hostname...
[27 Mayıs 2014 Salı] [16:48:04] Duyuru	-barjavel.freenode.net- *** Checking Ident
[27 Mayıs 2014 Salı] [16:48:04] Duyuru	-barjavel.freenode.net- *** Couldn't look up your hostname
[27 Mayıs 2014 Salı] [16:48:13] Duyuru	-barjavel.freenode.net- *** No Ident response
[27 Mayıs 2014 Salı] [16:48:13] Hoş Geldiniz	Welcome to the freenode Internet Relay Chat Network vedat
[27 Mayıs 2014 Salı] [16:48:13] Hoş Geldiniz	Your host is barjavel.freenode.net[78.40.125.4/8001], running version ircd-seven-1.1.3
[27 Mayıs 2014 Salı] [16:48:13] Hoş Geldiniz	This server was created Mon Dec 31 2012 at 22:37:42 CET
[27 Mayıs 2014 Salı] [16:48:13] Hoş Geldiniz	Sunucu barjavel.freenode.net (Sürüm ircd-seven-1.1.3), Kullanıcı kipleri: DOQRSZaghilopswz, kanal kipleri: CFILMPQSbcefgijklmnopqrstvz
[27 Mayıs 2014 Salı] [16:48:13] Destek	vedat CHANTYPES=# EXCEPTS INVEX CHANMODES=eIbq,k,flj,CFLMPQScgimnprstz CHANLIMIT=#:120 PREFIX=(ov)@+ MAXLIST=bqeI:100 MODES=4 NETWORK=freenode KNOCK STATUSMSG=@+ CALLERID=g are supported by this server
[27 Mayıs 2014 Salı] [16:48:13] Destek	vedat CASEMAPPING=rfc1459 CHARSET=ascii NICKLEN=16 CHANNELLEN=50 TOPICLEN=390 ETRACE CPRIVMSG CNOTICE DEAF=D MONITOR=100 FNC TARGMAX=NAMES:1,LIST:1,KICK:1,WHOIS:1,PRIVMSG:4,NOTICE:4,ACCEPT:,MONITOR: are supported by this server
[27 Mayıs 2014 Salı] [16:48:13] Destek	vedat EXTBAN=$,arxz WHOX CLIENTVER=3.0 SAFELIST ELIST=CTU are supported by this server
[27 Mayıs 2014 Salı] [16:48:13] Kullanıcılar	There are 192 users and 94197 invisible on 27 servers
[27 Mayıs 2014 Salı] [16:48:13] Kullanıcılar	30 IRC Operators online
[27 Mayıs 2014 Salı] [16:48:13] Kullanıcılar	10 unknown connection(s)
[27 Mayıs 2014 Salı] [16:48:13] Kullanıcılar	50203 channels formed
[27 Mayıs 2014 Salı] [16:48:13] Kullanıcılar	I have 5410 clients and 1 servers
[27 Mayıs 2014 Salı] [16:48:13] Kullanıcılar	barjavel.freenode.net üzerindeki kullanıcılar: 5410, max 12000.
[27 Mayıs 2014 Salı] [16:48:13] Kullanıcılar	Ağdaki kullanıcılar: 94389, max 99164
[27 Mayıs 2014 Salı] [16:48:13] Kullanıcılar	Highest connection count: 12001 (12000 clients) (1517877 connections received)
[27 Mayıs 2014 Salı] [16:48:13] Günün Mesajı	Günün mesajı:
[27 Mayıs 2014 Salı] [16:48:13] Günün Mesajı	- Welcome to barjavel.freenode.net in Paris, FR, EU. 
[27 Mayıs 2014 Salı] [16:48:13] Günün Mesajı	- Thanks to Bearstech (www.bearstech.com) for sponsoring
[27 Mayıs 2014 Salı] [16:48:13] Günün Mesajı	- this server!
[27 Mayıs 2014 Salı] [16:48:13] Günün Mesajı	-  
[27 Mayıs 2014 Salı] [16:48:13] Günün Mesajı	- BARJAVEL, RENE [1911-1985].  Born in Nyons, he was a
[27 Mayıs 2014 Salı] [16:48:13] Günün Mesajı	- science-fiction author, a journalist and a critic. He is
[27 Mayıs 2014 Salı] [16:48:13] Günün Mesajı	- credited with having written the first novel to introduce 
[27 Mayıs 2014 Salı] [16:48:13] Günün Mesajı	- the Grandfather Paradox in time travel, in his 1943 work 
[27 Mayıs 2014 Salı] [16:48:13] Günün Mesajı	- 'Le Voyageur imprudent'.
[27 Mayıs 2014 Salı] [16:48:13] Günün Mesajı	-  
[27 Mayıs 2014 Salı] [16:48:13] Günün Mesajı	- Welcome to freenode - supporting the free and open source
[27 Mayıs 2014 Salı] [16:48:13] Günün Mesajı	- software communities since 1998.
[27 Mayıs 2014 Salı] [16:48:13] Günün Mesajı	-  
[27 Mayıs 2014 Salı] [16:48:13] Günün Mesajı	- By connecting to freenode you indicate that you have read and
[27 Mayıs 2014 Salı] [16:48:13] Günün Mesajı	- accept our policies as set out on http://www.freenode.net
[27 Mayıs 2014 Salı] [16:48:13] Günün Mesajı	- freenode runs an open proxy scanner. Please join #freenode for
[27 Mayıs 2014 Salı] [16:48:13] Günün Mesajı	- any network-related questions or queries, where a number of
[27 Mayıs 2014 Salı] [16:48:13] Günün Mesajı	- volunteer staff and helpful users will be happy to assist you.
[27 Mayıs 2014 Salı] [16:48:13] Günün Mesajı	-  
[27 Mayıs 2014 Salı] [16:48:13] Günün Mesajı	- You can meet us at FOSSCON (http://www.fosscon.org) where we get
[27 Mayıs 2014 Salı] [16:48:13] Günün Mesajı	- together with like-minded FOSS enthusiasts for talks and
[27 Mayıs 2014 Salı] [16:48:13] Günün Mesajı	- real-life collaboration.
[27 Mayıs 2014 Salı] [16:48:13] Günün Mesajı	-  
[27 Mayıs 2014 Salı] [16:48:13] Günün Mesajı	- We would like to thank Private Internet Access
[27 Mayıs 2014 Salı] [16:48:13] Günün Mesajı	- (https://www.privateinternetaccess.com/) and the other
[27 Mayıs 2014 Salı] [16:48:13] Günün Mesajı	- organisations that help keep freenode and our other projects
[27 Mayıs 2014 Salı] [16:48:13] Günün Mesajı	- running for their sustained support.
[27 Mayıs 2014 Salı] [16:48:13] Günün Mesajı	-  
[27 Mayıs 2014 Salı] [16:48:13] Günün Mesajı	- In particular we would like to thank the sponsor
[27 Mayıs 2014 Salı] [16:48:13] Günün Mesajı	- of this server, details of which can be found above.
[27 Mayıs 2014 Salı] [16:48:13] Günün Mesajı	-  
[27 Mayıs 2014 Salı] [16:48:13] Günün Mesajı	- ***************************************************************
[27 Mayıs 2014 Salı] [16:48:13] Günün Mesajı	- Please read http://blog.freenode.net/2010/11/be-safe-out-there/
[27 Mayıs 2014 Salı] [16:48:13] Günün Mesajı	- ***************************************************************
[27 Mayıs 2014 Salı] [16:48:13] Günün Mesajı	Günün mesajının sonu
[27 Mayıs 2014 Salı] [16:48:13] Kip	Ayarladığınız kişisel kipler: +i
[27 Mayıs 2014 Salı] [19:49:01] Bilgi	Disconnected from chat.freenode.net (port 8001).

*** Günlük dosyası
*** Sal May 27 19:51:10 2014 zamanında başladı

[27 Mayıs 2014 Salı] [19:51:10] Bilgi	Looking for server chat.freenode.net (port 8001)...
[27 Mayıs 2014 Salı] [19:51:10] Hata	Connection to server chat.freenode.net (port 8001) lost: Bilinmeyen hata.
[27 Mayıs 2014 Salı] [19:51:10] Bilgi	Trying to connect to #pisi-devel (port 6667) in 10 seconds.
[27 Mayıs 2014 Salı] [19:51:20] Bilgi	Looking for server #pisi-devel (port 6667)...
[27 Mayıs 2014 Salı] [19:51:20] Hata	Connection to server #pisi-devel (port 6667) lost: Bilinmeyen hata.
[27 Mayıs 2014 Salı] [19:51:20] Bilgi	Trying to connect to chat.freenode.net (port 8001) in 10 seconds.
[27 Mayıs 2014 Salı] [19:51:30] Bilgi	Looking for server chat.freenode.net (port 8001)...
[27 Mayıs 2014 Salı] [19:51:30] Hata	Connection to server chat.freenode.net (port 8001) lost: Bilinmeyen hata.
[27 Mayıs 2014 Salı] [19:51:30] Bilgi	Trying to connect to #pisi-devel (port 6667) in 10 seconds.
[27 Mayıs 2014 Salı] [19:51:40] Bilgi	Looking for server #pisi-devel (port 6667)...
[27 Mayıs 2014 Salı] [19:51:40] Hata	Connection to server #pisi-devel (port 6667) lost: Bilinmeyen hata.
[27 Mayıs 2014 Salı] [19:51:40] Bilgi	Trying to connect to chat.freenode.net (port 8001) in 10 seconds.
[27 Mayıs 2014 Salı] [19:51:50] Bilgi	Looking for server chat.freenode.net (port 8001)...
[27 Mayıs 2014 Salı] [19:51:50] Hata	Connection to server chat.freenode.net (port 8001) lost: Bilinmeyen hata.
[27 Mayıs 2014 Salı] [19:51:50] Bilgi	Trying to connect to #pisi-devel (port 6667) in 10 seconds.
[27 Mayıs 2014 Salı] [19:52:00] Bilgi	Looking for server #pisi-devel (port 6667)...
[27 Mayıs 2014 Salı] [19:52:00] Hata	Connection to server #pisi-devel (port 6667) lost: Bilinmeyen hata.
[27 Mayıs 2014 Salı] [19:52:00] Bilgi	Trying to connect to chat.freenode.net (port 8001) in 10 seconds.
[27 Mayıs 2014 Salı] [19:52:10] Bilgi	Looking for server chat.freenode.net (port 8001)...
[27 Mayıs 2014 Salı] [19:52:10] Hata	Connection to server chat.freenode.net (port 8001) lost: Bilinmeyen hata.
[27 Mayıs 2014 Salı] [19:52:10] Bilgi	Trying to connect to #pisi-devel (port 6667) in 10 seconds.
[27 Mayıs 2014 Salı] [19:52:20] Bilgi	Looking for server #pisi-devel (port 6667)...
[27 Mayıs 2014 Salı] [19:52:20] Hata	Connection to server #pisi-devel (port 6667) lost: Bilinmeyen hata.
[27 Mayıs 2014 Salı] [19:52:20] Bilgi	Trying to connect to chat.freenode.net (port 8001) in 10 seconds.
[27 Mayıs 2014 Salı] [19:52:30] Bilgi	Looking for server chat.freenode.net (port 8001)...
[27 Mayıs 2014 Salı] [19:52:30] Hata	Connection to server chat.freenode.net (port 8001) lost: Bilinmeyen hata.
[27 Mayıs 2014 Salı] [19:52:30] Bilgi	Trying to connect to #pisi-devel (port 6667) in 10 seconds.
[27 Mayıs 2014 Salı] [19:52:40] Bilgi	Looking for server #pisi-devel (port 6667)...
[27 Mayıs 2014 Salı] [19:52:40] Hata	Connection to server #pisi-devel (port 6667) lost: Bilinmeyen hata.
[27 Mayıs 2014 Salı] [19:52:40] Bilgi	Network is down, will reconnect automatically when it is back up.
[27 Mayıs 2014 Salı] [19:52:45] Bilgi	Looking for server #pisi-devel (port 6667)...
[27 Mayıs 2014 Salı] [19:52:45] Hata	Connection to server #pisi-devel (port 6667) lost: Bilinmeyen hata.
[27 Mayıs 2014 Salı] [19:52:45] Bilgi	Trying to connect to chat.freenode.net (port 8001) in 10 seconds.
[27 Mayıs 2014 Salı] [19:52:55] Bilgi	Looking for server chat.freenode.net (port 8001)...
[27 Mayıs 2014 Salı] [19:52:55] Bilgi	Sunucu bulundu, bağlanılıyor...
[27 Mayıs 2014 Salı] [19:52:55] Duyuru	-hobana.freenode.net- *** Looking up your hostname...
[27 Mayıs 2014 Salı] [19:52:55] Duyuru	-hobana.freenode.net- *** Checking Ident
[27 Mayıs 2014 Salı] [19:52:56] Duyuru	-hobana.freenode.net- *** Couldn't look up your hostname
[27 Mayıs 2014 Salı] [19:53:02] Duyuru	-hobana.freenode.net- *** No Ident response
[27 Mayıs 2014 Salı] [19:53:02] Hoş Geldiniz	Welcome to the freenode Internet Relay Chat Network vedat
[27 Mayıs 2014 Salı] [19:53:02] Hoş Geldiniz	Your host is hobana.freenode.net[62.231.75.133/8001], running version ircd-seven-1.1.3
[27 Mayıs 2014 Salı] [19:53:02] Hoş Geldiniz	This server was created Tue Jul 23 2013 at 10:16:18 UTC
[27 Mayıs 2014 Salı] [19:53:02] Hoş Geldiniz	Sunucu hobana.freenode.net (Sürüm ircd-seven-1.1.3), Kullanıcı kipleri: DOQRSZaghilopswz, kanal kipleri: CFILMPQSbcefgijklmnopqrstvz
[27 Mayıs 2014 Salı] [19:53:02] Destek	vedat CHANTYPES=# EXCEPTS INVEX CHANMODES=eIbq,k,flj,CFLMPQScgimnprstz CHANLIMIT=#:120 PREFIX=(ov)@+ MAXLIST=bqeI:100 MODES=4 NETWORK=freenode KNOCK STATUSMSG=@+ CALLERID=g are supported by this server
[27 Mayıs 2014 Salı] [19:53:02] Destek	vedat CASEMAPPING=rfc1459 CHARSET=ascii NICKLEN=16 CHANNELLEN=50 TOPICLEN=390 ETRACE CPRIVMSG CNOTICE DEAF=D MONITOR=100 FNC TARGMAX=NAMES:1,LIST:1,KICK:1,WHOIS:1,PRIVMSG:4,NOTICE:4,ACCEPT:,MONITOR: are supported by this server
[27 Mayıs 2014 Salı] [19:53:02] Destek	vedat EXTBAN=$,arxz WHOX CLIENTVER=3.0 SAFELIST ELIST=CTU are supported by this server
[27 Mayıs 2014 Salı] [19:53:02] Kullanıcılar	There are 196 users and 95460 invisible on 27 servers
[27 Mayıs 2014 Salı] [19:53:02] Kullanıcılar	29 IRC Operators online
[27 Mayıs 2014 Salı] [19:53:02] Kullanıcılar	10 unknown connection(s)
[27 Mayıs 2014 Salı] [19:53:02] Kullanıcılar	50396 channels formed
[27 Mayıs 2014 Salı] [19:53:02] Kullanıcılar	I have 2735 clients and 1 servers
[27 Mayıs 2014 Salı] [19:53:02] Kullanıcılar	hobana.freenode.net üzerindeki kullanıcılar: 2735, max 12000.
[27 Mayıs 2014 Salı] [19:53:02] Kullanıcılar	Ağdaki kullanıcılar: 95656, max 98406
[27 Mayıs 2014 Salı] [19:53:02] Kullanıcılar	Highest connection count: 12001 (12000 clients) (912683 connections received)
[27 Mayıs 2014 Salı] [19:53:02] Günün Mesajı	Günün mesajı:
[27 Mayıs 2014 Salı] [19:53:02] Günün Mesajı	- Welcome to hobana.freenode.net in Pitesti, Romania! Thank
[27 Mayıs 2014 Salı] [19:53:02] Günün Mesajı	- you to RCS-RDS for sponsoring this server!
[27 Mayıs 2014 Salı] [19:53:02] Günün Mesajı	-  
[27 Mayıs 2014 Salı] [19:53:02] Günün Mesajı	- Ion Hobana (1931-2011) was a Romanian science fiction writer,
[27 Mayıs 2014 Salı] [19:53:02] Günün Mesajı	- literary critic and ufologist. Ion Hobana is a literary
[27 Mayıs 2014 Salı] [19:53:02] Günün Mesajı	- pseudonym, the writer's real name being Aurelian Manta Rosie.
[27 Mayıs 2014 Salı] [19:53:02] Günün Mesajı	-  
[27 Mayıs 2014 Salı] [19:53:02] Günün Mesajı	- Welcome to freenode - supporting the free and open source
[27 Mayıs 2014 Salı] [19:53:02] Günün Mesajı	- software communities since 1998.
[27 Mayıs 2014 Salı] [19:53:02] Günün Mesajı	-  
[27 Mayıs 2014 Salı] [19:53:02] Günün Mesajı	- By connecting to freenode you indicate that you have read and
[27 Mayıs 2014 Salı] [19:53:02] Günün Mesajı	- accept our policies as set out on http://www.freenode.net
[27 Mayıs 2014 Salı] [19:53:02] Günün Mesajı	- freenode runs an open proxy scanner. Please join #freenode for
[27 Mayıs 2014 Salı] [19:53:02] Günün Mesajı	- any network-related questions or queries, where a number of
[27 Mayıs 2014 Salı] [19:53:02] Günün Mesajı	- volunteer staff and helpful users will be happy to assist you.
[27 Mayıs 2014 Salı] [19:53:02] Günün Mesajı	-  
[27 Mayıs 2014 Salı] [19:53:02] Günün Mesajı	- You can meet us at FOSSCON (http://www.fosscon.org) where we get
[27 Mayıs 2014 Salı] [19:53:02] Günün Mesajı	- together with like-minded FOSS enthusiasts for talks and
[27 Mayıs 2014 Salı] [19:53:02] Günün Mesajı	- real-life collaboration.
[27 Mayıs 2014 Salı] [19:53:02] Günün Mesajı	-  
[27 Mayıs 2014 Salı] [19:53:02] Günün Mesajı	- We would like to thank Private Internet Access
[27 Mayıs 2014 Salı] [19:53:02] Günün Mesajı	- (https://www.privateinternetaccess.com/) and the other
[27 Mayıs 2014 Salı] [19:53:02] Günün Mesajı	- organisations that help keep freenode and our other projects
[27 Mayıs 2014 Salı] [19:53:02] Günün Mesajı	- running for their sustained support.
[27 Mayıs 2014 Salı] [19:53:02] Günün Mesajı	-  
[27 Mayıs 2014 Salı] [19:53:02] Günün Mesajı	- In particular we would like to thank the sponsor
[27 Mayıs 2014 Salı] [19:53:02] Günün Mesajı	- of this server, details of which can be found above.
[27 Mayıs 2014 Salı] [19:53:02] Günün Mesajı	-  
[27 Mayıs 2014 Salı] [19:53:02] Günün Mesajı	- ***************************************************************
[27 Mayıs 2014 Salı] [19:53:02] Günün Mesajı	- Please read http://blog.freenode.net/2010/11/be-safe-out-there/
[27 Mayıs 2014 Salı] [19:53:02] Günün Mesajı	- ***************************************************************
[27 Mayıs 2014 Salı] [19:53:02] Günün Mesajı	Günün mesajının sonu
[27 Mayıs 2014 Salı] [19:53:02] Kip	Ayarladığınız kişisel kipler: +i
[27 Mayıs 2014 Salı] [19:53:08] Duyuru	-ChanServ- [#pisi-devel] merhaba - hi!
[27 Mayıs 2014 Salı] [21:30:01] Bilgi	Disconnected from chat.freenode.net (port 8001).

*** Günlük dosyası
*** Çar May 28 12:13:45 2014 zamanında başladı

[28 Mayıs 2014 Çarşamba] [12:13:45] Bilgi	Looking for server chat.freenode.net (port 8001)...
[28 Mayıs 2014 Çarşamba] [12:13:45] Bilgi	Sunucu bulundu, bağlanılıyor...
[28 Mayıs 2014 Çarşamba] [12:13:45] Duyuru	-orwell.freenode.net- *** Looking up your hostname...
[28 Mayıs 2014 Çarşamba] [12:13:46] Duyuru	-orwell.freenode.net- *** Checking Ident
[28 Mayıs 2014 Çarşamba] [12:13:46] Duyuru	-orwell.freenode.net- *** Couldn't look up your hostname
[28 Mayıs 2014 Çarşamba] [12:13:53] Duyuru	-orwell.freenode.net- *** No Ident response
[28 Mayıs 2014 Çarşamba] [12:13:53] Hoş Geldiniz	Welcome to the freenode Internet Relay Chat Network vedat
[28 Mayıs 2014 Çarşamba] [12:13:53] Hoş Geldiniz	Your host is orwell.freenode.net[185.30.166.38/8001], running version ircd-seven-1.1.3
[28 Mayıs 2014 Çarşamba] [12:13:53] Hoş Geldiniz	This server was created Sat Feb 22 2014 at 16:03:54 BRT
[28 Mayıs 2014 Çarşamba] [12:13:53] Hoş Geldiniz	Sunucu orwell.freenode.net (Sürüm ircd-seven-1.1.3), Kullanıcı kipleri: DOQRSZaghilopswz, kanal kipleri: CFILMPQSbcefgijklmnopqrstvz
[28 Mayıs 2014 Çarşamba] [12:13:53] Destek	vedat CHANTYPES=# EXCEPTS INVEX CHANMODES=eIbq,k,flj,CFLMPQScgimnprstz CHANLIMIT=#:120 PREFIX=(ov)@+ MAXLIST=bqeI:100 MODES=4 NETWORK=freenode KNOCK STATUSMSG=@+ CALLERID=g are supported by this server
[28 Mayıs 2014 Çarşamba] [12:13:53] Destek	vedat CASEMAPPING=rfc1459 CHARSET=ascii NICKLEN=16 CHANNELLEN=50 TOPICLEN=390 ETRACE CPRIVMSG CNOTICE DEAF=D MONITOR=100 FNC TARGMAX=NAMES:1,LIST:1,KICK:1,WHOIS:1,PRIVMSG:4,NOTICE:4,ACCEPT:,MONITOR: are supported by this server
[28 Mayıs 2014 Çarşamba] [12:13:53] Destek	vedat EXTBAN=$,arxz WHOX CLIENTVER=3.0 SAFELIST ELIST=CTU are supported by this server
[28 Mayıs 2014 Çarşamba] [12:13:53] Kullanıcılar	There are 186 users and 89273 invisible on 27 servers
[28 Mayıs 2014 Çarşamba] [12:13:53] Kullanıcılar	30 IRC Operators online
[28 Mayıs 2014 Çarşamba] [12:13:53] Kullanıcılar	7 unknown connection(s)
[28 Mayıs 2014 Çarşamba] [12:13:53] Kullanıcılar	49900 channels formed
[28 Mayıs 2014 Çarşamba] [12:13:53] Kullanıcılar	I have 7666 clients and 1 servers
[28 Mayıs 2014 Çarşamba] [12:13:53] Kullanıcılar	orwell.freenode.net üzerindeki kullanıcılar: 7666, max 9802.
[28 Mayıs 2014 Çarşamba] [12:13:53] Kullanıcılar	Ağdaki kullanıcılar: 89459, max 98407
[28 Mayıs 2014 Çarşamba] [12:13:53] Kullanıcılar	Highest connection count: 9803 (9802 clients) (1129799 connections received)
[28 Mayıs 2014 Çarşamba] [12:13:53] Günün Mesajı	Günün mesajı:
[28 Mayıs 2014 Çarşamba] [12:13:53] Günün Mesajı	- Welcome to orwell.freenode.net in Amsterdam, NL.
[28 Mayıs 2014 Çarşamba] [12:13:53] Günün Mesajı	- Thanks to http://www.hyperfilter.com/ for sponsoring
[28 Mayıs 2014 Çarşamba] [12:13:53] Günün Mesajı	- this server!
[28 Mayıs 2014 Çarşamba] [12:13:53] Günün Mesajı	-  
[28 Mayıs 2014 Çarşamba] [12:13:53] Günün Mesajı	- ORWELL, GEORGE [1903 - 1950] Born in India, his mother
[28 Mayıs 2014 Çarşamba] [12:13:54] Günün Mesajı	- moved him to England when he was one year old, and it
[28 Mayıs 2014 Çarşamba] [12:13:54] Günün Mesajı	- was in England where he was educated and spent most of
[28 Mayıs 2014 Çarşamba] [12:13:54] Günün Mesajı	- his life.  Orwell is perhaps best known for his novels
[28 Mayıs 2014 Çarşamba] [12:13:54] Günün Mesajı	- Nineteen Eighty-Four and Animal Farm.
[28 Mayıs 2014 Çarşamba] [12:13:54] Günün Mesajı	-  
[28 Mayıs 2014 Çarşamba] [12:13:54] Günün Mesajı	-  
[28 Mayıs 2014 Çarşamba] [12:13:54] Günün Mesajı	- Welcome to freenode - supporting the free and open source
[28 Mayıs 2014 Çarşamba] [12:13:54] Günün Mesajı	- software communities since 1998.
[28 Mayıs 2014 Çarşamba] [12:13:54] Günün Mesajı	-  
[28 Mayıs 2014 Çarşamba] [12:13:54] Günün Mesajı	- By connecting to freenode you indicate that you have read and
[28 Mayıs 2014 Çarşamba] [12:13:54] Günün Mesajı	- accept our policies as set out on http://www.freenode.net
[28 Mayıs 2014 Çarşamba] [12:13:54] Günün Mesajı	- freenode runs an open proxy scanner. Please join #freenode for
[28 Mayıs 2014 Çarşamba] [12:13:54] Günün Mesajı	- any network-related questions or queries, where a number of
[28 Mayıs 2014 Çarşamba] [12:13:54] Günün Mesajı	- volunteer staff and helpful users will be happy to assist you.
[28 Mayıs 2014 Çarşamba] [12:13:54] Günün Mesajı	-  
[28 Mayıs 2014 Çarşamba] [12:13:54] Günün Mesajı	- You can meet us at FOSSCON (http://www.fosscon.org) where we get
[28 Mayıs 2014 Çarşamba] [12:13:54] Günün Mesajı	- together with like-minded FOSS enthusiasts for talks and
[28 Mayıs 2014 Çarşamba] [12:13:54] Günün Mesajı	- real-life collaboration.
[28 Mayıs 2014 Çarşamba] [12:13:54] Günün Mesajı	-  
[28 Mayıs 2014 Çarşamba] [12:13:54] Günün Mesajı	- We would like to thank Private Internet Access
[28 Mayıs 2014 Çarşamba] [12:13:54] Günün Mesajı	- (https://www.privateinternetaccess.com/) and the other
[28 Mayıs 2014 Çarşamba] [12:13:54] Günün Mesajı	- organisations that help keep freenode and our other projects
[28 Mayıs 2014 Çarşamba] [12:13:54] Günün Mesajı	- running for their sustained support.
[28 Mayıs 2014 Çarşamba] [12:13:54] Günün Mesajı	-  
[28 Mayıs 2014 Çarşamba] [12:13:54] Günün Mesajı	- In particular we would like to thank the sponsor
[28 Mayıs 2014 Çarşamba] [12:13:54] Günün Mesajı	- of this server, details of which can be found above.
[28 Mayıs 2014 Çarşamba] [12:13:54] Günün Mesajı	-  
[28 Mayıs 2014 Çarşamba] [12:13:54] Günün Mesajı	- ***************************************************************
[28 Mayıs 2014 Çarşamba] [12:13:54] Günün Mesajı	- Please read http://blog.freenode.net/2010/11/be-safe-out-there/
[28 Mayıs 2014 Çarşamba] [12:13:54] Günün Mesajı	- ***************************************************************
[28 Mayıs 2014 Çarşamba] [12:13:54] Günün Mesajı	Günün mesajının sonu
[28 Mayıs 2014 Çarşamba] [12:13:54] Kip	Ayarladığınız kişisel kipler: +i
[28 Mayıs 2014 Çarşamba] [12:14:00] Duyuru	-ChanServ- [#pisi-devel] merhaba - hi!
[28 Mayıs 2014 Çarşamba] [12:19:27] Bilgi	Disconnected from chat.freenode.net (port 8001).

*** Günlük dosyası
*** Çar May 28 18:15:29 2014 zamanında başladı

[28 Mayıs 2014 Çarşamba] [18:15:29] Bilgi	Looking for server chat.freenode.net (port 8001)...
[28 Mayıs 2014 Çarşamba] [18:15:29] Bilgi	Sunucu bulundu, bağlanılıyor...
[28 Mayıs 2014 Çarşamba] [18:15:29] Duyuru	-card.freenode.net- *** Looking up your hostname...
[28 Mayıs 2014 Çarşamba] [18:15:29] Duyuru	-card.freenode.net- *** Checking Ident
[28 Mayıs 2014 Çarşamba] [18:15:30] Duyuru	-card.freenode.net- *** Couldn't look up your hostname
[28 Mayıs 2014 Çarşamba] [18:15:38] Duyuru	-card.freenode.net- *** No Ident response
[28 Mayıs 2014 Çarşamba] [18:15:38] Hoş Geldiniz	Welcome to the freenode Internet Relay Chat Network vedat
[28 Mayıs 2014 Çarşamba] [18:15:38] Hoş Geldiniz	Your host is card.freenode.net[38.229.70.20/8001], running version ircd-seven-1.1.3
[28 Mayıs 2014 Çarşamba] [18:15:38] Hoş Geldiniz	This server was created Mon Dec 31 2012 at 21:37:49 UTC
[28 Mayıs 2014 Çarşamba] [18:15:38] Hoş Geldiniz	Sunucu card.freenode.net (Sürüm ircd-seven-1.1.3), Kullanıcı kipleri: DOQRSZaghilopswz, kanal kipleri: CFILMPQSbcefgijklmnopqrstvz
[28 Mayıs 2014 Çarşamba] [18:15:38] Destek	vedat CHANTYPES=# EXCEPTS INVEX CHANMODES=eIbq,k,flj,CFLMPQScgimnprstz CHANLIMIT=#:120 PREFIX=(ov)@+ MAXLIST=bqeI:100 MODES=4 NETWORK=freenode KNOCK STATUSMSG=@+ CALLERID=g are supported by this server
[28 Mayıs 2014 Çarşamba] [18:15:38] Destek	vedat CASEMAPPING=rfc1459 CHARSET=ascii NICKLEN=16 CHANNELLEN=50 TOPICLEN=390 ETRACE CPRIVMSG CNOTICE DEAF=D MONITOR=100 FNC TARGMAX=NAMES:1,LIST:1,KICK:1,WHOIS:1,PRIVMSG:4,NOTICE:4,ACCEPT:,MONITOR: are supported by this server
[28 Mayıs 2014 Çarşamba] [18:15:38] Destek	vedat EXTBAN=$,arxz WHOX CLIENTVER=3.0 SAFELIST ELIST=CTU are supported by this server
[28 Mayıs 2014 Çarşamba] [18:15:38] Kullanıcılar	There are 193 users and 96283 invisible on 27 servers
[28 Mayıs 2014 Çarşamba] [18:15:38] Kullanıcılar	30 IRC Operators online
[28 Mayıs 2014 Çarşamba] [18:15:38] Kullanıcılar	20 unknown connection(s)
[28 Mayıs 2014 Çarşamba] [18:15:38] Kullanıcılar	50568 channels formed
[28 Mayıs 2014 Çarşamba] [18:15:38] Kullanıcılar	I have 4540 clients and 2 servers
[28 Mayıs 2014 Çarşamba] [18:15:38] Kullanıcılar	card.freenode.net üzerindeki kullanıcılar: 4540, max 7005.
[28 Mayıs 2014 Çarşamba] [18:15:38] Kullanıcılar	Ağdaki kullanıcılar: 96476, max 98373
[28 Mayıs 2014 Çarşamba] [18:15:38] Kullanıcılar	Highest connection count: 7006 (7005 clients) (355923 connections received)
[28 Mayıs 2014 Çarşamba] [18:15:38] Günün Mesajı	Günün mesajı:
[28 Mayıs 2014 Çarşamba] [18:15:38] Günün Mesajı	-  
[28 Mayıs 2014 Çarşamba] [18:15:38] Günün Mesajı	- Welcome to card.freenode.net in Washington, DC, US, kindly sponsored by
[28 Mayıs 2014 Çarşamba] [18:15:38] Günün Mesajı	- Team Cymru (http://www.team-cymru.org).
[28 Mayıs 2014 Çarşamba] [18:15:38] Günün Mesajı	-  
[28 Mayıs 2014 Çarşamba] [18:15:38] Günün Mesajı	- CARD, ORSON SCOTT [1951-].  Born in Richland, Washington, Card grew up in
[28 Mayıs 2014 Çarşamba] [18:15:38] Günün Mesajı	- California, Arizona, and Utah.  He lived in Brazil for two years as an
[28 Mayıs 2014 Çarşamba] [18:15:38] Günün Mesajı	- unpaid missionary for the Mormon Church.  Author of the Ender and Alvin
[28 Mayıs 2014 Çarşamba] [18:15:39] Günün Mesajı	- Maker books, Card's science fiction and fantasy work is strongly influenced
[28 Mayıs 2014 Çarşamba] [18:15:39] Günün Mesajı	- by his Mormon cultural background.  The first author to win the Hugo and
[28 Mayıs 2014 Çarşamba] [18:15:39] Günün Mesajı	- Nebula novel awards two years in a row, Card currently lives in Greensboro,
[28 Mayıs 2014 Çarşamba] [18:15:39] Günün Mesajı	- North Carolina, US.
[28 Mayıs 2014 Çarşamba] [18:15:39] Günün Mesajı	-  
[28 Mayıs 2014 Çarşamba] [18:15:39] Günün Mesajı	-  
[28 Mayıs 2014 Çarşamba] [18:15:39] Günün Mesajı	- Welcome to freenode - supporting the free and open source
[28 Mayıs 2014 Çarşamba] [18:15:39] Günün Mesajı	- software communities since 1998.
[28 Mayıs 2014 Çarşamba] [18:15:39] Günün Mesajı	-  
[28 Mayıs 2014 Çarşamba] [18:15:39] Günün Mesajı	- By connecting to freenode you indicate that you have read and
[28 Mayıs 2014 Çarşamba] [18:15:39] Günün Mesajı	- accept our policies as set out on http://www.freenode.net
[28 Mayıs 2014 Çarşamba] [18:15:39] Günün Mesajı	- freenode runs an open proxy scanner. Please join #freenode for
[28 Mayıs 2014 Çarşamba] [18:15:39] Günün Mesajı	- any network-related questions or queries, where a number of
[28 Mayıs 2014 Çarşamba] [18:15:39] Günün Mesajı	- volunteer staff and helpful users will be happy to assist you.
[28 Mayıs 2014 Çarşamba] [18:15:39] Günün Mesajı	-  
[28 Mayıs 2014 Çarşamba] [18:15:39] Günün Mesajı	- You can meet us at FOSSCON (http://www.fosscon.org) where we get
[28 Mayıs 2014 Çarşamba] [18:15:39] Günün Mesajı	- together with like-minded FOSS enthusiasts for talks and
[28 Mayıs 2014 Çarşamba] [18:15:39] Günün Mesajı	- real-life collaboration.
[28 Mayıs 2014 Çarşamba] [18:15:39] Günün Mesajı	-  
[28 Mayıs 2014 Çarşamba] [18:15:39] Günün Mesajı	- We would like to thank Private Internet Access
[28 Mayıs 2014 Çarşamba] [18:15:39] Günün Mesajı	- (https://www.privateinternetaccess.com/) and the other
[28 Mayıs 2014 Çarşamba] [18:15:39] Günün Mesajı	- organisations that help keep freenode and our other projects
[28 Mayıs 2014 Çarşamba] [18:15:39] Günün Mesajı	- running for their sustained support.
[28 Mayıs 2014 Çarşamba] [18:15:39] Günün Mesajı	-  
[28 Mayıs 2014 Çarşamba] [18:15:39] Günün Mesajı	- In particular we would like to thank the sponsor
[28 Mayıs 2014 Çarşamba] [18:15:39] Günün Mesajı	- of this server, details of which can be found above.
[28 Mayıs 2014 Çarşamba] [18:15:39] Günün Mesajı	-  
[28 Mayıs 2014 Çarşamba] [18:15:39] Günün Mesajı	- ***************************************************************
[28 Mayıs 2014 Çarşamba] [18:15:39] Günün Mesajı	- Please read http://blog.freenode.net/2010/11/be-safe-out-there/
[28 Mayıs 2014 Çarşamba] [18:15:39] Günün Mesajı	- ***************************************************************
[28 Mayıs 2014 Çarşamba] [18:15:39] Günün Mesajı	Günün mesajının sonu
[28 Mayıs 2014 Çarşamba] [18:15:39] Kip	Ayarladığınız kişisel kipler: +i
[28 Mayıs 2014 Çarşamba] [18:15:44] Duyuru	-ChanServ- [#pisi-devel] merhaba - hi!
[28 Mayıs 2014 Çarşamba] [19:37:16] Hata	Connection to server chat.freenode.net (port 8001) lost: Bilinmeyen hata.
[28 Mayıs 2014 Çarşamba] [19:37:16] Bilgi	Trying to connect to #pisi-devel (port 6667) in 10 seconds.
[28 Mayıs 2014 Çarşamba] [19:37:26] Bilgi	Looking for server #pisi-devel (port 6667)...
[28 Mayıs 2014 Çarşamba] [19:37:26] Hata	Connection to server #pisi-devel (port 6667) lost: Bilinmeyen hata.
[28 Mayıs 2014 Çarşamba] [19:37:26] Bilgi	Trying to connect to chat.freenode.net (port 8001) in 10 seconds.
[28 Mayıs 2014 Çarşamba] [19:37:36] Bilgi	Looking for server chat.freenode.net (port 8001)...
[28 Mayıs 2014 Çarşamba] [19:37:41] Bilgi	Sunucu bulundu, bağlanılıyor...
[28 Mayıs 2014 Çarşamba] [19:37:41] Duyuru	-barjavel.freenode.net- *** Looking up your hostname...
[28 Mayıs 2014 Çarşamba] [19:37:41] Duyuru	-barjavel.freenode.net- *** Checking Ident
[28 Mayıs 2014 Çarşamba] [19:37:41] Duyuru	-barjavel.freenode.net- *** Couldn't look up your hostname
[28 Mayıs 2014 Çarşamba] [19:37:50] Duyuru	-barjavel.freenode.net- *** No Ident response
[28 Mayıs 2014 Çarşamba] [19:37:52] Hoş Geldiniz	Welcome to the freenode Internet Relay Chat Network vedat_
[28 Mayıs 2014 Çarşamba] [19:37:52] Hoş Geldiniz	Your host is barjavel.freenode.net[78.40.125.4/8001], running version ircd-seven-1.1.3
[28 Mayıs 2014 Çarşamba] [19:37:52] Hoş Geldiniz	This server was created Mon Dec 31 2012 at 22:37:42 CET
[28 Mayıs 2014 Çarşamba] [19:37:52] Hoş Geldiniz	Sunucu barjavel.freenode.net (Sürüm ircd-seven-1.1.3), Kullanıcı kipleri: DOQRSZaghilopswz, kanal kipleri: CFILMPQSbcefgijklmnopqrstvz
[28 Mayıs 2014 Çarşamba] [19:37:52] Destek	vedat_ CHANTYPES=# EXCEPTS INVEX CHANMODES=eIbq,k,flj,CFLMPQScgimnprstz CHANLIMIT=#:120 PREFIX=(ov)@+ MAXLIST=bqeI:100 MODES=4 NETWORK=freenode KNOCK STATUSMSG=@+ CALLERID=g are supported by this server
[28 Mayıs 2014 Çarşamba] [19:37:52] Destek	vedat_ CASEMAPPING=rfc1459 CHARSET=ascii NICKLEN=16 CHANNELLEN=50 TOPICLEN=390 ETRACE CPRIVMSG CNOTICE DEAF=D MONITOR=100 FNC TARGMAX=NAMES:1,LIST:1,KICK:1,WHOIS:1,PRIVMSG:4,NOTICE:4,ACCEPT:,MONITOR: are supported by this server
[28 Mayıs 2014 Çarşamba] [19:37:52] Destek	vedat_ EXTBAN=$,arxz WHOX CLIENTVER=3.0 SAFELIST ELIST=CTU are supported by this server
[28 Mayıs 2014 Çarşamba] [19:37:52] Kullanıcılar	There are 194 users and 95534 invisible on 27 servers
[28 Mayıs 2014 Çarşamba] [19:37:52] Kullanıcılar	30 IRC Operators online
[28 Mayıs 2014 Çarşamba] [19:37:52] Kullanıcılar	14 unknown connection(s)
[28 Mayıs 2014 Çarşamba] [19:37:52] Kullanıcılar	50626 channels formed
[28 Mayıs 2014 Çarşamba] [19:37:52] Kullanıcılar	I have 5900 clients and 1 servers
[28 Mayıs 2014 Çarşamba] [19:37:52] Kullanıcılar	barjavel.freenode.net üzerindeki kullanıcılar: 5900, max 12000.
[28 Mayıs 2014 Çarşamba] [19:37:52] Kullanıcılar	Ağdaki kullanıcılar: 95728, max 99164
[28 Mayıs 2014 Çarşamba] [19:37:52] Kullanıcılar	Highest connection count: 12001 (12000 clients) (1537833 connections received)
[28 Mayıs 2014 Çarşamba] [19:37:52] Günün Mesajı	Günün mesajı:
[28 Mayıs 2014 Çarşamba] [19:37:52] Günün Mesajı	- Welcome to barjavel.freenode.net in Paris, FR, EU. 
[28 Mayıs 2014 Çarşamba] [19:37:52] Günün Mesajı	- Thanks to Bearstech (www.bearstech.com) for sponsoring
[28 Mayıs 2014 Çarşamba] [19:37:52] Günün Mesajı	- this server!
[28 Mayıs 2014 Çarşamba] [19:37:52] Günün Mesajı	-  
[28 Mayıs 2014 Çarşamba] [19:37:52] Günün Mesajı	- BARJAVEL, RENE [1911-1985].  Born in Nyons, he was a
[28 Mayıs 2014 Çarşamba] [19:37:52] Günün Mesajı	- science-fiction author, a journalist and a critic. He is
[28 Mayıs 2014 Çarşamba] [19:37:52] Günün Mesajı	- credited with having written the first novel to introduce 
[28 Mayıs 2014 Çarşamba] [19:37:52] Günün Mesajı	- the Grandfather Paradox in time travel, in his 1943 work 
[28 Mayıs 2014 Çarşamba] [19:37:52] Günün Mesajı	- 'Le Voyageur imprudent'.
[28 Mayıs 2014 Çarşamba] [19:37:52] Günün Mesajı	-  
[28 Mayıs 2014 Çarşamba] [19:37:52] Günün Mesajı	- Welcome to freenode - supporting the free and open source
[28 Mayıs 2014 Çarşamba] [19:37:52] Günün Mesajı	- software communities since 1998.
[28 Mayıs 2014 Çarşamba] [19:37:52] Günün Mesajı	-  
[28 Mayıs 2014 Çarşamba] [19:37:52] Günün Mesajı	- By connecting to freenode you indicate that you have read and
[28 Mayıs 2014 Çarşamba] [19:37:52] Günün Mesajı	- accept our policies as set out on http://www.freenode.net
[28 Mayıs 2014 Çarşamba] [19:37:52] Günün Mesajı	- freenode runs an open proxy scanner. Please join #freenode for
[28 Mayıs 2014 Çarşamba] [19:37:52] Günün Mesajı	- any network-related questions or queries, where a number of
[28 Mayıs 2014 Çarşamba] [19:37:52] Günün Mesajı	- volunteer staff and helpful users will be happy to assist you.
[28 Mayıs 2014 Çarşamba] [19:37:52] Günün Mesajı	-  
[28 Mayıs 2014 Çarşamba] [19:37:52] Günün Mesajı	- You can meet us at FOSSCON (http://www.fosscon.org) where we get
[28 Mayıs 2014 Çarşamba] [19:37:52] Günün Mesajı	- together with like-minded FOSS enthusiasts for talks and
[28 Mayıs 2014 Çarşamba] [19:37:52] Günün Mesajı	- real-life collaboration.
[28 Mayıs 2014 Çarşamba] [19:37:52] Günün Mesajı	-  
[28 Mayıs 2014 Çarşamba] [19:37:52] Günün Mesajı	- We would like to thank Private Internet Access
[28 Mayıs 2014 Çarşamba] [19:37:52] Günün Mesajı	- (https://www.privateinternetaccess.com/) and the other
[28 Mayıs 2014 Çarşamba] [19:37:52] Günün Mesajı	- organisations that help keep freenode and our other projects
[28 Mayıs 2014 Çarşamba] [19:37:52] Günün Mesajı	- running for their sustained support.
[28 Mayıs 2014 Çarşamba] [19:37:52] Günün Mesajı	-  
[28 Mayıs 2014 Çarşamba] [19:37:52] Günün Mesajı	- In particular we would like to thank the sponsor
[28 Mayıs 2014 Çarşamba] [19:37:52] Günün Mesajı	- of this server, details of which can be found above.
[28 Mayıs 2014 Çarşamba] [19:37:52] Günün Mesajı	-  
[28 Mayıs 2014 Çarşamba] [19:37:52] Günün Mesajı	- ***************************************************************
[28 Mayıs 2014 Çarşamba] [19:37:52] Günün Mesajı	- Please read http://blog.freenode.net/2010/11/be-safe-out-there/
[28 Mayıs 2014 Çarşamba] [19:37:52] Günün Mesajı	- ***************************************************************
[28 Mayıs 2014 Çarşamba] [19:37:52] Günün Mesajı	Günün mesajının sonu
[28 Mayıs 2014 Çarşamba] [19:37:52] Kip	Ayarladığınız kişisel kipler: +i
[28 Mayıs 2014 Çarşamba] [19:37:58] Duyuru	-barjavel.freenode.net- [freenode-info] help freenode weed out clonebots -- please register your IRC nick and auto-identify: http://freenode.net/faq.shtml#nicksetup
[29 Mayıs 2014 Perşembe] [00:22:59] Bilgi	Disconnected from chat.freenode.net (port 8001).

*** Günlük dosyası
*** Per May 29 16:45:24 2014 zamanında başladı

[29 Mayıs 2014 Perşembe] [16:45:24] Bilgi	Looking for server chat.freenode.net (port 8001)...
[29 Mayıs 2014 Perşembe] [16:45:24] Bilgi	Sunucu bulundu, bağlanılıyor...
[29 Mayıs 2014 Perşembe] [16:45:24] Duyuru	-asimov.freenode.net- *** Looking up your hostname...
[29 Mayıs 2014 Perşembe] [16:45:24] Duyuru	-asimov.freenode.net- *** Checking Ident
[29 Mayıs 2014 Perşembe] [16:45:25] Duyuru	-asimov.freenode.net- *** Couldn't look up your hostname
[29 Mayıs 2014 Perşembe] [16:45:33] Duyuru	-asimov.freenode.net- *** No Ident response
[29 Mayıs 2014 Perşembe] [16:45:33] Hoş Geldiniz	Welcome to the freenode Internet Relay Chat Network vedat
[29 Mayıs 2014 Perşembe] [16:45:33] Hoş Geldiniz	Your host is asimov.freenode.net[174.143.119.91/8001], running version ircd-seven-1.1.3
[29 Mayıs 2014 Perşembe] [16:45:33] Hoş Geldiniz	This server was created Mon Dec 31 2012 at 21:37:02 UTC
[29 Mayıs 2014 Perşembe] [16:45:33] Hoş Geldiniz	Sunucu asimov.freenode.net (Sürüm ircd-seven-1.1.3), Kullanıcı kipleri: DOQRSZaghilopswz, kanal kipleri: CFILMPQSbcefgijklmnopqrstvz
[29 Mayıs 2014 Perşembe] [16:45:33] Destek	vedat CHANTYPES=# EXCEPTS INVEX CHANMODES=eIbq,k,flj,CFLMPQScgimnprstz CHANLIMIT=#:120 PREFIX=(ov)@+ MAXLIST=bqeI:100 MODES=4 NETWORK=freenode KNOCK STATUSMSG=@+ CALLERID=g are supported by this server
[29 Mayıs 2014 Perşembe] [16:45:33] Destek	vedat CASEMAPPING=rfc1459 CHARSET=ascii NICKLEN=16 CHANNELLEN=50 TOPICLEN=390 ETRACE CPRIVMSG CNOTICE DEAF=D MONITOR=100 FNC TARGMAX=NAMES:1,LIST:1,KICK:1,WHOIS:1,PRIVMSG:4,NOTICE:4,ACCEPT:,MONITOR: are supported by this server
[29 Mayıs 2014 Perşembe] [16:45:33] Destek	vedat EXTBAN=$,arxz WHOX CLIENTVER=3.0 SAFELIST ELIST=CTU are supported by this server
[29 Mayıs 2014 Perşembe] [16:45:33] Kullanıcılar	There are 189 users and 92406 invisible on 27 servers
[29 Mayıs 2014 Perşembe] [16:45:33] Kullanıcılar	30 IRC Operators online
[29 Mayıs 2014 Perşembe] [16:45:33] Kullanıcılar	17 unknown connection(s)
[29 Mayıs 2014 Perşembe] [16:45:33] Kullanıcılar	50301 channels formed
[29 Mayıs 2014 Perşembe] [16:45:33] Kullanıcılar	I have 9235 clients and 1 servers
[29 Mayıs 2014 Perşembe] [16:45:33] Kullanıcılar	asimov.freenode.net üzerindeki kullanıcılar: 9235, max 12000.
[29 Mayıs 2014 Perşembe] [16:45:33] Kullanıcılar	Ağdaki kullanıcılar: 92595, max 98406
[29 Mayıs 2014 Perşembe] [16:45:33] Kullanıcılar	Highest connection count: 12001 (12000 clients) (974209 connections received)
[29 Mayıs 2014 Perşembe] [16:45:33] Günün Mesajı	Günün mesajı:
[29 Mayıs 2014 Perşembe] [16:45:33] Günün Mesajı	- Welcome to asimov.freenode.net in TX, USA!  Thanks to
[29 Mayıs 2014 Perşembe] [16:45:33] Günün Mesajı	- Rackspace (www.rackspace.com) for sponsoring
[29 Mayıs 2014 Perşembe] [16:45:33] Günün Mesajı	- this server!
[29 Mayıs 2014 Perşembe] [16:45:33] Günün Mesajı	-  
[29 Mayıs 2014 Perşembe] [16:45:33] Günün Mesajı	- ASIMOV, ISAAC [1920-1992].  One of the brightest stars of the
[29 Mayıs 2014 Perşembe] [16:45:33] Günün Mesajı	- science fiction universe.  Author of I Robot, the
[29 Mayıs 2014 Perşembe] [16:45:33] Günün Mesajı	- Foundation series (which "grew like Topsy"), Pebble in the
[29 Mayıs 2014 Perşembe] [16:45:33] Günün Mesajı	- Sky and hundreds of works of science fact and science
[29 Mayıs 2014 Perşembe] [16:45:33] Günün Mesajı	- fiction.
[29 Mayıs 2014 Perşembe] [16:45:33] Günün Mesajı	-  
[29 Mayıs 2014 Perşembe] [16:45:33] Günün Mesajı	- Welcome to freenode - supporting the free and open source
[29 Mayıs 2014 Perşembe] [16:45:33] Günün Mesajı	- software communities since 1998.
[29 Mayıs 2014 Perşembe] [16:45:33] Günün Mesajı	-  
[29 Mayıs 2014 Perşembe] [16:45:33] Günün Mesajı	- By connecting to freenode you indicate that you have read and
[29 Mayıs 2014 Perşembe] [16:45:33] Günün Mesajı	- accept our policies as set out on http://www.freenode.net
[29 Mayıs 2014 Perşembe] [16:45:33] Günün Mesajı	- freenode runs an open proxy scanner. Please join #freenode for
[29 Mayıs 2014 Perşembe] [16:45:33] Günün Mesajı	- any network-related questions or queries, where a number of
[29 Mayıs 2014 Perşembe] [16:45:33] Günün Mesajı	- volunteer staff and helpful users will be happy to assist you.
[29 Mayıs 2014 Perşembe] [16:45:33] Günün Mesajı	-  
[29 Mayıs 2014 Perşembe] [16:45:33] Günün Mesajı	- You can meet us at FOSSCON (http://www.fosscon.org) where we get
[29 Mayıs 2014 Perşembe] [16:45:33] Günün Mesajı	- together with like-minded FOSS enthusiasts for talks and
[29 Mayıs 2014 Perşembe] [16:45:33] Günün Mesajı	- real-life collaboration.
[29 Mayıs 2014 Perşembe] [16:45:33] Günün Mesajı	-  
[29 Mayıs 2014 Perşembe] [16:45:33] Günün Mesajı	- We would like to thank Private Internet Access
[29 Mayıs 2014 Perşembe] [16:45:33] Günün Mesajı	- (https://www.privateinternetaccess.com/) and the other
[29 Mayıs 2014 Perşembe] [16:45:33] Günün Mesajı	- organisations that help keep freenode and our other projects
[29 Mayıs 2014 Perşembe] [16:45:33] Günün Mesajı	- running for their sustained support.
[29 Mayıs 2014 Perşembe] [16:45:34] Günün Mesajı	-  
[29 Mayıs 2014 Perşembe] [16:45:34] Günün Mesajı	- In particular we would like to thank the sponsor
[29 Mayıs 2014 Perşembe] [16:45:34] Günün Mesajı	- of this server, details of which can be found above.
[29 Mayıs 2014 Perşembe] [16:45:34] Günün Mesajı	-  
[29 Mayıs 2014 Perşembe] [16:45:34] Günün Mesajı	- ***************************************************************
[29 Mayıs 2014 Perşembe] [16:45:34] Günün Mesajı	- Please read http://blog.freenode.net/2010/11/be-safe-out-there/
[29 Mayıs 2014 Perşembe] [16:45:34] Günün Mesajı	- ***************************************************************
[29 Mayıs 2014 Perşembe] [16:45:34] Günün Mesajı	Günün mesajının sonu
[29 Mayıs 2014 Perşembe] [16:45:34] Kip	Ayarladığınız kişisel kipler: +i
[29 Mayıs 2014 Perşembe] [16:45:40] Duyuru	-ChanServ- [#pisi-devel] merhaba - hi!
[29 Mayıs 2014 Perşembe] [16:46:32] Bilgi	Disconnected from chat.freenode.net (port 8001).

*** Günlük dosyası
*** Per May 29 20:42:44 2014 zamanında başladı

[29 Mayıs 2014 Perşembe] [20:42:44] Bilgi	Looking for server chat.freenode.net (port 8001)...
[29 Mayıs 2014 Perşembe] [20:42:44] Bilgi	Sunucu bulundu, bağlanılıyor...
[29 Mayıs 2014 Perşembe] [20:42:45] Duyuru	-leguin.freenode.net- *** Looking up your hostname...
[29 Mayıs 2014 Perşembe] [20:42:45] Duyuru	-leguin.freenode.net- *** Checking Ident
[29 Mayıs 2014 Perşembe] [20:42:45] Duyuru	-leguin.freenode.net- *** Couldn't look up your hostname
[29 Mayıs 2014 Perşembe] [20:42:54] Duyuru	-leguin.freenode.net- *** No Ident response
[29 Mayıs 2014 Perşembe] [20:42:54] Hoş Geldiniz	Welcome to the freenode Internet Relay Chat Network vedat
[29 Mayıs 2014 Perşembe] [20:42:54] Hoş Geldiniz	Your host is leguin.freenode.net[130.239.18.172/8001], running version ircd-seven-1.1.3
[29 Mayıs 2014 Perşembe] [20:42:54] Hoş Geldiniz	This server was created Mon Dec 31 2012 at 22:37:58 CET
[29 Mayıs 2014 Perşembe] [20:42:54] Hoş Geldiniz	Sunucu leguin.freenode.net (Sürüm ircd-seven-1.1.3), Kullanıcı kipleri: DOQRSZaghilopswz, kanal kipleri: CFILMPQSbcefgijklmnopqrstvz
[29 Mayıs 2014 Perşembe] [20:42:54] Destek	vedat CHANTYPES=# EXCEPTS INVEX CHANMODES=eIbq,k,flj,CFLMPQScgimnprstz CHANLIMIT=#:120 PREFIX=(ov)@+ MAXLIST=bqeI:100 MODES=4 NETWORK=freenode KNOCK STATUSMSG=@+ CALLERID=g are supported by this server
[29 Mayıs 2014 Perşembe] [20:42:54] Destek	vedat CASEMAPPING=rfc1459 CHARSET=ascii NICKLEN=16 CHANNELLEN=50 TOPICLEN=390 ETRACE CPRIVMSG CNOTICE DEAF=D MONITOR=100 FNC TARGMAX=NAMES:1,LIST:1,KICK:1,WHOIS:1,PRIVMSG:4,NOTICE:4,ACCEPT:,MONITOR: are supported by this server
[29 Mayıs 2014 Perşembe] [20:42:54] Destek	vedat EXTBAN=$,arxz WHOX CLIENTVER=3.0 SAFELIST ELIST=CTU are supported by this server
[29 Mayıs 2014 Perşembe] [20:42:54] Kullanıcılar	There are 192 users and 96123 invisible on 27 servers
[29 Mayıs 2014 Perşembe] [20:42:54] Kullanıcılar	29 IRC Operators online
[29 Mayıs 2014 Perşembe] [20:42:54] Kullanıcılar	9 unknown connection(s)
[29 Mayıs 2014 Perşembe] [20:42:54] Kullanıcılar	50751 channels formed
[29 Mayıs 2014 Perşembe] [20:42:54] Kullanıcılar	I have 7943 clients and 1 servers
[29 Mayıs 2014 Perşembe] [20:42:54] Kullanıcılar	leguin.freenode.net üzerindeki kullanıcılar: 7943, max 12001.
[29 Mayıs 2014 Perşembe] [20:42:54] Kullanıcılar	Ağdaki kullanıcılar: 96315, max 101329
[29 Mayıs 2014 Perşembe] [20:42:54] Kullanıcılar	Highest connection count: 12002 (12001 clients) (4552231 connections received)
[29 Mayıs 2014 Perşembe] [20:42:54] Günün Mesajı	Günün mesajı:
[29 Mayıs 2014 Perşembe] [20:42:54] Günün Mesajı	- Welcome to leguin.freenode.net in Umeå, Sweden, EU! Thanks to
[29 Mayıs 2014 Perşembe] [20:42:54] Günün Mesajı	- the Academic Computer Club at Umeå University for sponsoring
[29 Mayıs 2014 Perşembe] [20:42:54] Günün Mesajı	- this server!
[29 Mayıs 2014 Perşembe] [20:42:54] Günün Mesajı	-  
[29 Mayıs 2014 Perşembe] [20:42:54] Günün Mesajı	- LE GUIN, URSULA K. (1929-) Born in Berkeley, California,
[29 Mayıs 2014 Perşembe] [20:42:55] Günün Mesajı	- Ursula Le Guin is an american author primarily known for
[29 Mayıs 2014 Perşembe] [20:42:55] Günün Mesajı	- her Science Fiction and Fantasy. She has been awarded the
[29 Mayıs 2014 Perşembe] [20:42:55] Günün Mesajı	- Hugo and Nebula awards, and is best known for her Earthsea
[29 Mayıs 2014 Perşembe] [20:42:55] Günün Mesajı	- and Hainish series.
[29 Mayıs 2014 Perşembe] [20:42:55] Günün Mesajı	-  
[29 Mayıs 2014 Perşembe] [20:42:55] Günün Mesajı	- Welcome to freenode - supporting the free and open source
[29 Mayıs 2014 Perşembe] [20:42:55] Günün Mesajı	- software communities since 1998.
[29 Mayıs 2014 Perşembe] [20:42:55] Günün Mesajı	-  
[29 Mayıs 2014 Perşembe] [20:42:55] Günün Mesajı	- By connecting to freenode you indicate that you have read and
[29 Mayıs 2014 Perşembe] [20:42:55] Günün Mesajı	- accept our policies as set out on http://www.freenode.net
[29 Mayıs 2014 Perşembe] [20:42:55] Günün Mesajı	- freenode runs an open proxy scanner. Please join #freenode for
[29 Mayıs 2014 Perşembe] [20:42:55] Günün Mesajı	- any network-related questions or queries, where a number of
[29 Mayıs 2014 Perşembe] [20:42:55] Günün Mesajı	- volunteer staff and helpful users will be happy to assist you.
[29 Mayıs 2014 Perşembe] [20:42:55] Günün Mesajı	-  
[29 Mayıs 2014 Perşembe] [20:42:55] Günün Mesajı	- You can meet us at FOSSCON (http://www.fosscon.org) where we get
[29 Mayıs 2014 Perşembe] [20:42:55] Günün Mesajı	- together with like-minded FOSS enthusiasts for talks and
[29 Mayıs 2014 Perşembe] [20:42:55] Günün Mesajı	- real-life collaboration.
[29 Mayıs 2014 Perşembe] [20:42:55] Günün Mesajı	-  
[29 Mayıs 2014 Perşembe] [20:42:55] Günün Mesajı	- We would like to thank Private Internet Access
[29 Mayıs 2014 Perşembe] [20:42:55] Günün Mesajı	- (https://www.privateinternetaccess.com/) and the other
[29 Mayıs 2014 Perşembe] [20:42:55] Günün Mesajı	- organisations that help keep freenode and our other projects
[29 Mayıs 2014 Perşembe] [20:42:55] Günün Mesajı	- running for their sustained support.
[29 Mayıs 2014 Perşembe] [20:42:55] Günün Mesajı	-  
[29 Mayıs 2014 Perşembe] [20:42:55] Günün Mesajı	- In particular we would like to thank the sponsor
[29 Mayıs 2014 Perşembe] [20:42:55] Günün Mesajı	- of this server, details of which can be found above.
[29 Mayıs 2014 Perşembe] [20:42:55] Günün Mesajı	-  
[29 Mayıs 2014 Perşembe] [20:42:55] Günün Mesajı	- ***************************************************************
[29 Mayıs 2014 Perşembe] [20:42:55] Günün Mesajı	- Please read http://blog.freenode.net/2010/11/be-safe-out-there/
[29 Mayıs 2014 Perşembe] [20:42:55] Günün Mesajı	- ***************************************************************
[29 Mayıs 2014 Perşembe] [20:42:55] Günün Mesajı	Günün mesajının sonu
[29 Mayıs 2014 Perşembe] [20:42:55] Kip	Ayarladığınız kişisel kipler: +i
[29 Mayıs 2014 Perşembe] [20:43:01] Duyuru	-ChanServ- [#pisi-devel] merhaba - hi!
[29 Mayıs 2014 Perşembe] [21:30:50] Bilgi	Disconnected from chat.freenode.net (port 8001).

*** Günlük dosyası
*** Per May 29 21:31:52 2014 zamanında başladı

[29 Mayıs 2014 Perşembe] [21:31:52] Bilgi	Looking for server chat.freenode.net (port 8001)...
[29 Mayıs 2014 Perşembe] [21:31:52] Hata	Connection to server chat.freenode.net (port 8001) lost: Bilinmeyen hata.
[29 Mayıs 2014 Perşembe] [21:31:52] Bilgi	Network is down, will reconnect automatically when it is back up.
[29 Mayıs 2014 Perşembe] [21:31:59] Bilgi	Looking for server chat.freenode.net (port 8001)...
[29 Mayıs 2014 Perşembe] [21:31:59] Bilgi	Sunucu bulundu, bağlanılıyor...
[29 Mayıs 2014 Perşembe] [21:31:59] Hata	Connection to server chat.freenode.net (port 8001) lost: Bilinmeyen hata.
[29 Mayıs 2014 Perşembe] [21:31:59] Bilgi	Trying to connect to #pisi-devel (port 6667) in 10 seconds.
[29 Mayıs 2014 Perşembe] [21:32:09] Bilgi	Looking for server #pisi-devel (port 6667)...
[29 Mayıs 2014 Perşembe] [21:32:09] Hata	Connection to server #pisi-devel (port 6667) lost: Bilinmeyen hata.
[29 Mayıs 2014 Perşembe] [21:32:09] Bilgi	Trying to connect to chat.freenode.net (port 8001) in 10 seconds.
[29 Mayıs 2014 Perşembe] [21:32:19] Bilgi	Looking for server chat.freenode.net (port 8001)...
[29 Mayıs 2014 Perşembe] [21:32:19] Bilgi	Sunucu bulundu, bağlanılıyor...
[29 Mayıs 2014 Perşembe] [21:32:19] Hata	Connection to server chat.freenode.net (port 8001) lost: Bilinmeyen hata.
[29 Mayıs 2014 Perşembe] [21:32:19] Bilgi	Trying to connect to #pisi-devel (port 6667) in 10 seconds.
[29 Mayıs 2014 Perşembe] [21:32:29] Bilgi	Looking for server #pisi-devel (port 6667)...
[29 Mayıs 2014 Perşembe] [21:32:29] Hata	Connection to server #pisi-devel (port 6667) lost: Bilinmeyen hata.
[29 Mayıs 2014 Perşembe] [21:32:29] Bilgi	Trying to connect to chat.freenode.net (port 8001) in 10 seconds.
[29 Mayıs 2014 Perşembe] [21:32:39] Bilgi	Looking for server chat.freenode.net (port 8001)...
[29 Mayıs 2014 Perşembe] [21:32:39] Bilgi	Sunucu bulundu, bağlanılıyor...
[29 Mayıs 2014 Perşembe] [21:32:39] Hata	Connection to server chat.freenode.net (port 8001) lost: Bilinmeyen hata.
[29 Mayıs 2014 Perşembe] [21:32:39] Bilgi	Trying to connect to #pisi-devel (port 6667) in 10 seconds.
[29 Mayıs 2014 Perşembe] [21:32:39] Bilgi	Disconnected from #pisi-devel (port 6667).

*** Günlük dosyası
*** Per May 29 21:32:54 2014 zamanında başladı

[29 Mayıs 2014 Perşembe] [21:32:54] Bilgi	Looking for server chat.freenode.net (port 8001)...
[29 Mayıs 2014 Perşembe] [21:32:54] Bilgi	Sunucu bulundu, bağlanılıyor...
[29 Mayıs 2014 Perşembe] [21:32:55] Duyuru	-rajaniemi.freenode.net- *** Looking up your hostname...
[29 Mayıs 2014 Perşembe] [21:32:55] Duyuru	-rajaniemi.freenode.net- *** Checking Ident
[29 Mayıs 2014 Perşembe] [21:32:56] Duyuru	-rajaniemi.freenode.net- *** Couldn't look up your hostname
[29 Mayıs 2014 Perşembe] [21:33:00] Duyuru	-rajaniemi.freenode.net- *** No Ident response
[29 Mayıs 2014 Perşembe] [21:33:00] Hoş Geldiniz	Welcome to the freenode Internet Relay Chat Network vedat
[29 Mayıs 2014 Perşembe] [21:33:00] Hoş Geldiniz	Your host is rajaniemi.freenode.net[195.148.124.79/8001], running version ircd-seven-1.1.3
[29 Mayıs 2014 Perşembe] [21:33:00] Hoş Geldiniz	This server was created Mon Dec 31 2012 at 23:37:13 EET
[29 Mayıs 2014 Perşembe] [21:33:00] Hoş Geldiniz	Sunucu rajaniemi.freenode.net (Sürüm ircd-seven-1.1.3), Kullanıcı kipleri: DOQRSZaghilopswz, kanal kipleri: CFILMPQSbcefgijklmnopqrstvz
[29 Mayıs 2014 Perşembe] [21:33:00] Destek	vedat CHANTYPES=# EXCEPTS INVEX CHANMODES=eIbq,k,flj,CFLMPQScgimnprstz CHANLIMIT=#:120 PREFIX=(ov)@+ MAXLIST=bqeI:100 MODES=4 NETWORK=freenode KNOCK STATUSMSG=@+ CALLERID=g are supported by this server
[29 Mayıs 2014 Perşembe] [21:33:00] Destek	vedat CASEMAPPING=rfc1459 CHARSET=ascii NICKLEN=16 CHANNELLEN=50 TOPICLEN=390 ETRACE CPRIVMSG CNOTICE DEAF=D MONITOR=100 FNC TARGMAX=NAMES:1,LIST:1,KICK:1,WHOIS:1,PRIVMSG:4,NOTICE:4,ACCEPT:,MONITOR: are supported by this server
[29 Mayıs 2014 Perşembe] [21:33:00] Destek	vedat EXTBAN=$,arxz WHOX CLIENTVER=3.0 SAFELIST ELIST=CTU are supported by this server
[29 Mayıs 2014 Perşembe] [21:33:00] Kullanıcılar	There are 185 users and 96638 invisible on 27 servers
[29 Mayıs 2014 Perşembe] [21:33:00] Kullanıcılar	29 IRC Operators online
[29 Mayıs 2014 Perşembe] [21:33:00] Kullanıcılar	14 unknown connection(s)
[29 Mayıs 2014 Perşembe] [21:33:00] Kullanıcılar	50735 channels formed
[29 Mayıs 2014 Perşembe] [21:33:00] Kullanıcılar	I have 6271 clients and 1 servers
[29 Mayıs 2014 Perşembe] [21:33:00] Kullanıcılar	rajaniemi.freenode.net üzerindeki kullanıcılar: 6271, max 9655.
[29 Mayıs 2014 Perşembe] [21:33:00] Kullanıcılar	Ağdaki kullanıcılar: 96823, max 98406
[29 Mayıs 2014 Perşembe] [21:33:01] Kullanıcılar	Highest connection count: 9656 (9655 clients) (632289 connections received)
[29 Mayıs 2014 Perşembe] [21:33:01] Günün Mesajı	Günün mesajı:
[29 Mayıs 2014 Perşembe] [21:33:01] Günün Mesajı	- Welcome to rajaniemi.freenode.net in Helsinki, Finland.  Our thanks to
[29 Mayıs 2014 Perşembe] [21:33:01] Günün Mesajı	- Aalto University for sponsoring this server!
[29 Mayıs 2014 Perşembe] [21:33:01] Günün Mesajı	-  
[29 Mayıs 2014 Perşembe] [21:33:01] Günün Mesajı	- RAJANIEMI, Hannu  (1978-). Born in Ylivieska, Finland, Rajaniemi is the
[29 Mayıs 2014 Perşembe] [21:33:01] Günün Mesajı	- author of two novels and several short stories, and his debut novel 'The
[29 Mayıs 2014 Perşembe] [21:33:01] Günün Mesajı	- Quantum Thief' was nominated for the 2011 Locus Award for Best First
[29 Mayıs 2014 Perşembe] [21:33:01] Günün Mesajı	- Novel.  Rajaniemi lives in Edinburgh, Scotland where he is founding
[29 Mayıs 2014 Perşembe] [21:33:01] Günün Mesajı	- director of ThinkTank Maths, a commercial research organisation.
[29 Mayıs 2014 Perşembe] [21:33:01] Günün Mesajı	-  
[29 Mayıs 2014 Perşembe] [21:33:01] Günün Mesajı	-  
[29 Mayıs 2014 Perşembe] [21:33:01] Günün Mesajı	- Welcome to freenode - supporting the free and open source
[29 Mayıs 2014 Perşembe] [21:33:01] Günün Mesajı	- software communities since 1998.
[29 Mayıs 2014 Perşembe] [21:33:01] Günün Mesajı	-  
[29 Mayıs 2014 Perşembe] [21:33:01] Günün Mesajı	- By connecting to freenode you indicate that you have read and
[29 Mayıs 2014 Perşembe] [21:33:01] Günün Mesajı	- accept our policies as set out on http://www.freenode.net
[29 Mayıs 2014 Perşembe] [21:33:01] Günün Mesajı	- freenode runs an open proxy scanner. Please join #freenode for
[29 Mayıs 2014 Perşembe] [21:33:01] Günün Mesajı	- any network-related questions or queries, where a number of
[29 Mayıs 2014 Perşembe] [21:33:01] Günün Mesajı	- volunteer staff and helpful users will be happy to assist you.
[29 Mayıs 2014 Perşembe] [21:33:01] Günün Mesajı	-  
[29 Mayıs 2014 Perşembe] [21:33:02] Günün Mesajı	- You can meet us at FOSSCON (http://www.fosscon.org) where we get
[29 Mayıs 2014 Perşembe] [21:33:02] Günün Mesajı	- together with like-minded FOSS enthusiasts for talks and
[29 Mayıs 2014 Perşembe] [21:33:02] Günün Mesajı	- real-life collaboration.
[29 Mayıs 2014 Perşembe] [21:33:02] Günün Mesajı	-  
[29 Mayıs 2014 Perşembe] [21:33:02] Günün Mesajı	- We would like to thank Private Internet Access
[29 Mayıs 2014 Perşembe] [21:33:02] Günün Mesajı	- (https://www.privateinternetaccess.com/) and the other
[29 Mayıs 2014 Perşembe] [21:33:02] Günün Mesajı	- organisations that help keep freenode and our other projects
[29 Mayıs 2014 Perşembe] [21:33:02] Günün Mesajı	- running for their sustained support.
[29 Mayıs 2014 Perşembe] [21:33:02] Günün Mesajı	-  
[29 Mayıs 2014 Perşembe] [21:33:02] Günün Mesajı	- In particular we would like to thank the sponsor
[29 Mayıs 2014 Perşembe] [21:33:02] Günün Mesajı	- of this server, details of which can be found above.
[29 Mayıs 2014 Perşembe] [21:33:02] Günün Mesajı	-  
[29 Mayıs 2014 Perşembe] [21:33:02] Günün Mesajı	- ***************************************************************
[29 Mayıs 2014 Perşembe] [21:33:02] Günün Mesajı	- Please read http://blog.freenode.net/2010/11/be-safe-out-there/
[29 Mayıs 2014 Perşembe] [21:33:02] Günün Mesajı	- ***************************************************************
[29 Mayıs 2014 Perşembe] [21:33:02] Günün Mesajı	Günün mesajının sonu
[29 Mayıs 2014 Perşembe] [21:33:02] Kip	Ayarladığınız kişisel kipler: +i
[29 Mayıs 2014 Perşembe] [21:33:07] Duyuru	-ChanServ- [#pisi-devel] merhaba - hi!
[30 Mayıs 2014 Cuma] [00:27:48] Bilgi	Disconnected from chat.freenode.net (port 8001).

*** Günlük dosyası
*** Cum May 30 00:52:11 2014 zamanında başladı

[30 Mayıs 2014 Cuma] [00:52:11] Bilgi	Looking for server chat.freenode.net (port 8001)...
[30 Mayıs 2014 Cuma] [00:52:11] Bilgi	Sunucu bulundu, bağlanılıyor...
[30 Mayıs 2014 Cuma] [00:52:11] Duyuru	-orwell.freenode.net- *** Looking up your hostname...
[30 Mayıs 2014 Cuma] [00:52:11] Duyuru	-orwell.freenode.net- *** Checking Ident
[30 Mayıs 2014 Cuma] [00:52:11] Duyuru	-orwell.freenode.net- *** Couldn't look up your hostname
[30 Mayıs 2014 Cuma] [00:52:18] Duyuru	-orwell.freenode.net- *** No Ident response
[30 Mayıs 2014 Cuma] [00:52:18] Hoş Geldiniz	Welcome to the freenode Internet Relay Chat Network vedat
[30 Mayıs 2014 Cuma] [00:52:18] Hoş Geldiniz	Your host is orwell.freenode.net[185.30.166.38/8001], running version ircd-seven-1.1.3
[30 Mayıs 2014 Cuma] [00:52:18] Hoş Geldiniz	This server was created Sat Feb 22 2014 at 16:03:54 BRT
[30 Mayıs 2014 Cuma] [00:52:18] Hoş Geldiniz	Sunucu orwell.freenode.net (Sürüm ircd-seven-1.1.3), Kullanıcı kipleri: DOQRSZaghilopswz, kanal kipleri: CFILMPQSbcefgijklmnopqrstvz
[30 Mayıs 2014 Cuma] [00:52:18] Destek	vedat CHANTYPES=# EXCEPTS INVEX CHANMODES=eIbq,k,flj,CFLMPQScgimnprstz CHANLIMIT=#:120 PREFIX=(ov)@+ MAXLIST=bqeI:100 MODES=4 NETWORK=freenode KNOCK STATUSMSG=@+ CALLERID=g are supported by this server
[30 Mayıs 2014 Cuma] [00:52:18] Destek	vedat CASEMAPPING=rfc1459 CHARSET=ascii NICKLEN=16 CHANNELLEN=50 TOPICLEN=390 ETRACE CPRIVMSG CNOTICE DEAF=D MONITOR=100 FNC TARGMAX=NAMES:1,LIST:1,KICK:1,WHOIS:1,PRIVMSG:4,NOTICE:4,ACCEPT:,MONITOR: are supported by this server
[30 Mayıs 2014 Cuma] [00:52:18] Destek	vedat EXTBAN=$,arxz WHOX CLIENTVER=3.0 SAFELIST ELIST=CTU are supported by this server
[30 Mayıs 2014 Cuma] [00:52:18] Kullanıcılar	There are 183 users and 92453 invisible on 27 servers
[30 Mayıs 2014 Cuma] [00:52:18] Kullanıcılar	29 IRC Operators online
[30 Mayıs 2014 Cuma] [00:52:18] Kullanıcılar	10 unknown connection(s)
[30 Mayıs 2014 Cuma] [00:52:18] Kullanıcılar	50403 channels formed
[30 Mayıs 2014 Cuma] [00:52:18] Kullanıcılar	I have 8031 clients and 1 servers
[30 Mayıs 2014 Cuma] [00:52:18] Kullanıcılar	orwell.freenode.net üzerindeki kullanıcılar: 8031, max 9802.
[30 Mayıs 2014 Cuma] [00:52:18] Kullanıcılar	Ağdaki kullanıcılar: 92636, max 98407
[30 Mayıs 2014 Cuma] [00:52:18] Kullanıcılar	Highest connection count: 9803 (9802 clients) (1158457 connections received)
[30 Mayıs 2014 Cuma] [00:52:18] Günün Mesajı	Günün mesajı:
[30 Mayıs 2014 Cuma] [00:52:18] Günün Mesajı	- Welcome to orwell.freenode.net in Amsterdam, NL.
[30 Mayıs 2014 Cuma] [00:52:18] Günün Mesajı	- Thanks to http://www.hyperfilter.com/ for sponsoring
[30 Mayıs 2014 Cuma] [00:52:18] Günün Mesajı	- this server!
[30 Mayıs 2014 Cuma] [00:52:18] Günün Mesajı	-  
[30 Mayıs 2014 Cuma] [00:52:18] Günün Mesajı	- ORWELL, GEORGE [1903 - 1950] Born in India, his mother
[30 Mayıs 2014 Cuma] [00:52:18] Günün Mesajı	- moved him to England when he was one year old, and it
[30 Mayıs 2014 Cuma] [00:52:18] Günün Mesajı	- was in England where he was educated and spent most of
[30 Mayıs 2014 Cuma] [00:52:18] Günün Mesajı	- his life.  Orwell is perhaps best known for his novels
[30 Mayıs 2014 Cuma] [00:52:18] Günün Mesajı	- Nineteen Eighty-Four and Animal Farm.
[30 Mayıs 2014 Cuma] [00:52:18] Günün Mesajı	-  
[30 Mayıs 2014 Cuma] [00:52:18] Günün Mesajı	-  
[30 Mayıs 2014 Cuma] [00:52:18] Günün Mesajı	- Welcome to freenode - supporting the free and open source
[30 Mayıs 2014 Cuma] [00:52:18] Günün Mesajı	- software communities since 1998.
[30 Mayıs 2014 Cuma] [00:52:18] Günün Mesajı	-  
[30 Mayıs 2014 Cuma] [00:52:18] Günün Mesajı	- By connecting to freenode you indicate that you have read and
[30 Mayıs 2014 Cuma] [00:52:18] Günün Mesajı	- accept our policies as set out on http://www.freenode.net
[30 Mayıs 2014 Cuma] [00:52:18] Günün Mesajı	- freenode runs an open proxy scanner. Please join #freenode for
[30 Mayıs 2014 Cuma] [00:52:18] Günün Mesajı	- any network-related questions or queries, where a number of
[30 Mayıs 2014 Cuma] [00:52:18] Günün Mesajı	- volunteer staff and helpful users will be happy to assist you.
[30 Mayıs 2014 Cuma] [00:52:18] Günün Mesajı	-  
[30 Mayıs 2014 Cuma] [00:52:18] Günün Mesajı	- You can meet us at FOSSCON (http://www.fosscon.org) where we get
[30 Mayıs 2014 Cuma] [00:52:18] Günün Mesajı	- together with like-minded FOSS enthusiasts for talks and
[30 Mayıs 2014 Cuma] [00:52:18] Günün Mesajı	- real-life collaboration.
[30 Mayıs 2014 Cuma] [00:52:18] Günün Mesajı	-  
[30 Mayıs 2014 Cuma] [00:52:18] Günün Mesajı	- We would like to thank Private Internet Access
[30 Mayıs 2014 Cuma] [00:52:18] Günün Mesajı	- (https://www.privateinternetaccess.com/) and the other
[30 Mayıs 2014 Cuma] [00:52:18] Günün Mesajı	- organisations that help keep freenode and our other projects
[30 Mayıs 2014 Cuma] [00:52:18] Günün Mesajı	- running for their sustained support.
[30 Mayıs 2014 Cuma] [00:52:18] Günün Mesajı	-  
[30 Mayıs 2014 Cuma] [00:52:18] Günün Mesajı	- In particular we would like to thank the sponsor
[30 Mayıs 2014 Cuma] [00:52:18] Günün Mesajı	- of this server, details of which can be found above.
[30 Mayıs 2014 Cuma] [00:52:18] Günün Mesajı	-  
[30 Mayıs 2014 Cuma] [00:52:18] Günün Mesajı	- ***************************************************************
[30 Mayıs 2014 Cuma] [00:52:18] Günün Mesajı	- Please read http://blog.freenode.net/2010/11/be-safe-out-there/
[30 Mayıs 2014 Cuma] [00:52:18] Günün Mesajı	- ***************************************************************
[30 Mayıs 2014 Cuma] [00:52:18] Günün Mesajı	Günün mesajının sonu
[30 Mayıs 2014 Cuma] [00:52:18] Kip	Ayarladığınız kişisel kipler: +i
[30 Mayıs 2014 Cuma] [00:52:24] Bilgi	Disconnected from chat.freenode.net (port 8001).
