
*** Günlük dosyası
*** Sal May 27 18:21:10 2014 zamanında başladı

[27 Mayıs 2014 Salı] [18:21:10] <vedat>	suvari merhaba
[27 Mayıs 2014 Salı] [18:21:18] <suvari>	meraba ağam
[27 Mayıs 2014 Salı] [18:21:28] <vedat>	farm depo nasıl
[27 Mayıs 2014 Salı] [18:21:37] <vedat>	adresini neydi
[27 Mayıs 2014 Salı] [18:21:42] <suvari>	tehlikeli çoğunlukla
[27 Mayıs 2014 Salı] [18:22:03] <suvari>	ekipte sistemi patlamayan kalmadı
[27 Mayıs 2014 Salı] [18:22:30] <vedat>	yen
[27 Mayıs 2014 Salı] [18:22:42] <vedat>	yeni iso var mı
[27 Mayıs 2014 Salı] [18:22:50] <suvari>	şimdilik yok
[27 Mayıs 2014 Salı] [18:23:00] <suvari>	son günü bilmiyorum
[27 Mayıs 2014 Salı] [18:23:17] <vedat>	farm depo ile paket derlemek gerekiyor
[27 Mayıs 2014 Salı] [18:23:21] <vedat>	nasıl yaparız
[27 Mayıs 2014 Salı] [18:23:24] <suvari>	sana adresi verilen iso da farm repo seçili geliyordu
[27 Mayıs 2014 Salı] [18:24:01] <suvari>	pm paket kuruyor 2dk sonra veriim adresi
[27 Mayıs 2014 Salı] [18:24:01] <vedat>	bende şu anda adresleri yok
[27 Mayıs 2014 Salı] [18:24:17] <vedat>	onu kaydetmem gerekiyor
[27 Mayıs 2014 Salı] [18:24:33] <vedat>	oki
[27 Mayıs 2014 Salı] [18:25:57] <suvari>	baktığın asymptote, ghostscript , texlive-plainextra istiyor sanki
[27 Mayıs 2014 Salı] [18:26:10] <suvari>	dikkatini çekti mi
[27 Mayıs 2014 Salı] [18:28:52] <suvari>	 http://farm.pisilinux.org/.nofarm-repo/x86_64/pisi-index.xml.xz
[27 Mayıs 2014 Salı] [18:28:59] <suvari>	farm adresi
[27 Mayıs 2014 Salı] [18:29:43] <suvari>	pc yi açar açmaz güncelleme yapmamalısın
[27 Mayıs 2014 Salı] [18:30:12] <suvari>	ortalama 2-3 ayda bir sistem dümler
[27 Mayıs 2014 Salı] [18:30:17] <suvari>	gümler
[27 Mayıs 2014 Salı] [18:34:29] <vedat>	onları kurdum değişmedi yine ama asymptote yeni bir 2014 texinfo.tex dosyası istiyor gibi 
[27 Mayıs 2014 Salı] [18:34:42] <vedat>	ama texinfo paketinde 2013 var
[27 Mayıs 2014 Salı] [18:34:46] <vedat>	deneyecez
[27 Mayıs 2014 Salı] [18:35:58] <suvari>	farm repo kullanırsan, stable repo, disable olmalı
[27 Mayıs 2014 Salı] [18:36:03] <vedat>	texinfo sorce yanında ayrı bir 2014 texinfo.txt var
[27 Mayıs 2014 Salı] [18:36:17] <vedat>	onları manual ekleyip denecem
[27 Mayıs 2014 Salı] [18:36:57] <suvari>	 ghostscript , texlive-plainextra dep lerini de ekle bence
[27 Mayıs 2014 Salı] [18:37:12] <vedat>	eklerim
[27 Mayıs 2014 Salı] [18:37:14] <vedat>	:)
[27 Mayıs 2014 Salı] [18:37:57] <vedat>	texlive-bin paketi derleniyor ama actionda bir satırı atlatmak gerekiyor
[27 Mayıs 2014 Salı] [18:40:12] <suvari>	 --disable-dialog \ iki defa yazılmış
[27 Mayıs 2014 Salı] [18:40:23] <suvari>	texlive-bin için
[27 Mayıs 2014 Salı] [18:40:30] <vedat>	texlive-bin harfbuzz 28  istiyor hb-granit2.h için
[27 Mayıs 2014 Salı] [18:40:58] <suvari>	bazdeki kaç
[27 Mayıs 2014 Salı] [18:41:04] <vedat>	26
[27 Mayıs 2014 Salı] [18:41:58] <suvari>	09.28 mi istiyor
[27 Mayıs 2014 Salı] [18:42:33] <suvari>	yerelde dene, tamamsa, yükselt
[27 Mayıs 2014 Salı] [18:42:56] <vedat>	oki
[27 Mayıs 2014 Salı] [18:44:11] <suvari>	ters dep leri kritik paketleri commitirken de , bilgi ver bence
[27 Mayıs 2014 Salı] [18:44:30] <suvari>	onun yüzünden kırılacak paketler oluyor
[27 Mayıs 2014 Salı] [18:46:24] <suvari>	iso basmak üzere iken, kritik birkaç paket güncellendiydi,
[27 Mayıs 2014 Salı] [18:46:48] <suvari>	çok sayıda kırık oluştuydu
[27 Mayıs 2014 Salı] [18:47:04] <suvari>	o bakımdan
[27 Mayıs 2014 Salı] [18:48:25] <suvari>	yahu harfbuz da kıracak çok şeyi:)
[27 Mayıs 2014 Salı] [18:48:38] <suvari>	webkit-gtk3 libass pango efl libwmf harfbuzz-devel webkit-gtk2 mod_php
[27 Mayıs 2014 Salı] [18:48:39] <suvari>	                      harfbuzz-32bit 
[27 Mayıs 2014 Salı] [18:49:42] <suvari>	pisi info harfbuzz
[27 Mayıs 2014 Salı] [18:50:49] <vedat>	farm repo güncellerken baloo nepomuk çakışıyor dedi
[27 Mayıs 2014 Salı] [18:51:02] <suvari>	kaldır de
[27 Mayıs 2014 Salı] [18:51:19] <suvari>	nepomuk kullanmıyoruz artık
[27 Mayıs 2014 Salı] [18:51:24] <vedat>	oki
[27 Mayıs 2014 Salı] [18:51:36] <vedat>	:)
[27 Mayıs 2014 Salı] [18:52:28] Çıkış	suvari (~suvari@78.167.156.253) has left this server (Quit: Konversation terminated!).

*** Günlük dosyası
*** Sal May 27 20:05:30 2014 zamanında başladı

[27 Mayıs 2014 Salı] [20:05:30] <vedat>	merhaba suvari
[27 Mayıs 2014 Salı] [20:05:36] <suvari>	mrb
[27 Mayıs 2014 Salı] [20:05:44] <vedat>	asymptote
[27 Mayıs 2014 Salı] [20:06:11] <vedat>	derlendi bende
[27 Mayıs 2014 Salı] [20:06:22] <suvari>	ne ile düzeldi
[27 Mayıs 2014 Salı] [20:06:28] <vedat>	farm depodada deerlenmiş
[27 Mayıs 2014 Salı] [20:06:48] <vedat>	sudo pisi info asymptote
[27 Mayıs 2014 Salı] [20:07:16] <suvari>	http://farm.pisilinux.org/farm-logs/1.0//x86_64/asymptote-2.32-5.html
[27 Mayıs 2014 Salı] [20:07:49] <vedat>	nasıl
[27 Mayıs 2014 Salı] [20:07:57] <suvari>	error
[27 Mayıs 2014 Salı] [20:08:21] <suvari>	http://farm.pisilinux.org/farm-logs/1.0//x86_64/?C=M;O=D
[27 Mayıs 2014 Salı] [20:08:22] <vedat>	farm depoda kurulan
[27 Mayıs 2014 Salı] [20:08:30] <suvari>	last modified tıkla
[27 Mayıs 2014 Salı] [20:08:44] <vedat>	o zaman nasıl farm depoda kuruluyor
[27 Mayıs 2014 Salı] [20:08:53] <vedat>	2.32
[27 Mayıs 2014 Salı] [20:08:57] <suvari>	last modified tıkla
[27 Mayıs 2014 Salı] [20:09:01] <suvari>	2014-05-27
[27 Mayıs 2014 Salı] [20:09:08] <suvari>	en üstte olsun
[27 Mayıs 2014 Salı] [20:09:29] <suvari>	ctrl+f
[27 Mayıs 2014 Salı] [20:09:34] <vedat>	farm depoda mevcut
[27 Mayıs 2014 Salı] [20:09:37] <vedat>	aynı paket
[27 Mayıs 2014 Salı] [20:09:41] <vedat>	derlenmişi
[27 Mayıs 2014 Salı] [20:09:45] <vedat>	nasıl oldu
[27 Mayıs 2014 Salı] [20:09:49] <suvari>	anladım, ama o son derlenen hali
[27 Mayıs 2014 Salı] [20:10:00] <suvari>	yenisi derlenmemiş
[27 Mayıs 2014 Salı] [20:11:06] <suvari>	mevcut harfbuz ile mi drlendi sende, yenisi ile m,
[27 Mayıs 2014 Salı] [20:11:09] <suvari>	i
[27 Mayıs 2014 Salı] [20:12:07] <suvari>	çünkü harfbuzz, ters dep. leri yönünden işi sakata getirecek bir alet
[27 Mayıs 2014 Salı] [20:12:23] <vedat>	şöyle olmuştur
[27 Mayıs 2014 Salı] [20:12:44] <vedat>	texinfo derlenmeden asymtote derlenmezdi
[27 Mayıs 2014 Salı] [20:13:05] <suvari>	haaa, çakışma vardı
[27 Mayıs 2014 Salı] [20:13:13] <suvari>	sahi yaa
