DEBUG: ComponentDB initialized in 0.00371599197388.
DEBUG: RepoDB initialized in 0.000216007232666.
DEBUG: InstallDB initialized in 0.00574493408203.
DEBUG: /usr/lib/libQt5CLucene.so.5.4.1 [stripped]
DEBUG: /usr/lib/libQt5DesignerComponents.so.5.4.1 [stripped]
DEBUG: /usr/lib/libQt5Designer.so.5.4.1 [stripped]
DEBUG: /usr/lib/libQt5Help.so.5.4.1 [stripped]
DEBUG: /usr/lib/libQt5UiTools.a [stripped]
DEBUG: /usr/lib/qt5/examples/help/contextsensitivehelp/contextsensitivehelp [stripped]
DEBUG: /usr/lib/qt5/examples/linguist/hellotr/hellotr [stripped]
DEBUG: /usr/lib/qt5/examples/linguist/arrowpad/arrowpad [stripped]
DEBUG: /usr/lib/qt5/examples/linguist/trollprint/trollprint [stripped]
DEBUG: /usr/lib/qt5/examples/uitools/multipleinheritance/multipleinheritance [stripped]
DEBUG: /usr/lib/qt5/examples/uitools/textfinder/textfinder [stripped]
DEBUG: /usr/lib/qt5/examples/designer/calculatorbuilder/calculatorbuilder [stripped]
DEBUG: /usr/lib/qt5/examples/designer/worldtimeclockbuilder/worldtimeclockbuilder [stripped]
DEBUG: /usr/lib/qt5/examples/designer/calculatorform/calculatorform [stripped]
DEBUG: /usr/lib/qt5/examples/assistant/simpletextviewer/simpletextviewer [stripped]
DEBUG: /usr/lib/qt5/examples/assistant/remotecontrol/remotecontrol [stripped]
DEBUG: /usr/lib/qt5/bin/qdbus [stripped]
DEBUG: /usr/lib/qt5/bin/lrelease [stripped]
DEBUG: /usr/lib/qt5/bin/qtpaths [stripped]
DEBUG: /usr/lib/qt5/bin/qcollectiongenerator [stripped]
DEBUG: /usr/lib/qt5/bin/linguist [stripped]
DEBUG: /usr/lib/qt5/bin/qhelpgenerator [stripped]
DEBUG: /usr/lib/qt5/bin/qhelpconverter [stripped]
DEBUG: /usr/lib/qt5/bin/lupdate [stripped]
DEBUG: /usr/lib/qt5/bin/designer [stripped]
DEBUG: /usr/lib/qt5/bin/qdbusviewer [stripped]
DEBUG: /usr/lib/qt5/bin/qtdiag [stripped]
DEBUG: /usr/lib/qt5/bin/assistant [stripped]
DEBUG: /usr/lib/qt5/bin/lconvert [stripped]
DEBUG: /usr/lib/qt5/bin/pixeltool [stripped]
DEBUG: /usr/lib/qt5/plugins/designer/libqquickwidget.so [stripped]
DEBUG: /usr/lib/qt5/plugins/designer/libworldtimeclockplugin.so [stripped]
DEBUG: /usr/lib/qt5/plugins/designer/libtaskmenuextension.so [stripped]
DEBUG: /usr/lib/qt5/plugins/designer/libcontainerextension.so [stripped]
DEBUG: /usr/lib/qt5/plugins/designer/libcustomwidgetplugin.so [stripped]
DEBUG: /usr/lib/pkgconfig yolu birden çok pakete ait.
'/var/pisi/qt5-tools-5.4.1-1/install/usr/bin/linguist-qt5' haricî bağlantısı ekleniyor.
'/var/pisi/qt5-tools-5.4.1-1/install/usr/bin/qhelpconverter-qt5' haricî bağlantısı ekleniyor.
'/var/pisi/qt5-tools-5.4.1-1/install/usr/bin/assistant-qt5' haricî bağlantısı ekleniyor.
'/var/pisi/qt5-tools-5.4.1-1/install/usr/bin/lupdate-qt5' haricî bağlantısı ekleniyor.
'/var/pisi/qt5-tools-5.4.1-1/install/usr/bin/qtdiag-qt5' haricî bağlantısı ekleniyor.
'/var/pisi/qt5-tools-5.4.1-1/install/usr/bin/qcollectiongenerator-qt5' haricî bağlantısı ekleniyor.
'/var/pisi/qt5-tools-5.4.1-1/install/usr/bin/lrelease-qt5' haricî bağlantısı ekleniyor.
'/var/pisi/qt5-tools-5.4.1-1/install/usr/bin/qdbusviewer-qt5' haricî bağlantısı ekleniyor.
'/var/pisi/qt5-tools-5.4.1-1/install/usr/bin/qhelpgenerator-qt5' haricî bağlantısı ekleniyor.
'/var/pisi/qt5-tools-5.4.1-1/install/usr/bin/pixeltool-qt5' haricî bağlantısı ekleniyor.
'/var/pisi/qt5-tools-5.4.1-1/install/usr/bin/qdbus-qt5' haricî bağlantısı ekleniyor.
'/var/pisi/qt5-tools-5.4.1-1/install/usr/bin/designer-qt5' haricî bağlantısı ekleniyor.
'/var/pisi/qt5-tools-5.4.1-1/install/usr/bin/lconvert-qt5' haricî bağlantısı ekleniyor.
'/var/pisi/qt5-tools-5.4.1-1/install/usr/bin/qtpaths-qt5' haricî bağlantısı ekleniyor.
[32mPaket inşa ediliyor: qt5-tools
[0mqt5-tools-5.4.1-1-p01-x86_64.pisi oluşturuluyor... 
[32mPaket inşa ediliyor: qt5-tools-devel
[0mqt5-tools-devel-5.4.1-1-p01-x86_64.pisi oluşturuluyor... 
İnşa dizini bırakılıyor
