
*** Günlük dosyası
*** Pzt Tem 14 22:35:39 2014 zamanında başladı

[14 Temmuz 2014 Pazartesi] [22:35:39] <vedat>	erturk: lighdm nasıl 
[14 Temmuz 2014 Pazartesi] [22:35:39] Uzakta	erturk uzakta: Gone away for now
[14 Temmuz 2014 Pazartesi] [22:36:03] <vedat>	iyi çalışıyor mu
[14 Temmuz 2014 Pazartesi] [22:36:03] Uzakta	erturk uzakta: Gone away for now

*** Günlük dosyası
*** Pzt Tem 14 22:40:10 2014 zamanında başladı

[14 Temmuz 2014 Pazartesi] [22:40:10] <erturk>	yaptınmı
[14 Temmuz 2014 Pazartesi] [22:40:36] <vedat>	kde greeter ile denemeyi düşünüyorum 
[14 Temmuz 2014 Pazartesi] [22:40:36] Uzakta	erturk uzakta: Gone away for now
[14 Temmuz 2014 Pazartesi] [22:40:59] <erturk>	xdm ile çalıştırıyoruz ama unutma
[14 Temmuz 2014 Pazartesi] [22:41:05] <vedat>	ama dbus xdm ile alakalısystemd ile alakalı birşeyler var
[14 Temmuz 2014 Pazartesi] [22:41:05] Uzakta	erturk uzakta: Gone away for now
[14 Temmuz 2014 Pazartesi] [22:41:58] <vedat>	şifre ekranı çıkıyor ama çok ilkel
[14 Temmuz 2014 Pazartesi] [22:41:58] Uzakta	erturk uzakta: Gone away for now
[14 Temmuz 2014 Pazartesi] [22:42:04] <vedat>	bunu nasıl düzeltiriz
[14 Temmuz 2014 Pazartesi] [22:42:04] Uzakta	erturk uzakta: Gone away for now
[14 Temmuz 2014 Pazartesi] [22:42:16] <vedat>	arka plan yok
[14 Temmuz 2014 Pazartesi] [22:42:16] Uzakta	erturk uzakta: Gone away for now
[14 Temmuz 2014 Pazartesi] [22:42:21] <erturk>	o xdm
[14 Temmuz 2014 Pazartesi] [22:42:26] <vedat>	:)
[14 Temmuz 2014 Pazartesi] [22:42:27] Uzakta	erturk uzakta: Gone away for now
[14 Temmuz 2014 Pazartesi] [22:42:31] <erturk>	lighdm ile vakit öldürmeye değmez
[14 Temmuz 2014 Pazartesi] [22:42:38] <erturk>	sen qemu ile ilgilen
[14 Temmuz 2014 Pazartesi] [22:43:06] <vedat>	qemu bun,mp mı lazım
[14 Temmuz 2014 Pazartesi] [22:43:07] Uzakta	erturk uzakta: Gone away for now
[14 Temmuz 2014 Pazartesi] [22:43:20] <erturk>	yok çalıştır bir iso onunla
[14 Temmuz 2014 Pazartesi] [22:43:26] <erturk>	çaışıyorsa tamamdır
[14 Temmuz 2014 Pazartesi] [22:43:32] <vedat>	oki
[14 Temmuz 2014 Pazartesi] [22:43:32] Uzakta	erturk uzakta: Gone away for now
[14 Temmuz 2014 Pazartesi] [22:43:41] <erturk>	qtemu mus arayüzü
[14 Temmuz 2014 Pazartesi] [22:44:00] <erturk>	depoya göndermiyoruz aama dün söylediğim gibi pgye atalım
[14 Temmuz 2014 Pazartesi] [22:44:10] <vedat>	oki
[14 Temmuz 2014 Pazartesi] [22:44:10] Uzakta	erturk uzakta: Gone away for now

*** Günlük dosyası
*** Pzt Tem 14 22:52:27 2014 zamanında başladı

[14 Temmuz 2014 Pazartesi] [22:52:27] <erturk>	yazıcı varsa birde yazıcı test etmek gerek
[14 Temmuz 2014 Pazartesi] [22:52:42] <vedat>	hp var
[14 Temmuz 2014 Pazartesi] [22:52:42] Uzakta	erturk uzakta: Gone away for now
[14 Temmuz 2014 Pazartesi] [22:53:23] <vedat>	tiny core iso yu gösterdim qtemu ya bir değişiklik olmadı
[14 Temmuz 2014 Pazartesi] [22:53:23] Uzakta	erturk uzakta: Gone away for now
[14 Temmuz 2014 Pazartesi] [22:53:44] <vedat>	terminal açılması gerekiyordu
[14 Temmuz 2014 Pazartesi] [22:53:44] Uzakta	erturk uzakta: Gone away for now
[14 Temmuz 2014 Pazartesi] [22:55:50] <erturk>	hp kitlendi
[14 Temmuz 2014 Pazartesi] [22:56:15] <vedat>	usb-modeswitch
[14 Temmuz 2014 Pazartesi] [22:56:15] Uzakta	erturk uzakta: Gone away for now
[14 Temmuz 2014 Pazartesi] [22:56:20] <vedat>	kurulu mu
[14 Temmuz 2014 Pazartesi] [22:56:20] Uzakta	erturk uzakta: Gone away for now
[14 Temmuz 2014 Pazartesi] [22:56:49] <erturk>	değilmiş neden değil ?
[14 Temmuz 2014 Pazartesi] [22:59:27] Çıkış	erturk (~erturk@212.252.166.94) has left this server (Quit: Konversation terminated!).
[14 Temmuz 2014 Pazartesi] [23:11:12] Çıkış	erturk (~erturk@212.252.166.94) has left this server (Quit: Konversation terminated!).
