
*** Günlük dosyası
*** Cmt Tem 12 16:15:33 2014 zamanında başladı

[12 Temmuz 2014 Cumartesi] [16:15:33] Katıl	You (~vedat@78.174.214.149) have joined the channel #pisi-linux.
[12 Temmuz 2014 Cumartesi] [16:15:33] Konu	Kanal konusu: "PiSi Linux kullanıcıları sohbet ve yardımlaşma odasına hoşgeldiniz. // Uzun metin yapıştırmak için: http://sudrap.org/paste // Pisi Linux Web Sayfası: www.pisilinux.org - Pisi Linux Geliştirici Blogu: http://team.pisilinux.org - Pisi Linux  World: www.pisilinuxworld.org // Pisi Linux için Wiki: www.wiki.pisilinux.org".
[12 Temmuz 2014 Cumartesi] [16:15:33] Konu	Konu namso-01!~ata@unaffiliated/namso-01 tarafından 21-03-2014 21:23 tarihinde ayarlandı.
[12 Temmuz 2014 Cumartesi] [16:15:33] Adres	Kanal Adresi: http://pisilinux.org
[12 Temmuz 2014 Cumartesi] [16:15:36] Kip	Kanal kipleri: hiçbir renge izin yok, dışarıdan mesaj yok, konu koruması
[12 Temmuz 2014 Cumartesi] [16:15:36] Oluşturulma zamanı	Bu kanal 25-02-2013 19:49 tarihinde kuruldu.

*** Günlük dosyası
*** Cmt Tem 12 16:39:58 2014 zamanında başladı

[12 Temmuz 2014 Cumartesi] [16:39:58] Katıl	You (~vedat@78.174.214.149) have joined the channel #pisi-linux.
[12 Temmuz 2014 Cumartesi] [16:39:58] Konu	Kanal konusu: "PiSi Linux kullanıcıları sohbet ve yardımlaşma odasına hoşgeldiniz. // Uzun metin yapıştırmak için: http://sudrap.org/paste // Pisi Linux Web Sayfası: www.pisilinux.org - Pisi Linux Geliştirici Blogu: http://team.pisilinux.org - Pisi Linux  World: www.pisilinuxworld.org // Pisi Linux için Wiki: www.wiki.pisilinux.org".
[12 Temmuz 2014 Cumartesi] [16:39:58] Konu	Konu namso-01!~ata@unaffiliated/namso-01 tarafından 21-03-2014 21:23 tarihinde ayarlandı.
[12 Temmuz 2014 Cumartesi] [16:39:58] Adres	Kanal Adresi: http://pisilinux.org
[12 Temmuz 2014 Cumartesi] [16:40:01] Kip	Kanal kipleri: hiçbir renge izin yok, dışarıdan mesaj yok, konu koruması
[12 Temmuz 2014 Cumartesi] [16:40:02] Oluşturulma zamanı	Bu kanal 25-02-2013 19:49 tarihinde kuruldu.
[12 Temmuz 2014 Cumartesi] [17:09:29] Katıl	You (~vedat@78.174.214.149) have joined the channel #pisi-linux.
[12 Temmuz 2014 Cumartesi] [17:09:29] Konu	Kanal konusu: "PiSi Linux kullanıcıları sohbet ve yardımlaşma odasına hoşgeldiniz. // Uzun metin yapıştırmak için: http://sudrap.org/paste // Pisi Linux Web Sayfası: www.pisilinux.org - Pisi Linux Geliştirici Blogu: http://team.pisilinux.org - Pisi Linux  World: www.pisilinuxworld.org // Pisi Linux için Wiki: www.wiki.pisilinux.org".
[12 Temmuz 2014 Cumartesi] [17:09:29] Konu	Konu namso-01!~ata@unaffiliated/namso-01 tarafından 21-03-2014 21:23 tarihinde ayarlandı.
[12 Temmuz 2014 Cumartesi] [17:09:29] Adres	Kanal Adresi: http://pisilinux.org
[12 Temmuz 2014 Cumartesi] [17:09:30] Kip	Kanal kipleri: hiçbir renge izin yok, dışarıdan mesaj yok, konu koruması
[12 Temmuz 2014 Cumartesi] [17:09:30] Oluşturulma zamanı	Bu kanal 25-02-2013 19:49 tarihinde kuruldu.
[12 Temmuz 2014 Cumartesi] [17:16:11] Katıl	You (~vedat@78.174.211.14) have joined the channel #pisi-linux.
[12 Temmuz 2014 Cumartesi] [17:16:11] Konu	Kanal konusu: "PiSi Linux kullanıcıları sohbet ve yardımlaşma odasına hoşgeldiniz. // Uzun metin yapıştırmak için: http://sudrap.org/paste // Pisi Linux Web Sayfası: www.pisilinux.org - Pisi Linux Geliştirici Blogu: http://team.pisilinux.org - Pisi Linux  World: www.pisilinuxworld.org // Pisi Linux için Wiki: www.wiki.pisilinux.org".
[12 Temmuz 2014 Cumartesi] [17:16:11] Konu	Konu namso-01!~ata@unaffiliated/namso-01 tarafından 21-03-2014 21:23 tarihinde ayarlandı.
[12 Temmuz 2014 Cumartesi] [17:16:11] Adres	Kanal Adresi: http://pisilinux.org
[12 Temmuz 2014 Cumartesi] [17:16:13] Kip	Kanal kipleri: hiçbir renge izin yok, dışarıdan mesaj yok, konu koruması
[12 Temmuz 2014 Cumartesi] [17:16:13] Oluşturulma zamanı	Bu kanal 25-02-2013 19:49 tarihinde kuruldu.
[12 Temmuz 2014 Cumartesi] [17:21:40] <eersoy93>	Bana müsaade.
[12 Temmuz 2014 Cumartesi] [17:21:56] <eersoy93>	Kararlı sürümü bekliyorum.
[12 Temmuz 2014 Cumartesi] [17:22:13] <eersoy93>	http://sourceforge.net/projects/win32diskimager/
[12 Temmuz 2014 Cumartesi] [17:22:38] <eersoy93>	Win32 Disk ımager ile Pisi'yi Flash belleğe sorunsuz yazdırabilir miyim?
[12 Temmuz 2014 Cumartesi] [17:23:17] <vedat>	yes
[12 Temmuz 2014 Cumartesi] [17:24:59] <eersoy93>	Tamam.
[12 Temmuz 2014 Cumartesi] [17:25:07] <eersoy93>	iyi günler, hayırlı ramazanlar.
[12 Temmuz 2014 Cumartesi] [17:57:12] Çıkış	namso-01 (~ata@unaffiliated/namso-01) has left this server (Quit: Konversation terminated!).
[12 Temmuz 2014 Cumartesi] [17:58:43] Çıkış	suvari (~suvari@88.226.47.84) has left this server (Quit: Konversation terminated!).
[12 Temmuz 2014 Cumartesi] [18:01:11] Katıl	suvari (~suvari@88.226.47.84) has joined this channel.
[12 Temmuz 2014 Cumartesi] [18:01:22] Katıl	namso-01 (~ata@95.7.25.61) has joined this channel.
[12 Temmuz 2014 Cumartesi] [18:01:22] Çıkış	namso-01 (~ata@95.7.25.61) has left this server (Changing host).
[12 Temmuz 2014 Cumartesi] [18:01:22] Katıl	namso-01 (~ata@unaffiliated/namso-01) has joined this channel.
[12 Temmuz 2014 Cumartesi] [18:15:47] Çıkış	eersoy93 (~eersoy93@88.235.12.72) has left this server (Quit: Quitting).
[12 Temmuz 2014 Cumartesi] [18:40:19] Katıl	You (~vedat@78.174.211.14) have joined the channel #pisi-linux.
[12 Temmuz 2014 Cumartesi] [18:40:19] Konu	Kanal konusu: "PiSi Linux kullanıcıları sohbet ve yardımlaşma odasına hoşgeldiniz. // Uzun metin yapıştırmak için: http://sudrap.org/paste // Pisi Linux Web Sayfası: www.pisilinux.org - Pisi Linux Geliştirici Blogu: http://team.pisilinux.org - Pisi Linux  World: www.pisilinuxworld.org // Pisi Linux için Wiki: www.wiki.pisilinux.org".
[12 Temmuz 2014 Cumartesi] [18:40:20] Konu	Konu namso-01!~ata@unaffiliated/namso-01 tarafından 21-03-2014 21:23 tarihinde ayarlandı.
[12 Temmuz 2014 Cumartesi] [18:40:20] Adres	Kanal Adresi: http://pisilinux.org
[12 Temmuz 2014 Cumartesi] [18:40:20] Duyuru	-ChanServ- [#pisi-devel] merhaba - hi!
[12 Temmuz 2014 Cumartesi] [18:40:22] Kip	Kanal kipleri: hiçbir renge izin yok, dışarıdan mesaj yok, konu koruması
[12 Temmuz 2014 Cumartesi] [18:40:22] Oluşturulma zamanı	Bu kanal 25-02-2013 19:49 tarihinde kuruldu.
[12 Temmuz 2014 Cumartesi] [18:45:25] Çıkış	sebo28 (~sebo28@unaffiliated/pardusdover) has left this server (Quit: Konversation terminated!).
[12 Temmuz 2014 Cumartesi] [18:53:35] Katıl	sebo28 (~sebo28@88.240.246.50) has joined this channel.
[12 Temmuz 2014 Cumartesi] [18:53:35] Çıkış	sebo28 (~sebo28@88.240.246.50) has left this server (Changing host).
[12 Temmuz 2014 Cumartesi] [18:53:35] Katıl	sebo28 (~sebo28@unaffiliated/pardusdover) has joined this channel.
[12 Temmuz 2014 Cumartesi] [19:05:09] Katıl	You (~vedat@78.174.211.14) have joined the channel #pisi-linux.
[12 Temmuz 2014 Cumartesi] [19:05:09] Konu	Kanal konusu: "PiSi Linux kullanıcıları sohbet ve yardımlaşma odasına hoşgeldiniz. // Uzun metin yapıştırmak için: http://sudrap.org/paste // Pisi Linux Web Sayfası: www.pisilinux.org - Pisi Linux Geliştirici Blogu: http://team.pisilinux.org - Pisi Linux  World: www.pisilinuxworld.org // Pisi Linux için Wiki: www.wiki.pisilinux.org".
[12 Temmuz 2014 Cumartesi] [19:05:09] Konu	Konu namso-01!~ata@unaffiliated/namso-01 tarafından 21-03-2014 21:23 tarihinde ayarlandı.
[12 Temmuz 2014 Cumartesi] [19:05:09] Adres	Kanal Adresi: http://pisilinux.org
[12 Temmuz 2014 Cumartesi] [19:05:11] Kip	Kanal kipleri: hiçbir renge izin yok, dışarıdan mesaj yok, konu koruması
[12 Temmuz 2014 Cumartesi] [19:05:11] Oluşturulma zamanı	Bu kanal 25-02-2013 19:49 tarihinde kuruldu.
[12 Temmuz 2014 Cumartesi] [19:08:17] Çıkış	sebo28 (~sebo28@unaffiliated/pardusdover) has left this server (Quit: Konversation terminated!).

*** Günlük dosyası
*** Cmt Tem 12 19:53:08 2014 zamanında başladı

[12 Temmuz 2014 Cumartesi] [19:53:08] Katıl	You (~vedat@78.174.211.14) have joined the channel #pisi-linux.
[12 Temmuz 2014 Cumartesi] [19:53:08] Konu	Kanal konusu: "PiSi Linux kullanıcıları sohbet ve yardımlaşma odasına hoşgeldiniz. // Uzun metin yapıştırmak için: http://sudrap.org/paste // Pisi Linux Web Sayfası: www.pisilinux.org - Pisi Linux Geliştirici Blogu: http://team.pisilinux.org - Pisi Linux  World: www.pisilinuxworld.org // Pisi Linux için Wiki: www.wiki.pisilinux.org".
[12 Temmuz 2014 Cumartesi] [19:53:08] Konu	Konu namso-01!~ata@unaffiliated/namso-01 tarafından 21-03-2014 21:23 tarihinde ayarlandı.
[12 Temmuz 2014 Cumartesi] [19:53:08] Adres	Kanal Adresi: http://pisilinux.org
[12 Temmuz 2014 Cumartesi] [19:53:11] Kip	Kanal kipleri: hiçbir renge izin yok, dışarıdan mesaj yok, konu koruması
[12 Temmuz 2014 Cumartesi] [19:53:11] Oluşturulma zamanı	Bu kanal 25-02-2013 19:49 tarihinde kuruldu.
[12 Temmuz 2014 Cumartesi] [19:53:20] <namso-01>	pulseaudio kurunca düzedi.
[12 Temmuz 2014 Cumartesi] [19:53:22] <namso-01>	düzeldi.
[12 Temmuz 2014 Cumartesi] [19:54:38] <cengiz_>	bende de önceleri olay seslerinde sorun oldu sesi kısıyordum ama bir olayda ses seviyesi hemen %100 e çıkıyordu
[12 Temmuz 2014 Cumartesi] [19:55:11] <eersoy93>	Şimdi yoksa kapatılabilir.
[12 Temmuz 2014 Cumartesi] [19:55:32] <cengiz_>	şimdi yok sorun
[12 Temmuz 2014 Cumartesi] [19:55:38] <eersoy93>	O zaman kapatılsın.
[12 Temmuz 2014 Cumartesi] [19:55:43] <eersoy93>	Şimdi sıra bunda:
[12 Temmuz 2014 Cumartesi] [19:55:44] <eersoy93>	https://github.com/pisilinux/PisiLinux/issues/44
[12 Temmuz 2014 Cumartesi] [19:55:53] <eersoy93>	Bunu şimdi denediniz mi?
[12 Temmuz 2014 Cumartesi] [19:57:10] <eersoy93>	unetbootin'i yâni?
[12 Temmuz 2014 Cumartesi] [19:58:22] <namso-01>	hatayı anlamadım
[12 Temmuz 2014 Cumartesi] [20:00:44] <eersoy93>	Yazdırma işlemi, 2-3 sâniye sonra bitiyor.
[12 Temmuz 2014 Cumartesi] [20:03:59] <eersoy93>	Yâni yazdırma işlemi 2-3 sâniye çalışıyor, ondan sonra yazdırmayı kesiyor.
[12 Temmuz 2014 Cumartesi] [20:06:33] <eersoy93>	Ben iftara gideceğim.
[12 Temmuz 2014 Cumartesi] [20:06:39] <eersoy93>	Yarın görüşürüz.
[12 Temmuz 2014 Cumartesi] [20:06:41] <eersoy93>	iyi günler.
[12 Temmuz 2014 Cumartesi] [20:07:08] <namso-01>	iyi günler
[12 Temmuz 2014 Cumartesi] [20:07:36] <eersoy93>	Şu an imkânı olan unetbootin'i deneyebilir mi?
[12 Temmuz 2014 Cumartesi] [20:07:41] <eersoy93>	ve pulseaudio'yu?
[12 Temmuz 2014 Cumartesi] [20:07:54] <eersoy93>	Kuyruğunun ucuna gelmişik.
[12 Temmuz 2014 Cumartesi] [20:08:34] Çıkış	eersoy93 (~eersoy93@88.235.12.72) has left this server (Quit: Quitting).
[12 Temmuz 2014 Cumartesi] [20:18:32] Katıl	You (~vedat@78.174.211.14) have joined the channel #pisi-linux.
[12 Temmuz 2014 Cumartesi] [20:18:32] Konu	Kanal konusu: "PiSi Linux kullanıcıları sohbet ve yardımlaşma odasına hoşgeldiniz. // Uzun metin yapıştırmak için: http://sudrap.org/paste // Pisi Linux Web Sayfası: www.pisilinux.org - Pisi Linux Geliştirici Blogu: http://team.pisilinux.org - Pisi Linux  World: www.pisilinuxworld.org // Pisi Linux için Wiki: www.wiki.pisilinux.org".
[12 Temmuz 2014 Cumartesi] [20:18:32] Konu	Konu namso-01!~ata@unaffiliated/namso-01 tarafından 21-03-2014 21:23 tarihinde ayarlandı.
[12 Temmuz 2014 Cumartesi] [20:18:33] Adres	Kanal Adresi: http://pisilinux.org
[12 Temmuz 2014 Cumartesi] [20:18:33] Duyuru	-ChanServ- [#pisi-devel] merhaba - hi!
[12 Temmuz 2014 Cumartesi] [20:18:35] Kip	Kanal kipleri: hiçbir renge izin yok, dışarıdan mesaj yok, konu koruması
[12 Temmuz 2014 Cumartesi] [20:18:35] Oluşturulma zamanı	Bu kanal 25-02-2013 19:49 tarihinde kuruldu.
[12 Temmuz 2014 Cumartesi] [20:57:48] Çıkış	namso-01 (~ata@unaffiliated/namso-01) has left this server (Quit: Konversation terminated!).
[12 Temmuz 2014 Cumartesi] [20:59:30] Katıl	slarikan (~slarikan@88.226.251.184) has joined this channel.
[12 Temmuz 2014 Cumartesi] [21:00:31] <slarikan>	slm
[12 Temmuz 2014 Cumartesi] [21:01:22] Katıl	namso-01 (~ata@unaffiliated/namso-01) has joined this channel.
[12 Temmuz 2014 Cumartesi] [21:18:19] Katıl	erturk (~erturk@212.252.166.207) has joined this channel.
[12 Temmuz 2014 Cumartesi] [21:25:09] <vedat>	selam
[12 Temmuz 2014 Cumartesi] [21:34:20] Katıl	Cheops (~Cheops@unaffiliated/cheops) has joined this channel.
[12 Temmuz 2014 Cumartesi] [21:51:02] Çıkış	slarikan (~slarikan@88.226.251.184) has left this server (Quit: Konversation terminated!).
[12 Temmuz 2014 Cumartesi] [22:01:20] Çıkış	sebo28 (~sebo28@unaffiliated/pardusdover) has left this server (Quit: Konversation terminated!).
[12 Temmuz 2014 Cumartesi] [22:16:18] Çıkış	namso-01 (~ata@unaffiliated/namso-01) has left this server (Ping timeout: 240 seconds).
[12 Temmuz 2014 Cumartesi] [22:35:36] Çıkış	erturk (~erturk@212.252.166.207) has left this server (Quit: Konversation terminated!).
[12 Temmuz 2014 Cumartesi] [22:39:49] Katıl	erturk (~erturk@212.252.166.207) has joined this channel.
[12 Temmuz 2014 Cumartesi] [22:55:59] Çıkış	erturk (~erturk@212.252.166.207) has left this server (Quit: Konversation terminated!).
[12 Temmuz 2014 Cumartesi] [22:56:10] Katıl	erturk (~erturk@212.252.166.207) has joined this channel.
[12 Temmuz 2014 Cumartesi] [22:58:19] Çıkış	cengiz_ (~cengiz@5.47.73.236) has left this server (Quit: Konversation terminated!).

*** Günlük dosyası
*** Cmt Tem 12 23:04:50 2014 zamanında başladı

[12 Temmuz 2014 Cumartesi] [23:04:50] Katıl	You (~vedat@78.174.211.14) have joined the channel #pisi-linux.
[12 Temmuz 2014 Cumartesi] [23:04:50] Konu	Kanal konusu: "PiSi Linux kullanıcıları sohbet ve yardımlaşma odasına hoşgeldiniz. // Uzun metin yapıştırmak için: http://sudrap.org/paste // Pisi Linux Web Sayfası: www.pisilinux.org - Pisi Linux Geliştirici Blogu: http://team.pisilinux.org - Pisi Linux  World: www.pisilinuxworld.org // Pisi Linux için Wiki: www.wiki.pisilinux.org".
[12 Temmuz 2014 Cumartesi] [23:04:50] Konu	Konu namso-01!~ata@unaffiliated/namso-01 tarafından 21-03-2014 21:23 tarihinde ayarlandı.
[12 Temmuz 2014 Cumartesi] [23:04:50] Adres	Kanal Adresi: http://pisilinux.org
[12 Temmuz 2014 Cumartesi] [23:04:52] Kip	Kanal kipleri: hiçbir renge izin yok, dışarıdan mesaj yok, konu koruması
[12 Temmuz 2014 Cumartesi] [23:04:52] Oluşturulma zamanı	Bu kanal 25-02-2013 19:49 tarihinde kuruldu.

*** Günlük dosyası
*** Cmt Tem 12 23:11:50 2014 zamanında başladı

[12 Temmuz 2014 Cumartesi] [23:11:50] Katıl	You (~vedat@78.174.211.14) have joined the channel #pisi-linux.
[12 Temmuz 2014 Cumartesi] [23:11:50] Konu	Kanal konusu: "PiSi Linux kullanıcıları sohbet ve yardımlaşma odasına hoşgeldiniz. // Uzun metin yapıştırmak için: http://sudrap.org/paste // Pisi Linux Web Sayfası: www.pisilinux.org - Pisi Linux Geliştirici Blogu: http://team.pisilinux.org - Pisi Linux  World: www.pisilinuxworld.org // Pisi Linux için Wiki: www.wiki.pisilinux.org".
[12 Temmuz 2014 Cumartesi] [23:11:50] Konu	Konu namso-01!~ata@unaffiliated/namso-01 tarafından 21-03-2014 21:23 tarihinde ayarlandı.
[12 Temmuz 2014 Cumartesi] [23:11:50] Adres	Kanal Adresi: http://pisilinux.org
[12 Temmuz 2014 Cumartesi] [23:11:52] Kip	Kanal kipleri: hiçbir renge izin yok, dışarıdan mesaj yok, konu koruması
[12 Temmuz 2014 Cumartesi] [23:11:52] Oluşturulma zamanı	Bu kanal 25-02-2013 19:49 tarihinde kuruldu.

*** Günlük dosyası
*** Cmt Tem 12 23:14:29 2014 zamanında başladı

[12 Temmuz 2014 Cumartesi] [23:14:29] Katıl	You (~vedat@78.174.211.14) have joined the channel #pisi-linux.
[12 Temmuz 2014 Cumartesi] [23:14:29] Konu	Kanal konusu: "PiSi Linux kullanıcıları sohbet ve yardımlaşma odasına hoşgeldiniz. // Uzun metin yapıştırmak için: http://sudrap.org/paste // Pisi Linux Web Sayfası: www.pisilinux.org - Pisi Linux Geliştirici Blogu: http://team.pisilinux.org - Pisi Linux  World: www.pisilinuxworld.org // Pisi Linux için Wiki: www.wiki.pisilinux.org".
[12 Temmuz 2014 Cumartesi] [23:14:29] Konu	Konu namso-01!~ata@unaffiliated/namso-01 tarafından 21-03-2014 21:23 tarihinde ayarlandı.
[12 Temmuz 2014 Cumartesi] [23:14:29] Adres	Kanal Adresi: http://pisilinux.org
[12 Temmuz 2014 Cumartesi] [23:14:30] Kip	Kanal kipleri: hiçbir renge izin yok, dışarıdan mesaj yok, konu koruması
[12 Temmuz 2014 Cumartesi] [23:14:31] Oluşturulma zamanı	Bu kanal 25-02-2013 19:49 tarihinde kuruldu.
[12 Temmuz 2014 Cumartesi] [23:21:35] Çıkış	erturk (~erturk@212.252.166.207) has left this server (Quit: Konversation terminated!).
[12 Temmuz 2014 Cumartesi] [23:31:56] Çıkış	Cheops (~Cheops@unaffiliated/cheops) has left this server (Ping timeout: 260 seconds).

*** Günlük dosyası
*** Cmt Tem 12 23:36:27 2014 zamanında başladı

[12 Temmuz 2014 Cumartesi] [23:36:27] Katıl	You (~vedat@78.174.211.14) have joined the channel #pisi-linux.
[12 Temmuz 2014 Cumartesi] [23:36:28] Konu	Kanal konusu: "PiSi Linux kullanıcıları sohbet ve yardımlaşma odasına hoşgeldiniz. // Uzun metin yapıştırmak için: http://sudrap.org/paste // Pisi Linux Web Sayfası: www.pisilinux.org - Pisi Linux Geliştirici Blogu: http://team.pisilinux.org - Pisi Linux  World: www.pisilinuxworld.org // Pisi Linux için Wiki: www.wiki.pisilinux.org".
[12 Temmuz 2014 Cumartesi] [23:36:28] Konu	Konu namso-01!~ata@unaffiliated/namso-01 tarafından 21-03-2014 21:23 tarihinde ayarlandı.
[12 Temmuz 2014 Cumartesi] [23:36:28] Adres	Kanal Adresi: http://pisilinux.org
[12 Temmuz 2014 Cumartesi] [23:36:30] Kip	Kanal kipleri: hiçbir renge izin yok, dışarıdan mesaj yok, konu koruması
[12 Temmuz 2014 Cumartesi] [23:36:30] Oluşturulma zamanı	Bu kanal 25-02-2013 19:49 tarihinde kuruldu.
[13 Temmuz 2014 Pazar] [00:03:21] Çıkış	slarikan (~slarikan@88.226.251.184) has left this server (Quit: Leaving).

*** Günlük dosyası
*** Paz Tem 13 00:09:40 2014 zamanında başladı

[13 Temmuz 2014 Pazar] [00:09:40] Katıl	You (~vedat@78.174.211.14) have joined the channel #pisi-linux.
[13 Temmuz 2014 Pazar] [00:09:40] Konu	Kanal konusu: "PiSi Linux kullanıcıları sohbet ve yardımlaşma odasına hoşgeldiniz. // Uzun metin yapıştırmak için: http://sudrap.org/paste // Pisi Linux Web Sayfası: www.pisilinux.org - Pisi Linux Geliştirici Blogu: http://team.pisilinux.org - Pisi Linux  World: www.pisilinuxworld.org // Pisi Linux için Wiki: www.wiki.pisilinux.org".
[13 Temmuz 2014 Pazar] [00:09:40] Konu	Konu namso-01!~ata@unaffiliated/namso-01 tarafından 21-03-2014 21:23 tarihinde ayarlandı.
[13 Temmuz 2014 Pazar] [00:09:40] Adres	Kanal Adresi: http://pisilinux.org
[13 Temmuz 2014 Pazar] [00:09:42] Kip	Kanal kipleri: hiçbir renge izin yok, dışarıdan mesaj yok, konu koruması
[13 Temmuz 2014 Pazar] [00:09:42] Oluşturulma zamanı	Bu kanal 25-02-2013 19:49 tarihinde kuruldu.

*** Günlük dosyası
*** Paz Tem 13 00:14:08 2014 zamanında başladı

[13 Temmuz 2014 Pazar] [00:14:08] Katıl	You (~vedat@78.174.211.14) have joined the channel #pisi-linux.
[13 Temmuz 2014 Pazar] [00:14:08] Konu	Kanal konusu: "PiSi Linux kullanıcıları sohbet ve yardımlaşma odasına hoşgeldiniz. // Uzun metin yapıştırmak için: http://sudrap.org/paste // Pisi Linux Web Sayfası: www.pisilinux.org - Pisi Linux Geliştirici Blogu: http://team.pisilinux.org - Pisi Linux  World: www.pisilinuxworld.org // Pisi Linux için Wiki: www.wiki.pisilinux.org".
[13 Temmuz 2014 Pazar] [00:14:08] Konu	Konu namso-01!~ata@unaffiliated/namso-01 tarafından 21-03-2014 21:23 tarihinde ayarlandı.
[13 Temmuz 2014 Pazar] [00:14:08] Adres	Kanal Adresi: http://pisilinux.org
[13 Temmuz 2014 Pazar] [00:14:11] Kip	Kanal kipleri: hiçbir renge izin yok, dışarıdan mesaj yok, konu koruması
[13 Temmuz 2014 Pazar] [00:14:11] Oluşturulma zamanı	Bu kanal 25-02-2013 19:49 tarihinde kuruldu.
[13 Temmuz 2014 Pazar] [00:18:01] Katıl	turkuvaz (~turkuvaz@5.46.213.204) has joined this channel.
[13 Temmuz 2014 Pazar] [00:18:29] <turkuvaz>	selamlar
[13 Temmuz 2014 Pazar] [00:21:45] Part	turkuvaz (~turkuvaz@5.46.213.204) has left this channel.
[13 Temmuz 2014 Pazar] [00:22:02] Katıl	turkuvaz (~turkuvaz@5.46.213.204) has joined this channel.
[13 Temmuz 2014 Pazar] [00:48:42] Part	turkuvaz (~turkuvaz@5.46.213.204) has left this channel.

*** Günlük dosyası
*** Paz Tem 13 09:17:17 2014 zamanında başladı

[13 Temmuz 2014 Pazar] [09:17:17] Katıl	You (~vedat@78.174.212.38) have joined the channel #pisi-linux.
[13 Temmuz 2014 Pazar] [09:17:17] Konu	Kanal konusu: "PiSi Linux kullanıcıları sohbet ve yardımlaşma odasına hoşgeldiniz. // Uzun metin yapıştırmak için: http://sudrap.org/paste // Pisi Linux Web Sayfası: www.pisilinux.org - Pisi Linux Geliştirici Blogu: http://team.pisilinux.org - Pisi Linux  World: www.pisilinuxworld.org // Pisi Linux için Wiki: www.wiki.pisilinux.org".
[13 Temmuz 2014 Pazar] [09:17:17] Konu	Konu namso-01!~ata@unaffiliated/namso-01 tarafından 21-03-2014 21:23 tarihinde ayarlandı.
[13 Temmuz 2014 Pazar] [09:17:18] Kip	Kanal kipleri: hiçbir renge izin yok, dışarıdan mesaj yok, konu koruması
[13 Temmuz 2014 Pazar] [09:17:18] Oluşturulma zamanı	Bu kanal 25-02-2013 19:49 tarihinde kuruldu.

*** Günlük dosyası
*** Paz Tem 13 12:49:45 2014 zamanında başladı

[13 Temmuz 2014 Pazar] [12:49:45] Katıl	You (~vedat@78.174.212.38) have joined the channel #pisi-linux.
[13 Temmuz 2014 Pazar] [12:49:45] Konu	Kanal konusu: "PiSi Linux kullanıcıları sohbet ve yardımlaşma odasına hoşgeldiniz. // Uzun metin yapıştırmak için: http://sudrap.org/paste // Pisi Linux Web Sayfası: www.pisilinux.org - Pisi Linux Geliştirici Blogu: http://team.pisilinux.org - Pisi Linux  World: www.pisilinuxworld.org // Pisi Linux için Wiki: www.wiki.pisilinux.org".
[13 Temmuz 2014 Pazar] [12:49:45] Konu	Konu namso-01!~ata@unaffiliated/namso-01 tarafından 21-03-2014 21:23 tarihinde ayarlandı.
[13 Temmuz 2014 Pazar] [12:49:45] Adres	Kanal Adresi: http://pisilinux.org
[13 Temmuz 2014 Pazar] [12:49:48] Kip	Kanal kipleri: hiçbir renge izin yok, dışarıdan mesaj yok, konu koruması
[13 Temmuz 2014 Pazar] [12:49:48] Oluşturulma zamanı	Bu kanal 25-02-2013 19:49 tarihinde kuruldu.
[13 Temmuz 2014 Pazar] [13:12:11] Katıl	You (~vedat@78.174.212.38) have joined the channel #pisi-linux.
[13 Temmuz 2014 Pazar] [13:12:11] Konu	Kanal konusu: "PiSi Linux kullanıcıları sohbet ve yardımlaşma odasına hoşgeldiniz. // Uzun metin yapıştırmak için: http://sudrap.org/paste // Pisi Linux Web Sayfası: www.pisilinux.org - Pisi Linux Geliştirici Blogu: http://team.pisilinux.org - Pisi Linux  World: www.pisilinuxworld.org // Pisi Linux için Wiki: www.wiki.pisilinux.org".
[13 Temmuz 2014 Pazar] [13:12:11] Konu	Konu namso-01!~ata@unaffiliated/namso-01 tarafından 21-03-2014 21:23 tarihinde ayarlandı.
[13 Temmuz 2014 Pazar] [13:12:11] Adres	Kanal Adresi: http://pisilinux.org
[13 Temmuz 2014 Pazar] [13:12:13] Kip	Kanal kipleri: hiçbir renge izin yok, dışarıdan mesaj yok, konu koruması
[13 Temmuz 2014 Pazar] [13:12:14] Oluşturulma zamanı	Bu kanal 25-02-2013 19:49 tarihinde kuruldu.
[13 Temmuz 2014 Pazar] [14:07:18] Katıl	You (~vedat@78.174.212.38) have joined the channel #pisi-linux.
[13 Temmuz 2014 Pazar] [14:07:18] Konu	Kanal konusu: "PiSi Linux kullanıcıları sohbet ve yardımlaşma odasına hoşgeldiniz. // Uzun metin yapıştırmak için: http://sudrap.org/paste // Pisi Linux Web Sayfası: www.pisilinux.org - Pisi Linux Geliştirici Blogu: http://team.pisilinux.org - Pisi Linux  World: www.pisilinuxworld.org // Pisi Linux için Wiki: www.wiki.pisilinux.org".
[13 Temmuz 2014 Pazar] [14:07:18] Konu	Konu namso-01!~ata@unaffiliated/namso-01 tarafından 21-03-2014 21:23 tarihinde ayarlandı.
[13 Temmuz 2014 Pazar] [14:07:19] Adres	Kanal Adresi: http://pisilinux.org
[13 Temmuz 2014 Pazar] [14:07:20] Kip	Kanal kipleri: hiçbir renge izin yok, dışarıdan mesaj yok, konu koruması
[13 Temmuz 2014 Pazar] [14:07:20] Oluşturulma zamanı	Bu kanal 25-02-2013 19:49 tarihinde kuruldu.
[13 Temmuz 2014 Pazar] [14:28:28] Katıl	You (~vedat@78.174.212.38) have joined the channel #pisi-linux.
[13 Temmuz 2014 Pazar] [14:28:28] Konu	Kanal konusu: "PiSi Linux kullanıcıları sohbet ve yardımlaşma odasına hoşgeldiniz. // Uzun metin yapıştırmak için: http://sudrap.org/paste // Pisi Linux Web Sayfası: www.pisilinux.org - Pisi Linux Geliştirici Blogu: http://team.pisilinux.org - Pisi Linux  World: www.pisilinuxworld.org // Pisi Linux için Wiki: www.wiki.pisilinux.org".
[13 Temmuz 2014 Pazar] [14:28:28] Konu	Konu namso-01!~ata@unaffiliated/namso-01 tarafından 21-03-2014 21:23 tarihinde ayarlandı.
[13 Temmuz 2014 Pazar] [14:28:28] Adres	Kanal Adresi: http://pisilinux.org
[13 Temmuz 2014 Pazar] [14:28:29] Kip	Kanal kipleri: hiçbir renge izin yok, dışarıdan mesaj yok, konu koruması
[13 Temmuz 2014 Pazar] [14:28:29] Oluşturulma zamanı	Bu kanal 25-02-2013 19:49 tarihinde kuruldu.
[13 Temmuz 2014 Pazar] [14:53:41] Katıl	You (~vedat@78.174.212.38) have joined the channel #pisi-linux.
[13 Temmuz 2014 Pazar] [14:53:41] Konu	Kanal konusu: "PiSi Linux kullanıcıları sohbet ve yardımlaşma odasına hoşgeldiniz. // Uzun metin yapıştırmak için: http://sudrap.org/paste // Pisi Linux Web Sayfası: www.pisilinux.org - Pisi Linux Geliştirici Blogu: http://team.pisilinux.org - Pisi Linux  World: www.pisilinuxworld.org // Pisi Linux için Wiki: www.wiki.pisilinux.org".
[13 Temmuz 2014 Pazar] [14:53:41] Konu	Konu namso-01!~ata@unaffiliated/namso-01 tarafından 21-03-2014 21:23 tarihinde ayarlandı.
[13 Temmuz 2014 Pazar] [14:53:41] Adres	Kanal Adresi: http://pisilinux.org
[13 Temmuz 2014 Pazar] [14:53:41] Duyuru	-ChanServ- [#pisi-devel] merhaba - hi!
[13 Temmuz 2014 Pazar] [14:53:43] Kip	Kanal kipleri: hiçbir renge izin yok, dışarıdan mesaj yok, konu koruması
[13 Temmuz 2014 Pazar] [14:53:43] Oluşturulma zamanı	Bu kanal 25-02-2013 19:49 tarihinde kuruldu.
[13 Temmuz 2014 Pazar] [15:12:42] Katıl	You (~vedat@78.174.212.38) have joined the channel #pisi-linux.
[13 Temmuz 2014 Pazar] [15:12:42] Konu	Kanal konusu: "PiSi Linux kullanıcıları sohbet ve yardımlaşma odasına hoşgeldiniz. // Uzun metin yapıştırmak için: http://sudrap.org/paste // Pisi Linux Web Sayfası: www.pisilinux.org - Pisi Linux Geliştirici Blogu: http://team.pisilinux.org - Pisi Linux  World: www.pisilinuxworld.org // Pisi Linux için Wiki: www.wiki.pisilinux.org".
[13 Temmuz 2014 Pazar] [15:12:42] Konu	Konu namso-01!~ata@unaffiliated/namso-01 tarafından 21-03-2014 21:23 tarihinde ayarlandı.
[13 Temmuz 2014 Pazar] [15:12:42] Adres	Kanal Adresi: http://pisilinux.org
[13 Temmuz 2014 Pazar] [15:12:42] Duyuru	-ChanServ- [#pisi-devel] merhaba - hi!
[13 Temmuz 2014 Pazar] [15:12:43] Kip	Kanal kipleri: hiçbir renge izin yok, dışarıdan mesaj yok, konu koruması
[13 Temmuz 2014 Pazar] [15:12:43] Oluşturulma zamanı	Bu kanal 25-02-2013 19:49 tarihinde kuruldu.
[13 Temmuz 2014 Pazar] [15:20:56] Katıl	kits (~kadir@85.98.11.13) has joined this channel.

*** Günlük dosyası
*** Paz Tem 13 15:33:37 2014 zamanında başladı

[13 Temmuz 2014 Pazar] [15:33:37] Katıl	You (~vedat@78.174.212.38) have joined the channel #pisi-linux.
[13 Temmuz 2014 Pazar] [15:33:37] Konu	Kanal konusu: "PiSi Linux kullanıcıları sohbet ve yardımlaşma odasına hoşgeldiniz. // Uzun metin yapıştırmak için: http://sudrap.org/paste // Pisi Linux Web Sayfası: www.pisilinux.org - Pisi Linux Geliştirici Blogu: http://team.pisilinux.org - Pisi Linux  World: www.pisilinuxworld.org // Pisi Linux için Wiki: www.wiki.pisilinux.org".
[13 Temmuz 2014 Pazar] [15:33:37] Konu	Konu namso-01!~ata@unaffiliated/namso-01 tarafından 21-03-2014 21:23 tarihinde ayarlandı.
[13 Temmuz 2014 Pazar] [15:33:37] Adres	Kanal Adresi: http://pisilinux.org
[13 Temmuz 2014 Pazar] [15:33:39] Kip	Kanal kipleri: hiçbir renge izin yok, dışarıdan mesaj yok, konu koruması
[13 Temmuz 2014 Pazar] [15:33:39] Oluşturulma zamanı	Bu kanal 25-02-2013 19:49 tarihinde kuruldu.
[13 Temmuz 2014 Pazar] [15:54:57] Katıl	eersoy93 (~eersoy93@88.235.0.52) has joined this channel.
[13 Temmuz 2014 Pazar] [15:55:25] Çıkış	kolya (~kolya@5.18.61.86) has left this server (Quit: Konversation terminated!).
[13 Temmuz 2014 Pazar] [16:53:58] Katıl	You (~vedat@78.174.212.38) have joined the channel #pisi-linux.
[13 Temmuz 2014 Pazar] [16:53:58] Konu	Kanal konusu: "PiSi Linux kullanıcıları sohbet ve yardımlaşma odasına hoşgeldiniz. // Uzun metin yapıştırmak için: http://sudrap.org/paste // Pisi Linux Web Sayfası: www.pisilinux.org - Pisi Linux Geliştirici Blogu: http://team.pisilinux.org - Pisi Linux  World: www.pisilinuxworld.org // Pisi Linux için Wiki: www.wiki.pisilinux.org".
[13 Temmuz 2014 Pazar] [16:53:58] Konu	Konu namso-01!~ata@unaffiliated/namso-01 tarafından 21-03-2014 21:23 tarihinde ayarlandı.
[13 Temmuz 2014 Pazar] [16:53:58] Adres	Kanal Adresi: http://pisilinux.org
[13 Temmuz 2014 Pazar] [16:53:59] Kip	Kanal kipleri: hiçbir renge izin yok, dışarıdan mesaj yok, konu koruması
[13 Temmuz 2014 Pazar] [16:54:00] Oluşturulma zamanı	Bu kanal 25-02-2013 19:49 tarihinde kuruldu.
[13 Temmuz 2014 Pazar] [17:12:25] Katıl	You (~vedat@78.174.212.38) have joined the channel #pisi-linux.
[13 Temmuz 2014 Pazar] [17:12:25] Konu	Kanal konusu: "PiSi Linux kullanıcıları sohbet ve yardımlaşma odasına hoşgeldiniz. // Uzun metin yapıştırmak için: http://sudrap.org/paste // Pisi Linux Web Sayfası: www.pisilinux.org - Pisi Linux Geliştirici Blogu: http://team.pisilinux.org - Pisi Linux  World: www.pisilinuxworld.org // Pisi Linux için Wiki: www.wiki.pisilinux.org".
[13 Temmuz 2014 Pazar] [17:12:25] Konu	Konu namso-01!~ata@unaffiliated/namso-01 tarafından 21-03-2014 21:23 tarihinde ayarlandı.
[13 Temmuz 2014 Pazar] [17:12:25] Adres	Kanal Adresi: http://pisilinux.org
[13 Temmuz 2014 Pazar] [17:12:27] Kip	Kanal kipleri: hiçbir renge izin yok, dışarıdan mesaj yok, konu koruması
[13 Temmuz 2014 Pazar] [17:12:27] Oluşturulma zamanı	Bu kanal 25-02-2013 19:49 tarihinde kuruldu.
[13 Temmuz 2014 Pazar] [17:12:27] Katıl	turgay (~deneme@78.180.158.239) has joined this channel.
[13 Temmuz 2014 Pazar] [17:25:45] Katıl	You (~vedat@78.174.212.38) have joined the channel #pisi-linux.
[13 Temmuz 2014 Pazar] [17:25:45] Konu	Kanal konusu: "PiSi Linux kullanıcıları sohbet ve yardımlaşma odasına hoşgeldiniz. // Uzun metin yapıştırmak için: http://sudrap.org/paste // Pisi Linux Web Sayfası: www.pisilinux.org - Pisi Linux Geliştirici Blogu: http://team.pisilinux.org - Pisi Linux  World: www.pisilinuxworld.org // Pisi Linux için Wiki: www.wiki.pisilinux.org".
[13 Temmuz 2014 Pazar] [17:25:45] Konu	Konu namso-01!~ata@unaffiliated/namso-01 tarafından 21-03-2014 21:23 tarihinde ayarlandı.
[13 Temmuz 2014 Pazar] [17:25:47] Kip	Kanal kipleri: hiçbir renge izin yok, dışarıdan mesaj yok, konu koruması
[13 Temmuz 2014 Pazar] [17:25:47] Oluşturulma zamanı	Bu kanal 25-02-2013 19:49 tarihinde kuruldu.
[13 Temmuz 2014 Pazar] [17:25:50] Adres	Kanal Adresi: http://pisilinux.org
[13 Temmuz 2014 Pazar] [17:27:35] Çıkış	eersoy93 (~eersoy93@88.235.0.52) has left this server (Read error: Connection reset by peer).
[13 Temmuz 2014 Pazar] [17:28:22] Takma Ad	namso-001, şimdi namso-01 olarak biliniyor.
[13 Temmuz 2014 Pazar] [17:44:53] Katıl	You (~vedat@78.174.212.38) have joined the channel #pisi-linux.
[13 Temmuz 2014 Pazar] [17:44:53] Konu	Kanal konusu: "PiSi Linux kullanıcıları sohbet ve yardımlaşma odasına hoşgeldiniz. // Uzun metin yapıştırmak için: http://sudrap.org/paste // Pisi Linux Web Sayfası: www.pisilinux.org - Pisi Linux Geliştirici Blogu: http://team.pisilinux.org - Pisi Linux  World: www.pisilinuxworld.org // Pisi Linux için Wiki: www.wiki.pisilinux.org".
[13 Temmuz 2014 Pazar] [17:44:53] Konu	Konu namso-01!~ata@unaffiliated/namso-01 tarafından 21-03-2014 21:23 tarihinde ayarlandı.
[13 Temmuz 2014 Pazar] [17:44:53] Adres	Kanal Adresi: http://pisilinux.org
[13 Temmuz 2014 Pazar] [17:44:53] Duyuru	-ChanServ- [#pisi-devel] merhaba - hi!
[13 Temmuz 2014 Pazar] [17:44:55] Kip	Kanal kipleri: hiçbir renge izin yok, dışarıdan mesaj yok, konu koruması
[13 Temmuz 2014 Pazar] [17:44:55] Oluşturulma zamanı	Bu kanal 25-02-2013 19:49 tarihinde kuruldu.
[13 Temmuz 2014 Pazar] [17:57:02] Katıl	You (~vedat@78.174.212.38) have joined the channel #pisi-linux.
[13 Temmuz 2014 Pazar] [17:57:02] Konu	Kanal konusu: "PiSi Linux kullanıcıları sohbet ve yardımlaşma odasına hoşgeldiniz. // Uzun metin yapıştırmak için: http://sudrap.org/paste // Pisi Linux Web Sayfası: www.pisilinux.org - Pisi Linux Geliştirici Blogu: http://team.pisilinux.org - Pisi Linux  World: www.pisilinuxworld.org // Pisi Linux için Wiki: www.wiki.pisilinux.org".
[13 Temmuz 2014 Pazar] [17:57:02] Konu	Konu namso-01!~ata@unaffiliated/namso-01 tarafından 21-03-2014 21:23 tarihinde ayarlandı.
[13 Temmuz 2014 Pazar] [17:57:03] Adres	Kanal Adresi: http://pisilinux.org
[13 Temmuz 2014 Pazar] [17:57:04] Katıl	eersoy93 (~eersoy93@88.235.0.52) has joined this channel.
[13 Temmuz 2014 Pazar] [17:57:05] Kip	Kanal kipleri: hiçbir renge izin yok, dışarıdan mesaj yok, konu koruması
[13 Temmuz 2014 Pazar] [17:57:05] Oluşturulma zamanı	Bu kanal 25-02-2013 19:49 tarihinde kuruldu.
[13 Temmuz 2014 Pazar] [18:34:44] Katıl	You (~vedat@78.174.212.38) have joined the channel #pisi-linux.
[13 Temmuz 2014 Pazar] [18:34:44] Konu	Kanal konusu: "PiSi Linux kullanıcıları sohbet ve yardımlaşma odasına hoşgeldiniz. // Uzun metin yapıştırmak için: http://sudrap.org/paste // Pisi Linux Web Sayfası: www.pisilinux.org - Pisi Linux Geliştirici Blogu: http://team.pisilinux.org - Pisi Linux  World: www.pisilinuxworld.org // Pisi Linux için Wiki: www.wiki.pisilinux.org".
[13 Temmuz 2014 Pazar] [18:34:44] Konu	Konu namso-01!~ata@unaffiliated/namso-01 tarafından 21-03-2014 21:23 tarihinde ayarlandı.
[13 Temmuz 2014 Pazar] [18:34:44] Adres	Kanal Adresi: http://pisilinux.org
[13 Temmuz 2014 Pazar] [18:34:44] Duyuru	-ChanServ- [#pisi-devel] merhaba - hi!
[13 Temmuz 2014 Pazar] [18:34:46] Kip	Kanal kipleri: hiçbir renge izin yok, dışarıdan mesaj yok, konu koruması
[13 Temmuz 2014 Pazar] [18:34:46] Oluşturulma zamanı	Bu kanal 25-02-2013 19:49 tarihinde kuruldu.
[13 Temmuz 2014 Pazar] [18:53:32] Katıl	You (~vedat@78.174.212.38) have joined the channel #pisi-linux.
[13 Temmuz 2014 Pazar] [18:53:32] Konu	Kanal konusu: "PiSi Linux kullanıcıları sohbet ve yardımlaşma odasına hoşgeldiniz. // Uzun metin yapıştırmak için: http://sudrap.org/paste // Pisi Linux Web Sayfası: www.pisilinux.org - Pisi Linux Geliştirici Blogu: http://team.pisilinux.org - Pisi Linux  World: www.pisilinuxworld.org // Pisi Linux için Wiki: www.wiki.pisilinux.org".
[13 Temmuz 2014 Pazar] [18:53:32] Konu	Konu namso-01!~ata@unaffiliated/namso-01 tarafından 21-03-2014 21:23 tarihinde ayarlandı.
[13 Temmuz 2014 Pazar] [18:53:32] Adres	Kanal Adresi: http://pisilinux.org
[13 Temmuz 2014 Pazar] [18:53:32] Duyuru	-ChanServ- [#pisi-devel] merhaba - hi!
[13 Temmuz 2014 Pazar] [18:53:35] Kip	Kanal kipleri: hiçbir renge izin yok, dışarıdan mesaj yok, konu koruması
[13 Temmuz 2014 Pazar] [18:53:35] Oluşturulma zamanı	Bu kanal 25-02-2013 19:49 tarihinde kuruldu.
[13 Temmuz 2014 Pazar] [19:11:10] Katıl	You (~vedat@78.174.212.38) have joined the channel #pisi-linux.
[13 Temmuz 2014 Pazar] [19:11:10] Konu	Kanal konusu: "PiSi Linux kullanıcıları sohbet ve yardımlaşma odasına hoşgeldiniz. // Uzun metin yapıştırmak için: http://sudrap.org/paste // Pisi Linux Web Sayfası: www.pisilinux.org - Pisi Linux Geliştirici Blogu: http://team.pisilinux.org - Pisi Linux  World: www.pisilinuxworld.org // Pisi Linux için Wiki: www.wiki.pisilinux.org".
[13 Temmuz 2014 Pazar] [19:11:10] Konu	Konu namso-01!~ata@unaffiliated/namso-01 tarafından 21-03-2014 21:23 tarihinde ayarlandı.
[13 Temmuz 2014 Pazar] [19:11:10] Adres	Kanal Adresi: http://pisilinux.org
[13 Temmuz 2014 Pazar] [19:11:10] Duyuru	-ChanServ- [#pisi-devel] merhaba - hi!
[13 Temmuz 2014 Pazar] [19:11:11] Kip	Kanal kipleri: hiçbir renge izin yok, dışarıdan mesaj yok, konu koruması
[13 Temmuz 2014 Pazar] [19:11:12] Oluşturulma zamanı	Bu kanal 25-02-2013 19:49 tarihinde kuruldu.
[13 Temmuz 2014 Pazar] [19:11:48] Katıl	kolya (~kolya@5.18.61.86) has joined this channel.

*** Günlük dosyası
*** Paz Tem 13 19:29:43 2014 zamanında başladı

[13 Temmuz 2014 Pazar] [19:29:43] Katıl	You (~vedat@78.174.212.38) have joined the channel #pisi-linux.
[13 Temmuz 2014 Pazar] [19:29:43] Konu	Kanal konusu: "PiSi Linux kullanıcıları sohbet ve yardımlaşma odasına hoşgeldiniz. // Uzun metin yapıştırmak için: http://sudrap.org/paste // Pisi Linux Web Sayfası: www.pisilinux.org - Pisi Linux Geliştirici Blogu: http://team.pisilinux.org - Pisi Linux  World: www.pisilinuxworld.org // Pisi Linux için Wiki: www.wiki.pisilinux.org".
[13 Temmuz 2014 Pazar] [19:29:43] Konu	Konu namso-01!~ata@unaffiliated/namso-01 tarafından 21-03-2014 21:23 tarihinde ayarlandı.
[13 Temmuz 2014 Pazar] [19:29:43] Adres	Kanal Adresi: http://pisilinux.org
[13 Temmuz 2014 Pazar] [19:29:45] Kip	Kanal kipleri: hiçbir renge izin yok, dışarıdan mesaj yok, konu koruması
[13 Temmuz 2014 Pazar] [19:29:45] Oluşturulma zamanı	Bu kanal 25-02-2013 19:49 tarihinde kuruldu.

*** Günlük dosyası
*** Paz Tem 13 20:13:05 2014 zamanında başladı

[13 Temmuz 2014 Pazar] [20:13:05] Katıl	You (~vedat@78.174.212.38) have joined the channel #pisi-linux.
[13 Temmuz 2014 Pazar] [20:13:05] Konu	Kanal konusu: "PiSi Linux kullanıcıları sohbet ve yardımlaşma odasına hoşgeldiniz. // Uzun metin yapıştırmak için: http://sudrap.org/paste // Pisi Linux Web Sayfası: www.pisilinux.org - Pisi Linux Geliştirici Blogu: http://team.pisilinux.org - Pisi Linux  World: www.pisilinuxworld.org // Pisi Linux için Wiki: www.wiki.pisilinux.org".
[13 Temmuz 2014 Pazar] [20:13:05] Konu	Konu namso-01!~ata@unaffiliated/namso-01 tarafından 21-03-2014 21:23 tarihinde ayarlandı.
[13 Temmuz 2014 Pazar] [20:13:05] Adres	Kanal Adresi: http://pisilinux.org
[13 Temmuz 2014 Pazar] [20:13:07] Kip	Kanal kipleri: hiçbir renge izin yok, dışarıdan mesaj yok, konu koruması
[13 Temmuz 2014 Pazar] [20:13:07] Oluşturulma zamanı	Bu kanal 25-02-2013 19:49 tarihinde kuruldu.
[13 Temmuz 2014 Pazar] [20:29:57] Katıl	ekolojik (~heyula@88.253.242.32) has joined this channel.
[13 Temmuz 2014 Pazar] [20:29:57] Çıkış	ekolojik (~heyula@88.253.242.32) has left this server (Changing host).
[13 Temmuz 2014 Pazar] [20:29:57] Katıl	ekolojik (~heyula@unaffiliated/ekolojik) has joined this channel.
[13 Temmuz 2014 Pazar] [20:50:11] Katıl	namso-001 (~ata@85.99.141.69) has joined this channel.
[13 Temmuz 2014 Pazar] [20:52:46] Çıkış	namso-01 (~ata@85.99.179.94) has left this server (Ping timeout: 256 seconds).

*** Günlük dosyası
*** Paz Tem 13 21:08:08 2014 zamanında başladı

[13 Temmuz 2014 Pazar] [21:08:08] Katıl	You (~vedat@78.174.212.38) have joined the channel #pisi-linux.
[13 Temmuz 2014 Pazar] [21:08:08] Konu	Kanal konusu: "PiSi Linux kullanıcıları sohbet ve yardımlaşma odasına hoşgeldiniz. // Uzun metin yapıştırmak için: http://sudrap.org/paste // Pisi Linux Web Sayfası: www.pisilinux.org - Pisi Linux Geliştirici Blogu: http://team.pisilinux.org - Pisi Linux  World: www.pisilinuxworld.org // Pisi Linux için Wiki: www.wiki.pisilinux.org".
[13 Temmuz 2014 Pazar] [21:08:08] Konu	Konu namso-01!~ata@unaffiliated/namso-01 tarafından 21-03-2014 21:23 tarihinde ayarlandı.
[13 Temmuz 2014 Pazar] [21:08:08] Adres	Kanal Adresi: http://pisilinux.org
[13 Temmuz 2014 Pazar] [21:08:11] Kip	Kanal kipleri: hiçbir renge izin yok, dışarıdan mesaj yok, konu koruması
[13 Temmuz 2014 Pazar] [21:08:11] Oluşturulma zamanı	Bu kanal 25-02-2013 19:49 tarihinde kuruldu.

*** Günlük dosyası
*** Paz Tem 13 21:30:20 2014 zamanında başladı

[13 Temmuz 2014 Pazar] [21:30:20] Katıl	You (~vedat@78.174.212.38) have joined the channel #pisi-linux.
[13 Temmuz 2014 Pazar] [21:30:20] Konu	Kanal konusu: "PiSi Linux kullanıcıları sohbet ve yardımlaşma odasına hoşgeldiniz. // Uzun metin yapıştırmak için: http://sudrap.org/paste // Pisi Linux Web Sayfası: www.pisilinux.org - Pisi Linux Geliştirici Blogu: http://team.pisilinux.org - Pisi Linux  World: www.pisilinuxworld.org // Pisi Linux için Wiki: www.wiki.pisilinux.org".
[13 Temmuz 2014 Pazar] [21:30:20] Konu	Konu namso-01!~ata@unaffiliated/namso-01 tarafından 21-03-2014 21:23 tarihinde ayarlandı.
[13 Temmuz 2014 Pazar] [21:30:20] Adres	Kanal Adresi: http://pisilinux.org
[13 Temmuz 2014 Pazar] [21:30:21] Kip	Kanal kipleri: hiçbir renge izin yok, dışarıdan mesaj yok, konu koruması
[13 Temmuz 2014 Pazar] [21:30:21] Oluşturulma zamanı	Bu kanal 25-02-2013 19:49 tarihinde kuruldu.
[13 Temmuz 2014 Pazar] [21:48:08] Katıl	You (~vedat@78.174.212.38) have joined the channel #pisi-linux.
[13 Temmuz 2014 Pazar] [21:48:08] Konu	Kanal konusu: "PiSi Linux kullanıcıları sohbet ve yardımlaşma odasına hoşgeldiniz. // Uzun metin yapıştırmak için: http://sudrap.org/paste // Pisi Linux Web Sayfası: www.pisilinux.org - Pisi Linux Geliştirici Blogu: http://team.pisilinux.org - Pisi Linux  World: www.pisilinuxworld.org // Pisi Linux için Wiki: www.wiki.pisilinux.org".
[13 Temmuz 2014 Pazar] [21:48:08] Konu	Konu namso-01!~ata@unaffiliated/namso-01 tarafından 21-03-2014 21:23 tarihinde ayarlandı.
[13 Temmuz 2014 Pazar] [21:48:08] Adres	Kanal Adresi: http://pisilinux.org
[13 Temmuz 2014 Pazar] [21:48:08] Duyuru	-ChanServ- [#pisi-devel] merhaba - hi!
[13 Temmuz 2014 Pazar] [21:48:09] Kip	Kanal kipleri: hiçbir renge izin yok, dışarıdan mesaj yok, konu koruması
[13 Temmuz 2014 Pazar] [21:48:09] Oluşturulma zamanı	Bu kanal 25-02-2013 19:49 tarihinde kuruldu.
[13 Temmuz 2014 Pazar] [22:23:03] Katıl	taurus (~aydin@176.40.210.84) has joined this channel.
[13 Temmuz 2014 Pazar] [22:23:16] Çıkış	cengiz (~cengiz@5.47.90.156) has left this server (Quit: Konversation terminated!).
[13 Temmuz 2014 Pazar] [22:33:21] Takma Ad	namso-001, şimdi namso-01 olarak biliniyor.
[13 Temmuz 2014 Pazar] [22:50:32] Çıkış	taurus (~aydin@176.40.210.84) has left this server (Ping timeout: 240 seconds).
[13 Temmuz 2014 Pazar] [22:53:57] Katıl	taurus (~aydin@176.40.210.84) has joined this channel.

*** Günlük dosyası
*** Paz Tem 13 23:23:50 2014 zamanında başladı

[13 Temmuz 2014 Pazar] [23:23:50] Katıl	You (~vedat@78.174.212.38) have joined the channel #pisi-linux.
[13 Temmuz 2014 Pazar] [23:23:50] Konu	Kanal konusu: "PiSi Linux kullanıcıları sohbet ve yardımlaşma odasına hoşgeldiniz. // Uzun metin yapıştırmak için: http://sudrap.org/paste // Pisi Linux Web Sayfası: www.pisilinux.org - Pisi Linux Geliştirici Blogu: http://team.pisilinux.org - Pisi Linux  World: www.pisilinuxworld.org // Pisi Linux için Wiki: www.wiki.pisilinux.org".
[13 Temmuz 2014 Pazar] [23:23:50] Konu	Konu namso-01!~ata@unaffiliated/namso-01 tarafından 21-03-2014 21:23 tarihinde ayarlandı.
[13 Temmuz 2014 Pazar] [23:23:50] Adres	Kanal Adresi: http://pisilinux.org
[13 Temmuz 2014 Pazar] [23:23:51] Kip	Kanal kipleri: hiçbir renge izin yok, dışarıdan mesaj yok, konu koruması
[13 Temmuz 2014 Pazar] [23:23:52] Oluşturulma zamanı	Bu kanal 25-02-2013 19:49 tarihinde kuruldu.
[13 Temmuz 2014 Pazar] [23:56:07] Çıkış	slarikan (~slarikan@88.226.251.184) has left this server (Quit: Konversation terminated!).
[14 Temmuz 2014 Pazartesi] [00:09:23] Çıkış	taurus (~aydin@176.40.210.84) has left this server (Ping timeout: 240 seconds).
[14 Temmuz 2014 Pazartesi] [00:58:07] Katıl	slarikan (~slarikan@88.226.251.184) has joined this channel.
[14 Temmuz 2014 Pazartesi] [01:07:23] Çıkış	kolya (~kolya@5.18.61.86) has left this server (Quit: Konversation terminated!).
[14 Temmuz 2014 Pazartesi] [01:15:27] Çıkış	slarikan (~slarikan@88.226.251.184) has left this server (Quit: Konversation terminated!).

*** Günlük dosyası
*** Pzt Tem 14 12:29:53 2014 zamanında başladı

[14 Temmuz 2014 Pazartesi] [12:29:53] Katıl	You (~vedat@78.174.206.244) have joined the channel #pisi-linux.
[14 Temmuz 2014 Pazartesi] [12:29:53] Konu	Kanal konusu: "PiSi Linux kullanıcıları sohbet ve yardımlaşma odasına hoşgeldiniz. // Uzun metin yapıştırmak için: http://sudrap.org/paste // Pisi Linux Web Sayfası: www.pisilinux.org - Pisi Linux Geliştirici Blogu: http://team.pisilinux.org - Pisi Linux  World: www.pisilinuxworld.org // Pisi Linux için Wiki: www.wiki.pisilinux.org".
[14 Temmuz 2014 Pazartesi] [12:29:53] Konu	Konu namso-01!~ata@unaffiliated/namso-01 tarafından 21-03-2014 21:23 tarihinde ayarlandı.
[14 Temmuz 2014 Pazartesi] [12:29:54] Adres	Kanal Adresi: http://pisilinux.org
[14 Temmuz 2014 Pazartesi] [12:29:55] Kip	Kanal kipleri: hiçbir renge izin yok, dışarıdan mesaj yok, konu koruması
[14 Temmuz 2014 Pazartesi] [12:29:55] Oluşturulma zamanı	Bu kanal 25-02-2013 19:49 tarihinde kuruldu.

*** Günlük dosyası
*** Pzt Tem 14 14:21:54 2014 zamanında başladı

[14 Temmuz 2014 Pazartesi] [14:21:54] Katıl	You (~vedat@78.174.206.244) have joined the channel #pisi-linux.
[14 Temmuz 2014 Pazartesi] [14:21:54] Konu	Kanal konusu: "PiSi Linux kullanıcıları sohbet ve yardımlaşma odasına hoşgeldiniz. // Uzun metin yapıştırmak için: http://sudrap.org/paste // Pisi Linux Web Sayfası: www.pisilinux.org - Pisi Linux Geliştirici Blogu: http://team.pisilinux.org - Pisi Linux  World: www.pisilinuxworld.org // Pisi Linux için Wiki: www.wiki.pisilinux.org".
[14 Temmuz 2014 Pazartesi] [14:21:54] Konu	Konu namso-01!~ata@unaffiliated/namso-01 tarafından 21-03-2014 21:23 tarihinde ayarlandı.
[14 Temmuz 2014 Pazartesi] [14:21:54] Adres	Kanal Adresi: http://pisilinux.org
[14 Temmuz 2014 Pazartesi] [14:21:57] Kip	Kanal kipleri: hiçbir renge izin yok, dışarıdan mesaj yok, konu koruması
[14 Temmuz 2014 Pazartesi] [14:21:57] Oluşturulma zamanı	Bu kanal 25-02-2013 19:49 tarihinde kuruldu.
[14 Temmuz 2014 Pazartesi] [15:00:36] Katıl	You (~vedat@78.174.206.244) have joined the channel #pisi-linux.
[14 Temmuz 2014 Pazartesi] [15:00:36] Konu	Kanal konusu: "PiSi Linux kullanıcıları sohbet ve yardımlaşma odasına hoşgeldiniz. // Uzun metin yapıştırmak için: http://sudrap.org/paste // Pisi Linux Web Sayfası: www.pisilinux.org - Pisi Linux Geliştirici Blogu: http://team.pisilinux.org - Pisi Linux  World: www.pisilinuxworld.org // Pisi Linux için Wiki: www.wiki.pisilinux.org".
[14 Temmuz 2014 Pazartesi] [15:00:36] Konu	Konu namso-01!~ata@unaffiliated/namso-01 tarafından 21-03-2014 21:23 tarihinde ayarlandı.
[14 Temmuz 2014 Pazartesi] [15:00:36] Adres	Kanal Adresi: http://pisilinux.org
[14 Temmuz 2014 Pazartesi] [15:00:36] Duyuru	-ChanServ- [#pisi-devel] merhaba - hi!
[14 Temmuz 2014 Pazartesi] [15:00:36] Kip	Kanal kipleri: hiçbir renge izin yok, dışarıdan mesaj yok, konu koruması
[14 Temmuz 2014 Pazartesi] [15:00:36] Oluşturulma zamanı	Bu kanal 25-02-2013 19:49 tarihinde kuruldu.
[14 Temmuz 2014 Pazartesi] [15:23:33] Katıl	You (~vedat@78.174.206.244) have joined the channel #pisi-linux.
[14 Temmuz 2014 Pazartesi] [15:23:33] Konu	Kanal konusu: "PiSi Linux kullanıcıları sohbet ve yardımlaşma odasına hoşgeldiniz. // Uzun metin yapıştırmak için: http://sudrap.org/paste // Pisi Linux Web Sayfası: www.pisilinux.org - Pisi Linux Geliştirici Blogu: http://team.pisilinux.org - Pisi Linux  World: www.pisilinuxworld.org // Pisi Linux için Wiki: www.wiki.pisilinux.org".
[14 Temmuz 2014 Pazartesi] [15:23:33] Konu	Konu namso-01!~ata@unaffiliated/namso-01 tarafından 21-03-2014 21:23 tarihinde ayarlandı.
[14 Temmuz 2014 Pazartesi] [15:23:34] Adres	Kanal Adresi: http://pisilinux.org
[14 Temmuz 2014 Pazartesi] [15:23:34] Duyuru	-ChanServ- [#pisi-devel] merhaba - hi!
[14 Temmuz 2014 Pazartesi] [15:23:36] Kip	Kanal kipleri: hiçbir renge izin yok, dışarıdan mesaj yok, konu koruması
[14 Temmuz 2014 Pazartesi] [15:23:36] Oluşturulma zamanı	Bu kanal 25-02-2013 19:49 tarihinde kuruldu.
[14 Temmuz 2014 Pazartesi] [15:43:34] Katıl	You (~vedat@78.174.206.244) have joined the channel #pisi-linux.
[14 Temmuz 2014 Pazartesi] [15:43:34] Konu	Kanal konusu: "PiSi Linux kullanıcıları sohbet ve yardımlaşma odasına hoşgeldiniz. // Uzun metin yapıştırmak için: http://sudrap.org/paste // Pisi Linux Web Sayfası: www.pisilinux.org - Pisi Linux Geliştirici Blogu: http://team.pisilinux.org - Pisi Linux  World: www.pisilinuxworld.org // Pisi Linux için Wiki: www.wiki.pisilinux.org".
[14 Temmuz 2014 Pazartesi] [15:43:34] Konu	Konu namso-01!~ata@unaffiliated/namso-01 tarafından 21-03-2014 21:23 tarihinde ayarlandı.
[14 Temmuz 2014 Pazartesi] [15:43:34] Adres	Kanal Adresi: http://pisilinux.org
[14 Temmuz 2014 Pazartesi] [15:43:34] Duyuru	-ChanServ- [#pisi-devel] merhaba - hi!
[14 Temmuz 2014 Pazartesi] [15:43:35] Kip	Kanal kipleri: hiçbir renge izin yok, dışarıdan mesaj yok, konu koruması
[14 Temmuz 2014 Pazartesi] [15:43:36] Oluşturulma zamanı	Bu kanal 25-02-2013 19:49 tarihinde kuruldu.

*** Günlük dosyası
*** Pzt Tem 14 15:53:47 2014 zamanında başladı

[14 Temmuz 2014 Pazartesi] [15:53:47] Katıl	You (~vedat@78.174.206.244) have joined the channel #pisi-linux.
[14 Temmuz 2014 Pazartesi] [15:53:47] Konu	Kanal konusu: "PiSi Linux kullanıcıları sohbet ve yardımlaşma odasına hoşgeldiniz. // Uzun metin yapıştırmak için: http://sudrap.org/paste // Pisi Linux Web Sayfası: www.pisilinux.org - Pisi Linux Geliştirici Blogu: http://team.pisilinux.org - Pisi Linux  World: www.pisilinuxworld.org // Pisi Linux için Wiki: www.wiki.pisilinux.org".
[14 Temmuz 2014 Pazartesi] [15:53:47] Konu	Konu namso-01!~ata@unaffiliated/namso-01 tarafından 21-03-2014 21:23 tarihinde ayarlandı.
[14 Temmuz 2014 Pazartesi] [15:53:47] Adres	Kanal Adresi: http://pisilinux.org
[14 Temmuz 2014 Pazartesi] [15:53:49] Kip	Kanal kipleri: hiçbir renge izin yok, dışarıdan mesaj yok, konu koruması
[14 Temmuz 2014 Pazartesi] [15:53:49] Oluşturulma zamanı	Bu kanal 25-02-2013 19:49 tarihinde kuruldu.
[14 Temmuz 2014 Pazartesi] [16:16:11] Katıl	You (~vedat@78.174.206.244) have joined the channel #pisi-linux.
[14 Temmuz 2014 Pazartesi] [16:16:11] Konu	Kanal konusu: "PiSi Linux kullanıcıları sohbet ve yardımlaşma odasına hoşgeldiniz. // Uzun metin yapıştırmak için: http://sudrap.org/paste // Pisi Linux Web Sayfası: www.pisilinux.org - Pisi Linux Geliştirici Blogu: http://team.pisilinux.org - Pisi Linux  World: www.pisilinuxworld.org // Pisi Linux için Wiki: www.wiki.pisilinux.org".
[14 Temmuz 2014 Pazartesi] [16:16:11] Konu	Konu namso-01!~ata@unaffiliated/namso-01 tarafından 21-03-2014 21:23 tarihinde ayarlandı.
[14 Temmuz 2014 Pazartesi] [16:16:11] Adres	Kanal Adresi: http://pisilinux.org
[14 Temmuz 2014 Pazartesi] [16:16:13] Kip	Kanal kipleri: hiçbir renge izin yok, dışarıdan mesaj yok, konu koruması
[14 Temmuz 2014 Pazartesi] [16:16:13] Oluşturulma zamanı	Bu kanal 25-02-2013 19:49 tarihinde kuruldu.
[14 Temmuz 2014 Pazartesi] [16:24:14] Katıl	turgay (~deneme@95.13.68.37) has joined this channel.

*** Günlük dosyası
*** Pzt Tem 14 17:22:19 2014 zamanında başladı

[14 Temmuz 2014 Pazartesi] [17:22:19] Katıl	You (~vedat@78.174.206.244) have joined the channel #pisi-linux.
[14 Temmuz 2014 Pazartesi] [17:22:19] Konu	Kanal konusu: "PiSi Linux kullanıcıları sohbet ve yardımlaşma odasına hoşgeldiniz. // Uzun metin yapıştırmak için: http://sudrap.org/paste // Pisi Linux Web Sayfası: www.pisilinux.org - Pisi Linux Geliştirici Blogu: http://team.pisilinux.org - Pisi Linux  World: www.pisilinuxworld.org // Pisi Linux için Wiki: www.wiki.pisilinux.org".
[14 Temmuz 2014 Pazartesi] [17:22:19] Konu	Konu namso-01!~ata@unaffiliated/namso-01 tarafından 21-03-2014 21:23 tarihinde ayarlandı.
[14 Temmuz 2014 Pazartesi] [17:22:19] Adres	Kanal Adresi: http://pisilinux.org
[14 Temmuz 2014 Pazartesi] [17:22:21] Kip	Kanal kipleri: hiçbir renge izin yok, dışarıdan mesaj yok, konu koruması
[14 Temmuz 2014 Pazartesi] [17:22:21] Oluşturulma zamanı	Bu kanal 25-02-2013 19:49 tarihinde kuruldu.

*** Günlük dosyası
*** Pzt Tem 14 17:54:34 2014 zamanında başladı

[14 Temmuz 2014 Pazartesi] [17:54:34] Katıl	You (~vedat@78.174.206.244) have joined the channel #pisi-linux.
[14 Temmuz 2014 Pazartesi] [17:54:34] Konu	Kanal konusu: "PiSi Linux kullanıcıları sohbet ve yardımlaşma odasına hoşgeldiniz. // Uzun metin yapıştırmak için: http://sudrap.org/paste // Pisi Linux Web Sayfası: www.pisilinux.org - Pisi Linux Geliştirici Blogu: http://team.pisilinux.org - Pisi Linux  World: www.pisilinuxworld.org // Pisi Linux için Wiki: www.wiki.pisilinux.org".
[14 Temmuz 2014 Pazartesi] [17:54:34] Konu	Konu namso-01!~ata@unaffiliated/namso-01 tarafından 21-03-2014 21:23 tarihinde ayarlandı.
[14 Temmuz 2014 Pazartesi] [17:54:34] Adres	Kanal Adresi: http://pisilinux.org
[14 Temmuz 2014 Pazartesi] [17:54:36] Kip	Kanal kipleri: hiçbir renge izin yok, dışarıdan mesaj yok, konu koruması
[14 Temmuz 2014 Pazartesi] [17:54:36] Oluşturulma zamanı	Bu kanal 25-02-2013 19:49 tarihinde kuruldu.

*** Günlük dosyası
*** Pzt Tem 14 18:16:58 2014 zamanında başladı

[14 Temmuz 2014 Pazartesi] [18:16:58] Katıl	You (~vedat@78.174.206.244) have joined the channel #pisi-linux.
[14 Temmuz 2014 Pazartesi] [18:16:58] Konu	Kanal konusu: "PiSi Linux kullanıcıları sohbet ve yardımlaşma odasına hoşgeldiniz. // Uzun metin yapıştırmak için: http://sudrap.org/paste // Pisi Linux Web Sayfası: www.pisilinux.org - Pisi Linux Geliştirici Blogu: http://team.pisilinux.org - Pisi Linux  World: www.pisilinuxworld.org // Pisi Linux için Wiki: www.wiki.pisilinux.org".
[14 Temmuz 2014 Pazartesi] [18:16:58] Konu	Konu namso-01!~ata@unaffiliated/namso-01 tarafından 21-03-2014 21:23 tarihinde ayarlandı.
[14 Temmuz 2014 Pazartesi] [18:16:58] Adres	Kanal Adresi: http://pisilinux.org
[14 Temmuz 2014 Pazartesi] [18:17:00] Kip	Kanal kipleri: hiçbir renge izin yok, dışarıdan mesaj yok, konu koruması
[14 Temmuz 2014 Pazartesi] [18:17:00] Oluşturulma zamanı	Bu kanal 25-02-2013 19:49 tarihinde kuruldu.

*** Günlük dosyası
*** Pzt Tem 14 18:25:18 2014 zamanında başladı

[14 Temmuz 2014 Pazartesi] [18:25:18] Katıl	You (~vedat@78.174.206.244) have joined the channel #pisi-linux.
[14 Temmuz 2014 Pazartesi] [18:25:18] Konu	Kanal konusu: "PiSi Linux kullanıcıları sohbet ve yardımlaşma odasına hoşgeldiniz. // Uzun metin yapıştırmak için: http://sudrap.org/paste // Pisi Linux Web Sayfası: www.pisilinux.org - Pisi Linux Geliştirici Blogu: http://team.pisilinux.org - Pisi Linux  World: www.pisilinuxworld.org // Pisi Linux için Wiki: www.wiki.pisilinux.org".
[14 Temmuz 2014 Pazartesi] [18:25:18] Konu	Konu namso-01!~ata@unaffiliated/namso-01 tarafından 21-03-2014 21:23 tarihinde ayarlandı.
[14 Temmuz 2014 Pazartesi] [18:25:18] Adres	Kanal Adresi: http://pisilinux.org
[14 Temmuz 2014 Pazartesi] [18:25:20] Kip	Kanal kipleri: hiçbir renge izin yok, dışarıdan mesaj yok, konu koruması
[14 Temmuz 2014 Pazartesi] [18:25:20] Oluşturulma zamanı	Bu kanal 25-02-2013 19:49 tarihinde kuruldu.
[14 Temmuz 2014 Pazartesi] [18:56:25] Katıl	You (~vedat@78.174.206.244) have joined the channel #pisi-linux.
[14 Temmuz 2014 Pazartesi] [18:56:25] Konu	Kanal konusu: "PiSi Linux kullanıcıları sohbet ve yardımlaşma odasına hoşgeldiniz. // Uzun metin yapıştırmak için: http://sudrap.org/paste // Pisi Linux Web Sayfası: www.pisilinux.org - Pisi Linux Geliştirici Blogu: http://team.pisilinux.org - Pisi Linux  World: www.pisilinuxworld.org // Pisi Linux için Wiki: www.wiki.pisilinux.org".
[14 Temmuz 2014 Pazartesi] [18:56:25] Konu	Konu namso-01!~ata@unaffiliated/namso-01 tarafından 21-03-2014 21:23 tarihinde ayarlandı.
[14 Temmuz 2014 Pazartesi] [18:56:25] Adres	Kanal Adresi: http://pisilinux.org
[14 Temmuz 2014 Pazartesi] [18:56:28] Kip	Kanal kipleri: hiçbir renge izin yok, dışarıdan mesaj yok, konu koruması
[14 Temmuz 2014 Pazartesi] [18:56:28] Oluşturulma zamanı	Bu kanal 25-02-2013 19:49 tarihinde kuruldu.

*** Günlük dosyası
*** Pzt Tem 14 20:03:41 2014 zamanında başladı

[14 Temmuz 2014 Pazartesi] [20:03:41] Katıl	You (~vedat@78.174.206.244) have joined the channel #pisi-linux.
[14 Temmuz 2014 Pazartesi] [20:03:41] Konu	Kanal konusu: "PiSi Linux kullanıcıları sohbet ve yardımlaşma odasına hoşgeldiniz. // Uzun metin yapıştırmak için: http://sudrap.org/paste // Pisi Linux Web Sayfası: www.pisilinux.org - Pisi Linux Geliştirici Blogu: http://team.pisilinux.org - Pisi Linux  World: www.pisilinuxworld.org // Pisi Linux için Wiki: www.wiki.pisilinux.org".
[14 Temmuz 2014 Pazartesi] [20:03:41] Konu	Konu namso-01!~ata@unaffiliated/namso-01 tarafından 21-03-2014 21:23 tarihinde ayarlandı.
[14 Temmuz 2014 Pazartesi] [20:03:41] Adres	Kanal Adresi: http://pisilinux.org
[14 Temmuz 2014 Pazartesi] [20:03:43] Kip	Kanal kipleri: hiçbir renge izin yok, dışarıdan mesaj yok, konu koruması
[14 Temmuz 2014 Pazartesi] [20:03:43] Oluşturulma zamanı	Bu kanal 25-02-2013 19:49 tarihinde kuruldu.

*** Günlük dosyası
*** Pzt Tem 14 20:50:54 2014 zamanında başladı

[14 Temmuz 2014 Pazartesi] [20:50:54] Katıl	You (~vedat@78.174.206.244) have joined the channel #pisi-linux.
[14 Temmuz 2014 Pazartesi] [20:50:54] Konu	Kanal konusu: "PiSi Linux kullanıcıları sohbet ve yardımlaşma odasına hoşgeldiniz. // Uzun metin yapıştırmak için: http://sudrap.org/paste // Pisi Linux Web Sayfası: www.pisilinux.org - Pisi Linux Geliştirici Blogu: http://team.pisilinux.org - Pisi Linux  World: www.pisilinuxworld.org // Pisi Linux için Wiki: www.wiki.pisilinux.org".
[14 Temmuz 2014 Pazartesi] [20:50:54] Konu	Konu namso-01!~ata@unaffiliated/namso-01 tarafından 21-03-2014 21:23 tarihinde ayarlandı.
[14 Temmuz 2014 Pazartesi] [20:50:54] Adres	Kanal Adresi: http://pisilinux.org
[14 Temmuz 2014 Pazartesi] [20:50:55] Kip	Kanal kipleri: hiçbir renge izin yok, dışarıdan mesaj yok, konu koruması
[14 Temmuz 2014 Pazartesi] [20:50:55] Oluşturulma zamanı	Bu kanal 25-02-2013 19:49 tarihinde kuruldu.

*** Günlük dosyası
*** Pzt Tem 14 22:02:42 2014 zamanında başladı

[14 Temmuz 2014 Pazartesi] [22:02:42] Katıl	You (~vedat@78.174.206.244) have joined the channel #pisi-linux.
[14 Temmuz 2014 Pazartesi] [22:02:42] Konu	Kanal konusu: "PiSi Linux kullanıcıları sohbet ve yardımlaşma odasına hoşgeldiniz. // Uzun metin yapıştırmak için: http://sudrap.org/paste // Pisi Linux Web Sayfası: www.pisilinux.org - Pisi Linux Geliştirici Blogu: http://team.pisilinux.org - Pisi Linux  World: www.pisilinuxworld.org // Pisi Linux için Wiki: www.wiki.pisilinux.org".
[14 Temmuz 2014 Pazartesi] [22:02:42] Konu	Konu namso-01!~ata@unaffiliated/namso-01 tarafından 21-03-2014 21:23 tarihinde ayarlandı.
[14 Temmuz 2014 Pazartesi] [22:02:42] Adres	Kanal Adresi: http://pisilinux.org
[14 Temmuz 2014 Pazartesi] [22:02:44] Kip	Kanal kipleri: hiçbir renge izin yok, dışarıdan mesaj yok, konu koruması
[14 Temmuz 2014 Pazartesi] [22:02:44] Oluşturulma zamanı	Bu kanal 25-02-2013 19:49 tarihinde kuruldu.
[14 Temmuz 2014 Pazartesi] [22:33:58] Katıl	You (~vedat@78.174.206.244) have joined the channel #pisi-linux.
[14 Temmuz 2014 Pazartesi] [22:33:58] Konu	Kanal konusu: "PiSi Linux kullanıcıları sohbet ve yardımlaşma odasına hoşgeldiniz. // Uzun metin yapıştırmak için: http://sudrap.org/paste // Pisi Linux Web Sayfası: www.pisilinux.org - Pisi Linux Geliştirici Blogu: http://team.pisilinux.org - Pisi Linux  World: www.pisilinuxworld.org // Pisi Linux için Wiki: www.wiki.pisilinux.org".
[14 Temmuz 2014 Pazartesi] [22:33:58] Konu	Konu namso-01!~ata@unaffiliated/namso-01 tarafından 21-03-2014 21:23 tarihinde ayarlandı.
[14 Temmuz 2014 Pazartesi] [22:33:58] Adres	Kanal Adresi: http://pisilinux.org
[14 Temmuz 2014 Pazartesi] [22:33:58] Duyuru	-ChanServ- [#pisi-devel] merhaba - hi!
[14 Temmuz 2014 Pazartesi] [22:33:59] Kip	Kanal kipleri: hiçbir renge izin yok, dışarıdan mesaj yok, konu koruması
[14 Temmuz 2014 Pazartesi] [22:33:59] Oluşturulma zamanı	Bu kanal 25-02-2013 19:49 tarihinde kuruldu.
[14 Temmuz 2014 Pazartesi] [22:59:27] Çıkış	erturk (~erturk@212.252.166.94) has left this server (Quit: Konversation terminated!).
[14 Temmuz 2014 Pazartesi] [23:02:25] Katıl	erturk (~erturk@212.252.166.94) has joined this channel.
[14 Temmuz 2014 Pazartesi] [23:11:12] Çıkış	erturk (~erturk@212.252.166.94) has left this server (Quit: Konversation terminated!).
[14 Temmuz 2014 Pazartesi] [23:45:14] Katıl	You (~vedat@78.174.206.244) have joined the channel #pisi-linux.
[14 Temmuz 2014 Pazartesi] [23:45:14] Konu	Kanal konusu: "PiSi Linux kullanıcıları sohbet ve yardımlaşma odasına hoşgeldiniz. // Uzun metin yapıştırmak için: http://sudrap.org/paste // Pisi Linux Web Sayfası: www.pisilinux.org - Pisi Linux Geliştirici Blogu: http://team.pisilinux.org - Pisi Linux  World: www.pisilinuxworld.org // Pisi Linux için Wiki: www.wiki.pisilinux.org".
[14 Temmuz 2014 Pazartesi] [23:45:14] Konu	Konu namso-01!~ata@unaffiliated/namso-01 tarafından 21-03-2014 21:23 tarihinde ayarlandı.
[14 Temmuz 2014 Pazartesi] [23:45:14] Adres	Kanal Adresi: http://pisilinux.org
[14 Temmuz 2014 Pazartesi] [23:45:16] Kip	Kanal kipleri: hiçbir renge izin yok, dışarıdan mesaj yok, konu koruması
[14 Temmuz 2014 Pazartesi] [23:45:16] Oluşturulma zamanı	Bu kanal 25-02-2013 19:49 tarihinde kuruldu.
[14 Temmuz 2014 Pazartesi] [23:52:12] Katıl	slarikan (~slarikan@88.226.251.184) has joined this channel.

*** Günlük dosyası
*** Pzt Tem 14 23:55:55 2014 zamanında başladı

[14 Temmuz 2014 Pazartesi] [23:55:55] Katıl	You (~vedat@78.174.206.244) have joined the channel #pisi-linux.
[14 Temmuz 2014 Pazartesi] [23:55:55] Konu	Kanal konusu: "PiSi Linux kullanıcıları sohbet ve yardımlaşma odasına hoşgeldiniz. // Uzun metin yapıştırmak için: http://sudrap.org/paste // Pisi Linux Web Sayfası: www.pisilinux.org - Pisi Linux Geliştirici Blogu: http://team.pisilinux.org - Pisi Linux  World: www.pisilinuxworld.org // Pisi Linux için Wiki: www.wiki.pisilinux.org".
[14 Temmuz 2014 Pazartesi] [23:55:55] Konu	Konu namso-01!~ata@unaffiliated/namso-01 tarafından 21-03-2014 21:23 tarihinde ayarlandı.
[14 Temmuz 2014 Pazartesi] [23:55:55] Adres	Kanal Adresi: http://pisilinux.org
[14 Temmuz 2014 Pazartesi] [23:55:56] Kip	Kanal kipleri: hiçbir renge izin yok, dışarıdan mesaj yok, konu koruması
[14 Temmuz 2014 Pazartesi] [23:55:56] Oluşturulma zamanı	Bu kanal 25-02-2013 19:49 tarihinde kuruldu.
[15 Temmuz 2014 Salı] [00:03:42] Katıl	Cheops (~Cheops@unaffiliated/cheops) has joined this channel.

*** Günlük dosyası
*** Sal Tem 15 00:24:27 2014 zamanında başladı

[15 Temmuz 2014 Salı] [00:24:27] Katıl	You (~vedat@78.174.206.244) have joined the channel #pisi-linux.
[15 Temmuz 2014 Salı] [00:24:27] Konu	Kanal konusu: "PiSi Linux kullanıcıları sohbet ve yardımlaşma odasına hoşgeldiniz. // Uzun metin yapıştırmak için: http://sudrap.org/paste // Pisi Linux Web Sayfası: www.pisilinux.org - Pisi Linux Geliştirici Blogu: http://team.pisilinux.org - Pisi Linux  World: www.pisilinuxworld.org // Pisi Linux için Wiki: www.wiki.pisilinux.org".
[15 Temmuz 2014 Salı] [00:24:27] Konu	Konu namso-01!~ata@unaffiliated/namso-01 tarafından 21-03-2014 21:23 tarihinde ayarlandı.
[15 Temmuz 2014 Salı] [00:24:27] Adres	Kanal Adresi: http://pisilinux.org
[15 Temmuz 2014 Salı] [00:24:28] Kip	Kanal kipleri: hiçbir renge izin yok, dışarıdan mesaj yok, konu koruması
[15 Temmuz 2014 Salı] [00:24:28] Oluşturulma zamanı	Bu kanal 25-02-2013 19:49 tarihinde kuruldu.
[15 Temmuz 2014 Salı] [00:30:02] Çıkış	slarikan (~slarikan@88.226.251.184) has left this server (Quit: Konversation terminated!).
[15 Temmuz 2014 Salı] [00:35:23] Çıkış	kolya (~kolya@5.18.61.86) has left this server (Quit: Konversation terminated!).

*** Günlük dosyası
*** Sal Tem 15 01:31:52 2014 zamanında başladı

[15 Temmuz 2014 Salı] [01:31:52] Katıl	You (~vedat@78.174.206.244) have joined the channel #pisi-linux.
[15 Temmuz 2014 Salı] [01:31:52] Konu	Kanal konusu: "PiSi Linux kullanıcıları sohbet ve yardımlaşma odasına hoşgeldiniz. // Uzun metin yapıştırmak için: http://sudrap.org/paste // Pisi Linux Web Sayfası: www.pisilinux.org - Pisi Linux Geliştirici Blogu: http://team.pisilinux.org - Pisi Linux  World: www.pisilinuxworld.org // Pisi Linux için Wiki: www.wiki.pisilinux.org".
[15 Temmuz 2014 Salı] [01:31:52] Konu	Konu namso-01!~ata@unaffiliated/namso-01 tarafından 21-03-2014 21:23 tarihinde ayarlandı.
[15 Temmuz 2014 Salı] [01:31:53] Adres	Kanal Adresi: http://pisilinux.org
[15 Temmuz 2014 Salı] [01:31:55] Kip	Kanal kipleri: hiçbir renge izin yok, dışarıdan mesaj yok, konu koruması
[15 Temmuz 2014 Salı] [01:31:55] Oluşturulma zamanı	Bu kanal 25-02-2013 19:49 tarihinde kuruldu.
[15 Temmuz 2014 Salı] [01:46:11] Katıl	suvari (~suvari@78.166.69.145) has joined this channel.
[15 Temmuz 2014 Salı] [01:46:39] <suvari>	mrb
[15 Temmuz 2014 Salı] [02:27:10] Çıkış	Cheops (~Cheops@unaffiliated/cheops) has left this server.
[15 Temmuz 2014 Salı] [02:34:13] Çıkış	suvari (~suvari@78.166.69.145) has left this server (Quit: Konversation terminated!).
[15 Temmuz 2014 Salı] [02:36:17] Katıl	suvari (~suvari@78.166.69.145) has joined this channel.
[15 Temmuz 2014 Salı] [02:37:20] Çıkış	suvari (~suvari@78.166.69.145) has left this server (Client Quit).
[15 Temmuz 2014 Salı] [02:39:20] Katıl	suvari (~suvari@78.166.69.145) has joined this channel.

*** Günlük dosyası
*** Sal Tem 15 12:57:30 2014 zamanında başladı

[15 Temmuz 2014 Salı] [12:57:30] Katıl	You (~vedat@88.242.68.157) have joined the channel #pisi-linux.
[15 Temmuz 2014 Salı] [12:57:30] Konu	Kanal konusu: "PiSi Linux kullanıcıları sohbet ve yardımlaşma odasına hoşgeldiniz. // Uzun metin yapıştırmak için: http://sudrap.org/paste // Pisi Linux Web Sayfası: www.pisilinux.org - Pisi Linux Geliştirici Blogu: http://team.pisilinux.org - Pisi Linux  World: www.pisilinuxworld.org // Pisi Linux için Wiki: www.wiki.pisilinux.org".
[15 Temmuz 2014 Salı] [12:57:30] Konu	Konu namso-01!~ata@unaffiliated/namso-01 tarafından 21-03-2014 21:23 tarihinde ayarlandı.
[15 Temmuz 2014 Salı] [12:57:32] Kip	Kanal kipleri: hiçbir renge izin yok, dışarıdan mesaj yok, konu koruması
[15 Temmuz 2014 Salı] [12:57:32] Oluşturulma zamanı	Bu kanal 25-02-2013 19:49 tarihinde kuruldu.
[15 Temmuz 2014 Salı] [12:57:41] Adres	Kanal Adresi: http://pisilinux.org
[15 Temmuz 2014 Salı] [13:45:12] Katıl	You (~vedat@88.242.68.157) have joined the channel #pisi-linux.
[15 Temmuz 2014 Salı] [13:45:12] Konu	Kanal konusu: "PiSi Linux kullanıcıları sohbet ve yardımlaşma odasına hoşgeldiniz. // Uzun metin yapıştırmak için: http://sudrap.org/paste // Pisi Linux Web Sayfası: www.pisilinux.org - Pisi Linux Geliştirici Blogu: http://team.pisilinux.org - Pisi Linux  World: www.pisilinuxworld.org // Pisi Linux için Wiki: www.wiki.pisilinux.org".
[15 Temmuz 2014 Salı] [13:45:12] Konu	Konu namso-01!~ata@unaffiliated/namso-01 tarafından 21-03-2014 21:23 tarihinde ayarlandı.
[15 Temmuz 2014 Salı] [13:45:12] Adres	Kanal Adresi: http://pisilinux.org
[15 Temmuz 2014 Salı] [13:45:12] Duyuru	-ChanServ- [#pisi-devel] merhaba - hi!
[15 Temmuz 2014 Salı] [13:45:14] Kip	Kanal kipleri: hiçbir renge izin yok, dışarıdan mesaj yok, konu koruması
[15 Temmuz 2014 Salı] [13:45:14] Oluşturulma zamanı	Bu kanal 25-02-2013 19:49 tarihinde kuruldu.
[15 Temmuz 2014 Salı] [14:03:31] Katıl	You (~vedat@88.242.68.157) have joined the channel #pisi-linux.
[15 Temmuz 2014 Salı] [14:03:31] Konu	Kanal konusu: "PiSi Linux kullanıcıları sohbet ve yardımlaşma odasına hoşgeldiniz. // Uzun metin yapıştırmak için: http://sudrap.org/paste // Pisi Linux Web Sayfası: www.pisilinux.org - Pisi Linux Geliştirici Blogu: http://team.pisilinux.org - Pisi Linux  World: www.pisilinuxworld.org // Pisi Linux için Wiki: www.wiki.pisilinux.org".
[15 Temmuz 2014 Salı] [14:03:31] Konu	Konu namso-01!~ata@unaffiliated/namso-01 tarafından 21-03-2014 21:23 tarihinde ayarlandı.
[15 Temmuz 2014 Salı] [14:03:31] Adres	Kanal Adresi: http://pisilinux.org
[15 Temmuz 2014 Salı] [14:03:33] Kip	Kanal kipleri: hiçbir renge izin yok, dışarıdan mesaj yok, konu koruması
[15 Temmuz 2014 Salı] [14:03:34] Oluşturulma zamanı	Bu kanal 25-02-2013 19:49 tarihinde kuruldu.
[15 Temmuz 2014 Salı] [14:12:55] Katıl	sebo28 (~sebo28@unaffiliated/pardusdover) has joined this channel.
[15 Temmuz 2014 Salı] [14:13:03] <sebo28>	sa
[15 Temmuz 2014 Salı] [14:44:28] Katıl	You (~vedat@88.242.68.157) have joined the channel #pisi-linux.
[15 Temmuz 2014 Salı] [14:44:28] Konu	Kanal konusu: "PiSi Linux kullanıcıları sohbet ve yardımlaşma odasına hoşgeldiniz. // Uzun metin yapıştırmak için: http://sudrap.org/paste // Pisi Linux Web Sayfası: www.pisilinux.org - Pisi Linux Geliştirici Blogu: http://team.pisilinux.org - Pisi Linux  World: www.pisilinuxworld.org // Pisi Linux için Wiki: www.wiki.pisilinux.org".
[15 Temmuz 2014 Salı] [14:44:28] Konu	Konu namso-01!~ata@unaffiliated/namso-01 tarafından 21-03-2014 21:23 tarihinde ayarlandı.
[15 Temmuz 2014 Salı] [14:44:28] Adres	Kanal Adresi: http://pisilinux.org
[15 Temmuz 2014 Salı] [14:44:28] Duyuru	-ChanServ- [#pisi-devel] merhaba - hi!
[15 Temmuz 2014 Salı] [14:44:30] Kip	Kanal kipleri: hiçbir renge izin yok, dışarıdan mesaj yok, konu koruması
[15 Temmuz 2014 Salı] [14:44:31] Oluşturulma zamanı	Bu kanal 25-02-2013 19:49 tarihinde kuruldu.
[15 Temmuz 2014 Salı] [15:04:37] Katıl	You (~vedat@88.242.68.157) have joined the channel #pisi-linux.
[15 Temmuz 2014 Salı] [15:04:37] Konu	Kanal konusu: "PiSi Linux kullanıcıları sohbet ve yardımlaşma odasına hoşgeldiniz. // Uzun metin yapıştırmak için: http://sudrap.org/paste // Pisi Linux Web Sayfası: www.pisilinux.org - Pisi Linux Geliştirici Blogu: http://team.pisilinux.org - Pisi Linux  World: www.pisilinuxworld.org // Pisi Linux için Wiki: www.wiki.pisilinux.org".
[15 Temmuz 2014 Salı] [15:04:37] Konu	Konu namso-01!~ata@unaffiliated/namso-01 tarafından 21-03-2014 21:23 tarihinde ayarlandı.
[15 Temmuz 2014 Salı] [15:04:37] Adres	Kanal Adresi: http://pisilinux.org
[15 Temmuz 2014 Salı] [15:04:37] Duyuru	-ChanServ- [#pisi-devel] merhaba - hi!
[15 Temmuz 2014 Salı] [15:04:39] Kip	Kanal kipleri: hiçbir renge izin yok, dışarıdan mesaj yok, konu koruması
[15 Temmuz 2014 Salı] [15:04:40] Oluşturulma zamanı	Bu kanal 25-02-2013 19:49 tarihinde kuruldu.

*** Günlük dosyası
*** Sal Tem 15 16:53:45 2014 zamanında başladı

[15 Temmuz 2014 Salı] [16:53:45] Katıl	You (~vedat@88.242.68.157) have joined the channel #pisi-linux.
[15 Temmuz 2014 Salı] [16:53:45] Konu	Kanal konusu: "PiSi Linux kullanıcıları sohbet ve yardımlaşma odasına hoşgeldiniz. // Uzun metin yapıştırmak için: http://sudrap.org/paste // Pisi Linux Web Sayfası: www.pisilinux.org - Pisi Linux Geliştirici Blogu: http://team.pisilinux.org - Pisi Linux  World: www.pisilinuxworld.org // Pisi Linux için Wiki: www.wiki.pisilinux.org".
[15 Temmuz 2014 Salı] [16:53:45] Konu	Konu namso-01!~ata@unaffiliated/namso-01 tarafından 21-03-2014 21:23 tarihinde ayarlandı.
[15 Temmuz 2014 Salı] [16:53:45] Adres	Kanal Adresi: http://pisilinux.org
[15 Temmuz 2014 Salı] [16:53:47] Kip	Kanal kipleri: hiçbir renge izin yok, dışarıdan mesaj yok, konu koruması
[15 Temmuz 2014 Salı] [16:53:47] Oluşturulma zamanı	Bu kanal 25-02-2013 19:49 tarihinde kuruldu.
