
*** Günlük dosyası
*** Cmt Tem 12 17:25:28 2014 zamanında başladı

[12 Temmuz 2014 Cumartesi] [17:25:28] <vedat>	ersoy
[12 Temmuz 2014 Cumartesi] [17:25:35] <vedat>	testçi olmak ister misin
[12 Temmuz 2014 Cumartesi] [17:25:37] <eersoy93>	Buyurunuz.
[12 Temmuz 2014 Cumartesi] [17:26:00] <eersoy93>	Teşekkürler, daha sonra.
[12 Temmuz 2014 Cumartesi] [17:26:10] <vedat>	yeni iso var
[12 Temmuz 2014 Cumartesi] [17:26:39] <eersoy93>	Hmmmm!
[12 Temmuz 2014 Cumartesi] [17:26:45] <vedat>	kararlı sürümden bir önceki
[12 Temmuz 2014 Cumartesi] [17:26:51] <vedat>	güncel paketler
[12 Temmuz 2014 Cumartesi] [17:26:52] <eersoy93>	Evet.
[12 Temmuz 2014 Cumartesi] [17:26:57] <vedat>	sorunsuz çalışıyor
[12 Temmuz 2014 Cumartesi] [17:27:04] <vedat>	ama kimseye söyleme
[12 Temmuz 2014 Cumartesi] [17:27:07] <eersoy93>	Ne yapabilirim?
[12 Temmuz 2014 Cumartesi] [17:27:08] <eersoy93>	Tamam.
[12 Temmuz 2014 Cumartesi] [17:27:25] <eersoy93>	Sorunsuz mu?
[12 Temmuz 2014 Cumartesi] [17:27:27] <vedat>	iso yu flash diske yazdırıp kullanabilirsin
[12 Temmuz 2014 Cumartesi] [17:27:50] <eersoy93>	GitHub'ta 2 adet açık konu var.
[12 Temmuz 2014 Cumartesi] [17:27:52] <vedat>	pulseaudio kurman lazım 
[12 Temmuz 2014 Cumartesi] [17:28:03] <eersoy93>	ıSO'yu nasıl alırım?
[12 Temmuz 2014 Cumartesi] [17:28:10] <vedat>	ben verebeilirim
[12 Temmuz 2014 Cumartesi] [17:28:27] <vedat>	ama şu an gizli bir konu
[12 Temmuz 2014 Cumartesi] [17:28:38] <vedat>	başkasına vermemen lazım 
[12 Temmuz 2014 Cumartesi] [17:28:44] <eersoy93>	Tamam.
[12 Temmuz 2014 Cumartesi] [17:28:45] <vedat>	çünkü daha yapım aşamasında
[12 Temmuz 2014 Cumartesi] [17:28:54] <vedat>	http://packages.pisilinux.org/.tmp/holiday/Pisi-Linux-1.0-KDE-x86_64%20(Holiday).iso
[12 Temmuz 2014 Cumartesi] [17:29:08] <eersoy93>	KDE mi?
[12 Temmuz 2014 Cumartesi] [17:29:12] <vedat>	yes
[12 Temmuz 2014 Cumartesi] [17:29:13] <eersoy93>	Başka masaüstleri mi var?
[12 Temmuz 2014 Cumartesi] [17:29:18] <vedat>	yok
[12 Temmuz 2014 Cumartesi] [17:29:25] <eersoy93>	Anladım.
[12 Temmuz 2014 Cumartesi] [17:29:30] <eersoy93>	32 bitliği yok mu?
[12 Temmuz 2014 Cumartesi] [17:29:31] <vedat>	ama gnome  olabilir
[12 Temmuz 2014 Cumartesi] [17:29:41] <vedat>	şu an yok
[12 Temmuz 2014 Cumartesi] [17:29:47] <eersoy93>	indiriyorum.
[12 Temmuz 2014 Cumartesi] [17:30:09] <eersoy93>	Pisi'yi bilgisayara kurup da ne yapayım?
[12 Temmuz 2014 Cumartesi] [17:30:11] <vedat>	sudo pisi up -dvsy
[12 Temmuz 2014 Cumartesi] [17:30:22] <vedat>	bununla 150 ye yakın güncellemeyi
[12 Temmuz 2014 Cumartesi] [17:30:25] <vedat>	alırsın
[12 Temmuz 2014 Cumartesi] [17:30:28] <eersoy93>	pulseaudio mu kurayım?
[12 Temmuz 2014 Cumartesi] [17:30:40] <eersoy93>	Pisi'yi bilgisayara kurup da ne yapayım?
[12 Temmuz 2014 Cumartesi] [17:30:42] <vedat>	sonra pulseaudio kurmayı unutma
[12 Temmuz 2014 Cumartesi] [17:30:58] <eersoy93>	ilk önce sudo pisi up -dvsy, osnra pulseaudio.
[12 Temmuz 2014 Cumartesi] [17:31:08] <eersoy93>	Şu an Winzort'tayım.
[12 Temmuz 2014 Cumartesi] [17:31:12] <vedat>	yes
[12 Temmuz 2014 Cumartesi] [17:31:17] <vedat>	iyi günler
[12 Temmuz 2014 Cumartesi] [17:31:20] <eersoy93>	Başka?
[12 Temmuz 2014 Cumartesi] [17:31:28] <vedat>	başka yok
[12 Temmuz 2014 Cumartesi] [17:31:35] <eersoy93>	Tamam, iyi günler.

*** Günlük dosyası
*** Cmt Tem 12 17:32:04 2014 zamanında başladı

[12 Temmuz 2014 Cumartesi] [17:32:04] <eersoy93>	Çıkıyorum.

*** Günlük dosyası
*** Cmt Tem 12 17:32:46 2014 zamanında başladı

[12 Temmuz 2014 Cumartesi] [17:32:46] <eersoy93>	Win32 Dis ımager kullanacağım yazdırmak için.
[12 Temmuz 2014 Cumartesi] [17:32:56] <vedat>	olur
[12 Temmuz 2014 Cumartesi] [17:33:05] <eersoy93>	SD karta yazdırayım mı?
[12 Temmuz 2014 Cumartesi] [17:33:21] <vedat>	varsa usb bellek daha iyi
[12 Temmuz 2014 Cumartesi] [17:33:29] <vedat>	ben hiç denemedim
[12 Temmuz 2014 Cumartesi] [17:33:34] <eersoy93>	Tamam.
[12 Temmuz 2014 Cumartesi] [17:33:36] <vedat>	sd karta yazdırmayı

*** Günlük dosyası
*** Cmt Tem 12 17:33:48 2014 zamanında başladı

[12 Temmuz 2014 Cumartesi] [17:33:48] <eersoy93>	işleri yaptıktan sonra size mi ulaşayım?
[12 Temmuz 2014 Cumartesi] [17:34:03] <vedat>	yok gerek yok 
[12 Temmuz 2014 Cumartesi] [17:34:10] <vedat>	bunu vermemin sebebi
[12 Temmuz 2014 Cumartesi] [17:34:22] <eersoy93>	Pulseaudio kurduktan sonra ne olacak peki?
[12 Temmuz 2014 Cumartesi] [17:34:36] <vedat>	bulduğun hataları bildirirsen daha karralı
[12 Temmuz 2014 Cumartesi] [17:34:44] <vedat>	bir pisi ye kavuşabiliriz
[12 Temmuz 2014 Cumartesi] [17:34:51] <eersoy93>	Offff! Çıkmayacak demek.
[12 Temmuz 2014 Cumartesi] [17:35:03] <eersoy93>	Paket deposu güncele mi ayarlı?
[12 Temmuz 2014 Cumartesi] [17:35:05] <vedat>	pavucontrol çalışması için
[12 Temmuz 2014 Cumartesi] [17:35:13] <vedat>	kurulu geliyor çünkü
[12 Temmuz 2014 Cumartesi] [17:35:20] <vedat>	ses ayarları ile ilgili
[12 Temmuz 2014 Cumartesi] [17:35:44] <vedat>	paket deposu dire farma bağlı
[12 Temmuz 2014 Cumartesi] [17:35:46] <eersoy93>	Kurduktan sonra ne olacak?
[12 Temmuz 2014 Cumartesi] [17:35:54] <vedat>	anında güncelleri alırsın
[12 Temmuz 2014 Cumartesi] [17:36:11] <eersoy93>	openarena mı oynayacağım?
[12 Temmuz 2014 Cumartesi] [17:36:21] <vedat>	sende pisi kurulu değilse 
[12 Temmuz 2014 Cumartesi] [17:36:24] <vedat>	boşver
[12 Temmuz 2014 Cumartesi] [17:36:33] <eersoy93>	Kurduktan sonra ne yapayım?
[12 Temmuz 2014 Cumartesi] [17:36:36] <vedat>	istemiyorsan kurma
[12 Temmuz 2014 Cumartesi] [17:36:48] <eersoy93>	pulseaudio'yu kurduktan sonra?
[12 Temmuz 2014 Cumartesi] [17:36:54] <vedat>	hataları bildir
[12 Temmuz 2014 Cumartesi] [17:36:56] <vedat>	yeter
[12 Temmuz 2014 Cumartesi] [17:37:13] <eersoy93>	Hatalar çözülmüşse?
[12 Temmuz 2014 Cumartesi] [17:37:14] <vedat>	b ir şey yapmamna gerek yok
[12 Temmuz 2014 Cumartesi] [17:37:32] <vedat>	sadece pavucontrol ve ses ayarı için gerekli
[12 Temmuz 2014 Cumartesi] [17:37:38] <vedat>	video izlersin
[12 Temmuz 2014 Cumartesi] [17:37:45] <eersoy93>	Anladım.
[12 Temmuz 2014 Cumartesi] [17:38:02] <eersoy93>	Yeni bir hatâ bildirmek de istemiyorum.
[12 Temmuz 2014 Cumartesi] [17:38:16] <vedat>	sen bilirsin
[12 Temmuz 2014 Cumartesi] [17:38:22] <vedat>	bildirme istersen
[12 Temmuz 2014 Cumartesi] [17:38:38] <eersoy93>	Kusursuz sürüme ulaşmak çok uzun sürer.
[12 Temmuz 2014 Cumartesi] [17:39:01] <eersoy93>	GitHub'tan var olan hatalara bakarım yalnızca.
[12 Temmuz 2014 Cumartesi] [17:39:02] <vedat>	zaten kusursuz olmaz hiç bir zaman
[12 Temmuz 2014 Cumartesi] [17:39:11] <vedat>	htalar olacakır

*** Günlük dosyası
*** Cmt Tem 12 17:41:56 2014 zamanında başladı

[12 Temmuz 2014 Cumartesi] [17:41:56] <eersoy93>	Eğer hatâlar çözülmüşse ne yapayım?
[12 Temmuz 2014 Cumartesi] [17:42:02] <eersoy93>	Size bildiririm o zaman.
[12 Temmuz 2014 Cumartesi] [17:42:31] <eersoy93>	Posta adresiniz var mı?

*** Günlük dosyası
*** Cmt Tem 12 17:59:55 2014 zamanında başladı

[12 Temmuz 2014 Cumartesi] [17:59:55] <eersoy93>	vedat!
[12 Temmuz 2014 Cumartesi] [18:00:04] <vedat>	yes
[12 Temmuz 2014 Cumartesi] [18:00:18] <vedat>	ersoy ben buralardayım
[12 Temmuz 2014 Cumartesi] [18:00:20] <eersoy93>	Elektronik postanız var mı?
[12 Temmuz 2014 Cumartesi] [18:00:33] <vedat>	ne zamna istersen buradan yazabilirsin 
[12 Temmuz 2014 Cumartesi] [18:00:41] <vedat>	şu pakette arıza var
[12 Temmuz 2014 Cumartesi] [18:00:43] <vedat>	vs
[12 Temmuz 2014 Cumartesi] [18:00:54] <vedat>	diye
[12 Temmuz 2014 Cumartesi] [18:01:27] <eersoy93>	VirtualBox'a kurayım o zaman.

*** Günlük dosyası
*** Cmt Tem 12 18:15:23 2014 zamanında başladı

[12 Temmuz 2014 Cumartesi] [18:15:23] <eersoy93>	Ben şimdilik çıkıyorum.
[12 Temmuz 2014 Cumartesi] [18:15:38] <vedat>	güle güle
[12 Temmuz 2014 Cumartesi] [18:15:47] Çıkış	eersoy93 (~eersoy93@88.235.12.72) has left this server (Quit: Quitting).

*** Günlük dosyası
*** Cmt Tem 12 19:59:06 2014 zamanında başladı

[12 Temmuz 2014 Cumartesi] [19:59:06] <eersoy93>	vedat!
[12 Temmuz 2014 Cumartesi] [19:59:14] <vedat>	yes
[12 Temmuz 2014 Cumartesi] [19:59:14] <eersoy93>	Pulseaudio hatâsı devâm ediyor.
[12 Temmuz 2014 Cumartesi] [19:59:17] <eersoy93>	Oraya yazamadım.
[12 Temmuz 2014 Cumartesi] [19:59:23] <eersoy93>	unetbootin'i ise denemedim.
[12 Temmuz 2014 Cumartesi] [19:59:36] <eersoy93>	Ama şimdiki daha kararlı. :)
[12 Temmuz 2014 Cumartesi] [19:59:39] <vedat>	pulseaoudi hatası çözüldü
[12 Temmuz 2014 Cumartesi] [19:59:50] <vedat>	kmixe dep olrak eklendi
[12 Temmuz 2014 Cumartesi] [19:59:56] <eersoy93>	Ama bende gene %100'e fırladı. :)
[12 Temmuz 2014 Cumartesi] [20:00:06] <vedat>	bende normal
[12 Temmuz 2014 Cumartesi] [20:00:22] <vedat>	olay sesleri %100
[12 Temmuz 2014 Cumartesi] [20:00:32] <vedat>	bu hatamı bilemiyorum
[12 Temmuz 2014 Cumartesi] [20:00:58] <eersoy93>	Olay sesleri %100'e çıktı.
[12 Temmuz 2014 Cumartesi] [20:01:18] <vedat>	azalaması lazım
[12 Temmuz 2014 Cumartesi] [20:01:23] <vedat>	azalmıyor mu
[12 Temmuz 2014 Cumartesi] [20:02:09] <eersoy93>	KDE'de bir sistem sesi çıktığında %100'e fırlıyor.
[12 Temmuz 2014 Cumartesi] [20:02:36] <eersoy93>	kmixe'yi kurayım bakalım.
[12 Temmuz 2014 Cumartesi] [20:02:44] <vedat>	ilginç
[12 Temmuz 2014 Cumartesi] [20:02:50] <vedat>	kde bug olsa gerek
[12 Temmuz 2014 Cumartesi] [20:06:13] <eersoy93>	Ben çıkıyorum.
[12 Temmuz 2014 Cumartesi] [20:06:25] <vedat>	güle güle
[12 Temmuz 2014 Cumartesi] [20:06:25] <eersoy93>	iftara gideceğim.
[12 Temmuz 2014 Cumartesi] [20:06:46] <eersoy93>	Yarın görüşürüz.
[12 Temmuz 2014 Cumartesi] [20:06:59] <eersoy93>	NOT: Şimdi Pisi'miz daha kararlı çalışıyor.
[12 Temmuz 2014 Cumartesi] [20:07:03] <eersoy93>	KDE de daha iyi.
[12 Temmuz 2014 Cumartesi] [20:07:06] <vedat>	:D
[12 Temmuz 2014 Cumartesi] [20:08:04] <vedat>	unetbootin güncelledim
[12 Temmuz 2014 Cumartesi] [20:08:26] <vedat>	farmda derlenince tekrar deneriz
[12 Temmuz 2014 Cumartesi] [20:08:34] Çıkış	eersoy93 (~eersoy93@88.235.12.72) has left this server (Quit: Quitting).

*** Günlük dosyası
*** Paz Tem 13 15:55:04 2014 zamanında başladı

[13 Temmuz 2014 Pazar] [15:55:04] <eersoy93>	Merhabalar!
[13 Temmuz 2014 Pazar] [15:55:15] <vedat>	merhaba 
[13 Temmuz 2014 Pazar] [15:55:41] <eersoy93>	Nasılsınız?
[13 Temmuz 2014 Pazar] [15:55:49] <vedat>	iyiyim sen
[13 Temmuz 2014 Pazar] [15:56:15] <eersoy93>	Ben de iyiyim.
[13 Temmuz 2014 Pazar] [15:56:20] <eersoy93>	Wine rezil gibi.
[13 Temmuz 2014 Pazar] [15:56:31] <eersoy93>	1.7.21 sürümünü kurdum.
[13 Temmuz 2014 Pazar] [15:56:56] <vedat>	playonlinux ile iyi çalışıyor gibi
[13 Temmuz 2014 Pazar] [15:57:29] <vedat>	22 si çıkmış
[13 Temmuz 2014 Pazar] [15:58:10] <eersoy93>	Evet.
[13 Temmuz 2014 Pazar] [15:58:31] <eersoy93>	Wine ile Wine Dosya Yöneticisi bile düzgün çalışmıyor.
[13 Temmuz 2014 Pazar] [15:59:08] <vedat>	zaten wine şu an deneysel bir çalışma olarak geçiyor
[13 Temmuz 2014 Pazar] [15:59:18] <vedat>	çok birşey beklememk lazım
[13 Temmuz 2014 Pazar] [15:59:40] <eersoy93>	Hayır, Wine kullanılamaz hâlde.
[13 Temmuz 2014 Pazar] [15:59:53] <eersoy93>	Deneyseli bile geçti.
[13 Temmuz 2014 Pazar] [16:00:09] <vedat>	:)
[13 Temmuz 2014 Pazar] [16:02:04] <vedat>	wine dosya yöneticisi ilk açıldığında
[13 Temmuz 2014 Pazar] [16:02:22] <vedat>	wine mono kurucusu çalışıyor değil mi
[13 Temmuz 2014 Pazar] [16:02:35] <vedat>	bende öyle
[13 Temmuz 2014 Pazar] [16:03:14] <vedat>	sonra  gecko kurucusu çalışıyor
[13 Temmuz 2014 Pazar] [16:03:28] <vedat>	birşeyler indiriyor
[13 Temmuz 2014 Pazar] [16:04:10] <eersoy93>	Evet.
[13 Temmuz 2014 Pazar] [16:04:16] <eersoy93>	Dosya yöneticisi açılıyor mu?
[13 Temmuz 2014 Pazar] [16:04:24] <vedat>	merak ettim nedir bunlar
[13 Temmuz 2014 Pazar] [16:04:41] <eersoy93>	Uygulama menüsünden bulursunuz.
[13 Temmuz 2014 Pazar] [16:04:42] <vedat>	şimdi gecko installer indiriyor
[13 Temmuz 2014 Pazar] [16:05:08] <vedat>	dosya yöneticisi açıldı
[13 Temmuz 2014 Pazar] [16:05:19] <eersoy93>	Çalışıyor mu adam gibi?
[13 Temmuz 2014 Pazar] [16:05:51] <vedat>	Z:/ sürücüsü açıldı
[13 Temmuz 2014 Pazar] [16:06:13] <vedat>	dosya sistemini gösteriyor
[13 Temmuz 2014 Pazar] [16:06:43] <eersoy93>	Hangi paketi kurdunuz peki?
[13 Temmuz 2014 Pazar] [16:07:00] <vedat>	wine sadece
[13 Temmuz 2014 Pazar] [16:07:08] <eersoy93>	Pisi'de Wine için 32-bit 64-bit ayrımı yok.
[13 Temmuz 2014 Pazar] [16:07:23] <eersoy93>	wine'da 32 bitlik paketler kuruluyor.
[13 Temmuz 2014 Pazar] [16:07:35] <eersoy93>	wine-32bit'te de aynı.
[13 Temmuz 2014 Pazar] [16:08:04] <eersoy93>	Bence wine-32bit ve wine-64bit diye iki ayrı paket oluşturulsun.
[13 Temmuz 2014 Pazar] [16:08:29] <vedat>	piside /usr/lib 64 bit için
[13 Temmuz 2014 Pazar] [16:08:45] Hata	usr/lib32: Bilinmeyen komut.
[13 Temmuz 2014 Pazar] [16:08:57] <vedat>	sistem genelinde böyle
[13 Temmuz 2014 Pazar] [16:09:09] <vedat>	yani wine aslında 64 bit
[13 Temmuz 2014 Pazar] [16:09:21] <vedat>	wine-32 32 bit paketleri
[13 Temmuz 2014 Pazar] [16:09:50] <vedat>	piside /usr/lib32 32 bit için
[13 Temmuz 2014 Pazar] [16:09:59] <eersoy93>	Niye 32 bitlik ayrı Wine paketi oluşturulmuyor?
[13 Temmuz 2014 Pazar] [16:10:08] <vedat>	var işte
[13 Temmuz 2014 Pazar] [16:10:12] <vedat>	depoda
[13 Temmuz 2014 Pazar] [16:10:18] <eersoy93>	Milletin kafasını karıştırıyor.
[13 Temmuz 2014 Pazar] [16:10:23] <vedat>	wine-32bit
[13 Temmuz 2014 Pazar] [16:10:25] <eersoy93>	Hayır, 32 bitlik Wine.
[13 Temmuz 2014 Pazar] [16:10:36] <eersoy93>	O yalnızca kitaplıkları içeriyor.
[13 Temmuz 2014 Pazar] [16:10:44] <vedat>	hımm
[13 Temmuz 2014 Pazar] [16:11:07] <eersoy93>	Yalnızca wine-32bit kurdum, Wine falan yok ortada.
[13 Temmuz 2014 Pazar] [16:11:16] <vedat>	wine-devel kitaplıkları içermiyor mu
[13 Temmuz 2014 Pazar] [16:13:14] <eersoy93>	Hayır.
[13 Temmuz 2014 Pazar] [16:14:11] <vedat>	kitaplık dediğin şeyler header .h dosyalarımı library .so dosyalarımı
[13 Temmuz 2014 Pazar] [16:14:22] <eersoy93>	.so
[13 Temmuz 2014 Pazar] [16:14:32] <vedat>	benim bildiğim .h
[13 Temmuz 2014 Pazar] [16:16:03] <eersoy93>	wine-devel mi diyorsunuz?
[13 Temmuz 2014 Pazar] [16:16:10] <vedat>	yes
[13 Temmuz 2014 Pazar] [16:16:10] <eersoy93>	Ben wine-32bit anladım.
[13 Temmuz 2014 Pazar] [16:16:21] <eersoy93>	wine-devel'e gerek yok wine'nın çalışması için.
[13 Temmuz 2014 Pazar] [16:16:33] <vedat>	anlamadığım
[13 Temmuz 2014 Pazar] [16:16:56] <vedat>	wine gerçekten wine-32bit paketine bağımlı mı
[13 Temmuz 2014 Pazar] [16:17:01] <eersoy93>	Evet.
[13 Temmuz 2014 Pazar] [16:17:48] <vedat>	win-32bit paketi aslında wine paketine bağımlı olmalı
[13 Temmuz 2014 Pazar] [16:17:54] <vedat>	sanki
[13 Temmuz 2014 Pazar] [16:18:00] <vedat>	tersi yani
[13 Temmuz 2014 Pazar] [16:18:25] <eersoy93>	wine bağımlılıklarında wine-32bit de var.
[13 Temmuz 2014 Pazar] [16:18:35] <eersoy93>	wine-32bit'te wine bağımlılığı yok.
[13 Temmuz 2014 Pazar] [16:19:10] <eersoy93>	Konsoldan winecfg yadığımda şöyle bir çıktı alıyorum:
[13 Temmuz 2014 Pazar] [16:19:28] <eersoy93>	Wine cannot find the FreeType font library.  To enable Wine to
[13 Temmuz 2014 Pazar] [16:19:28] <eersoy93>	use TrueType fonts please install a version of FreeType greater than
[13 Temmuz 2014 Pazar] [16:19:28] <eersoy93>	or equal to 2.0.5.
[13 Temmuz 2014 Pazar] [16:19:38] <eersoy93>	http://www.freetype.org
[13 Temmuz 2014 Pazar] [16:20:55] <eersoy93>	Ama Pisi'de Freetype 2.5.3 var zâten.
[13 Temmuz 2014 Pazar] [16:23:40] <eersoy93>	Başka hatâ: Mozilla Firefox ingilizce ve temalanmamış.
[13 Temmuz 2014 Pazar] [16:24:07] <eersoy93>	Bir GTK+ uygulaması olan Firefox temalanmamış.
[13 Temmuz 2014 Pazar] [16:24:47] <eersoy93>	Vedat!
[13 Temmuz 2014 Pazar] [16:24:50] <eersoy93>	Neredesin?
[13 Temmuz 2014 Pazar] [16:42:06] <vedat>	firefox-lang-tr
[13 Temmuz 2014 Pazar] [16:42:10] <vedat>	kurulu mu
[13 Temmuz 2014 Pazar] [16:42:59] <vedat>	winecfg yazınca wşne yapılandırması açıldı bende
[13 Temmuz 2014 Pazar] [16:43:43] <vedat>	freetype-32bit kurulumu
[13 Temmuz 2014 Pazar] [16:53:58] Duyuru	-ChanServ- [#pisi-devel] merhaba - hi!

*** Günlük dosyası
*** Paz Tem 13 17:57:17 2014 zamanında başladı

[13 Temmuz 2014 Pazar] [17:57:17] <eersoy93>	Merhabalar!
[13 Temmuz 2014 Pazar] [17:57:35] <eersoy93>	wine'a freetype-32bit bağımlılığın da eklenmesi gerek.
[13 Temmuz 2014 Pazar] [17:57:52] <eersoy93>	Ayrıca wine-32bit paketi wine paketine bağımlı olmalı.
[13 Temmuz 2014 Pazar] [17:59:57] <eersoy93>	NOT: freetype-32bit paketini kurmak işe yaramadı.
[13 Temmuz 2014 Pazar] [18:00:13] <vedat>	freetype-32bit paketine wine-32bit paketi bağımlı olabilir
[13 Temmuz 2014 Pazar] [18:01:00] <vedat>	bende sorun yok
[13 Temmuz 2014 Pazar] [18:01:31] <vedat>	winecfg
[13 Temmuz 2014 Pazar] [18:01:34] <eersoy93>	Sizin test ıSO'nuzda kurdum wine'ı.
[13 Temmuz 2014 Pazar] [18:01:44] <eersoy93>	Wine Dosya Yöneticisi'ni açınız.
[13 Temmuz 2014 Pazar] [18:01:47] <vedat>	wine yapılandırmesını açıyor
[13 Temmuz 2014 Pazar] [18:01:49] <vedat>	bende
[13 Temmuz 2014 Pazar] [18:02:00] <eersoy93>	Bende de açıyor.
[13 Temmuz 2014 Pazar] [18:02:45] <vedat>	açık
[13 Temmuz 2014 Pazar] [18:02:53] <eersoy93>	Şu hatâ iletisini alıyorum: Wine cannot find the FreeType font library.  To enable Wine to
[13 Temmuz 2014 Pazar] [18:02:54] <eersoy93>	use TrueType fonts please install a version of FreeType greater than
[13 Temmuz 2014 Pazar] [18:02:54] <eersoy93>	or equal to 2.0.5.
[13 Temmuz 2014 Pazar] [18:02:54] <eersoy93>	http://www.freetype.org
[13 Temmuz 2014 Pazar] [18:03:35] <vedat>	freetype paketi kurulu mu
