
*** Günlük dosyası
*** Cmt Tem 12 16:15:33 2014 zamanında başladı

[12 Temmuz 2014 Cumartesi] [16:15:33] Katıl	You (~vedat@78.174.214.149) have joined the channel #pisi-devel.
[12 Temmuz 2014 Cumartesi] [16:15:33] Konu	Kanal konusu: "OK".
[12 Temmuz 2014 Cumartesi] [16:15:33] Konu	Konu obsoleteman!~obs@unaffiliated/obsoleteman tarafından 15-05-2014 17:54 tarihinde ayarlandı.
[12 Temmuz 2014 Cumartesi] [16:15:44] Kip	Kanal kipleri: hiçbir renge izin yok, gizli, konu koruması
[12 Temmuz 2014 Cumartesi] [16:15:44] Oluşturulma zamanı	Bu kanal 25-02-2013 19:48 tarihinde kuruldu.

*** Günlük dosyası
*** Cmt Tem 12 16:39:58 2014 zamanında başladı

[12 Temmuz 2014 Cumartesi] [16:39:58] Katıl	You (~vedat@78.174.214.149) have joined the channel #pisi-devel.
[12 Temmuz 2014 Cumartesi] [16:39:58] Konu	Kanal konusu: "OK".
[12 Temmuz 2014 Cumartesi] [16:39:58] Konu	Konu obsoleteman!~obs@unaffiliated/obsoleteman tarafından 15-05-2014 17:54 tarihinde ayarlandı.
[12 Temmuz 2014 Cumartesi] [16:39:58] Katıl	pisi-bot (~pisi-bot@192.30.252.39) has joined this channel.
[12 Temmuz 2014 Cumartesi] [16:39:59] <suvari>	1.7 de derleniyor
[12 Temmuz 2014 Cumartesi] [16:40:00] Duyuru	-pisi-bot -> #pisi-devel- PisiLinux/master add432e vedat: pavucontrol: add dep.
[12 Temmuz 2014 Cumartesi] [16:40:00] Part	pisi-bot (~pisi-bot@192.30.252.39) has left this channel.
[12 Temmuz 2014 Cumartesi] [16:40:09] Kip	Kanal kipleri: hiçbir renge izin yok, gizli, konu koruması
[12 Temmuz 2014 Cumartesi] [16:40:09] Oluşturulma zamanı	Bu kanal 25-02-2013 19:48 tarihinde kuruldu.
[12 Temmuz 2014 Cumartesi] [16:40:12] <suvari>	arc 1.7 de
[12 Temmuz 2014 Cumartesi] [16:40:30] <suvari>	farm derleyemiyor bunu
[12 Temmuz 2014 Cumartesi] [16:40:37] <suvari>	anlayamıyorum yaw
[12 Temmuz 2014 Cumartesi] [16:40:40] <namso-01>	o paket hep sıkıntılı zaten
[12 Temmuz 2014 Cumartesi] [16:41:09] <suvari>	format atınca ilkin bunu derlemeyi deneyecem
[12 Temmuz 2014 Cumartesi] [16:41:42] <namso-01>	dizideyim
[12 Temmuz 2014 Cumartesi] [16:41:51] <suvari>	hangi dizi
[12 Temmuz 2014 Cumartesi] [17:09:29] Katıl	You (~vedat@78.174.214.149) have joined the channel #pisi-devel.
[12 Temmuz 2014 Cumartesi] [17:09:29] Konu	Kanal konusu: "OK".
[12 Temmuz 2014 Cumartesi] [17:09:29] Konu	Konu obsoleteman!~obs@unaffiliated/obsoleteman tarafından 15-05-2014 17:54 tarihinde ayarlandı.
[12 Temmuz 2014 Cumartesi] [17:09:29] Duyuru	-ChanServ- [#pisi-devel] merhaba - hi!
[12 Temmuz 2014 Cumartesi] [17:09:38] Kip	Kanal kipleri: hiçbir renge izin yok, gizli, konu koruması
[12 Temmuz 2014 Cumartesi] [17:09:38] Oluşturulma zamanı	Bu kanal 25-02-2013 19:48 tarihinde kuruldu.
[12 Temmuz 2014 Cumartesi] [17:16:11] Katıl	You (~vedat@78.174.211.14) have joined the channel #pisi-devel.
[12 Temmuz 2014 Cumartesi] [17:16:11] Konu	Kanal konusu: "OK".
[12 Temmuz 2014 Cumartesi] [17:16:11] Konu	Konu obsoleteman!~obs@unaffiliated/obsoleteman tarafından 15-05-2014 17:54 tarihinde ayarlandı.
[12 Temmuz 2014 Cumartesi] [17:16:11] Duyuru	-ChanServ- [#pisi-devel] merhaba - hi!
[12 Temmuz 2014 Cumartesi] [17:16:21] Kip	Kanal kipleri: hiçbir renge izin yok, gizli, konu koruması
[12 Temmuz 2014 Cumartesi] [17:16:21] Oluşturulma zamanı	Bu kanal 25-02-2013 19:48 tarihinde kuruldu.
[12 Temmuz 2014 Cumartesi] [17:27:07] Katıl	yusuf (~yusuf@88.247.78.193) has joined this channel.
[12 Temmuz 2014 Cumartesi] [17:27:27] <yusuf>	merhaba agalar
[12 Temmuz 2014 Cumartesi] [17:28:05] <suvari>	meraba ustam
[12 Temmuz 2014 Cumartesi] [17:28:56] <suvari>	beyler benim kde de, yetki sorunum sürüyor yaw,
[12 Temmuz 2014 Cumartesi] [17:29:06] <suvari>	Uyarı: Yönetici yetkileriniz yok.
[12 Temmuz 2014 Cumartesi] [17:29:35] <suvari>	bişileri yeniden mi kurmalıyım
[12 Temmuz 2014 Cumartesi] [17:29:37] <yusuf>	tam olarak nasil oluyorbakak onada
[12 Temmuz 2014 Cumartesi] [17:31:10] <suvari>	Uyarı: Yönetici yetkileriniz yok.
[12 Temmuz 2014 Cumartesi] [17:31:49] <suvari>	http://hizliresim.com/PvEL35
[12 Temmuz 2014 Cumartesi] [17:34:01] Çıkış	yusuf (~yusuf@88.247.78.193) has left this server (Ping timeout: 240 seconds).
[12 Temmuz 2014 Cumartesi] [17:41:14] <namso-01>	Fatal Error: Unable to connect to PulseAudio: OK suvari bu ne hatasıdır
[12 Temmuz 2014 Cumartesi] [17:41:36] <suvari>	pulseaudio ya bağlanamamış
[12 Temmuz 2014 Cumartesi] [17:41:39] <namso-01>	yereldeki çoklu ortam dosyalarından ses çıkarmıyor
[12 Temmuz 2014 Cumartesi] [17:42:03] <suvari>	müzik çalmıyor mu
[12 Temmuz 2014 Cumartesi] [17:42:16] <namso-01>	yereldekilerden ses getirmiyor
[12 Temmuz 2014 Cumartesi] [17:42:35] <suvari>	diğer playerlerde de ses yok mu
[12 Temmuz 2014 Cumartesi] [17:42:41] <namso-01>	yok
[12 Temmuz 2014 Cumartesi] [17:42:46] <namso-01>	sadece internet
[12 Temmuz 2014 Cumartesi] [17:43:01] <suvari>	anakanalı mı değiştirdin
[12 Temmuz 2014 Cumartesi] [17:43:16] <namso-01>	Ses çıkışı hata verdi:
[12 Temmuz 2014 Cumartesi] [17:43:18] <namso-01>	"default" ses aygıtı kullanılamıyor:
[12 Temmuz 2014 Cumartesi] [17:43:19] <namso-01>	Bağlantı reddedildi.
[12 Temmuz 2014 Cumartesi] [17:43:21] <namso-01>	vlc de bunu diyor
[12 Temmuz 2014 Cumartesi] [17:44:06] <suvari>	bende sesler sağlam çıkıyor ama, gelişmiş ses denetimini açamıyorum
[12 Temmuz 2014 Cumartesi] [17:44:16] <suvari>	Fatal Error: Unable to connect to PulseAudio: OK
[12 Temmuz 2014 Cumartesi] [17:44:22] <namso-01>	aynen
[12 Temmuz 2014 Cumartesi] [17:45:06] <namso-01>	ses simgesi sağ tık > ses ayarları > arka uçta gstreamer var
[12 Temmuz 2014 Cumartesi] [17:45:14] <namso-01>	normalde farklı olması lazımdı
[12 Temmuz 2014 Cumartesi] [17:45:15] <suvari>	phonon ile ilgili olabilir bu hata
[12 Temmuz 2014 Cumartesi] [17:47:59] <namso-01>	orada gstreamer olmaması lazım
[12 Temmuz 2014 Cumartesi] [17:49:54] Katıl	yusuf (~yusuf@88.247.78.193) has joined this channel.
[12 Temmuz 2014 Cumartesi] [17:54:55] <vedat>	pulseaudio kurulu mu
[12 Temmuz 2014 Cumartesi] [17:55:41] <suvari>	bende hayır
[12 Temmuz 2014 Cumartesi] [17:55:52] <vedat>	kurunca düzeliyor bende
[12 Temmuz 2014 Cumartesi] [17:56:16] Çıkış	yusuf (~yusuf@88.247.78.193) has left this server (Ping timeout: 240 seconds).
[12 Temmuz 2014 Cumartesi] [17:57:12] Çıkış	namso-01 (~ata@unaffiliated/namso-01) has left this server (Quit: Konversation terminated!).
[12 Temmuz 2014 Cumartesi] [17:57:17] <suvari>	kmix ten, gelişmiş ses denetimi açılıyor mu o zaman vedat
[12 Temmuz 2014 Cumartesi] [17:57:45] <suvari>	bende açılmıyor hala
[12 Temmuz 2014 Cumartesi] [17:58:18] <vedat>	restart ettin mi
[12 Temmuz 2014 Cumartesi] [17:58:28] <suvari>	edeyim
[12 Temmuz 2014 Cumartesi] [17:58:43] Çıkış	suvari (~suvari@88.226.47.84) has left this server (Quit: Konversation terminated!).
[12 Temmuz 2014 Cumartesi] [18:01:11] Katıl	suvari (~suvari@88.226.47.84) has joined this channel.
[12 Temmuz 2014 Cumartesi] [18:01:22] Katıl	namso-01 (~ata@95.7.25.61) has joined this channel.
[12 Temmuz 2014 Cumartesi] [18:01:22] Çıkış	namso-01 (~ata@95.7.25.61) has left this server (Changing host).
[12 Temmuz 2014 Cumartesi] [18:01:22] Katıl	namso-01 (~ata@unaffiliated/namso-01) has joined this channel.
[12 Temmuz 2014 Cumartesi] [18:02:00] <suvari>	düzeldi vedat
[12 Temmuz 2014 Cumartesi] [18:02:06] <namso-01>	vedat: işe yaradı
[12 Temmuz 2014 Cumartesi] [18:02:27] <namso-01>	iso'ya alalım o paketleri de
[12 Temmuz 2014 Cumartesi] [18:02:30] <namso-01>	sağolasın
[12 Temmuz 2014 Cumartesi] [18:03:46] <suvari>	kmix runtime ında, pulseaudio-libs var, bu pulseaudio mu olmalı yoksa
[12 Temmuz 2014 Cumartesi] [18:03:57] <suvari>	veya eklenmeli mi
[12 Temmuz 2014 Cumartesi] [18:04:20] <namso-01>	suvari: onu da eklesene
[12 Temmuz 2014 Cumartesi] [18:06:10] <suvari>	emin misiniz
[12 Temmuz 2014 Cumartesi] [18:07:02] <namso-01>	evet
[12 Temmuz 2014 Cumartesi] [18:07:09] <suvari>	ekliyorum
[12 Temmuz 2014 Cumartesi] [18:08:52] <suvari>	kmix için arch şu yamayı da eklemiş https://projects.archlinux.org/svntogit/packages.git/commit/trunk?h=packages/kdemultimedia-kmix&id=bfa897d80701896bbda89b98137516330fcc77d5
[12 Temmuz 2014 Cumartesi] [18:10:50] <namso-01>	ekleneilir
[12 Temmuz 2014 Cumartesi] [18:12:38] <suvari>	pulseaudio ekledim, release artırayımmı
[12 Temmuz 2014 Cumartesi] [18:15:45] Katıl	pisi-bot (~pisi-bot@192.30.252.39) has joined this channel.
[12 Temmuz 2014 Cumartesi] [18:15:45] Duyuru	-pisi-bot -> #pisi-devel- [PisiLinux] suvari pushed 1 new commit to master: http://git.io/13GcyQ
[12 Temmuz 2014 Cumartesi] [18:15:45] Duyuru	-pisi-bot -> #pisi-devel- PisiLinux/master 439cb58 suvari: kmix: added a dep
[12 Temmuz 2014 Cumartesi] [18:15:46] Part	pisi-bot (~pisi-bot@192.30.252.39) has left this channel.
[12 Temmuz 2014 Cumartesi] [18:17:19] <suvari>	o yama şu hata içinmiş namso-01 https://bugs.archlinux.org/task/40786
[12 Temmuz 2014 Cumartesi] [18:17:32] <suvari>	 qdbus: could not exec '/usr/lib/qt/bin/qdbus': No such file or directory
[12 Temmuz 2014 Cumartesi] [18:17:42] <suvari>	ama kendileri de emin değiller
[12 Temmuz 2014 Cumartesi] [18:17:53] <suvari>	hele hele diyorlar
[12 Temmuz 2014 Cumartesi] [18:17:58] <namso-01>	tamam
[12 Temmuz 2014 Cumartesi] [18:20:09] <suvari>	epeyce paket güncellenmiş, farmda kırık var mı
[12 Temmuz 2014 Cumartesi] [18:21:06] <suvari>	farmer lar gelince bir rapor alıverseler iyi olur, kaptana kırıksız depo ile meraba deriz
[12 Temmuz 2014 Cumartesi] [18:21:31] <namso-01>	yarın damlar o da
[12 Temmuz 2014 Cumartesi] [18:21:56] <suvari>	bence maaşı alınca çıkar yola
[12 Temmuz 2014 Cumartesi] [18:22:36] <suvari>	farm normale döndü mü
[12 Temmuz 2014 Cumartesi] [18:23:14] <suvari>	zayıfladıydı biara
[12 Temmuz 2014 Cumartesi] [18:23:39] <namso-01>	evet
[12 Temmuz 2014 Cumartesi] [18:27:40] <suvari>	kde ye ekran koruyucu ekleyebiliyor musunuz, ben yapamadım
[12 Temmuz 2014 Cumartesi] [18:27:46] <suvari>	çalışmadı
[12 Temmuz 2014 Cumartesi] [18:28:23] <suvari>	önizleme bile oluyor ama çalışmıyor
[12 Temmuz 2014 Cumartesi] [18:34:44] <namso-01>	bir hata çıktısı verirsen bakarız
[12 Temmuz 2014 Cumartesi] [18:34:58] <suvari>	çıktı yok
[12 Temmuz 2014 Cumartesi] [18:35:11] <suvari>	ayarlıyorum onu, başlamıyor
[12 Temmuz 2014 Cumartesi] [18:36:51] <suvari>	deneyeyim bir daha
[12 Temmuz 2014 Cumartesi] [18:40:20] Katıl	You (~vedat@78.174.211.14) have joined the channel #pisi-devel.
[12 Temmuz 2014 Cumartesi] [18:40:20] Konu	Kanal konusu: "OK".
[12 Temmuz 2014 Cumartesi] [18:40:20] Konu	Konu obsoleteman!~obs@unaffiliated/obsoleteman tarafından 15-05-2014 17:54 tarihinde ayarlandı.
[12 Temmuz 2014 Cumartesi] [18:40:30] Kip	Kanal kipleri: hiçbir renge izin yok, gizli, konu koruması
[12 Temmuz 2014 Cumartesi] [18:40:30] Oluşturulma zamanı	Bu kanal 25-02-2013 19:48 tarihinde kuruldu.
[12 Temmuz 2014 Cumartesi] [18:44:57] <namso-01>	suvari: bende çalıştı
[12 Temmuz 2014 Cumartesi] [18:45:29] <suvari>	euphoria beğendim deniyorum bakeem
[12 Temmuz 2014 Cumartesi] [18:45:46] <namso-01>	http://s24.postimg.org/pg8403bj9/ekran_g_r_nt_s_2.png
[12 Temmuz 2014 Cumartesi] [18:45:52] <namso-01>	ayarlarını böyle yaptım
[12 Temmuz 2014 Cumartesi] [18:46:28] <suvari>	opengl içnde euphoria dener misin
[12 Temmuz 2014 Cumartesi] [18:48:01] <suvari>	aha çalıştı vallaha:D
[12 Temmuz 2014 Cumartesi] [18:48:08] <suvari>	:D
[12 Temmuz 2014 Cumartesi] [18:48:13] <suvari>	ilk defa bee
[12 Temmuz 2014 Cumartesi] [19:05:09] Katıl	You (~vedat@78.174.211.14) have joined the channel #pisi-devel.
[12 Temmuz 2014 Cumartesi] [19:05:09] Konu	Kanal konusu: "OK".
[12 Temmuz 2014 Cumartesi] [19:05:09] Konu	Konu obsoleteman!~obs@unaffiliated/obsoleteman tarafından 15-05-2014 17:54 tarihinde ayarlandı.
[12 Temmuz 2014 Cumartesi] [19:05:09] Duyuru	-ChanServ- [#pisi-devel] merhaba - hi!
[12 Temmuz 2014 Cumartesi] [19:05:19] Kip	Kanal kipleri: hiçbir renge izin yok, gizli, konu koruması
[12 Temmuz 2014 Cumartesi] [19:05:19] Oluşturulma zamanı	Bu kanal 25-02-2013 19:48 tarihinde kuruldu.

*** Günlük dosyası
*** Cmt Tem 12 19:53:08 2014 zamanında başladı

[12 Temmuz 2014 Cumartesi] [19:53:08] Katıl	You (~vedat@78.174.211.14) have joined the channel #pisi-devel.
[12 Temmuz 2014 Cumartesi] [19:53:08] Konu	Kanal konusu: "OK".
[12 Temmuz 2014 Cumartesi] [19:53:08] Konu	Konu obsoleteman!~obs@unaffiliated/obsoleteman tarafından 15-05-2014 17:54 tarihinde ayarlandı.
[12 Temmuz 2014 Cumartesi] [19:53:19] Kip	Kanal kipleri: hiçbir renge izin yok, gizli, konu koruması
[12 Temmuz 2014 Cumartesi] [19:53:19] Oluşturulma zamanı	Bu kanal 25-02-2013 19:48 tarihinde kuruldu.
[12 Temmuz 2014 Cumartesi] [20:18:32] Katıl	You (~vedat@78.174.211.14) have joined the channel #pisi-devel.
[12 Temmuz 2014 Cumartesi] [20:18:32] Konu	Kanal konusu: "OK".
[12 Temmuz 2014 Cumartesi] [20:18:32] Konu	Konu obsoleteman!~obs@unaffiliated/obsoleteman tarafından 15-05-2014 17:54 tarihinde ayarlandı.
[12 Temmuz 2014 Cumartesi] [20:18:43] Kip	Kanal kipleri: hiçbir renge izin yok, gizli, konu koruması
[12 Temmuz 2014 Cumartesi] [20:18:43] Oluşturulma zamanı	Bu kanal 25-02-2013 19:48 tarihinde kuruldu.
[12 Temmuz 2014 Cumartesi] [20:57:48] Çıkış	namso-01 (~ata@unaffiliated/namso-01) has left this server (Quit: Konversation terminated!).
[12 Temmuz 2014 Cumartesi] [20:57:56] Katıl	pisi-bot (~pisi-bot@192.30.252.35) has joined this channel.
[12 Temmuz 2014 Cumartesi] [20:57:56] Duyuru	-pisi-bot -> #pisi-devel- [PisiLinux] namso-01 pushed 1 new commit to master: http://git.io/He2EhQ
[12 Temmuz 2014 Cumartesi] [20:57:57] Duyuru	-pisi-bot -> #pisi-devel- PisiLinux/master 1d175e5 namso-01: gnome: gir-1.0 directory move
[12 Temmuz 2014 Cumartesi] [20:57:57] Part	pisi-bot (~pisi-bot@192.30.252.35) has left this channel.
[12 Temmuz 2014 Cumartesi] [20:59:30] Katıl	slarikan (~slarikan@88.226.251.184) has joined this channel.
[12 Temmuz 2014 Cumartesi] [21:01:22] Katıl	namso-01 (~ata@unaffiliated/namso-01) has joined this channel.
[12 Temmuz 2014 Cumartesi] [21:18:19] Katıl	erturk (~erturk@212.252.166.207) has joined this channel.
[12 Temmuz 2014 Cumartesi] [21:20:07] Katıl	pisi-bot (~pisi-bot@192.30.252.34) has joined this channel.
[12 Temmuz 2014 Cumartesi] [21:20:08] Duyuru	-pisi-bot -> #pisi-devel- [PisiLinux] vdemir pushed 2 new commits to master: http://git.io/dhDoew
[12 Temmuz 2014 Cumartesi] [21:20:08] Duyuru	-pisi-bot -> #pisi-devel- PisiLinux/master 2deb206 vedat: unetbootin: v.bump.
[12 Temmuz 2014 Cumartesi] [21:20:09] Duyuru	-pisi-bot -> #pisi-devel- PisiLinux/master 16c398d vedat: Merge branch 'master' of https://github.com/pisilinux/PisiLinux
[12 Temmuz 2014 Cumartesi] [21:20:09] Part	pisi-bot (~pisi-bot@192.30.252.34) has left this channel.
[12 Temmuz 2014 Cumartesi] [21:23:28] <namso-01>	vedat: sen gitteki kullanıcı adını mı değiştirdin
[12 Temmuz 2014 Cumartesi] [21:23:34] <namso-01>	erturk: selam
[12 Temmuz 2014 Cumartesi] [21:23:37] <namso-01>	hoşheldib
[12 Temmuz 2014 Cumartesi] [21:23:43] <namso-01>	hoşgeldin
[12 Temmuz 2014 Cumartesi] [21:24:52] <vedat>	değişmedi
[12 Temmuz 2014 Cumartesi] [21:25:36] <vedat>	:)
[12 Temmuz 2014 Cumartesi] [21:27:28] Katıl	yusuf (~yusuf@88.247.78.193) has joined this channel.
[12 Temmuz 2014 Cumartesi] [21:27:37] <yusuf>	hi all
[12 Temmuz 2014 Cumartesi] [21:27:44] <yusuf>	selam
[12 Temmuz 2014 Cumartesi] [21:27:53] <slarikan>	a slm
[12 Temmuz 2014 Cumartesi] [21:29:35] <erturk>	namso-01 yusuf  merhaba
[12 Temmuz 2014 Cumartesi] [21:30:20] <yusuf>	merhaba erturk nerlerdesin ağam
[12 Temmuz 2014 Cumartesi] [21:31:07] <erturk>	işlerimiz bozuldu buralardaydım
[12 Temmuz 2014 Cumartesi] [21:31:17] <erturk>	takipteyim :D
[12 Temmuz 2014 Cumartesi] [21:32:02] <namso-01>	yusuf: selam
[12 Temmuz 2014 Cumartesi] [21:32:09] <namso-01>	gnome paketlerini bir derletsen
[12 Temmuz 2014 Cumartesi] [21:32:31] <namso-01>	vedat: senin gönderi sayın neden az?
[12 Temmuz 2014 Cumartesi] [21:32:35] <namso-01>	daha fazla olması lazım
[12 Temmuz 2014 Cumartesi] [21:32:52] <erturk>	korsan çalışıyordur
[12 Temmuz 2014 Cumartesi] [21:32:54] <vedat>	bilmiyorum
[12 Temmuz 2014 Cumartesi] [21:33:04] <namso-01>	https://github.com/pisilinux/PisiLinux/graphs/contributors
[12 Temmuz 2014 Cumartesi] [21:33:21] <namso-01>	 tane diyor
[12 Temmuz 2014 Cumartesi] [21:33:21] <vedat>	:)
[12 Temmuz 2014 Cumartesi] [21:33:24] <namso-01>	5
[12 Temmuz 2014 Cumartesi] [21:33:55] <yusuf>	namso-01
[12 Temmuz 2014 Cumartesi] [21:34:05] <namso-01>	efendim
[12 Temmuz 2014 Cumartesi] [21:34:10] <yusuf>	mail ini degistirmistir
[12 Temmuz 2014 Cumartesi] [21:34:20] <namso-01>	bir de kırık listesi versen
[12 Temmuz 2014 Cumartesi] [21:34:39] <yusuf>	lighspark
[12 Temmuz 2014 Cumartesi] [21:34:41] <yusuf>	glob2
[12 Temmuz 2014 Cumartesi] [21:34:48] <namso-01>	onlar derlenmez
[12 Temmuz 2014 Cumartesi] [21:34:52] <yusuf>	gnash
[12 Temmuz 2014 Cumartesi] [21:35:10] <namso-01>	gcc 4.9 yaması lazım
[12 Temmuz 2014 Cumartesi] [21:35:18] <erturk>	namso-01:  neden gnomeyi geri aldık 3,12 den
[12 Temmuz 2014 Cumartesi] [21:35:39] <namso-01>	upower-0.99 olması lazım
[12 Temmuz 2014 Cumartesi] [21:35:43] <namso-01>	o olmuyor
[12 Temmuz 2014 Cumartesi] [21:35:58] <namso-01>	upower-0.99 systemd ile çalışıyor
[12 Temmuz 2014 Cumartesi] [21:36:05] <namso-01>	bizde systemd yok
[12 Temmuz 2014 Cumartesi] [21:36:40] <yusuf>	vaka cikti ben kacar
[12 Temmuz 2014 Cumartesi] [21:36:44] <yusuf>	cya
[12 Temmuz 2014 Cumartesi] [21:36:48] Çıkış	yusuf (~yusuf@88.247.78.193) has left this server (Quit: Bye).
[12 Temmuz 2014 Cumartesi] [21:38:08] <erturk>	namso-01: hallederiz sanırım o işleri
[12 Temmuz 2014 Cumartesi] [21:38:35] <namso-01>	yerelinde dene
[12 Temmuz 2014 Cumartesi] [21:38:57] <namso-01>	ama upower yeni sürümü systemd üzerinden yazılmış
[12 Temmuz 2014 Cumartesi] [21:39:32] <erturk>	bakarız neymiş derdi
[12 Temmuz 2014 Cumartesi] [21:39:54] <namso-01>	yerelin de ama
[12 Temmuz 2014 Cumartesi] [21:40:02] <erturk>	:D olur
[12 Temmuz 2014 Cumartesi] [21:40:16] <namso-01>	bu hali ile çalışıyor
[12 Temmuz 2014 Cumartesi] [21:41:18] <erturk>	gnome açılmadı bende
[12 Temmuz 2014 Cumartesi] [21:42:48] <namso-01>	-devel paketlerini de kursana
[12 Temmuz 2014 Cumartesi] [21:43:58] <erturk>	kurmadanda çalışıyordu ne oluyor bu paketlere durduk yerde aklım almıyor yemin ederim
[12 Temmuz 2014 Cumartesi] [21:44:22] <erturk>	çalışan şeyleri ne kurcalayıp duruyoruz
[12 Temmuz 2014 Cumartesi] [21:44:55] <namso-01>	 /usr/share/gir-1.0 dizinini ana pakete aldım
[12 Temmuz 2014 Cumartesi] [21:51:02] Çıkış	slarikan (~slarikan@88.226.251.184) has left this server (Quit: Konversation terminated!).
[12 Temmuz 2014 Cumartesi] [21:51:16] <erturk>	bu boşlukta ssd aldım uçuyor pisi :D
[12 Temmuz 2014 Cumartesi] [21:51:27] <namso-01>	iyi etmişsin
[12 Temmuz 2014 Cumartesi] [21:51:45] <erturk>	intel ile alakalı sorun çıkmadı bende
[12 Temmuz 2014 Cumartesi] [21:51:56] <erturk>	görüntü filan bulursan yollarmısın bana
[12 Temmuz 2014 Cumartesi] [21:52:10] <erturk>	ekran parçalanıyor demişti kaptan
[12 Temmuz 2014 Cumartesi] [21:52:34] <namso-01>	java saçmalıyor
[12 Temmuz 2014 Cumartesi] [21:52:37] <namso-01>	yada flash
[12 Temmuz 2014 Cumartesi] [21:52:43] <namso-01>	oyun oynarken kırpıyor
[12 Temmuz 2014 Cumartesi] [21:52:46] <namso-01>	ekran
[12 Temmuz 2014 Cumartesi] [21:52:46] <erturk>	videolardamı
[12 Temmuz 2014 Cumartesi] [21:52:56] <namso-01>	face oyunlarında
[12 Temmuz 2014 Cumartesi] [21:53:05] <namso-01>	mesela farm heroes saga
[12 Temmuz 2014 Cumartesi] [21:53:10] <namso-01>	da
[12 Temmuz 2014 Cumartesi] [21:53:21] <erturk>	tamam deneyeyim uygun zamanda
[12 Temmuz 2014 Cumartesi] [21:53:50] <namso-01>	java ile flashı ben güncelliyorum ama sorunlu olabilir.
[12 Temmuz 2014 Cumartesi] [21:54:11] <erturk>	sorun intel sürücüsünde de olabilir
[12 Temmuz 2014 Cumartesi] [21:54:24] <erturk>	artık birşey güncellemeyek yeter bence
[12 Temmuz 2014 Cumartesi] [21:54:30] <namso-01>	bence de
[12 Temmuz 2014 Cumartesi] [21:54:35] <erturk>	sorun çözelim
[12 Temmuz 2014 Cumartesi] [21:54:36] <namso-01>	vedat:  okusana
[12 Temmuz 2014 Cumartesi] [21:54:38] <namso-01>	^^^^
[12 Temmuz 2014 Cumartesi] [21:54:45] <namso-01>	aynen
[12 Temmuz 2014 Cumartesi] [21:55:25] <erturk>	neler olmuş depoda :D
[12 Temmuz 2014 Cumartesi] [21:55:35] <namso-01>	epey birşey olmuş
[12 Temmuz 2014 Cumartesi] [21:55:46] <erturk>	libpng nereden çıktı yaw
[12 Temmuz 2014 Cumartesi] [21:55:57] <namso-01>	önceden de vardı
[12 Temmuz 2014 Cumartesi] [21:56:11] <vedat>	bug fix yapan paketleri sorun çözüyor varsyarak minör değişiklileri bumplıyordum
[12 Temmuz 2014 Cumartesi] [21:56:12] <erturk>	hayır bütün depoyu kırabilir ezbere olurmu o iş
[12 Temmuz 2014 Cumartesi] [21:56:40] <namso-01>	kaptan gelsinde çeki düzen verelim
[12 Temmuz 2014 Cumartesi] [21:56:50] <vedat>	ben libpng den etkilenen paketlere dikkat ettim
[12 Temmuz 2014 Cumartesi] [21:56:56] <vedat>	bende sorun olmadı
[12 Temmuz 2014 Cumartesi] [21:57:24] <vedat>	bundan sonra artık paket yükselmeyeyim o zaman
[12 Temmuz 2014 Cumartesi] [21:57:24] <erturk>	sende kaç paket kurulu vedat şu anda ?
[12 Temmuz 2014 Cumartesi] [21:57:34] <erturk>	depoda binlerce paket var
[12 Temmuz 2014 Cumartesi] [21:57:43] <vedat>	iso +150+ devel ve birkaç paket
[12 Temmuz 2014 Cumartesi] [21:57:44] <namso-01>	6300 kadar
[12 Temmuz 2014 Cumartesi] [21:57:57] <namso-01>	normal depo
[12 Temmuz 2014 Cumartesi] [21:57:59] <vedat>	ve bağımlılıkları
[12 Temmuz 2014 Cumartesi] [21:58:05] <vedat>	syaısnı bilmiyorum
[12 Temmuz 2014 Cumartesi] [21:58:15] <erturk>	vedat: tam koordinasyon sağlamalıyız böyle olmamalı
[12 Temmuz 2014 Cumartesi] [21:58:21] <vedat>	oki
[12 Temmuz 2014 Cumartesi] [21:58:52] <erturk>	daha önce söylemiştim mesela sana kernel ile ilgili birşeyler hatırlıyormusun ?
[12 Temmuz 2014 Cumartesi] [21:58:58] <vedat>	kaptan arızalı paketlere bakın derken
[12 Temmuz 2014 Cumartesi] [21:59:07] <vedat>	ben biraz geniş anlamışım
[12 Temmuz 2014 Cumartesi] [21:59:16] <erturk>	olsun ziyanı yok geri alırız
[12 Temmuz 2014 Cumartesi] [21:59:21] <vedat>	bug fixleyen paketleride bumpladım
[12 Temmuz 2014 Cumartesi] [21:59:33] <namso-01>	iyi bakalım
[12 Temmuz 2014 Cumartesi] [22:00:07] <vedat>	libpng  plymouth-graphics-libs kırabilirdi amma
[12 Temmuz 2014 Cumartesi] [22:00:10] <vedat>	normal bence
[12 Temmuz 2014 Cumartesi] [22:00:25] <vedat>	sorun olmadı
[12 Temmuz 2014 Cumartesi] [22:00:33] <erturk>	vedat: o paketlere marcin baksın
[12 Temmuz 2014 Cumartesi] [22:00:39] <vedat>	oki
[12 Temmuz 2014 Cumartesi] [22:00:57] <erturk>	biz de yan uygulamaları yükseltelim
[12 Temmuz 2014 Cumartesi] [22:01:05] <erturk>	hedefimiz bu olsun
[12 Temmuz 2014 Cumartesi] [22:01:45] <erturk>	pythonu bile bumplamışsın yaw :D
[12 Temmuz 2014 Cumartesi] [22:01:53] <vedat>	:D
[12 Temmuz 2014 Cumartesi] [22:02:10] <vedat>	bug fixleyenleri bumpladım
[12 Temmuz 2014 Cumartesi] [22:02:32] <erturk>	nereden baktın onlara
[12 Temmuz 2014 Cumartesi] [22:02:54] <erturk>	hergün bug fixlenix bu alemde onların hızına yetişemezi :D
[12 Temmuz 2014 Cumartesi] [22:02:57] <vedat>	minörleri majorlara dokunmadım
[12 Temmuz 2014 Cumartesi] [22:03:18] <vedat>	changelog   vs
[12 Temmuz 2014 Cumartesi] [22:03:30] <vedat>	:D
[12 Temmuz 2014 Cumartesi] [22:03:52] <erturk>	şimdi kararlı sürüm çıkana kadar arıza bulup onları düzeltelim yükseltme yapmayalım bence
[12 Temmuz 2014 Cumartesi] [22:04:36] <vedat>	OKİ
[12 Temmuz 2014 Cumartesi] [22:04:40] <vedat>	oki
[12 Temmuz 2014 Cumartesi] [22:04:41] <erturk>	meselka ben söyleyeyim sana
[12 Temmuz 2014 Cumartesi] [22:05:10] <erturk>	https://github.com/pisilinux/PisiLinux/blob/d36232359f06d5beda33864952c70147f726053a/programming/language/perl/perl-Linux-Desktopfiles/pspec.xml
[12 Temmuz 2014 Cumartesi] [22:05:15] <erturk>	bu paket çalışmıyor
[12 Temmuz 2014 Cumartesi] [22:05:42] <erturk>	hem openboz hemde fluxbox buna bağlı xdg menuler gözükmüyor
[12 Temmuz 2014 Cumartesi] [22:05:47] <erturk>	openbox
[12 Temmuz 2014 Cumartesi] [22:06:00] <erturk>	düzeltebiliyorsan hallet
[12 Temmuz 2014 Cumartesi] [22:06:10] <vedat>	bakim
[12 Temmuz 2014 Cumartesi] [22:10:37] <erturk>	namso-01: ofis filan kullanabiliyormusun
[12 Temmuz 2014 Cumartesi] [22:11:14] <erturk>	yardıma ihtiyacım var
[12 Temmuz 2014 Cumartesi] [22:15:52] <vedat>	ertuk: verdiğn paket derleniyor
[12 Temmuz 2014 Cumartesi] [22:16:08] <erturk>	ben derlenmiyor demedimki
[12 Temmuz 2014 Cumartesi] [22:16:14] <vedat>	:)
[12 Temmuz 2014 Cumartesi] [22:16:18] Çıkış	namso-01 (~ata@unaffiliated/namso-01) has left this server (Ping timeout: 240 seconds).
[12 Temmuz 2014 Cumartesi] [22:23:27] <vedat>	http://cpan.metacpan.org/authors/id/T/TR/TRIZEN/DesktopFiles-0.08.tar.gz
[12 Temmuz 2014 Cumartesi] [22:23:35] <vedat>	http://cpan.metacpan.org/authors/id/T/TR/TRIZEN/Linux-DesktopFiles-0.08.tar.gz
[12 Temmuz 2014 Cumartesi] [22:24:00] <vedat>	bu iki paket bağımlılık olabilir
[12 Temmuz 2014 Cumartesi] [22:24:12] <vedat>	ikiside perl paketi
[12 Temmuz 2014 Cumartesi] [22:24:28] <erturk>	değil daha önce çalışıyordu
[12 Temmuz 2014 Cumartesi] [22:25:04] <erturk>	openbox kurdunmu
[12 Temmuz 2014 Cumartesi] [22:25:08] <erturk>	https://github.com/pisilinux/PisiLinux/blob/master/x11/wm/openbox/files/menu.xml
[12 Temmuz 2014 Cumartesi] [22:25:10] <vedat>	pardon bu ikisi aynımış
[12 Temmuz 2014 Cumartesi] [22:25:23] <erturk>	 /usr/bin/obmenu-generator
[12 Temmuz 2014 Cumartesi] [22:25:34] <erturk>	komutunu ver çıktı sana yol gösterebilir
[12 Temmuz 2014 Cumartesi] [22:30:52] <vedat>	icon temalarla alakalı olabilir
[12 Temmuz 2014 Cumartesi] [22:31:13] <vedat>	patchsız derleyeyim
[12 Temmuz 2014 Cumartesi] [22:31:16] <vedat>	bi
[12 Temmuz 2014 Cumartesi] [22:35:36] Çıkış	erturk (~erturk@212.252.166.207) has left this server (Quit: Konversation terminated!).
[12 Temmuz 2014 Cumartesi] [22:39:49] Katıl	erturk (~erturk@212.252.166.207) has joined this channel.
[12 Temmuz 2014 Cumartesi] [22:41:18] Katıl	yusuf (~yusuf@88.247.78.193) has joined this channel.
[12 Temmuz 2014 Cumartesi] [22:42:11] <erturk>	yusuf: maça kaçacanmı
[12 Temmuz 2014 Cumartesi] [22:42:35] <yusuf>	maçla aram yok
[12 Temmuz 2014 Cumartesi] [22:42:45] <erturk>	ok yardım lazım aga
[12 Temmuz 2014 Cumartesi] [22:43:13] <erturk>	bir metin içinde mükerrer olanları nasıl buluruz fikrin varmı
[12 Temmuz 2014 Cumartesi] [22:43:39] <erturk>	iki veya daha fazla yazılanları yani
[12 Temmuz 2014 Cumartesi] [22:45:15] <yusuf>	bash betiklerini incele
[12 Temmuz 2014 Cumartesi] [22:45:31] <yusuf>	find grep
[12 Temmuz 2014 Cumartesi] [22:45:59] <yusuf>	googleye sor ornekleri cikar
[12 Temmuz 2014 Cumartesi] [22:46:04] <erturk>	1100 satır filan var
[12 Temmuz 2014 Cumartesi] [22:46:26] <erturk>	hepsini kontrol etmem lazım
[12 Temmuz 2014 Cumartesi] [22:46:38] <erturk>	https://github.com/pisilinux/playground/blob/master/blacksea/nvidia  bundan bahsediyorum
[12 Temmuz 2014 Cumartesi] [22:47:12] <yusuf>	marcin istedigin betigi yazabilir piton ile
[12 Temmuz 2014 Cumartesi] [22:47:17] <erturk>	bunda mükerer yok ama altına yazacaklarım da olabilir onu kontrol etmeme lazım
[12 Temmuz 2014 Cumartesi] [22:49:12] <erturk>	çalışıyor namussuz http://i.hizliresim.com/nY5PnM.png
[12 Temmuz 2014 Cumartesi] [22:49:13] <erturk>	:D
[12 Temmuz 2014 Cumartesi] [22:50:11] <erturk>	kaptandan yardım alacaz mecburen :D
[12 Temmuz 2014 Cumartesi] [22:50:43] <erturk>	vedat: openbox da sağ tık menusu bahsettiğim şey olursa pgye at ben ayarlarım
[12 Temmuz 2014 Cumartesi] [22:50:52] <yusuf>	bana mail cak durumu bosken bakayim
[12 Temmuz 2014 Cumartesi] [22:51:11] <erturk>	hankısını listeyimi
[12 Temmuz 2014 Cumartesi] [22:51:24] <erturk>	hazırlayam
[12 Temmuz 2014 Cumartesi] [22:54:47] <erturk>	aq herşey yasak memlekette
[12 Temmuz 2014 Cumartesi] [22:54:56] <erturk>	sudrap çalışmıyor yaw
[12 Temmuz 2014 Cumartesi] [22:55:04] <vedat>	hastebin
[12 Temmuz 2014 Cumartesi] [22:55:08] <vedat>	var 
[12 Temmuz 2014 Cumartesi] [22:55:11] <vedat>	artık
[12 Temmuz 2014 Cumartesi] [22:55:13] <erturk>	ona dns lazım
[12 Temmuz 2014 Cumartesi] [22:55:25] <erturk>	pastebin dah onceden de vardı
[12 Temmuz 2014 Cumartesi] [22:55:33] <vedat>	http://hastebin.com/about.md
[12 Temmuz 2014 Cumartesi] [22:55:35] <yusuf>	http://yigitozen.blogspot.com.tr/2012/07/unix-dosya-icerigini-aramak.html?m=1
[12 Temmuz 2014 Cumartesi] [22:55:45] <yusuf>	erturk bak hele
[12 Temmuz 2014 Cumartesi] [22:55:59] Çıkış	erturk (~erturk@212.252.166.207) has left this server (Quit: Konversation terminated!).
[12 Temmuz 2014 Cumartesi] [22:56:10] Katıl	erturk (~erturk@212.252.166.207) has joined this channel.
[12 Temmuz 2014 Cumartesi] [22:56:57] <erturk>	http://hastebin.com/uqupedasuj
[12 Temmuz 2014 Cumartesi] [22:57:04] <yusuf>	http://yigitozen.blogspot.com.tr/2012/07/unix-dosyada-mukerrer-kelimeleri-bulmak.html?m=1
[12 Temmuz 2014 Cumartesi] [22:57:26] <erturk>	yusuf: bakıyorum
[12 Temmuz 2014 Cumartesi] [22:58:23] <yusuf>	https://mkoz.wordpress.com/2012/04/
[12 Temmuz 2014 Cumartesi] [22:59:10] Katıl	yusufa (~yusuf@5.46.29.121) has joined this channel.

*** Günlük dosyası
*** Cmt Tem 12 23:04:50 2014 zamanında başladı

[12 Temmuz 2014 Cumartesi] [23:04:50] Katıl	You (~vedat@78.174.211.14) have joined the channel #pisi-devel.
[12 Temmuz 2014 Cumartesi] [23:04:50] Konu	Kanal konusu: "OK".
[12 Temmuz 2014 Cumartesi] [23:04:50] Konu	Konu obsoleteman!~obs@unaffiliated/obsoleteman tarafından 15-05-2014 17:54 tarihinde ayarlandı.
[12 Temmuz 2014 Cumartesi] [23:04:59] <vedat>	erturk:
[12 Temmuz 2014 Cumartesi] [23:05:00] Kip	Kanal kipleri: hiçbir renge izin yok, gizli, konu koruması
[12 Temmuz 2014 Cumartesi] [23:05:01] Oluşturulma zamanı	Bu kanal 25-02-2013 19:48 tarihinde kuruldu.
[12 Temmuz 2014 Cumartesi] [23:05:08] <vedat>	openbox kurdum 
[12 Temmuz 2014 Cumartesi] [23:05:21] <vedat>	parametreleri değiştirip derledim
[12 Temmuz 2014 Cumartesi] [23:05:44] <vedat>	openboxla oturum açtım
[12 Temmuz 2014 Cumartesi] [23:06:09] <vedat>	masaüstünde sağ menüye tıkladım
[12 Temmuz 2014 Cumartesi] [23:06:19] <vedat>	normal görünüyor
[12 Temmuz 2014 Cumartesi] [23:06:50] <erturk>	bir resim çekebilirmisin sağ tık menusunde

*** Günlük dosyası
*** Cmt Tem 12 23:11:50 2014 zamanında başladı

[12 Temmuz 2014 Cumartesi] [23:11:50] Katıl	You (~vedat@78.174.211.14) have joined the channel #pisi-devel.
[12 Temmuz 2014 Cumartesi] [23:11:50] Konu	Kanal konusu: "OK".
[12 Temmuz 2014 Cumartesi] [23:11:50] Konu	Konu obsoleteman!~obs@unaffiliated/obsoleteman tarafından 15-05-2014 17:54 tarihinde ayarlandı.
[12 Temmuz 2014 Cumartesi] [23:12:00] Kip	Kanal kipleri: hiçbir renge izin yok, gizli, konu koruması
[12 Temmuz 2014 Cumartesi] [23:12:00] Oluşturulma zamanı	Bu kanal 25-02-2013 19:48 tarihinde kuruldu.
[12 Temmuz 2014 Cumartesi] [23:12:09] <vedat>	http://hastebin.com/gijedikigi.coffee

*** Günlük dosyası
*** Cmt Tem 12 23:14:29 2014 zamanında başladı

[12 Temmuz 2014 Cumartesi] [23:14:29] Katıl	You (~vedat@78.174.211.14) have joined the channel #pisi-devel.
[12 Temmuz 2014 Cumartesi] [23:14:29] Konu	Kanal konusu: "OK".
[12 Temmuz 2014 Cumartesi] [23:14:29] Konu	Konu obsoleteman!~obs@unaffiliated/obsoleteman tarafından 15-05-2014 17:54 tarihinde ayarlandı.
[12 Temmuz 2014 Cumartesi] [23:14:38] Kip	Kanal kipleri: hiçbir renge izin yok, gizli, konu koruması
[12 Temmuz 2014 Cumartesi] [23:14:39] Oluşturulma zamanı	Bu kanal 25-02-2013 19:48 tarihinde kuruldu.
[12 Temmuz 2014 Cumartesi] [23:15:08] <vedat>	http://i.hizliresim.com/LdYdl0.png
[12 Temmuz 2014 Cumartesi] [23:15:16] <vedat>	ertürk resim bu
[12 Temmuz 2014 Cumartesi] [23:15:32] <erturk>	yok olmamış
[12 Temmuz 2014 Cumartesi] [23:15:43] <vedat>	nasıl
[12 Temmuz 2014 Cumartesi] [23:16:38] <erturk>	 /usr/bin/obmenu-generator
[12 Temmuz 2014 Cumartesi] [23:16:43] <erturk>	hata veriyormu ?
[12 Temmuz 2014 Cumartesi] [23:17:21] <vedat>	http://hastebin.com/bahucopovi.xml
[12 Temmuz 2014 Cumartesi] [23:17:23] <erturk>	aplications altında sende yüklü programların gözükmesi gerekiyordu
[12 Temmuz 2014 Cumartesi] [23:17:42] <erturk>	hata vermiş
[12 Temmuz 2014 Cumartesi] [23:18:58] <vedat>	hımm
[12 Temmuz 2014 Cumartesi] [23:20:35] <erturk>	ben maça kaçtım
[12 Temmuz 2014 Cumartesi] [23:21:12] <erturk>	xdg menu böylr birşey
[12 Temmuz 2014 Cumartesi] [23:21:16] <erturk>	http://3.bp.blogspot.com/-RBwABdD9YX4/TgNPD44YcWI/AAAAAAAAAVs/5WwsGJkecLc/s1600/openbox1.png
[12 Temmuz 2014 Cumartesi] [23:21:35] Çıkış	erturk (~erturk@212.252.166.207) has left this server (Quit: Konversation terminated!).

*** Günlük dosyası
*** Cmt Tem 12 23:36:28 2014 zamanında başladı

[12 Temmuz 2014 Cumartesi] [23:36:28] Katıl	You (~vedat@78.174.211.14) have joined the channel #pisi-devel.
[12 Temmuz 2014 Cumartesi] [23:36:28] Konu	Kanal konusu: "OK".
[12 Temmuz 2014 Cumartesi] [23:36:28] Konu	Konu obsoleteman!~obs@unaffiliated/obsoleteman tarafından 15-05-2014 17:54 tarihinde ayarlandı.
[12 Temmuz 2014 Cumartesi] [23:36:33] <vedat>	çözdüm
[12 Temmuz 2014 Cumartesi] [23:36:38] Kip	Kanal kipleri: hiçbir renge izin yok, gizli, konu koruması
[12 Temmuz 2014 Cumartesi] [23:36:38] Oluşturulma zamanı	Bu kanal 25-02-2013 19:48 tarihinde kuruldu.
[12 Temmuz 2014 Cumartesi] [23:44:40] Katıl	yusufa (~yusuf@5.46.14.162) has joined this channel.
[12 Temmuz 2014 Cumartesi] [23:46:58] Çıkış	yusuf (~yusuf@5.46.29.121) has left this server (Ping timeout: 240 seconds).
[12 Temmuz 2014 Cumartesi] [23:49:10] Katıl	yusuf (~yusuf@5.46.109.56) has joined this channel.
[12 Temmuz 2014 Cumartesi] [23:51:26] Çıkış	yusufa (~yusuf@5.46.14.162) has left this server (Ping timeout: 240 seconds).

*** Günlük dosyası
*** Paz Tem 13 00:09:40 2014 zamanında başladı

[13 Temmuz 2014 Pazar] [00:09:40] Katıl	You (~vedat@78.174.211.14) have joined the channel #pisi-devel.
[13 Temmuz 2014 Pazar] [00:09:40] Konu	Kanal konusu: "OK".
[13 Temmuz 2014 Pazar] [00:09:40] Konu	Konu obsoleteman!~obs@unaffiliated/obsoleteman tarafından 15-05-2014 17:54 tarihinde ayarlandı.
[13 Temmuz 2014 Pazar] [00:09:50] Kip	Kanal kipleri: hiçbir renge izin yok, gizli, konu koruması
[13 Temmuz 2014 Pazar] [00:09:50] Oluşturulma zamanı	Bu kanal 25-02-2013 19:48 tarihinde kuruldu.

*** Günlük dosyası
*** Paz Tem 13 00:14:08 2014 zamanında başladı

[13 Temmuz 2014 Pazar] [00:14:08] Katıl	You (~vedat@78.174.211.14) have joined the channel #pisi-devel.
[13 Temmuz 2014 Pazar] [00:14:08] Konu	Kanal konusu: "OK".
[13 Temmuz 2014 Pazar] [00:14:08] Konu	Konu obsoleteman!~obs@unaffiliated/obsoleteman tarafından 15-05-2014 17:54 tarihinde ayarlandı.
[13 Temmuz 2014 Pazar] [00:14:19] Kip	Kanal kipleri: hiçbir renge izin yok, gizli, konu koruması
[13 Temmuz 2014 Pazar] [00:14:19] Oluşturulma zamanı	Bu kanal 25-02-2013 19:48 tarihinde kuruldu.

*** Günlük dosyası
*** Paz Tem 13 09:17:17 2014 zamanında başladı

[13 Temmuz 2014 Pazar] [09:17:17] Katıl	You (~vedat@78.174.212.38) have joined the channel #pisi-devel.
[13 Temmuz 2014 Pazar] [09:17:17] Konu	Kanal konusu: "OK".
[13 Temmuz 2014 Pazar] [09:17:17] Konu	Konu obsoleteman!~obs@unaffiliated/obsoleteman tarafından 15-05-2014 17:54 tarihinde ayarlandı.
[13 Temmuz 2014 Pazar] [09:17:26] Kip	Kanal kipleri: hiçbir renge izin yok, gizli, konu koruması
[13 Temmuz 2014 Pazar] [09:17:26] Oluşturulma zamanı	Bu kanal 25-02-2013 19:48 tarihinde kuruldu.

*** Günlük dosyası
*** Paz Tem 13 12:49:45 2014 zamanında başladı

[13 Temmuz 2014 Pazar] [12:49:45] Katıl	You (~vedat@78.174.212.38) have joined the channel #pisi-devel.
[13 Temmuz 2014 Pazar] [12:49:45] Konu	Kanal konusu: "OK".
[13 Temmuz 2014 Pazar] [12:49:45] Konu	Konu obsoleteman!~obs@unaffiliated/obsoleteman tarafından 15-05-2014 17:54 tarihinde ayarlandı.
[13 Temmuz 2014 Pazar] [12:49:56] Kip	Kanal kipleri: hiçbir renge izin yok, gizli, konu koruması
[13 Temmuz 2014 Pazar] [12:49:56] Oluşturulma zamanı	Bu kanal 25-02-2013 19:48 tarihinde kuruldu.
[13 Temmuz 2014 Pazar] [13:12:11] Katıl	You (~vedat@78.174.212.38) have joined the channel #pisi-devel.
[13 Temmuz 2014 Pazar] [13:12:11] Konu	Kanal konusu: "OK".
[13 Temmuz 2014 Pazar] [13:12:11] Konu	Konu obsoleteman!~obs@unaffiliated/obsoleteman tarafından 15-05-2014 17:54 tarihinde ayarlandı.
[13 Temmuz 2014 Pazar] [13:12:11] Duyuru	-ChanServ- [#pisi-devel] merhaba - hi!
[13 Temmuz 2014 Pazar] [13:12:21] Kip	Kanal kipleri: hiçbir renge izin yok, gizli, konu koruması
[13 Temmuz 2014 Pazar] [13:12:21] Oluşturulma zamanı	Bu kanal 25-02-2013 19:48 tarihinde kuruldu.
[13 Temmuz 2014 Pazar] [13:19:11] <namso-001>	obsoleteman: bu baloo'ya dizin tanımlamak lazım.
[13 Temmuz 2014 Pazar] [14:07:18] Katıl	You (~vedat@78.174.212.38) have joined the channel #pisi-devel.
[13 Temmuz 2014 Pazar] [14:07:18] Konu	Kanal konusu: "OK".
[13 Temmuz 2014 Pazar] [14:07:18] Konu	Konu obsoleteman!~obs@unaffiliated/obsoleteman tarafından 15-05-2014 17:54 tarihinde ayarlandı.
[13 Temmuz 2014 Pazar] [14:07:19] Duyuru	-ChanServ- [#pisi-devel] merhaba - hi!
[13 Temmuz 2014 Pazar] [14:07:28] Kip	Kanal kipleri: hiçbir renge izin yok, gizli, konu koruması
[13 Temmuz 2014 Pazar] [14:07:28] Oluşturulma zamanı	Bu kanal 25-02-2013 19:48 tarihinde kuruldu.
[13 Temmuz 2014 Pazar] [14:09:43] Katıl	pisi-bot (~pisi-bot@192.30.252.39) has joined this channel.
[13 Temmuz 2014 Pazar] [14:09:43] Duyuru	-pisi-bot -> #pisi-devel- [PisiLinux] ademirel pushed 1 new commit to master: http://git.io/kjFZlA
[13 Temmuz 2014 Pazar] [14:09:44] Duyuru	-pisi-bot -> #pisi-devel- PisiLinux/master a23eb19 Aydın Demirel: qtcreator:version bump
[13 Temmuz 2014 Pazar] [14:09:44] Part	pisi-bot (~pisi-bot@192.30.252.39) has left this channel.
[13 Temmuz 2014 Pazar] [14:28:28] Katıl	You (~vedat@78.174.212.38) have joined the channel #pisi-devel.
[13 Temmuz 2014 Pazar] [14:28:28] Konu	Kanal konusu: "OK".
[13 Temmuz 2014 Pazar] [14:28:28] Konu	Konu obsoleteman!~obs@unaffiliated/obsoleteman tarafından 15-05-2014 17:54 tarihinde ayarlandı.
[13 Temmuz 2014 Pazar] [14:28:28] Duyuru	-ChanServ- [#pisi-devel] merhaba - hi!
[13 Temmuz 2014 Pazar] [14:28:37] Kip	Kanal kipleri: hiçbir renge izin yok, gizli, konu koruması
[13 Temmuz 2014 Pazar] [14:28:37] Oluşturulma zamanı	Bu kanal 25-02-2013 19:48 tarihinde kuruldu.
[13 Temmuz 2014 Pazar] [14:53:41] Katıl	You (~vedat@78.174.212.38) have joined the channel #pisi-devel.
[13 Temmuz 2014 Pazar] [14:53:41] Konu	Kanal konusu: "OK".
[13 Temmuz 2014 Pazar] [14:53:41] Konu	Konu obsoleteman!~obs@unaffiliated/obsoleteman tarafından 15-05-2014 17:54 tarihinde ayarlandı.
[13 Temmuz 2014 Pazar] [14:53:51] Kip	Kanal kipleri: hiçbir renge izin yok, gizli, konu koruması
[13 Temmuz 2014 Pazar] [14:53:51] Oluşturulma zamanı	Bu kanal 25-02-2013 19:48 tarihinde kuruldu.
[13 Temmuz 2014 Pazar] [15:12:42] Katıl	You (~vedat@78.174.212.38) have joined the channel #pisi-devel.
[13 Temmuz 2014 Pazar] [15:12:42] Konu	Kanal konusu: "OK".
[13 Temmuz 2014 Pazar] [15:12:42] Konu	Konu obsoleteman!~obs@unaffiliated/obsoleteman tarafından 15-05-2014 17:54 tarihinde ayarlandı.
[13 Temmuz 2014 Pazar] [15:12:51] Kip	Kanal kipleri: hiçbir renge izin yok, gizli, konu koruması
[13 Temmuz 2014 Pazar] [15:12:51] Oluşturulma zamanı	Bu kanal 25-02-2013 19:48 tarihinde kuruldu.
[13 Temmuz 2014 Pazar] [15:19:39] <obsoleteman>	vedat: harfbuzz version bump gerekli mi ?
[13 Temmuz 2014 Pazar] [15:20:02] <obsoleteman>	yerelde yükselttin mi, neler kırıldı ?
[13 Temmuz 2014 Pazar] [15:22:50] <vedat>	0.9.26 gelmiş 30 arada bug fixler vardı
[13 Temmuz 2014 Pazar] [15:23:04] <vedat>	yerelde yükselttim 
[13 Temmuz 2014 Pazar] [15:24:23] <vedat>	gerekli değilse revert edelim
[13 Temmuz 2014 Pazar] [15:24:53] <obsoleteman>	muhtemelen qt kırılıyordur
[13 Temmuz 2014 Pazar] [15:27:17] <namso-001>	baloo için dizin tanımlayabilsek harika olur
[13 Temmuz 2014 Pazar] [15:27:36] <obsoleteman>	namso-001: baloo indekslenmeyecek dizinleri istiyor
[13 Temmuz 2014 Pazar] [15:27:46] <obsoleteman>	default herşeyi indexlerim diyor
[13 Temmuz 2014 Pazar] [15:27:47] <namso-001>	mesela
[13 Temmuz 2014 Pazar] [15:28:05] <namso-001>	millet nasıl yapmış
[13 Temmuz 2014 Pazar] [15:28:19] <obsoleteman>	do not search in this locations
[13 Temmuz 2014 Pazar] [15:28:29] <obsoleteman>	buraya eklenenler indexlenmeyecek dizinler
[13 Temmuz 2014 Pazar] [15:29:31] <namso-001>	hadi ya ben ekledim
[13 Temmuz 2014 Pazar] [15:29:39] <namso-001>	ve oradakilerden buldu

*** Günlük dosyası
*** Paz Tem 13 15:33:37 2014 zamanında başladı

[13 Temmuz 2014 Pazar] [15:33:37] Katıl	You (~vedat@78.174.212.38) have joined the channel #pisi-devel.
[13 Temmuz 2014 Pazar] [15:33:37] Konu	Kanal konusu: "OK".
[13 Temmuz 2014 Pazar] [15:33:37] Konu	Konu obsoleteman!~obs@unaffiliated/obsoleteman tarafından 15-05-2014 17:54 tarihinde ayarlandı.
[13 Temmuz 2014 Pazar] [15:33:47] Kip	Kanal kipleri: hiçbir renge izin yok, gizli, konu koruması
[13 Temmuz 2014 Pazar] [15:33:47] Oluşturulma zamanı	Bu kanal 25-02-2013 19:48 tarihinde kuruldu.
[13 Temmuz 2014 Pazar] [15:34:02] <vedat>	http://hastebin.com/esirurifut.pl
[13 Temmuz 2014 Pazar] [15:36:25] <obsoleteman>	güzel
[13 Temmuz 2014 Pazar] [15:36:38] <obsoleteman>	icu4c rebuild gerekiyor
[13 Temmuz 2014 Pazar] [15:36:45] <obsoleteman>	ona da release arttıralım
[13 Temmuz 2014 Pazar] [15:55:25] Çıkış	kolya (~kolya@5.18.61.86) has left this server (Quit: Konversation terminated!).
[13 Temmuz 2014 Pazar] [16:53:58] Katıl	You (~vedat@78.174.212.38) have joined the channel #pisi-devel.
[13 Temmuz 2014 Pazar] [16:53:58] Konu	Kanal konusu: "OK".
[13 Temmuz 2014 Pazar] [16:53:58] Konu	Konu obsoleteman!~obs@unaffiliated/obsoleteman tarafından 15-05-2014 17:54 tarihinde ayarlandı.
[13 Temmuz 2014 Pazar] [16:54:07] Kip	Kanal kipleri: hiçbir renge izin yok, gizli, konu koruması
[13 Temmuz 2014 Pazar] [16:54:07] Oluşturulma zamanı	Bu kanal 25-02-2013 19:48 tarihinde kuruldu.
[13 Temmuz 2014 Pazar] [17:12:25] Katıl	You (~vedat@78.174.212.38) have joined the channel #pisi-devel.
[13 Temmuz 2014 Pazar] [17:12:25] Konu	Kanal konusu: "OK".
[13 Temmuz 2014 Pazar] [17:12:25] Konu	Konu obsoleteman!~obs@unaffiliated/obsoleteman tarafından 15-05-2014 17:54 tarihinde ayarlandı.
[13 Temmuz 2014 Pazar] [17:12:25] Duyuru	-ChanServ- [#pisi-devel] merhaba - hi!
[13 Temmuz 2014 Pazar] [17:12:35] Kip	Kanal kipleri: hiçbir renge izin yok, gizli, konu koruması
[13 Temmuz 2014 Pazar] [17:12:35] Oluşturulma zamanı	Bu kanal 25-02-2013 19:48 tarihinde kuruldu.
[13 Temmuz 2014 Pazar] [17:25:45] Katıl	You (~vedat@78.174.212.38) have joined the channel #pisi-devel.
[13 Temmuz 2014 Pazar] [17:25:45] Konu	Kanal konusu: "OK".
[13 Temmuz 2014 Pazar] [17:25:45] Konu	Konu obsoleteman!~obs@unaffiliated/obsoleteman tarafından 15-05-2014 17:54 tarihinde ayarlandı.
[13 Temmuz 2014 Pazar] [17:25:50] Duyuru	-ChanServ- [#pisi-devel] merhaba - hi!
[13 Temmuz 2014 Pazar] [17:25:55] Kip	Kanal kipleri: hiçbir renge izin yok, gizli, konu koruması
[13 Temmuz 2014 Pazar] [17:25:55] Oluşturulma zamanı	Bu kanal 25-02-2013 19:48 tarihinde kuruldu.
[13 Temmuz 2014 Pazar] [17:28:22] Takma Ad	namso-001, şimdi namso-01 olarak biliniyor.
[13 Temmuz 2014 Pazar] [17:44:53] Katıl	You (~vedat@78.174.212.38) have joined the channel #pisi-devel.
[13 Temmuz 2014 Pazar] [17:44:53] Konu	Kanal konusu: "OK".
[13 Temmuz 2014 Pazar] [17:44:53] Konu	Konu obsoleteman!~obs@unaffiliated/obsoleteman tarafından 15-05-2014 17:54 tarihinde ayarlandı.
[13 Temmuz 2014 Pazar] [17:45:03] Kip	Kanal kipleri: hiçbir renge izin yok, gizli, konu koruması
[13 Temmuz 2014 Pazar] [17:45:03] Oluşturulma zamanı	Bu kanal 25-02-2013 19:48 tarihinde kuruldu.
[13 Temmuz 2014 Pazar] [17:57:02] Katıl	You (~vedat@78.174.212.38) have joined the channel #pisi-devel.
[13 Temmuz 2014 Pazar] [17:57:02] Konu	Kanal konusu: "OK".
[13 Temmuz 2014 Pazar] [17:57:02] Konu	Konu obsoleteman!~obs@unaffiliated/obsoleteman tarafından 15-05-2014 17:54 tarihinde ayarlandı.
[13 Temmuz 2014 Pazar] [17:57:13] Kip	Kanal kipleri: hiçbir renge izin yok, gizli, konu koruması
[13 Temmuz 2014 Pazar] [17:57:13] Oluşturulma zamanı	Bu kanal 25-02-2013 19:48 tarihinde kuruldu.
[13 Temmuz 2014 Pazar] [18:34:44] Katıl	You (~vedat@78.174.212.38) have joined the channel #pisi-devel.
[13 Temmuz 2014 Pazar] [18:34:44] Konu	Kanal konusu: "OK".
[13 Temmuz 2014 Pazar] [18:34:44] Konu	Konu obsoleteman!~obs@unaffiliated/obsoleteman tarafından 15-05-2014 17:54 tarihinde ayarlandı.
[13 Temmuz 2014 Pazar] [18:34:54] Kip	Kanal kipleri: hiçbir renge izin yok, gizli, konu koruması
[13 Temmuz 2014 Pazar] [18:34:54] Oluşturulma zamanı	Bu kanal 25-02-2013 19:48 tarihinde kuruldu.
[13 Temmuz 2014 Pazar] [18:53:32] Katıl	You (~vedat@78.174.212.38) have joined the channel #pisi-devel.
[13 Temmuz 2014 Pazar] [18:53:32] Konu	Kanal konusu: "OK".
[13 Temmuz 2014 Pazar] [18:53:32] Konu	Konu obsoleteman!~obs@unaffiliated/obsoleteman tarafından 15-05-2014 17:54 tarihinde ayarlandı.
[13 Temmuz 2014 Pazar] [18:53:43] Kip	Kanal kipleri: hiçbir renge izin yok, gizli, konu koruması
[13 Temmuz 2014 Pazar] [18:53:43] Oluşturulma zamanı	Bu kanal 25-02-2013 19:48 tarihinde kuruldu.
[13 Temmuz 2014 Pazar] [19:11:10] Katıl	You (~vedat@78.174.212.38) have joined the channel #pisi-devel.
[13 Temmuz 2014 Pazar] [19:11:10] Konu	Kanal konusu: "OK".
[13 Temmuz 2014 Pazar] [19:11:10] Konu	Konu obsoleteman!~obs@unaffiliated/obsoleteman tarafından 15-05-2014 17:54 tarihinde ayarlandı.
[13 Temmuz 2014 Pazar] [19:11:19] Kip	Kanal kipleri: hiçbir renge izin yok, gizli, konu koruması
[13 Temmuz 2014 Pazar] [19:11:20] Oluşturulma zamanı	Bu kanal 25-02-2013 19:48 tarihinde kuruldu.
[13 Temmuz 2014 Pazar] [19:11:49] Katıl	kolya (~kolya@5.18.61.86) has joined this channel.
[13 Temmuz 2014 Pazar] [19:13:55] <kolya>	Hi all!

*** Günlük dosyası
*** Paz Tem 13 19:29:43 2014 zamanında başladı

[13 Temmuz 2014 Pazar] [19:29:43] Katıl	You (~vedat@78.174.212.38) have joined the channel #pisi-devel.
[13 Temmuz 2014 Pazar] [19:29:43] Konu	Kanal konusu: "OK".
[13 Temmuz 2014 Pazar] [19:29:43] Konu	Konu obsoleteman!~obs@unaffiliated/obsoleteman tarafından 15-05-2014 17:54 tarihinde ayarlandı.
[13 Temmuz 2014 Pazar] [19:29:53] Kip	Kanal kipleri: hiçbir renge izin yok, gizli, konu koruması
[13 Temmuz 2014 Pazar] [19:29:53] Oluşturulma zamanı	Bu kanal 25-02-2013 19:48 tarihinde kuruldu.

*** Günlük dosyası
*** Paz Tem 13 20:13:05 2014 zamanında başladı

[13 Temmuz 2014 Pazar] [20:13:05] Katıl	You (~vedat@78.174.212.38) have joined the channel #pisi-devel.
[13 Temmuz 2014 Pazar] [20:13:05] Konu	Kanal konusu: "OK".
[13 Temmuz 2014 Pazar] [20:13:05] Konu	Konu obsoleteman!~obs@unaffiliated/obsoleteman tarafından 15-05-2014 17:54 tarihinde ayarlandı.
[13 Temmuz 2014 Pazar] [20:13:14] Kip	Kanal kipleri: hiçbir renge izin yok, gizli, konu koruması
[13 Temmuz 2014 Pazar] [20:13:14] Oluşturulma zamanı	Bu kanal 25-02-2013 19:48 tarihinde kuruldu.
[13 Temmuz 2014 Pazar] [20:17:57] Çıkış	yusuf (~yusuf@88.226.152.171) has left this server (Ping timeout: 240 seconds).
[13 Temmuz 2014 Pazar] [20:50:11] Katıl	namso-001 (~ata@85.99.141.69) has joined this channel.
[13 Temmuz 2014 Pazar] [20:52:46] Çıkış	namso-01 (~ata@85.99.179.94) has left this server (Ping timeout: 256 seconds).

*** Günlük dosyası
*** Paz Tem 13 21:08:08 2014 zamanında başladı

[13 Temmuz 2014 Pazar] [21:08:08] Katıl	You (~vedat@78.174.212.38) have joined the channel #pisi-devel.
[13 Temmuz 2014 Pazar] [21:08:08] Konu	Kanal konusu: "OK".
[13 Temmuz 2014 Pazar] [21:08:08] Konu	Konu obsoleteman!~obs@unaffiliated/obsoleteman tarafından 15-05-2014 17:54 tarihinde ayarlandı.
[13 Temmuz 2014 Pazar] [21:08:19] Kip	Kanal kipleri: hiçbir renge izin yok, gizli, konu koruması
[13 Temmuz 2014 Pazar] [21:08:19] Oluşturulma zamanı	Bu kanal 25-02-2013 19:48 tarihinde kuruldu.
[13 Temmuz 2014 Pazar] [21:11:36] Çıkış	obsoleteman (~obs@unaffiliated/obsoleteman) has left this server (Remote host closed the connection).

*** Günlük dosyası
*** Paz Tem 13 21:30:20 2014 zamanında başladı

[13 Temmuz 2014 Pazar] [21:30:20] Katıl	You (~vedat@78.174.212.38) have joined the channel #pisi-devel.
[13 Temmuz 2014 Pazar] [21:30:20] Konu	Kanal konusu: "OK".
[13 Temmuz 2014 Pazar] [21:30:20] Konu	Konu obsoleteman!~obs@unaffiliated/obsoleteman tarafından 15-05-2014 17:54 tarihinde ayarlandı.
[13 Temmuz 2014 Pazar] [21:30:29] Kip	Kanal kipleri: hiçbir renge izin yok, gizli, konu koruması
[13 Temmuz 2014 Pazar] [21:30:29] Oluşturulma zamanı	Bu kanal 25-02-2013 19:48 tarihinde kuruldu.
[13 Temmuz 2014 Pazar] [21:48:08] Katıl	You (~vedat@78.174.212.38) have joined the channel #pisi-devel.
[13 Temmuz 2014 Pazar] [21:48:08] Konu	Kanal konusu: "OK".
[13 Temmuz 2014 Pazar] [21:48:08] Konu	Konu obsoleteman!~obs@unaffiliated/obsoleteman tarafından 15-05-2014 17:54 tarihinde ayarlandı.
[13 Temmuz 2014 Pazar] [21:48:17] Kip	Kanal kipleri: hiçbir renge izin yok, gizli, konu koruması
[13 Temmuz 2014 Pazar] [21:48:17] Oluşturulma zamanı	Bu kanal 25-02-2013 19:48 tarihinde kuruldu.
[13 Temmuz 2014 Pazar] [21:57:23] Katıl	pisi-bot (~pisi-bot@192.30.252.42) has joined this channel.
[13 Temmuz 2014 Pazar] [21:57:23] Duyuru	-pisi-bot -> #pisi-devel- [PisiLinux] ademirel pushed 1 new commit to master: http://git.io/A4OSoA
[13 Temmuz 2014 Pazar] [21:57:24] Duyuru	-pisi-bot -> #pisi-devel- PisiLinux/master 8aa3cd2 Aydın Demirel: anjuta: fixed configure error
[13 Temmuz 2014 Pazar] [21:57:24] Part	pisi-bot (~pisi-bot@192.30.252.42) has left this channel.
[13 Temmuz 2014 Pazar] [22:11:38] Katıl	yusuf (~yusuf@85.104.222.238) has joined this channel.
[13 Temmuz 2014 Pazar] [22:23:00] Çıkış	yusuf (~yusuf@85.104.222.238) has left this server (Ping timeout: 240 seconds).
[13 Temmuz 2014 Pazar] [22:23:04] Katıl	taurus (~aydin@176.40.210.84) has joined this channel.
[13 Temmuz 2014 Pazar] [22:23:22] <taurus>	selam arkadaşlar
[13 Temmuz 2014 Pazar] [22:24:07] Katıl	pisi-bot (~pisi-bot@192.30.252.44) has joined this channel.
[13 Temmuz 2014 Pazar] [22:24:08] Duyuru	-pisi-bot -> #pisi-devel- [PisiLinux] vdemir pushed 2 new commits to master: http://git.io/sALqSQ
[13 Temmuz 2014 Pazar] [22:24:08] Duyuru	-pisi-bot -> #pisi-devel- PisiLinux/master 3bdadd4 vedat: php :db6 support
[13 Temmuz 2014 Pazar] [22:24:09] Duyuru	-pisi-bot -> #pisi-devel- PisiLinux/master 7611c62 vedat: Merge branch 'master' of https://github.com/pisilinux/PisiLinux
[13 Temmuz 2014 Pazar] [22:24:09] Part	pisi-bot (~pisi-bot@192.30.252.44) has left this channel.
[13 Temmuz 2014 Pazar] [22:32:58] Katıl	pisi-bot (~pisi-bot@192.30.252.40) has joined this channel.
[13 Temmuz 2014 Pazar] [22:32:59] Duyuru	-pisi-bot -> #pisi-devel- [PisiLinux] namso-01 pushed 1 new commit to master: http://git.io/hk_zEA
[13 Temmuz 2014 Pazar] [22:33:00] Duyuru	-pisi-bot -> #pisi-devel- PisiLinux/master a3df909 namso-01: grive: dep fixed
[13 Temmuz 2014 Pazar] [22:33:00] Part	pisi-bot (~pisi-bot@192.30.252.40) has left this channel.
[13 Temmuz 2014 Pazar] [22:33:21] Takma Ad	namso-001, şimdi namso-01 olarak biliniyor.
[13 Temmuz 2014 Pazar] [22:33:50] <taurus>	namso-01: burdamısın
[13 Temmuz 2014 Pazar] [22:34:02] <namso-01>	burda gibiyim
[13 Temmuz 2014 Pazar] [22:35:17] <taurus>	linki https olan bi paketi build edemiyorum. sizde oluyormu hiç
[13 Temmuz 2014 Pazar] [22:35:57] <taurus>	dosyayı indiremiyor ve sonra source.pisilinux.org'dan çekmeye çalışıyor
[13 Temmuz 2014 Pazar] [22:36:25] <namso-01>	o hata giderildi.
[13 Temmuz 2014 Pazar] [22:36:28] <namso-01>	yeni isoyka
[13 Temmuz 2014 Pazar] [22:36:30] <namso-01>	isoyla
[13 Temmuz 2014 Pazar] [22:37:08] <namso-01>	vedat iso adresi varsa verir misin?
[13 Temmuz 2014 Pazar] [22:37:27] <namso-01>	slarikan: ^^^
[13 Temmuz 2014 Pazar] [22:37:50] <taurus>	son update'leri yapıyorum zaten. iso'da farklı olan ne
[13 Temmuz 2014 Pazar] [22:37:51] <namso-01>	taurus: birde hata giderelim
[13 Temmuz 2014 Pazar] [22:38:07] <namso-01>	güncel olsada o https işi düzelmeyebiliyor
[13 Temmuz 2014 Pazar] [22:38:18] <namso-01>	yeni isoda sorun yok
[13 Temmuz 2014 Pazar] [22:38:21] <taurus>	ok
[13 Temmuz 2014 Pazar] [22:38:54] <vedat>	http://packages.pisilinux.org/.tmp/holiday/Pisi-Linux-1.0-KDE-x86_64%20(Holiday).iso
[13 Temmuz 2014 Pazar] [22:41:41] <namso-01>	vedat: sağol
[13 Temmuz 2014 Pazar] [22:42:04] <vedat>	bişi değil :)
[13 Temmuz 2014 Pazar] [22:42:21] <taurus>	namso-01: ne hatası
[13 Temmuz 2014 Pazar] [22:42:52] <namso-01>	hatalı olan paketler
[13 Temmuz 2014 Pazar] [22:42:56] <namso-01>	çalışmayanlar
[13 Temmuz 2014 Pazar] [22:45:58] <taurus>	paketlerle ilgilenen yoksa bakabilirim. öbür türlü sıkıntı oluyor
[13 Temmuz 2014 Pazar] [22:46:21] <namso-01>	derlenmeyenlere bakabilirsin
[13 Temmuz 2014 Pazar] [22:50:32] Çıkış	taurus (~aydin@176.40.210.84) has left this server (Ping timeout: 240 seconds).
[13 Temmuz 2014 Pazar] [22:53:57] Katıl	taurus (~aydin@176.40.210.84) has joined this channel.
[13 Temmuz 2014 Pazar] [23:09:50] Katıl	yusuf (~yusuf@85.104.223.71) has joined this channel.
[13 Temmuz 2014 Pazar] [23:10:22] Çıkış	yusuf (~yusuf@85.104.223.71) has left this server (Client Quit).
[13 Temmuz 2014 Pazar] [23:12:32] Katıl	pisi-bot (~pisi-bot@192.30.252.39) has joined this channel.
[13 Temmuz 2014 Pazar] [23:12:33] Duyuru	-pisi-bot -> #pisi-devel- [PisiLinux] ademirel pushed 1 new commit to master: http://git.io/yn09ag
[13 Temmuz 2014 Pazar] [23:12:34] Duyuru	-pisi-bot -> #pisi-devel- PisiLinux/master 8e57b5c Aydın Demirel: taglib-sharp:rebuild
[13 Temmuz 2014 Pazar] [23:12:34] Part	pisi-bot (~pisi-bot@192.30.252.39) has left this channel.
[13 Temmuz 2014 Pazar] [23:15:27] Katıl	pisi-bot (~pisi-bot@192.30.252.42) has joined this channel.
[13 Temmuz 2014 Pazar] [23:15:27] Duyuru	-pisi-bot -> #pisi-devel- [PisiLinux] ademirel pushed 1 new commit to master: http://git.io/t45QvA
[13 Temmuz 2014 Pazar] [23:15:28] Duyuru	-pisi-bot -> #pisi-devel- PisiLinux/master e58655a Aydın Demirel: playonlinux:rebuild
[13 Temmuz 2014 Pazar] [23:15:28] Part	pisi-bot (~pisi-bot@192.30.252.42) has left this channel.

*** Günlük dosyası
*** Paz Tem 13 23:23:50 2014 zamanında başladı

[13 Temmuz 2014 Pazar] [23:23:50] Katıl	You (~vedat@78.174.212.38) have joined the channel #pisi-devel.
[13 Temmuz 2014 Pazar] [23:23:50] Konu	Kanal konusu: "OK".
[13 Temmuz 2014 Pazar] [23:23:50] Konu	Konu obsoleteman!~obs@unaffiliated/obsoleteman tarafından 15-05-2014 17:54 tarihinde ayarlandı.
[13 Temmuz 2014 Pazar] [23:23:59] Kip	Kanal kipleri: hiçbir renge izin yok, gizli, konu koruması
[13 Temmuz 2014 Pazar] [23:23:59] Oluşturulma zamanı	Bu kanal 25-02-2013 19:48 tarihinde kuruldu.
[13 Temmuz 2014 Pazar] [23:33:58] Katıl	pisi-bot (~pisi-bot@192.30.252.46) has joined this channel.
[13 Temmuz 2014 Pazar] [23:33:59] Duyuru	-pisi-bot -> #pisi-devel- [PisiLinux] vdemir pushed 2 new commits to master: http://git.io/G8JKCg
[13 Temmuz 2014 Pazar] [23:33:59] Duyuru	-pisi-bot -> #pisi-devel- PisiLinux/master b933129 vedat: httrack : rebuild
[13 Temmuz 2014 Pazar] [23:34:00] Duyuru	-pisi-bot -> #pisi-devel- PisiLinux/master 2be2fd8 vedat: Merge branch 'master' of https://github.com/pisilinux/PisiLinux
[13 Temmuz 2014 Pazar] [23:34:00] Part	pisi-bot (~pisi-bot@192.30.252.46) has left this channel.
[13 Temmuz 2014 Pazar] [23:53:47] Katıl	pisi-bot (~pisi-bot@192.30.252.36) has joined this channel.
[13 Temmuz 2014 Pazar] [23:53:47] Duyuru	-pisi-bot -> #pisi-devel- [PisiLinux] vdemir pushed 1 new commit to master: http://git.io/KyolMw
[13 Temmuz 2014 Pazar] [23:53:48] Duyuru	-pisi-bot -> #pisi-devel- PisiLinux/master e3f6e44 vedat: squid : add dep.
[13 Temmuz 2014 Pazar] [23:53:48] Part	pisi-bot (~pisi-bot@192.30.252.36) has left this channel.
[13 Temmuz 2014 Pazar] [23:56:07] Çıkış	slarikan (~slarikan@88.226.251.184) has left this server (Quit: Konversation terminated!).
[13 Temmuz 2014 Pazar] [23:57:01] Katıl	pisi-bot (~pisi-bot@192.30.252.36) has joined this channel.
[13 Temmuz 2014 Pazar] [23:57:01] Duyuru	-pisi-bot -> #pisi-devel- [PisiLinux] vdemir pushed 1 new commit to master: http://git.io/MRPmEg
[13 Temmuz 2014 Pazar] [23:57:02] Duyuru	-pisi-bot -> #pisi-devel- PisiLinux/master 7e9e019 vedat: uget : add dep.
[13 Temmuz 2014 Pazar] [23:57:02] Part	pisi-bot (~pisi-bot@192.30.252.36) has left this channel.
[13 Temmuz 2014 Pazar] [23:57:41] Katıl	pisi-bot (~pisi-bot@192.30.252.38) has joined this channel.
[13 Temmuz 2014 Pazar] [23:57:42] Duyuru	-pisi-bot -> #pisi-devel- [PisiLinux] ademirel pushed 2 new commits to master: http://git.io/gxLawQ
[13 Temmuz 2014 Pazar] [23:57:42] Duyuru	-pisi-bot -> #pisi-devel- PisiLinux/master 7f3a2b6 Aydın Demirel: man-pages:rebuild
[13 Temmuz 2014 Pazar] [23:57:43] Duyuru	-pisi-bot -> #pisi-devel- PisiLinux/master 4859c27 Aydın Demirel: Merge branch 'master' of https://github.com/pisilinux/PisiLinux
[13 Temmuz 2014 Pazar] [23:57:43] Part	pisi-bot (~pisi-bot@192.30.252.38) has left this channel.
[14 Temmuz 2014 Pazartesi] [00:09:23] Çıkış	taurus (~aydin@176.40.210.84) has left this server (Ping timeout: 240 seconds).
[14 Temmuz 2014 Pazartesi] [00:41:31] Katıl	pisi-bot (~pisi-bot@192.30.252.43) has joined this channel.
[14 Temmuz 2014 Pazartesi] [00:41:32] Duyuru	-pisi-bot -> #pisi-devel- [PisiLinux] vdemir pushed 2 new commits to master: http://git.io/XiLPUA
[14 Temmuz 2014 Pazartesi] [00:41:32] Duyuru	-pisi-bot -> #pisi-devel- PisiLinux/master 61d0566 vedat: icu4c :Rebuild.
[14 Temmuz 2014 Pazartesi] [00:41:33] Duyuru	-pisi-bot -> #pisi-devel- PisiLinux/master f866cf2 vedat: Merge branch 'master' of https://github.com/pisilinux/PisiLinux
[14 Temmuz 2014 Pazartesi] [00:41:33] Part	pisi-bot (~pisi-bot@192.30.252.43) has left this channel.
[14 Temmuz 2014 Pazartesi] [00:58:07] Katıl	slarikan (~slarikan@88.226.251.184) has joined this channel.
[14 Temmuz 2014 Pazartesi] [01:07:23] Çıkış	kolya (~kolya@5.18.61.86) has left this server (Quit: Konversation terminated!).
[14 Temmuz 2014 Pazartesi] [01:15:27] Çıkış	slarikan (~slarikan@88.226.251.184) has left this server (Quit: Konversation terminated!).

*** Günlük dosyası
*** Pzt Tem 14 12:29:54 2014 zamanında başladı

[14 Temmuz 2014 Pazartesi] [12:29:54] Katıl	You (~vedat@78.174.206.244) have joined the channel #pisi-devel.
[14 Temmuz 2014 Pazartesi] [12:29:54] Konu	Kanal konusu: "OK".
[14 Temmuz 2014 Pazartesi] [12:29:54] Konu	Konu obsoleteman!~obs@unaffiliated/obsoleteman tarafından 15-05-2014 17:54 tarihinde ayarlandı.

*** Günlük dosyası
*** Pzt Tem 14 14:21:54 2014 zamanında başladı

[14 Temmuz 2014 Pazartesi] [14:21:54] Katıl	You (~vedat@78.174.206.244) have joined the channel #pisi-devel.
[14 Temmuz 2014 Pazartesi] [14:21:54] Konu	Kanal konusu: "OK".
[14 Temmuz 2014 Pazartesi] [14:21:54] Konu	Konu obsoleteman!~obs@unaffiliated/obsoleteman tarafından 15-05-2014 17:54 tarihinde ayarlandı.
[14 Temmuz 2014 Pazartesi] [14:22:05] Kip	Kanal kipleri: hiçbir renge izin yok, gizli, konu koruması
[14 Temmuz 2014 Pazartesi] [14:22:05] Oluşturulma zamanı	Bu kanal 25-02-2013 19:48 tarihinde kuruldu.
[14 Temmuz 2014 Pazartesi] [15:00:36] Katıl	You (~vedat@78.174.206.244) have joined the channel #pisi-devel.
[14 Temmuz 2014 Pazartesi] [15:00:36] Konu	Kanal konusu: "OK".
[14 Temmuz 2014 Pazartesi] [15:00:36] Konu	Konu obsoleteman!~obs@unaffiliated/obsoleteman tarafından 15-05-2014 17:54 tarihinde ayarlandı.
[14 Temmuz 2014 Pazartesi] [15:00:45] Kip	Kanal kipleri: hiçbir renge izin yok, gizli, konu koruması
[14 Temmuz 2014 Pazartesi] [15:00:45] Oluşturulma zamanı	Bu kanal 25-02-2013 19:48 tarihinde kuruldu.
[14 Temmuz 2014 Pazartesi] [15:23:33] Katıl	You (~vedat@78.174.206.244) have joined the channel #pisi-devel.
[14 Temmuz 2014 Pazartesi] [15:23:33] Konu	Kanal konusu: "OK".
[14 Temmuz 2014 Pazartesi] [15:23:33] Konu	Konu obsoleteman!~obs@unaffiliated/obsoleteman tarafından 15-05-2014 17:54 tarihinde ayarlandı.
[14 Temmuz 2014 Pazartesi] [15:23:44] Kip	Kanal kipleri: hiçbir renge izin yok, gizli, konu koruması
[14 Temmuz 2014 Pazartesi] [15:23:44] Oluşturulma zamanı	Bu kanal 25-02-2013 19:48 tarihinde kuruldu.
[14 Temmuz 2014 Pazartesi] [15:43:34] Katıl	You (~vedat@78.174.206.244) have joined the channel #pisi-devel.
[14 Temmuz 2014 Pazartesi] [15:43:34] Konu	Kanal konusu: "OK".
[14 Temmuz 2014 Pazartesi] [15:43:34] Konu	Konu obsoleteman!~obs@unaffiliated/obsoleteman tarafından 15-05-2014 17:54 tarihinde ayarlandı.
[14 Temmuz 2014 Pazartesi] [15:43:43] Kip	Kanal kipleri: hiçbir renge izin yok, gizli, konu koruması
[14 Temmuz 2014 Pazartesi] [15:43:44] Oluşturulma zamanı	Bu kanal 25-02-2013 19:48 tarihinde kuruldu.

*** Günlük dosyası
*** Pzt Tem 14 15:53:47 2014 zamanında başladı

[14 Temmuz 2014 Pazartesi] [15:53:47] Katıl	You (~vedat@78.174.206.244) have joined the channel #pisi-devel.
[14 Temmuz 2014 Pazartesi] [15:53:47] Konu	Kanal konusu: "OK".
[14 Temmuz 2014 Pazartesi] [15:53:47] Konu	Konu obsoleteman!~obs@unaffiliated/obsoleteman tarafından 15-05-2014 17:54 tarihinde ayarlandı.
[14 Temmuz 2014 Pazartesi] [15:53:57] Kip	Kanal kipleri: hiçbir renge izin yok, gizli, konu koruması
[14 Temmuz 2014 Pazartesi] [15:53:57] Oluşturulma zamanı	Bu kanal 25-02-2013 19:48 tarihinde kuruldu.
[14 Temmuz 2014 Pazartesi] [16:16:11] Katıl	You (~vedat@78.174.206.244) have joined the channel #pisi-devel.
[14 Temmuz 2014 Pazartesi] [16:16:11] Konu	Kanal konusu: "OK".
[14 Temmuz 2014 Pazartesi] [16:16:11] Konu	Konu obsoleteman!~obs@unaffiliated/obsoleteman tarafından 15-05-2014 17:54 tarihinde ayarlandı.
[14 Temmuz 2014 Pazartesi] [16:16:11] Duyuru	-ChanServ- [#pisi-devel] merhaba - hi!
[14 Temmuz 2014 Pazartesi] [16:16:20] Kip	Kanal kipleri: hiçbir renge izin yok, gizli, konu koruması
[14 Temmuz 2014 Pazartesi] [16:16:20] Oluşturulma zamanı	Bu kanal 25-02-2013 19:48 tarihinde kuruldu.
[14 Temmuz 2014 Pazartesi] [16:22:49] Çıkış	obsoleteman (~obs@unaffiliated/obsoleteman) has left this server (Quit: Konversation terminated!).

*** Günlük dosyası
*** Pzt Tem 14 17:22:19 2014 zamanında başladı

[14 Temmuz 2014 Pazartesi] [17:22:19] Katıl	You (~vedat@78.174.206.244) have joined the channel #pisi-devel.
[14 Temmuz 2014 Pazartesi] [17:22:19] Konu	Kanal konusu: "OK".
[14 Temmuz 2014 Pazartesi] [17:22:19] Konu	Konu obsoleteman!~obs@unaffiliated/obsoleteman tarafından 15-05-2014 17:54 tarihinde ayarlandı.

*** Günlük dosyası
*** Pzt Tem 14 17:54:34 2014 zamanında başladı

[14 Temmuz 2014 Pazartesi] [17:54:34] Katıl	You (~vedat@78.174.206.244) have joined the channel #pisi-devel.
[14 Temmuz 2014 Pazartesi] [17:54:34] Konu	Kanal konusu: "OK".
[14 Temmuz 2014 Pazartesi] [17:54:34] Konu	Konu obsoleteman!~obs@unaffiliated/obsoleteman tarafından 15-05-2014 17:54 tarihinde ayarlandı.
[14 Temmuz 2014 Pazartesi] [17:54:44] Kip	Kanal kipleri: hiçbir renge izin yok, gizli, konu koruması
[14 Temmuz 2014 Pazartesi] [17:54:44] Oluşturulma zamanı	Bu kanal 25-02-2013 19:48 tarihinde kuruldu.

*** Günlük dosyası
*** Pzt Tem 14 18:16:58 2014 zamanında başladı

[14 Temmuz 2014 Pazartesi] [18:16:58] Katıl	You (~vedat@78.174.206.244) have joined the channel #pisi-devel.
[14 Temmuz 2014 Pazartesi] [18:16:58] Konu	Kanal konusu: "OK".
[14 Temmuz 2014 Pazartesi] [18:16:58] Konu	Konu obsoleteman!~obs@unaffiliated/obsoleteman tarafından 15-05-2014 17:54 tarihinde ayarlandı.
[14 Temmuz 2014 Pazartesi] [18:17:08] Kip	Kanal kipleri: hiçbir renge izin yok, gizli, konu koruması
[14 Temmuz 2014 Pazartesi] [18:17:08] Oluşturulma zamanı	Bu kanal 25-02-2013 19:48 tarihinde kuruldu.
[14 Temmuz 2014 Pazartesi] [18:17:36] <erturk>	yusuf:  merhaba
[14 Temmuz 2014 Pazartesi] [18:17:59] Çıkış	yusuf (~yusuf@5.46.21.76) has left this server (Remote host closed the connection).
[14 Temmuz 2014 Pazartesi] [18:18:13] <vedat>	merhaba
[14 Temmuz 2014 Pazartesi] [18:18:26] <vedat>	erturk: openbox tamamdır
[14 Temmuz 2014 Pazartesi] [18:18:36] <vedat>	istediğin gibi oldu
[14 Temmuz 2014 Pazartesi] [18:19:04] <erturk>	üstteki static menulerde tamam mı ?
[14 Temmuz 2014 Pazartesi] [18:20:27] <vedat>	sağ tık menu tamam
[14 Temmuz 2014 Pazartesi] [18:20:39] <vedat>	üstte menü yok panel altta
[14 Temmuz 2014 Pazartesi] [18:20:43] <erturk>	neyse anlaşamadık yine :D
[14 Temmuz 2014 Pazartesi] [18:20:56] <erturk>	memleket kandıra mıydı
[14 Temmuz 2014 Pazartesi] [18:21:08] <vedat>	resim yollayım
[14 Temmuz 2014 Pazartesi] [18:21:17] <erturk>	ben hallederim eline sağlık tamamdır
[14 Temmuz 2014 Pazartesi] [18:21:23] <erturk>	nededim ben biliyorum
[14 Temmuz 2014 Pazartesi] [18:21:26] <erturk>	denedim

*** Günlük dosyası
*** Pzt Tem 14 18:25:18 2014 zamanında başladı

[14 Temmuz 2014 Pazartesi] [18:25:18] Katıl	You (~vedat@78.174.206.244) have joined the channel #pisi-devel.
[14 Temmuz 2014 Pazartesi] [18:25:18] Konu	Kanal konusu: "OK".
[14 Temmuz 2014 Pazartesi] [18:25:18] Konu	Konu obsoleteman!~obs@unaffiliated/obsoleteman tarafından 15-05-2014 17:54 tarihinde ayarlandı.
[14 Temmuz 2014 Pazartesi] [18:25:25] <vedat>	http://i.hizliresim.com/DoEXpl.png
[14 Temmuz 2014 Pazartesi] [18:25:28] Kip	Kanal kipleri: hiçbir renge izin yok, gizli, konu koruması
[14 Temmuz 2014 Pazartesi] [18:25:28] Oluşturulma zamanı	Bu kanal 25-02-2013 19:48 tarihinde kuruldu.
[14 Temmuz 2014 Pazartesi] [18:25:51] <erturk>	üstteki file managere filan tıkladını ?
[14 Temmuz 2014 Pazartesi] [18:26:04] <vedat>	hepsi çalışıyor
[14 Temmuz 2014 Pazartesi] [18:27:44] <erturk>	peki
[14 Temmuz 2014 Pazartesi] [18:30:18] <vedat>	http://pastebin.com/0gWnTdvf
[14 Temmuz 2014 Pazartesi] [18:30:59] Hata	usr/bin/obmenu-generator: Bilinmeyen komut.
[14 Temmuz 2014 Pazartesi] [18:31:05] <vedat>	:)
[14 Temmuz 2014 Pazartesi] [18:56:25] Katıl	You (~vedat@78.174.206.244) have joined the channel #pisi-devel.
[14 Temmuz 2014 Pazartesi] [18:56:25] Konu	Kanal konusu: "OK".
[14 Temmuz 2014 Pazartesi] [18:56:25] Konu	Konu obsoleteman!~obs@unaffiliated/obsoleteman tarafından 15-05-2014 17:54 tarihinde ayarlandı.
[14 Temmuz 2014 Pazartesi] [18:56:25] Duyuru	-ChanServ- [#pisi-devel] merhaba - hi!
[14 Temmuz 2014 Pazartesi] [18:56:36] Kip	Kanal kipleri: hiçbir renge izin yok, gizli, konu koruması
[14 Temmuz 2014 Pazartesi] [18:56:36] Oluşturulma zamanı	Bu kanal 25-02-2013 19:48 tarihinde kuruldu.

*** Günlük dosyası
*** Pzt Tem 14 20:03:41 2014 zamanında başladı

[14 Temmuz 2014 Pazartesi] [20:03:41] Katıl	You (~vedat@78.174.206.244) have joined the channel #pisi-devel.
[14 Temmuz 2014 Pazartesi] [20:03:41] Konu	Kanal konusu: "OK".
[14 Temmuz 2014 Pazartesi] [20:03:41] Konu	Konu obsoleteman!~obs@unaffiliated/obsoleteman tarafından 15-05-2014 17:54 tarihinde ayarlandı.

*** Günlük dosyası
*** Pzt Tem 14 20:50:54 2014 zamanında başladı

[14 Temmuz 2014 Pazartesi] [20:50:54] Katıl	You (~vedat@78.174.206.244) have joined the channel #pisi-devel.
[14 Temmuz 2014 Pazartesi] [20:50:54] Konu	Kanal konusu: "OK".
[14 Temmuz 2014 Pazartesi] [20:50:54] Konu	Konu obsoleteman!~obs@unaffiliated/obsoleteman tarafından 15-05-2014 17:54 tarihinde ayarlandı.

*** Günlük dosyası
*** Pzt Tem 14 22:02:42 2014 zamanında başladı

[14 Temmuz 2014 Pazartesi] [22:02:42] Katıl	You (~vedat@78.174.206.244) have joined the channel #pisi-devel.
[14 Temmuz 2014 Pazartesi] [22:02:42] Konu	Kanal konusu: "OK".
[14 Temmuz 2014 Pazartesi] [22:02:42] Konu	Konu obsoleteman!~obs@unaffiliated/obsoleteman tarafından 15-05-2014 17:54 tarihinde ayarlandı.
[14 Temmuz 2014 Pazartesi] [22:02:52] Kip	Kanal kipleri: hiçbir renge izin yok, gizli, konu koruması
[14 Temmuz 2014 Pazartesi] [22:02:52] Oluşturulma zamanı	Bu kanal 25-02-2013 19:48 tarihinde kuruldu.
[14 Temmuz 2014 Pazartesi] [22:03:10] <vedat>	hi
[14 Temmuz 2014 Pazartesi] [22:33:58] Katıl	You (~vedat@78.174.206.244) have joined the channel #pisi-devel.
[14 Temmuz 2014 Pazartesi] [22:33:58] Konu	Kanal konusu: "OK".
[14 Temmuz 2014 Pazartesi] [22:33:58] Konu	Konu obsoleteman!~obs@unaffiliated/obsoleteman tarafından 15-05-2014 17:54 tarihinde ayarlandı.
[14 Temmuz 2014 Pazartesi] [22:34:07] Kip	Kanal kipleri: hiçbir renge izin yok, gizli, konu koruması
[14 Temmuz 2014 Pazartesi] [22:34:07] Oluşturulma zamanı	Bu kanal 25-02-2013 19:48 tarihinde kuruldu.
[14 Temmuz 2014 Pazartesi] [22:39:53] <erturk>	namso-01: eskinin yerine geçecek version numaraları farklı olduğu için sorun olmayacaktır
[14 Temmuz 2014 Pazartesi] [22:45:06] <erturk>	namso-01: varmı çalışmayan birşey bildiğin
[14 Temmuz 2014 Pazartesi] [22:59:27] Çıkış	erturk (~erturk@212.252.166.94) has left this server (Quit: Konversation terminated!).
[14 Temmuz 2014 Pazartesi] [22:59:34] <marcin->	cya
[14 Temmuz 2014 Pazartesi] [22:59:36] Çıkış	marcin- (~marcin@192.166.203.130) has left this server (Quit: Wychodzi).
[14 Temmuz 2014 Pazartesi] [23:02:25] Katıl	erturk (~erturk@212.252.166.94) has joined this channel.
[14 Temmuz 2014 Pazartesi] [23:11:07] <erturk>	ben kaçtım
[14 Temmuz 2014 Pazartesi] [23:11:12] Çıkış	erturk (~erturk@212.252.166.94) has left this server (Quit: Konversation terminated!).
[14 Temmuz 2014 Pazartesi] [23:24:08] Katıl	pisi-bot (~pisi-bot@192.30.252.45) has joined this channel.
[14 Temmuz 2014 Pazartesi] [23:24:09] Duyuru	-pisi-bot -> #pisi-devel- [PisiLinux] ademirel pushed 5 new commits to master: http://git.io/-r0EOw
[14 Temmuz 2014 Pazartesi] [23:24:10] Duyuru	-pisi-bot -> #pisi-devel- PisiLinux/master 69f861a Aydın Demirel: latex-leaflet:rebuild
[14 Temmuz 2014 Pazartesi] [23:24:10] Duyuru	-pisi-bot -> #pisi-devel- PisiLinux/master 34dbe6a Aydın Demirel: latex-currvita:rebuild
[14 Temmuz 2014 Pazartesi] [23:24:10] Duyuru	-pisi-bot -> #pisi-devel- PisiLinux/master 6c13900 Aydın Demirel: latex-envlab:rebuild
[14 Temmuz 2014 Pazartesi] [23:24:11] Part	pisi-bot (~pisi-bot@192.30.252.45) has left this channel.
[14 Temmuz 2014 Pazartesi] [23:45:14] Katıl	You (~vedat@78.174.206.244) have joined the channel #pisi-devel.
[14 Temmuz 2014 Pazartesi] [23:45:14] Konu	Kanal konusu: "OK".
[14 Temmuz 2014 Pazartesi] [23:45:14] Konu	Konu obsoleteman!~obs@unaffiliated/obsoleteman tarafından 15-05-2014 17:54 tarihinde ayarlandı.
[14 Temmuz 2014 Pazartesi] [23:45:15] Duyuru	-ChanServ- [#pisi-devel] merhaba - hi!
[14 Temmuz 2014 Pazartesi] [23:45:24] Kip	Kanal kipleri: hiçbir renge izin yok, gizli, konu koruması
[14 Temmuz 2014 Pazartesi] [23:45:24] Oluşturulma zamanı	Bu kanal 25-02-2013 19:48 tarihinde kuruldu.
[14 Temmuz 2014 Pazartesi] [23:52:12] Katıl	slarikan (~slarikan@88.226.251.184) has joined this channel.

*** Günlük dosyası
*** Pzt Tem 14 23:55:55 2014 zamanında başladı

[14 Temmuz 2014 Pazartesi] [23:55:55] Katıl	You (~vedat@78.174.206.244) have joined the channel #pisi-devel.
[14 Temmuz 2014 Pazartesi] [23:55:55] Konu	Kanal konusu: "OK".
[14 Temmuz 2014 Pazartesi] [23:55:55] Konu	Konu obsoleteman!~obs@unaffiliated/obsoleteman tarafından 15-05-2014 17:54 tarihinde ayarlandı.
[14 Temmuz 2014 Pazartesi] [23:56:04] Kip	Kanal kipleri: hiçbir renge izin yok, gizli, konu koruması
[14 Temmuz 2014 Pazartesi] [23:56:04] Oluşturulma zamanı	Bu kanal 25-02-2013 19:48 tarihinde kuruldu.
[15 Temmuz 2014 Salı] [00:09:25] Katıl	pisi-bot (~pisi-bot@192.30.252.40) has joined this channel.
[15 Temmuz 2014 Salı] [00:09:25] Duyuru	-pisi-bot -> #pisi-devel- [PisiLinux] ademirel pushed 1 new commit to master: http://git.io/43nxcA
[15 Temmuz 2014 Salı] [00:09:26] Duyuru	-pisi-bot -> #pisi-devel- PisiLinux/master 685ff4c Aydın Demirel: kdiff:version bump
[15 Temmuz 2014 Salı] [00:09:26] Part	pisi-bot (~pisi-bot@192.30.252.40) has left this channel.
[15 Temmuz 2014 Salı] [00:15:38] <slarikan>	yahu sese kim naptı
[15 Temmuz 2014 Salı] [00:15:48] <slarikan>	benim xawtv den ses geliyo
[15 Temmuz 2014 Salı] [00:18:07] <slarikan>	aha pavucontrol de açıldı
[15 Temmuz 2014 Salı] [00:18:49] Katıl	pisi-bot (~pisi-bot@192.30.252.34) has joined this channel.
[15 Temmuz 2014 Salı] [00:18:50] Duyuru	-pisi-bot -> #pisi-devel- [PisiLinux] ademirel pushed 1 new commit to master: http://git.io/8D6fag
[15 Temmuz 2014 Salı] [00:18:51] Duyuru	-pisi-bot -> #pisi-devel- PisiLinux/master 35bf897 Aydın Demirel: homebank:version bump
[15 Temmuz 2014 Salı] [00:18:51] Part	pisi-bot (~pisi-bot@192.30.252.34) has left this channel.

*** Günlük dosyası
*** Sal Tem 15 00:24:27 2014 zamanında başladı

[15 Temmuz 2014 Salı] [00:24:27] Katıl	You (~vedat@78.174.206.244) have joined the channel #pisi-devel.
[15 Temmuz 2014 Salı] [00:24:27] Konu	Kanal konusu: "OK".
[15 Temmuz 2014 Salı] [00:24:27] Konu	Konu obsoleteman!~obs@unaffiliated/obsoleteman tarafından 15-05-2014 17:54 tarihinde ayarlandı.
[15 Temmuz 2014 Salı] [00:24:36] Kip	Kanal kipleri: hiçbir renge izin yok, gizli, konu koruması
[15 Temmuz 2014 Salı] [00:24:36] Oluşturulma zamanı	Bu kanal 25-02-2013 19:48 tarihinde kuruldu.
[15 Temmuz 2014 Salı] [00:30:02] Çıkış	slarikan (~slarikan@88.226.251.184) has left this server (Quit: Konversation terminated!).
[15 Temmuz 2014 Salı] [00:35:23] Çıkış	kolya (~kolya@5.18.61.86) has left this server (Quit: Konversation terminated!).

*** Günlük dosyası
*** Sal Tem 15 01:31:53 2014 zamanında başladı

[15 Temmuz 2014 Salı] [01:31:53] Katıl	You (~vedat@78.174.206.244) have joined the channel #pisi-devel.
[15 Temmuz 2014 Salı] [01:31:53] Konu	Kanal konusu: "OK".
[15 Temmuz 2014 Salı] [01:31:53] Konu	Konu obsoleteman!~obs@unaffiliated/obsoleteman tarafından 15-05-2014 17:54 tarihinde ayarlandı.
[15 Temmuz 2014 Salı] [01:32:02] Kip	Kanal kipleri: hiçbir renge izin yok, gizli, konu koruması
[15 Temmuz 2014 Salı] [01:32:02] Oluşturulma zamanı	Bu kanal 25-02-2013 19:48 tarihinde kuruldu.
[15 Temmuz 2014 Salı] [01:46:11] Katıl	suvari (~suvari@78.166.69.145) has joined this channel.
[15 Temmuz 2014 Salı] [01:46:32] <suvari>	slm
[15 Temmuz 2014 Salı] [02:34:13] Çıkış	suvari (~suvari@78.166.69.145) has left this server (Quit: Konversation terminated!).
[15 Temmuz 2014 Salı] [02:36:17] Katıl	suvari (~suvari@78.166.69.145) has joined this channel.
[15 Temmuz 2014 Salı] [02:37:20] Çıkış	suvari (~suvari@78.166.69.145) has left this server (Client Quit).
[15 Temmuz 2014 Salı] [02:39:20] Katıl	suvari (~suvari@78.166.69.145) has joined this channel.
[15 Temmuz 2014 Salı] [03:15:49] <namso-01>	iyi sahurlar
[15 Temmuz 2014 Salı] [03:25:53] Katıl	pisi-bot (~pisi-bot@192.30.252.34) has joined this channel.
[15 Temmuz 2014 Salı] [03:25:53] Duyuru	-pisi-bot -> #pisi-devel- [PisiLinux] namso-01 pushed 1 new commit to master: http://git.io/eb24Aw
[15 Temmuz 2014 Salı] [03:25:54] Duyuru	-pisi-bot -> #pisi-devel- PisiLinux/master 2e41678 namso-01: db: rebuild for broken
[15 Temmuz 2014 Salı] [03:25:54] Part	pisi-bot (~pisi-bot@192.30.252.34) has left this channel.
[15 Temmuz 2014 Salı] [03:37:52] <suvari>	iyi sahurlar ağam
[15 Temmuz 2014 Salı] [03:38:02] <namso-01>	nasılsın hoca
[15 Temmuz 2014 Salı] [03:38:03] <namso-01>	m
[15 Temmuz 2014 Salı] [03:38:09] <suvari>	eyvallah
[15 Temmuz 2014 Salı] [03:38:20] <suvari>	sen nasılsın
[15 Temmuz 2014 Salı] [03:38:51] <suvari>	yerelde derlenen birçok paket, farmda derlenmiyor yahu
[15 Temmuz 2014 Salı] [03:39:03] <suvari>	plplot mesela
[15 Temmuz 2014 Salı] [03:39:15] <suvari>	taglib-sharp
[15 Temmuz 2014 Salı] [03:40:14] <namso-01>	maalesef sunucu da derlenmeyenler var.
[15 Temmuz 2014 Salı] [03:59:53] <suvari>	namso-01 satır 12 doğru yazılmış mı https://github.com/pisilinux/PisiLinux/blob/master/x11/misc/intel-gpu-tools/actions.py
[15 Temmuz 2014 Salı] [04:00:02] <suvari>	https://projects.archlinux.org/svntogit/community.git/tree/trunk/PKGBUILD?h=packages/intel-gpu-tools line 21 e göre
[15 Temmuz 2014 Salı] [04:01:33] <suvari>	http://farm.pisilinux.org/farm-logs/1.0//x86_64/intel-gpu-tools-1.6-6.html bu hata sanki bu nedenle olmuş
[15 Temmuz 2014 Salı] [04:01:46] <suvari>	UnicodeDecodeError: 'ascii' codec can't decode byte 0xc2 in position 16: ordinal not in range(128)

*** Günlük dosyası
*** Sal Tem 15 12:57:30 2014 zamanında başladı

[15 Temmuz 2014 Salı] [12:57:30] Katıl	You (~vedat@88.242.68.157) have joined the channel #pisi-devel.
[15 Temmuz 2014 Salı] [12:57:30] Konu	Kanal konusu: "OK".
[15 Temmuz 2014 Salı] [12:57:30] Konu	Konu obsoleteman!~obs@unaffiliated/obsoleteman tarafından 15-05-2014 17:54 tarihinde ayarlandı.
[15 Temmuz 2014 Salı] [12:57:40] Kip	Kanal kipleri: hiçbir renge izin yok, gizli, konu koruması
[15 Temmuz 2014 Salı] [12:57:41] Oluşturulma zamanı	Bu kanal 25-02-2013 19:48 tarihinde kuruldu.
[15 Temmuz 2014 Salı] [13:45:12] Katıl	You (~vedat@88.242.68.157) have joined the channel #pisi-devel.
[15 Temmuz 2014 Salı] [13:45:12] Konu	Kanal konusu: "OK".
[15 Temmuz 2014 Salı] [13:45:12] Konu	Konu obsoleteman!~obs@unaffiliated/obsoleteman tarafından 15-05-2014 17:54 tarihinde ayarlandı.
[15 Temmuz 2014 Salı] [13:45:22] Kip	Kanal kipleri: hiçbir renge izin yok, gizli, konu koruması
[15 Temmuz 2014 Salı] [13:45:22] Oluşturulma zamanı	Bu kanal 25-02-2013 19:48 tarihinde kuruldu.
[15 Temmuz 2014 Salı] [14:03:31] Katıl	You (~vedat@88.242.68.157) have joined the channel #pisi-devel.
[15 Temmuz 2014 Salı] [14:03:31] Konu	Kanal konusu: "OK".
[15 Temmuz 2014 Salı] [14:03:31] Konu	Konu obsoleteman!~obs@unaffiliated/obsoleteman tarafından 15-05-2014 17:54 tarihinde ayarlandı.
[15 Temmuz 2014 Salı] [14:03:31] Duyuru	-ChanServ- [#pisi-devel] merhaba - hi!
[15 Temmuz 2014 Salı] [14:03:41] Kip	Kanal kipleri: hiçbir renge izin yok, gizli, konu koruması
[15 Temmuz 2014 Salı] [14:03:42] Oluşturulma zamanı	Bu kanal 25-02-2013 19:48 tarihinde kuruldu.
[15 Temmuz 2014 Salı] [14:18:33] Katıl	pisi-bot (~pisi-bot@192.30.252.33) has joined this channel.
[15 Temmuz 2014 Salı] [14:18:33] Duyuru	-pisi-bot -> #pisi-devel- [PisiLinux] obsoleteman pushed 1 new commit to master: http://git.io/XeCqLg
[15 Temmuz 2014 Salı] [14:18:34] Duyuru	-pisi-bot -> #pisi-devel- PisiLinux/master 70c5f0f obsoleteman: Revert kernel version bump, it is not the way for bumping kernel....
[15 Temmuz 2014 Salı] [14:18:34] Part	pisi-bot (~pisi-bot@192.30.252.33) has left this channel.
[15 Temmuz 2014 Salı] [14:44:28] Katıl	You (~vedat@88.242.68.157) have joined the channel #pisi-devel.
[15 Temmuz 2014 Salı] [14:44:28] Konu	Kanal konusu: "OK".
[15 Temmuz 2014 Salı] [14:44:28] Konu	Konu obsoleteman!~obs@unaffiliated/obsoleteman tarafından 15-05-2014 17:54 tarihinde ayarlandı.
[15 Temmuz 2014 Salı] [14:44:38] Kip	Kanal kipleri: hiçbir renge izin yok, gizli, konu koruması
[15 Temmuz 2014 Salı] [14:44:39] Oluşturulma zamanı	Bu kanal 25-02-2013 19:48 tarihinde kuruldu.
[15 Temmuz 2014 Salı] [15:04:37] Katıl	You (~vedat@88.242.68.157) have joined the channel #pisi-devel.
[15 Temmuz 2014 Salı] [15:04:37] Konu	Kanal konusu: "OK".
[15 Temmuz 2014 Salı] [15:04:37] Konu	Konu obsoleteman!~obs@unaffiliated/obsoleteman tarafından 15-05-2014 17:54 tarihinde ayarlandı.
[15 Temmuz 2014 Salı] [15:04:47] Kip	Kanal kipleri: hiçbir renge izin yok, gizli, konu koruması
[15 Temmuz 2014 Salı] [15:04:47] Oluşturulma zamanı	Bu kanal 25-02-2013 19:48 tarihinde kuruldu.
[15 Temmuz 2014 Salı] [16:01:41] Katıl	pisi-bot (~pisi-bot@192.30.252.33) has joined this channel.
[15 Temmuz 2014 Salı] [16:01:42] Duyuru	-pisi-bot -> #pisi-devel- [PisiLinux] vdemir pushed 2 new commits to master: http://git.io/LXKXCw
[15 Temmuz 2014 Salı] [16:01:42] Duyuru	-pisi-bot -> #pisi-devel- PisiLinux/master 735f2cf vedat: sip : version bump.
[15 Temmuz 2014 Salı] [16:01:43] Duyuru	-pisi-bot -> #pisi-devel- PisiLinux/master 76418b0 vedat: Merge branch 'master' of https://github.com/pisilinux/PisiLinux
[15 Temmuz 2014 Salı] [16:01:43] Part	pisi-bot (~pisi-bot@192.30.252.33) has left this channel.
[15 Temmuz 2014 Salı] [16:05:05] Katıl	pisi-bot (~pisi-bot@192.30.252.36) has joined this channel.
[15 Temmuz 2014 Salı] [16:05:06] Duyuru	-pisi-bot -> #pisi-devel- [PisiLinux] vdemir pushed 1 new commit to master: http://git.io/KJDegw
[15 Temmuz 2014 Salı] [16:05:07] Duyuru	-pisi-bot -> #pisi-devel- PisiLinux/master 1e20999 vedat: plplot : Rebuil.
[15 Temmuz 2014 Salı] [16:05:07] Part	pisi-bot (~pisi-bot@192.30.252.36) has left this channel.
[15 Temmuz 2014 Salı] [16:07:31] Katıl	pisi-bot (~pisi-bot@192.30.252.33) has joined this channel.
[15 Temmuz 2014 Salı] [16:07:31] Duyuru	-pisi-bot -> #pisi-devel- [PisiLinux] vdemir pushed 1 new commit to master: http://git.io/s3qA_A
[15 Temmuz 2014 Salı] [16:07:31] Duyuru	-pisi-bot -> #pisi-devel- PisiLinux/master 4298fc2 vedat: kdeconnect : version bump.
[15 Temmuz 2014 Salı] [16:07:31] Part	pisi-bot (~pisi-bot@192.30.252.33) has left this channel.
[15 Temmuz 2014 Salı] [16:11:26] Katıl	pisi-bot (~pisi-bot@192.30.252.42) has joined this channel.
[15 Temmuz 2014 Salı] [16:11:26] Duyuru	-pisi-bot -> #pisi-devel- [PisiLinux] obsoleteman pushed 1 new commit to master: http://git.io/c5IJQw
[15 Temmuz 2014 Salı] [16:11:27] Duyuru	-pisi-bot -> #pisi-devel- PisiLinux/master 0f85646 obsoleteman: We can not bump it. Revert "sip : version bump."...
[15 Temmuz 2014 Salı] [16:11:27] Part	pisi-bot (~pisi-bot@192.30.252.42) has left this channel.

*** Günlük dosyası
*** Sal Tem 15 16:53:45 2014 zamanında başladı

[15 Temmuz 2014 Salı] [16:53:45] Katıl	You (~vedat@88.242.68.157) have joined the channel #pisi-devel.
[15 Temmuz 2014 Salı] [16:53:45] Konu	Kanal konusu: "OK".
[15 Temmuz 2014 Salı] [16:53:45] Konu	Konu obsoleteman!~obs@unaffiliated/obsoleteman tarafından 15-05-2014 17:54 tarihinde ayarlandı.
[15 Temmuz 2014 Salı] [16:53:55] Kip	Kanal kipleri: hiçbir renge izin yok, gizli, konu koruması
[15 Temmuz 2014 Salı] [16:53:55] Oluşturulma zamanı	Bu kanal 25-02-2013 19:48 tarihinde kuruldu.
