[01;32mKaynak paket inşa ediliyor: qt5-webkit
[0mDEBUG: ComponentDB initialized in 0.00393414497375.
DEBUG: RepoDB initialized in 0.000196933746338.
DEBUG: InstallDB initialized in 0.00865197181702.
qtwebkit-opensource-src-5.4.1.tar.xz [önbellekte]
[32mArşiv(ler) açılıyor...
[0m[32mYama uygulanıyor: 1.patch
[0mDEBUG: Detected patch level=1 for 1.patch
Çalışıyor patch --remove-empty-files --no-backup-if-mismatch  -p1 -i "/home/PisiLinux/Pisicik/qt/qt5/qt5-webkit/files/1.patch"
DEBUG: "patch --remove-empty-files --no-backup-if-mismatch  -p1 -i "/home/PisiLinux/Pisicik/qt/qt5/qt5-webkit/files/1.patch"" dönüş değeri 0
[32mYama uygulanıyor: qtwebkit-opensource-src-5.4.0-mutexlocker.patch
[0mDEBUG: Detected patch level=0 for qtwebkit-opensource-src-5.4.0-mutexlocker.patch
Çalışıyor patch --remove-empty-files --no-backup-if-mismatch  -p0 -i "/home/PisiLinux/Pisicik/qt/qt5/qt5-webkit/files/qtwebkit-opensource-src-5.4.0-mutexlocker.patch"
DEBUG: "patch --remove-empty-files --no-backup-if-mismatch  -p0 -i "/home/PisiLinux/Pisicik/qt/qt5/qt5-webkit/files/qtwebkit-opensource-src-5.4.0-mutexlocker.patch"" dönüş değeri 0
[32mYama uygulanıyor: qtwebkit-opensource-src-5.2.0-pluginpath.patch
[0mDEBUG: Detected patch level=0 for qtwebkit-opensource-src-5.2.0-pluginpath.patch
Çalışıyor patch --remove-empty-files --no-backup-if-mismatch  -p0 -i "/home/PisiLinux/Pisicik/qt/qt5/qt5-webkit/files/qtwebkit-opensource-src-5.2.0-pluginpath.patch"
DEBUG: "patch --remove-empty-files --no-backup-if-mismatch  -p0 -i "/home/PisiLinux/Pisicik/qt/qt5/qt5-webkit/files/qtwebkit-opensource-src-5.2.0-pluginpath.patch"" dönüş değeri 0
[32mYama uygulanıyor: qtwebkit-opensource-src-5.2.0-save_memory.patch
[0mDEBUG: Detected patch level=0 for qtwebkit-opensource-src-5.2.0-save_memory.patch
Çalışıyor patch --remove-empty-files --no-backup-if-mismatch  -p0 -i "/home/PisiLinux/Pisicik/qt/qt5/qt5-webkit/files/qtwebkit-opensource-src-5.2.0-save_memory.patch"
DEBUG: "patch --remove-empty-files --no-backup-if-mismatch  -p0 -i "/home/PisiLinux/Pisicik/qt/qt5/qt5-webkit/files/qtwebkit-opensource-src-5.2.0-save_memory.patch"" dönüş değeri 0
[32mYama uygulanıyor: qtwebkit-opensource-src-5.2.1-no_rpath.patch
[0mDEBUG: Detected patch level=0 for qtwebkit-opensource-src-5.2.1-no_rpath.patch
Çalışıyor patch --remove-empty-files --no-backup-if-mismatch  -p0 -i "/home/PisiLinux/Pisicik/qt/qt5/qt5-webkit/files/qtwebkit-opensource-src-5.2.1-no_rpath.patch"
DEBUG: "patch --remove-empty-files --no-backup-if-mismatch  -p0 -i "/home/PisiLinux/Pisicik/qt/qt5/qt5-webkit/files/qtwebkit-opensource-src-5.2.1-no_rpath.patch"" dönüş değeri 0
[32mYama uygulanıyor: qtwebkit-opensource-src-5.0.1-debuginfo.patch
[0mDEBUG: Detected patch level=0 for qtwebkit-opensource-src-5.0.1-debuginfo.patch
Çalışıyor patch --remove-empty-files --no-backup-if-mismatch  -p0 -i "/home/PisiLinux/Pisicik/qt/qt5/qt5-webkit/files/qtwebkit-opensource-src-5.0.1-debuginfo.patch"
DEBUG: "patch --remove-empty-files --no-backup-if-mismatch  -p0 -i "/home/PisiLinux/Pisicik/qt/qt5/qt5-webkit/files/qtwebkit-opensource-src-5.0.1-debuginfo.patch"" dönüş değeri 0
 açıldı (/var/pisi/qt5-webkit-5.4.1-1/work)
[32mKaynak yapılandırılıyor...
[0mSandbox açık inşa...
Çalışıyor qmake-qt5 WebKit.pro
Info: creating cache file /var/pisi/qt5-webkit-5.4.1-1/work/qtwebkit-opensource-src-5.4.1/.qmake.cache
DEBUG: "qmake-qt5 WebKit.pro" dönüş değeri 0
Genel yardım için lütfen 'pisi help' komutunu kullanınız.
